2.0091 	WARNING 	We strongly recommend you activate the PTB sound engine in PsychoPy prefs as the preferred audio engine. Its timing is vastly superior. Your prefs are currently set to use ['sounddevice', 'PTB', 'pyo', 'pygame'] (in that order).
9.3289 	EXP 	Created window1 = Window(allowGUI=True, allowStencil=False, autoLog=True, backendConf=UNKNOWN, bitsMode=UNKNOWN, blendMode='avg', bpc=(8, 8, 8), color=array([-1, -1, -1]), colorSpace='rgb', depthBits=8, fullscr=<method-wrapper '__getattribute__' of attributeSetter object at 0x7f8dadd42ac8>, gamma=None, gammaErrorPolicy='raise', lms=UNKNOWN, monitor=<psychopy.monitors.calibTools.Monitor object at 0x7f8dc9f038d0>, multiSample=False, name='window1', numSamples=2, pos=[360.0, 225.0], screen=0, size=array([2880, 1800]), stencilBits=0, stereo=False, units='norm', useFBO=True, useRetina=True, viewOri=0.0, viewPos=None, viewScale=None, waitBlanking=True, winType='pyglet')
9.3292 	EXP 	window1: mouseVisible = True
9.3292 	EXP 	window1: recordFrameIntervals = False
9.4944 	EXP 	window1: recordFrameIntervals = True
9.6782 	EXP 	window1: recordFrameIntervals = False
10.6679 	EXP 	Created warningESC = TextStim(__class__=<class 'psychopy.visual.text.TextStim'>, alignHoriz=method-wrapper(...), alignText='center', alignVert=method-wrapper(...), anchorHoriz='center', anchorVert='center', antialias=True, autoLog=True, bold=False, color=array([1., 1., 1.]), colorSpace='rgb', contrast=1.0, depth=-1.0, flipHoriz=False, flipVert=False, font='Arial', fontFiles=[], height=0.05, italic=False, languageStyle='LTR', name='warningESC', opacity=1, ori=0.0, pos=array([0., 0.]), rgb=UNKNOWN, text='', units='norm', win=Window(...), wrapWidth=1)
10.7438 	EXP 	Created instructTop = TextStim(__class__=<class 'psychopy.visual.text.TextStim'>, alignHoriz=method-wrapper(...), alignText='center', alignVert=method-wrapper(...), anchorHoriz='center', anchorVert='center', antialias=True, autoLog=True, bold=False, color=array([1., 1., 1.]), colorSpace='rgb', contrast=1.0, depth=-2.0, flipHoriz=False, flipVert=False, font='Arial', fontFiles=[], height=0.05, italic=False, languageStyle='LTR', name='instructTop', opacity=1, ori=0, pos=array([0. , 0.7]), rgb=UNKNOWN, text=str(...), units='norm', win=Window(...), wrapWidth=1.5)
10.7595 	EXP 	Created instructBottom = TextStim(__class__=<class 'psychopy.visual.text.TextStim'>, alignHoriz=method-wrapper(...), alignText='center', alignVert=method-wrapper(...), anchorHoriz='center', anchorVert='center', antialias=True, autoLog=True, bold=False, color=array([1., 1., 1.]), colorSpace='rgb', contrast=1.0, depth=-3.0, flipHoriz=False, flipVert=False, font='Arial', fontFiles=[], height=0.05, italic=False, languageStyle='LTR', name='instructBottom', opacity=1, ori=0, pos=array([ 0. , -0.6]), rgb=UNKNOWN, text=str(...), units='norm', win=Window(...), wrapWidth=1)
10.8214 	EXP 	Created cardImage = ImageStim(__class__=<class 'psychopy.visual.image.ImageStim'>, autoLog=True, color=array([1., 1., 1.]), colorSpace='rgb', contrast=1.0, depth=-4.0, flipHoriz=False, flipVert=False, image='images/bankImage.png', interpolate=True, mask=None, maskParams=None, name='cardImage', opacity=1, ori=0.0, pos=array([0., 0.]), size=array([1., 1.]), texRes=512, units='pix', win=Window(...))
10.8253 	EXP 	Created line_R_vert = Rect(__class__=<class 'psychopy.visual.rect.Rect'>, autoDraw=False, autoLog=True, closeShape=True, color=method-wrapper(...), colorSpace='rgb', contrast=None, depth=-5.0, fillColor=array([1, 1, 1]), fillColorSpace='rgb', fillRGB=array([1, 1, 1]), interpolate=True, lineColor=array([1., 1., 1.]), lineColorSpace='rgb', lineRGB=array([1, 1, 1]), lineWidth=1, name='line_R_vert', opacity=1, ori=0.0, pos=array([0., 0.]), size=array([1., 1.]), units='pix', vertices=ndarray(...), win=Window(...))
10.8268 	EXP 	Created line_L_vert = Rect(__class__=<class 'psychopy.visual.rect.Rect'>, autoDraw=False, autoLog=True, closeShape=True, color=method-wrapper(...), colorSpace='rgb', contrast=None, depth=-6.0, fillColor=array([1, 1, 1]), fillColorSpace='rgb', fillRGB=array([1, 1, 1]), interpolate=True, lineColor=array([1., 1., 1.]), lineColorSpace='rgb', lineRGB=array([1, 1, 1]), lineWidth=1, name='line_L_vert', opacity=1, ori=0.0, pos=array([0., 0.]), size=array([1., 1.]), units='pix', vertices=ndarray(...), win=Window(...))
10.8281 	EXP 	Created line_T_horiz = Rect(__class__=<class 'psychopy.visual.rect.Rect'>, autoDraw=False, autoLog=True, closeShape=True, color=method-wrapper(...), colorSpace='rgb', contrast=None, depth=-7.0, fillColor=array([1, 1, 1]), fillColorSpace='rgb', fillRGB=array([1, 1, 1]), interpolate=True, lineColor=array([1., 1., 1.]), lineColorSpace='rgb', lineRGB=array([1, 1, 1]), lineWidth=1, name='line_T_horiz', opacity=1, ori=0.0, pos=array([0., 0.]), size=array([1., 1.]), units='pix', vertices=ndarray(...), win=Window(...))
10.8293 	EXP 	Created line_B_horiz = Rect(__class__=<class 'psychopy.visual.rect.Rect'>, autoDraw=False, autoLog=True, closeShape=True, color=method-wrapper(...), colorSpace='rgb', contrast=None, depth=-8.0, fillColor=array([1, 1, 1]), fillColorSpace='rgb', fillRGB=array([1, 1, 1]), interpolate=True, lineColor=array([1., 1., 1.]), lineColorSpace='rgb', lineRGB=array([1, 1, 1]), lineWidth=1, name='line_B_horiz', opacity=1, ori=0.0, pos=array([0., 0.]), size=array([1., 1.]), units='pix', vertices=ndarray(...), win=Window(...))
10.8311 	EXP 	Created nextPoly = Rect(__class__=<class 'psychopy.visual.rect.Rect'>, autoDraw=False, autoLog=True, closeShape=True, color=method-wrapper(...), colorSpace='rgb', contrast=None, depth=-9.0, fillColor=array([1, 0, 0]), fillColorSpace='rgb', fillRGB=array([1, 0, 0]), interpolate=True, lineColor=array([-1., -1., -1.]), lineColorSpace='rgb', lineRGB=array([-1, -1, -1]), lineWidth=2, name='nextPoly', opacity=1, ori=0.0, pos=array([ 0.8, -0.8]), size=array([0.12, 0.06]), units='norm', vertices=ndarray(...), win=Window(...))
10.8330 	EXP 	Created nextButton = TextStim(__class__=<class 'psychopy.visual.text.TextStim'>, alignHoriz=method-wrapper(...), alignText='center', alignVert=method-wrapper(...), anchorHoriz='center', anchorVert='center', antialias=True, autoLog=True, bold=False, color=array([-1., -1., -1.]), colorSpace='rgb', contrast=1.0, depth=-10.0, flipHoriz=False, flipVert=False, font='Arial', fontFiles=[], height=0.05, italic=False, languageStyle='LTR', name='nextButton', opacity=1, ori=0, pos=array([ 0.8, -0.8]), rgb=UNKNOWN, text='', units='norm', win=Window(...), wrapWidth=1)
10.8332 	EXP 	window1: mouseVisible = True
10.8424 	EXP 	Created instruct = TextStim(__class__=<class 'psychopy.visual.text.TextStim'>, alignHoriz=method-wrapper(...), alignText='center', alignVert=method-wrapper(...), anchorHoriz='center', anchorVert='center', antialias=True, autoLog=True, bold=False, color=array([1., 1., 1.]), colorSpace='rgb', contrast=1.0, depth=0.0, flipHoriz=False, flipVert=False, font='Arial', fontFiles=[], height=0.05, italic=False, languageStyle='LTR', name='instruct', opacity=1, ori=0, pos=array([0. , 0.7]), rgb=UNKNOWN, text=str(...), units='norm', win=Window(...), wrapWidth=1)
10.8638 	EXP 	window1: mouseVisible = True
10.8743 	EXP 	Created slider = Slider(__class__=<class 'psychopy.visual.slider.Slider'>, autoDraw=False, autoLog=True, borderColor=None, color=None, colorSpace='rgb', depth=-1, fillColor=None, flip=False, font='Open Sans', granularity=0.0, labelHeight=0.05, labelWrapWidth=None, labels=None, name='slider', opacity=None, pos=(-0.1, 0), readOnly=False, self=UNKNOWN, size=(2.0, 0.04), startValue=None, style=method-wrapper(...), styleTweaks=method-wrapper(...), ticks=array([-1. , -0.5,  0. ]), units='norm', win=Window(...))
10.8832 	EXP 	Created targetTri = ShapeStim(__class__=<class 'psychopy.visual.shape.ShapeStim'>, autoDraw=False, autoLog=True, closeShape=True, color=method-wrapper(...), colorSpace='rgb', contrast=None, depth=-3.0, fillColor=array([-1, -1,  1]), fillColorSpace='rgb', fillRGB=array([-1, -1,  1]), interpolate=True, lineColor=array([-1., -1.,  1.]), lineColorSpace='rgb', lineRGB=array([-1, -1,  1]), lineWidth=1, name='targetTri', opacity=1, ori=0.0, pos=array([-0.95, -0.03]), size=array([0.05, 0.15]), units='norm', vertices=ndarray(...), win=Window(...), windingRule=None)
10.8845 	EXP 	Created nextPoly1 = Rect(__class__=<class 'psychopy.visual.rect.Rect'>, autoDraw=False, autoLog=True, closeShape=True, color=method-wrapper(...), colorSpace='rgb', contrast=None, depth=-4.0, fillColor=array([1, 0, 0]), fillColorSpace='rgb', fillRGB=array([1, 0, 0]), interpolate=True, lineColor=array([-1., -1., -1.]), lineColorSpace='rgb', lineRGB=array([-1, -1, -1]), lineWidth=1, name='nextPoly1', opacity=1, ori=0.0, pos=array([ 0.8, -0.8]), size=array([0.12, 0.06]), units='norm', vertices=ndarray(...), win=Window(...))
10.8860 	EXP 	Created nextButton1 = TextStim(__class__=<class 'psychopy.visual.text.TextStim'>, alignHoriz=method-wrapper(...), alignText='center', alignVert=method-wrapper(...), anchorHoriz='center', anchorVert='center', antialias=True, autoLog=True, bold=False, color=array([-1., -1., -1.]), colorSpace='rgb', contrast=1.0, depth=-5.0, flipHoriz=False, flipVert=False, font='Arial', fontFiles=[], height=0.05, italic=False, languageStyle='LTR', name='nextButton1', opacity=1, ori=0, pos=array([ 0.8, -0.8]), rgb=UNKNOWN, text='', units='norm', win=Window(...), wrapWidth=1)
10.8861 	EXP 	window1: mouseVisible = True
10.9402 	EXP 	slider: autoLog = True
10.9402 	EXP 	slider: markerPos = None
10.9402 	EXP 	slider: rating = None
10.9402 	EXP 	slider: markerPos = None
10.9402 	EXP 	slider: contrast = 1.0
10.9402 	EXP 	slider: autoLog = True
10.9402 	EXP 	slider: styleTweaks = []
10.9402 	EXP 	slider: style = 'slider'
10.9402 	EXP 	slider: styleTweaks = ['labels45', 'triangleMarker']
10.9402 	EXP 	warningESC: text = ''
10.9402 	EXP 	warningESC: autoDraw = False
10.9402 	EXP 	nextButton: text = 'Next'
10.9402 	EXP 	instructTop: autoDraw = True
10.9402 	EXP 	instructBottom: autoDraw = True
10.9402 	EXP 	cardImage: autoDraw = True
10.9402 	EXP 	line_R_vert: autoDraw = True
10.9402 	EXP 	line_L_vert: autoDraw = True
10.9402 	EXP 	line_T_horiz: autoDraw = True
10.9402 	EXP 	line_B_horiz: autoDraw = True
10.9402 	EXP 	nextPoly: autoDraw = True
10.9402 	EXP 	nextButton: autoDraw = True
12.6926 	DATA 	Mouse: Left button down, pos=(1284,95)
12.7467 	EXP 	instructTop: autoDraw = False
12.7467 	EXP 	instructBottom: autoDraw = False
12.7467 	EXP 	cardImage: autoDraw = False
12.7467 	EXP 	line_R_vert: autoDraw = False
12.7467 	EXP 	line_L_vert: autoDraw = False
12.7467 	EXP 	line_T_horiz: autoDraw = False
12.7467 	EXP 	line_B_horiz: autoDraw = False
12.7467 	EXP 	nextPoly: autoDraw = False
12.7467 	EXP 	nextButton: autoDraw = False
12.7467 	EXP 	slider: markerPos = None
12.7467 	EXP 	slider: markerPos = None
12.7467 	EXP 	slider: rating = None
12.7467 	EXP 	slider: markerPos = 0
12.7467 	EXP 	instruct: autoDraw = True
12.7467 	EXP 	slider: autoDraw = True
12.7467 	EXP 	targetTri: autoDraw = True
12.7467 	EXP 	nextPoly1: autoDraw = True
12.7467 	EXP 	nextButton1: autoDraw = True
12.7872 	DATA 	Mouse:  Left button up, pos=(1284,95)
14.4174 	DATA 	Mouse: Left button down, pos=(1376,456)
14.4393 	EXP 	slider: markerPos = 0.005555555555555536
14.4565 	EXP 	slider: markerPos = 0.005555555555555536
14.4785 	EXP 	slider: markerPos = 0.005555555555555536
14.4983 	EXP 	slider: markerPos = 0.001388888888888884
14.5227 	EXP 	slider: markerPos = -0.013194444444444509
14.5398 	EXP 	slider: markerPos = -0.043055555555555625
14.5617 	EXP 	slider: markerPos = -0.0888888888888889
14.5810 	EXP 	slider: markerPos = -0.12361111111111112
14.6068 	EXP 	slider: markerPos = -0.17638888888888893
14.6269 	EXP 	slider: markerPos = -0.21180555555555558
14.6476 	EXP 	slider: markerPos = -0.23055555555555562
14.6723 	EXP 	slider: markerPos = -0.2416666666666667
14.6913 	EXP 	slider: markerPos = -0.24930555555555556
14.7126 	EXP 	slider: markerPos = -0.2513888888888889
14.7319 	EXP 	slider: markerPos = -0.2513888888888889
14.7517 	EXP 	slider: markerPos = -0.2513888888888889
14.7754 	EXP 	slider: markerPos = -0.2513888888888889
14.7934 	EXP 	slider: markerPos = -0.2513888888888889
14.8132 	EXP 	slider: markerPos = -0.2513888888888889
14.8311 	EXP 	slider: markerPos = -0.2513888888888889
14.8518 	EXP 	slider: markerPos = -0.2513888888888889
14.8830 	EXP 	slider: markerPos = -0.2513888888888889
14.9013 	EXP 	slider: markerPos = -0.2513888888888889
14.9261 	EXP 	slider: markerPos = -0.2520833333333333
14.9479 	EXP 	slider: markerPos = -0.2520833333333333
14.9713 	EXP 	slider: markerPos = -0.25277777777777777
14.9943 	EXP 	slider: markerPos = -0.2534722222222222
15.0147 	EXP 	slider: markerPos = -0.26875000000000004
15.0408 	EXP 	slider: markerPos = -0.28680555555555554
15.0616 	EXP 	slider: markerPos = -0.2965277777777777
15.0821 	EXP 	slider: markerPos = -0.3006944444444444
15.1073 	EXP 	slider: markerPos = -0.304861111111111
15.1253 	EXP 	slider: markerPos = -0.304861111111111
15.1467 	EXP 	slider: markerPos = -0.304861111111111
15.1663 	EXP 	slider: markerPos = -0.304861111111111
15.1930 	EXP 	slider: markerPos = -0.30694444444444446
15.2127 	EXP 	slider: markerPos = -0.30694444444444446
15.2335 	EXP 	slider: markerPos = -0.30694444444444446
15.2548 	EXP 	slider: markerPos = -0.30694444444444446
15.2753 	EXP 	slider: markerPos = -0.30694444444444446
15.2971 	EXP 	slider: markerPos = -0.30694444444444446
15.3165 	EXP 	slider: markerPos = -0.30694444444444446
15.3360 	EXP 	slider: markerPos = -0.30694444444444446
15.3575 	EXP 	slider: markerPos = -0.3111111111111111
15.3773 	EXP 	slider: markerPos = -0.3375
15.3981 	EXP 	slider: markerPos = -0.3798611111111111
15.4249 	EXP 	slider: markerPos = -0.48750000000000004
15.4447 	EXP 	slider: markerPos = -0.5576388888888889
15.4651 	EXP 	slider: markerPos = -0.59375
15.4863 	EXP 	slider: markerPos = -0.63125
15.5074 	EXP 	slider: markerPos = -0.6472222222222221
15.5281 	EXP 	slider: markerPos = -0.6541666666666667
15.5482 	EXP 	slider: markerPos = -0.6576388888888889
15.5683 	EXP 	slider: markerPos = -0.6576388888888889
15.5887 	EXP 	slider: markerPos = -0.6576388888888889
15.6089 	EXP 	slider: markerPos = -0.6583333333333333
15.6309 	EXP 	slider: markerPos = -0.6583333333333333
15.6571 	EXP 	slider: markerPos = -0.6583333333333333
15.6754 	EXP 	slider: markerPos = -0.6583333333333333
15.6971 	EXP 	slider: markerPos = -0.6583333333333333
15.7165 	EXP 	slider: markerPos = -0.6583333333333333
15.7357 	EXP 	slider: markerPos = -0.6583333333333333
15.7555 	EXP 	slider: markerPos = -0.6583333333333333
15.7749 	EXP 	slider: markerPos = -0.6576388888888889
15.7964 	EXP 	slider: markerPos = -0.6576388888888889
15.8171 	EXP 	slider: markerPos = -0.6576388888888889
15.8373 	EXP 	slider: markerPos = -0.6659722222222222
15.8583 	EXP 	slider: markerPos = -0.6888888888888889
15.8792 	EXP 	slider: markerPos = -0.7097222222222223
15.9054 	EXP 	slider: markerPos = -0.7583333333333333
15.9234 	EXP 	slider: markerPos = -0.8083333333333333
15.9430 	EXP 	slider: markerPos = -0.8347222222222223
15.9653 	EXP 	slider: markerPos = -0.8625
15.9845 	EXP 	slider: markerPos = -0.8777777777777778
16.0091 	EXP 	slider: markerPos = -0.8902777777777777
16.0269 	EXP 	slider: markerPos = -0.8979166666666667
16.0460 	EXP 	slider: markerPos = -0.8979166666666667
16.0659 	EXP 	slider: markerPos = -0.8979166666666667
16.0845 	EXP 	slider: markerPos = -0.8979166666666667
16.1041 	EXP 	slider: markerPos = -0.8979166666666667
16.1239 	EXP 	slider: markerPos = -0.8979166666666667
16.1431 	EXP 	slider: markerPos = -0.8979166666666667
16.1633 	EXP 	slider: markerPos = -0.8979166666666667
16.1826 	EXP 	slider: markerPos = -0.8979166666666667
16.2021 	EXP 	slider: markerPos = -0.8979166666666667
16.2217 	EXP 	slider: markerPos = -0.8979166666666667
16.2426 	EXP 	slider: markerPos = -0.8979166666666667
16.2634 	EXP 	slider: markerPos = -0.8979166666666667
16.2824 	EXP 	slider: markerPos = -0.8979166666666667
16.3022 	EXP 	slider: markerPos = -0.8979166666666667
16.3262 	EXP 	slider: markerPos = -0.8979166666666667
16.3450 	EXP 	slider: markerPos = -0.8986111111111111
16.3657 	EXP 	slider: markerPos = -0.9006944444444445
16.3915 	EXP 	slider: markerPos = -0.9034722222222222
16.4110 	EXP 	slider: markerPos = -0.9055555555555556
16.4315 	EXP 	slider: markerPos = -0.90625
16.4574 	EXP 	slider: markerPos = -0.9076388888888889
16.4773 	EXP 	slider: markerPos = -0.9090277777777778
16.4979 	EXP 	slider: markerPos = -0.9097222222222222
16.5178 	EXP 	slider: markerPos = -0.9111111111111112
16.5427 	EXP 	slider: markerPos = -0.9111111111111112
16.5630 	EXP 	slider: markerPos = -0.9111111111111112
16.5889 	EXP 	slider: markerPos = -0.9111111111111112
16.6076 	EXP 	slider: markerPos = -0.9111111111111112
16.6293 	EXP 	slider: markerPos = -0.9111111111111112
16.6565 	EXP 	slider: markerPos = -0.9111111111111112
16.6781 	EXP 	slider: markerPos = -0.9131944444444444
16.7001 	EXP 	slider: markerPos = -0.9145833333333333
16.7216 	EXP 	slider: markerPos = -0.9152777777777779
16.7428 	EXP 	slider: markerPos = -0.9152777777777779
16.7644 	EXP 	slider: markerPos = -0.9159722222222222
16.7834 	EXP 	slider: markerPos = -0.9159722222222222
16.8104 	EXP 	slider: markerPos = -0.9159722222222222
16.8302 	EXP 	slider: markerPos = -0.9173611111111111
16.8584 	EXP 	slider: markerPos = -0.9173611111111111
16.8772 	EXP 	slider: markerPos = -0.91875
16.8978 	EXP 	slider: markerPos = -0.91875
16.9240 	EXP 	slider: markerPos = -0.91875
16.9431 	EXP 	slider: markerPos = -0.9194444444444445
16.9714 	EXP 	slider: markerPos = -0.9201388888888888
16.9961 	EXP 	slider: markerPos = -0.9215277777777777
17.0164 	EXP 	slider: markerPos = -0.9229166666666666
17.0433 	EXP 	slider: markerPos = -0.9229166666666666
17.0622 	EXP 	slider: markerPos = -0.9229166666666666
17.0908 	EXP 	slider: markerPos = -0.9229166666666666
17.1121 	EXP 	slider: markerPos = -0.9229166666666666
17.1387 	EXP 	slider: markerPos = -0.9236111111111112
17.1630 	EXP 	slider: markerPos = -0.9236111111111112
17.1880 	EXP 	slider: markerPos = -0.9236111111111112
17.2087 	EXP 	slider: markerPos = -0.9236111111111112
17.2295 	EXP 	slider: markerPos = -0.9236111111111112
17.2516 	EXP 	slider: markerPos = -0.9236111111111112
17.2723 	EXP 	slider: markerPos = -0.9236111111111112
17.2933 	EXP 	slider: markerPos = -0.9236111111111112
17.3217 	EXP 	slider: markerPos = -0.9236111111111112
17.3460 	EXP 	slider: markerPos = -0.9243055555555555
17.3726 	EXP 	slider: markerPos = -0.9243055555555555
17.3922 	EXP 	slider: markerPos = -0.925
17.4148 	EXP 	slider: markerPos = -0.925
17.4367 	EXP 	slider: markerPos = -0.925
17.4577 	EXP 	slider: markerPos = -0.925
17.4796 	EXP 	slider: markerPos = -0.925
17.5066 	EXP 	slider: markerPos = -0.925
17.5253 	EXP 	slider: markerPos = -0.925
17.5469 	EXP 	slider: markerPos = -0.925
17.5679 	EXP 	slider: markerPos = -0.925
17.5935 	EXP 	slider: markerPos = -0.925
17.6130 	EXP 	slider: markerPos = -0.925
17.6398 	EXP 	slider: markerPos = -0.925
17.6582 	EXP 	slider: markerPos = -0.925
17.6805 	EXP 	slider: markerPos = -0.925
17.7014 	EXP 	slider: markerPos = -0.925
17.7220 	EXP 	slider: markerPos = -0.925
17.7337 	DATA 	Mouse:  Left button up, pos=(36,495)
17.7443 	EXP 	slider: markerPos = -0.925
17.7716 	EXP 	slider: markerPos = -0.925
17.7716 	EXP 	slider: rating = -0.925
19.0514 	DATA 	Mouse: Left button down, pos=(1272,91)
19.1599 	DATA 	Mouse:  Left button up, pos=(1272,91)
20.3211 	DATA 	Mouse: Left button down, pos=(1302,81)
20.3514 	EXP 	window1: mouseVisible = True
