1.8090 	WARNING 	We strongly recommend you activate the PTB sound engine in PsychoPy prefs as the preferred audio engine. Its timing is vastly superior. Your prefs are currently set to use ['sounddevice', 'PTB', 'pyo', 'pygame'] (in that order).
9.9319 	EXP 	Created window1 = Window(allowGUI=False, allowStencil=False, autoLog=True, backendConf=UNKNOWN, bitsMode=UNKNOWN, blendMode='avg', bpc=(8, 8, 8), color=array([-1, -1, -1]), colorSpace='rgb', depthBits=8, fullscr=<method-wrapper '__getattribute__' of attributeSetter object at 0x7fc876c01ac8>, gamma=None, gammaErrorPolicy='raise', lms=UNKNOWN, monitor=<psychopy.monitors.calibTools.Monitor object at 0x7fc894233c50>, multiSample=False, name='window1', numSamples=2, pos=[360.0, 225.0], screen=0, size=array([2880, 1800]), stencilBits=0, stereo=False, units='height', useFBO=True, useRetina=True, viewOri=0.0, viewPos=None, viewScale=None, waitBlanking=True, winType='pyglet')
9.9321 	EXP 	window1: mouseVisible = True
9.9322 	EXP 	window1: recordFrameIntervals = False
10.0975 	EXP 	window1: recordFrameIntervals = True
10.2808 	EXP 	window1: recordFrameIntervals = False
11.7280 	EXP 	Created warningESC = TextStim(__class__=<class 'psychopy.visual.text.TextStim'>, alignHoriz=method-wrapper(...), alignText='center', alignVert=method-wrapper(...), anchorHoriz='center', anchorVert='center', antialias=True, autoLog=True, bold=False, color=array([1., 1., 1.]), colorSpace='rgb', contrast=1.0, depth=-1.0, flipHoriz=False, flipVert=False, font='Arial', fontFiles=[], height=0.05, italic=False, languageStyle='LTR', name='warningESC', opacity=1, ori=0.0, pos=array([0., 0.]), rgb=UNKNOWN, text='', units='height', win=Window(...), wrapWidth=1)
11.8106 	EXP 	Created instructTop = TextStim(__class__=<class 'psychopy.visual.text.TextStim'>, alignHoriz=method-wrapper(...), alignText='center', alignVert=method-wrapper(...), anchorHoriz='center', anchorVert='center', antialias=True, autoLog=True, bold=False, color=array([1., 1., 1.]), colorSpace='rgb', contrast=1.0, depth=-2.0, flipHoriz=False, flipVert=False, font='Arial', fontFiles=[], height=0.05, italic=False, languageStyle='LTR', name='instructTop', opacity=1, ori=0, pos=array([0. , 0.7]), rgb=UNKNOWN, text=str(...), units='norm', win=Window(...), wrapWidth=1.5)
11.8296 	EXP 	Created instructBottom = TextStim(__class__=<class 'psychopy.visual.text.TextStim'>, alignHoriz=method-wrapper(...), alignText='center', alignVert=method-wrapper(...), anchorHoriz='center', anchorVert='center', antialias=True, autoLog=True, bold=False, color=array([1., 1., 1.]), colorSpace='rgb', contrast=1.0, depth=-3.0, flipHoriz=False, flipVert=False, font='Arial', fontFiles=[], height=0.05, italic=False, languageStyle='LTR', name='instructBottom', opacity=1, ori=0, pos=array([ 0. , -0.6]), rgb=UNKNOWN, text=str(...), units='norm', win=Window(...), wrapWidth=1)
11.8936 	EXP 	Created cardImage = ImageStim(__class__=<class 'psychopy.visual.image.ImageStim'>, autoLog=True, color=array([1., 1., 1.]), colorSpace='rgb', contrast=1.0, depth=-4.0, flipHoriz=False, flipVert=False, image='images/bankImage.png', interpolate=True, mask=None, maskParams=None, name='cardImage', opacity=1, ori=0.0, pos=array([0., 0.]), size=array([1., 1.]), texRes=512, units='pix', win=Window(...))
11.8974 	EXP 	Created line_R_vert = Rect(__class__=<class 'psychopy.visual.rect.Rect'>, autoDraw=False, autoLog=True, closeShape=True, color=method-wrapper(...), colorSpace='rgb', contrast=None, depth=-5.0, fillColor=array([1, 1, 1]), fillColorSpace='rgb', fillRGB=array([1, 1, 1]), interpolate=True, lineColor=array([1., 1., 1.]), lineColorSpace='rgb', lineRGB=array([1, 1, 1]), lineWidth=1, name='line_R_vert', opacity=1, ori=0.0, pos=array([0., 0.]), size=array([1., 1.]), units='pix', vertices=ndarray(...), win=Window(...))
11.8988 	EXP 	Created line_L_vert = Rect(__class__=<class 'psychopy.visual.rect.Rect'>, autoDraw=False, autoLog=True, closeShape=True, color=method-wrapper(...), colorSpace='rgb', contrast=None, depth=-6.0, fillColor=array([1, 1, 1]), fillColorSpace='rgb', fillRGB=array([1, 1, 1]), interpolate=True, lineColor=array([1., 1., 1.]), lineColorSpace='rgb', lineRGB=array([1, 1, 1]), lineWidth=1, name='line_L_vert', opacity=1, ori=0.0, pos=array([0., 0.]), size=array([1., 1.]), units='pix', vertices=ndarray(...), win=Window(...))
11.9002 	EXP 	Created line_T_horiz = Rect(__class__=<class 'psychopy.visual.rect.Rect'>, autoDraw=False, autoLog=True, closeShape=True, color=method-wrapper(...), colorSpace='rgb', contrast=None, depth=-7.0, fillColor=array([1, 1, 1]), fillColorSpace='rgb', fillRGB=array([1, 1, 1]), interpolate=True, lineColor=array([1., 1., 1.]), lineColorSpace='rgb', lineRGB=array([1, 1, 1]), lineWidth=1, name='line_T_horiz', opacity=1, ori=0.0, pos=array([0., 0.]), size=array([1., 1.]), units='pix', vertices=ndarray(...), win=Window(...))
11.9020 	EXP 	Created line_B_horiz = Rect(__class__=<class 'psychopy.visual.rect.Rect'>, autoDraw=False, autoLog=True, closeShape=True, color=method-wrapper(...), colorSpace='rgb', contrast=None, depth=-8.0, fillColor=array([1, 1, 1]), fillColorSpace='rgb', fillRGB=array([1, 1, 1]), interpolate=True, lineColor=array([1., 1., 1.]), lineColorSpace='rgb', lineRGB=array([1, 1, 1]), lineWidth=1, name='line_B_horiz', opacity=1, ori=0.0, pos=array([0., 0.]), size=array([1., 1.]), units='pix', vertices=ndarray(...), win=Window(...))
11.9033 	EXP 	Created nextPoly = Rect(__class__=<class 'psychopy.visual.rect.Rect'>, autoDraw=False, autoLog=True, closeShape=True, color=method-wrapper(...), colorSpace='rgb', contrast=None, depth=-9.0, fillColor=array([1, 0, 0]), fillColorSpace='rgb', fillRGB=array([1, 0, 0]), interpolate=True, lineColor=array([-1., -1., -1.]), lineColorSpace='rgb', lineRGB=array([-1, -1, -1]), lineWidth=2, name='nextPoly', opacity=1, ori=0.0, pos=array([ 0.8, -0.8]), size=array([0.12, 0.06]), units='norm', vertices=ndarray(...), win=Window(...))
11.9050 	EXP 	Created nextButton = TextStim(__class__=<class 'psychopy.visual.text.TextStim'>, alignHoriz=method-wrapper(...), alignText='center', alignVert=method-wrapper(...), anchorHoriz='center', anchorVert='center', antialias=True, autoLog=True, bold=False, color=array([-1., -1., -1.]), colorSpace='rgb', contrast=1.0, depth=-10.0, flipHoriz=False, flipVert=False, font='Arial', fontFiles=[], height=0.05, italic=False, languageStyle='LTR', name='nextButton', opacity=1, ori=0, pos=array([ 0.8, -0.8]), rgb=UNKNOWN, text='', units='norm', win=Window(...), wrapWidth=1)
11.9052 	EXP 	window1: mouseVisible = True
11.9147 	EXP 	Created instruct = TextStim(__class__=<class 'psychopy.visual.text.TextStim'>, alignHoriz=method-wrapper(...), alignText='center', alignVert=method-wrapper(...), anchorHoriz='center', anchorVert='center', antialias=True, autoLog=True, bold=False, color=array([1., 1., 1.]), colorSpace='rgb', contrast=1.0, depth=0.0, flipHoriz=False, flipVert=False, font='Arial', fontFiles=[], height=0.05, italic=False, languageStyle='LTR', name='instruct', opacity=1, ori=0, pos=array([0. , 0.7]), rgb=UNKNOWN, text=str(...), units='norm', win=Window(...), wrapWidth=1)
11.9361 	EXP 	window1: mouseVisible = True
11.9485 	EXP 	Created slider = Slider(__class__=<class 'psychopy.visual.slider.Slider'>, autoDraw=False, autoLog=True, borderColor=None, color=None, colorSpace='rgb', depth=-1, fillColor=None, flip=False, font='Open Sans', granularity=0.0, labelHeight=0.05, labelWrapWidth=None, labels=None, name='slider', opacity=None, pos=(-20, 0), readOnly=False, self=UNKNOWN, size=(10000, 0.2), startValue=None, style=method-wrapper(...), styleTweaks=method-wrapper(...), ticks=array([-1. , -0.5,  0. ]), units='height', win=Window(...))
11.9638 	EXP 	Created targetTri = ShapeStim(__class__=<class 'psychopy.visual.shape.ShapeStim'>, autoDraw=False, autoLog=True, closeShape=True, color=method-wrapper(...), colorSpace='rgb', contrast=None, depth=-3.0, fillColor=array([-1, -1,  1]), fillColorSpace='rgb', fillRGB=array([-1, -1,  1]), interpolate=True, lineColor=array([-1., -1.,  1.]), lineColorSpace='rgb', lineRGB=array([-1, -1,  1]), lineWidth=1, name='targetTri', opacity=1, ori=90.0, pos=array([-0.95, -0.03]), size=array([0.05, 0.15]), units='norm', vertices=ndarray(...), win=Window(...), windingRule=None)
11.9651 	EXP 	Created nextPoly1 = Rect(__class__=<class 'psychopy.visual.rect.Rect'>, autoDraw=False, autoLog=True, closeShape=True, color=method-wrapper(...), colorSpace='rgb', contrast=None, depth=-4.0, fillColor=array([1, 0, 0]), fillColorSpace='rgb', fillRGB=array([1, 0, 0]), interpolate=True, lineColor=array([-1., -1., -1.]), lineColorSpace='rgb', lineRGB=array([-1, -1, -1]), lineWidth=1, name='nextPoly1', opacity=1, ori=0.0, pos=array([ 0.8, -0.8]), size=array([0.12, 0.06]), units='norm', vertices=ndarray(...), win=Window(...))
11.9673 	EXP 	Created nextButton1 = TextStim(__class__=<class 'psychopy.visual.text.TextStim'>, alignHoriz=method-wrapper(...), alignText='center', alignVert=method-wrapper(...), anchorHoriz='center', anchorVert='center', antialias=True, autoLog=True, bold=False, color=array([-1., -1., -1.]), colorSpace='rgb', contrast=1.0, depth=-5.0, flipHoriz=False, flipVert=False, font='Arial', fontFiles=[], height=0.05, italic=False, languageStyle='LTR', name='nextButton1', opacity=1, ori=0, pos=array([ 0.8, -0.8]), rgb=UNKNOWN, text='', units='norm', win=Window(...), wrapWidth=1)
11.9674 	EXP 	window1: mouseVisible = True
12.0263 	EXP 	slider: autoLog = True
12.0263 	EXP 	slider: markerPos = None
12.0263 	EXP 	slider: rating = None
12.0263 	EXP 	slider: markerPos = None
12.0263 	EXP 	slider: contrast = 1.0
12.0263 	EXP 	slider: autoLog = True
12.0263 	EXP 	slider: styleTweaks = []
12.0263 	EXP 	slider: style = 'slider'
12.0263 	EXP 	slider: styleTweaks = ['labels45', 'triangleMarker']
12.0263 	EXP 	warningESC: text = ''
12.0263 	EXP 	warningESC: autoDraw = False
12.0263 	EXP 	nextButton: text = 'Next'
12.0263 	EXP 	instructTop: autoDraw = True
12.0263 	EXP 	instructBottom: autoDraw = True
12.0263 	EXP 	cardImage: autoDraw = True
12.0263 	EXP 	line_R_vert: autoDraw = True
12.0263 	EXP 	line_L_vert: autoDraw = True
12.0263 	EXP 	line_T_horiz: autoDraw = True
12.0263 	EXP 	line_B_horiz: autoDraw = True
12.0263 	EXP 	nextPoly: autoDraw = True
12.0263 	EXP 	nextButton: autoDraw = True
14.9063 	DATA 	Mouse: Left button down, pos=(1296,87)
14.9611 	EXP 	instructTop: autoDraw = False
14.9611 	EXP 	instructBottom: autoDraw = False
14.9611 	EXP 	cardImage: autoDraw = False
14.9611 	EXP 	line_R_vert: autoDraw = False
14.9611 	EXP 	line_L_vert: autoDraw = False
14.9611 	EXP 	line_T_horiz: autoDraw = False
14.9611 	EXP 	line_B_horiz: autoDraw = False
14.9611 	EXP 	nextPoly: autoDraw = False
14.9611 	EXP 	nextButton: autoDraw = False
14.9611 	EXP 	slider: markerPos = None
14.9611 	EXP 	slider: markerPos = None
14.9611 	EXP 	slider: rating = None
14.9611 	EXP 	slider: markerPos = 0
14.9611 	EXP 	instruct: autoDraw = True
14.9611 	EXP 	slider: autoDraw = True
14.9611 	EXP 	targetTri: autoDraw = True
14.9611 	EXP 	nextPoly1: autoDraw = True
14.9611 	EXP 	nextButton1: autoDraw = True
15.0169 	DATA 	Mouse:  Left button up, pos=(1296,87)
16.6770 	DATA 	Mouse: Left button down, pos=(1139,424)
16.7010 	EXP 	slider: markerPos = -0.49795344444444445
16.7322 	EXP 	slider: markerPos = -0.49795344444444445
16.7579 	EXP 	slider: markerPos = -0.4979544444444445
16.7849 	EXP 	slider: markerPos = -0.4979583333333333
16.8135 	EXP 	slider: markerPos = -0.4979637777777778
16.8397 	EXP 	slider: markerPos = -0.49797211111111106
16.8686 	EXP 	slider: markerPos = -0.4979807777777778
16.8953 	EXP 	slider: markerPos = -0.4979863333333333
16.9185 	EXP 	slider: markerPos = -0.497989
16.9480 	EXP 	slider: markerPos = -0.49799099999999996
16.9723 	EXP 	slider: markerPos = -0.4979915555555555
17.0009 	EXP 	slider: markerPos = -0.4979918888888889
17.0307 	EXP 	slider: markerPos = -0.49799222222222217
17.0550 	EXP 	slider: markerPos = -0.49799233333333337
17.0833 	EXP 	slider: markerPos = -0.49799255555555555
17.1123 	EXP 	slider: markerPos = -0.4979931111111111
17.1406 	EXP 	slider: markerPos = -0.4979942222222222
17.1694 	EXP 	slider: markerPos = -0.4979948888888889
17.2030 	EXP 	slider: markerPos = -0.4979963333333334
17.2341 	EXP 	slider: markerPos = -0.49799800000000005
17.2623 	EXP 	slider: markerPos = -0.4980012222222222
17.2936 	EXP 	slider: markerPos = -0.49800588888888886
17.3234 	EXP 	slider: markerPos = -0.4980097777777778
17.3568 	EXP 	slider: markerPos = -0.4980146666666667
17.3882 	EXP 	slider: markerPos = -0.4980176666666667
17.4178 	EXP 	slider: markerPos = -0.49801933333333337
17.4522 	EXP 	slider: markerPos = -0.49802
17.4881 	EXP 	slider: markerPos = -0.4980202222222222
17.5208 	EXP 	slider: markerPos = -0.4980202222222222
17.5556 	EXP 	slider: markerPos = -0.4980202222222222
17.5849 	EXP 	slider: markerPos = -0.4980201111111111
17.6184 	EXP 	slider: markerPos = -0.49802
17.6486 	EXP 	slider: markerPos = -0.49802
17.6788 	EXP 	slider: markerPos = -0.49802
17.7076 	EXP 	slider: markerPos = -0.49802
17.7369 	EXP 	slider: markerPos = -0.4980201111111111
17.7698 	EXP 	slider: markerPos = -0.4980201111111111
17.8019 	EXP 	slider: markerPos = -0.4980202222222222
17.8300 	EXP 	slider: markerPos = -0.4980202222222222
17.8627 	EXP 	slider: markerPos = -0.4980202222222222
17.8894 	EXP 	slider: markerPos = -0.4980203333333333
17.9243 	EXP 	slider: markerPos = -0.49802088888888885
17.9574 	EXP 	slider: markerPos = -0.4980212222222222
17.9901 	EXP 	slider: markerPos = -0.4980213333333333
18.0186 	EXP 	slider: markerPos = -0.4980213333333333
18.0516 	EXP 	slider: markerPos = -0.4980213333333333
18.0849 	EXP 	slider: markerPos = -0.4980213333333333
18.1132 	EXP 	slider: markerPos = -0.4980213333333333
18.1493 	EXP 	slider: markerPos = -0.4980212222222222
18.1823 	EXP 	slider: markerPos = -0.49802111111111114
18.2102 	EXP 	slider: markerPos = -0.49802111111111114
18.2398 	EXP 	slider: markerPos = -0.49802111111111114
18.2686 	EXP 	slider: markerPos = -0.49802111111111114
18.2973 	EXP 	slider: markerPos = -0.49802111111111114
18.3249 	EXP 	slider: markerPos = -0.49802922222222223
18.3563 	EXP 	slider: markerPos = -0.4980346666666666
18.3819 	EXP 	slider: markerPos = -0.49804133333333334
18.4133 	EXP 	slider: markerPos = -0.49804388888888884
18.4403 	EXP 	slider: markerPos = -0.49804644444444446
18.4732 	EXP 	slider: markerPos = -0.49804800000000005
18.4990 	EXP 	slider: markerPos = -0.4980488888888889
18.5261 	EXP 	slider: markerPos = -0.49804933333333334
18.5531 	EXP 	slider: markerPos = -0.4980497777777778
18.5812 	EXP 	slider: markerPos = -0.4980497777777778
18.6127 	EXP 	slider: markerPos = -0.4980497777777778
18.6392 	EXP 	slider: markerPos = -0.49805211111111114
18.6727 	EXP 	slider: markerPos = -0.49805711111111106
18.6995 	EXP 	slider: markerPos = -0.49806133333333336
18.7326 	EXP 	slider: markerPos = -0.4980631111111111
18.7639 	EXP 	slider: markerPos = -0.49806433333333333
18.7916 	EXP 	slider: markerPos = -0.4980646666666667
18.8222 	EXP 	slider: markerPos = -0.4980647777777778
18.8558 	EXP 	slider: markerPos = -0.4980647777777778
18.8837 	EXP 	slider: markerPos = -0.4980647777777778
18.9127 	EXP 	slider: markerPos = -0.4980647777777778
18.9402 	EXP 	slider: markerPos = -0.4980647777777778
18.9674 	EXP 	slider: markerPos = -0.4980647777777778
18.9941 	EXP 	slider: markerPos = -0.4980647777777778
19.0216 	EXP 	slider: markerPos = -0.4980647777777778
19.0505 	EXP 	slider: markerPos = -0.4980647777777778
19.0788 	EXP 	slider: markerPos = -0.4980647777777778
19.1072 	EXP 	slider: markerPos = -0.4980647777777778
19.1360 	EXP 	slider: markerPos = -0.4980647777777778
19.1698 	EXP 	slider: markerPos = -0.49806544444444445
19.1974 	EXP 	slider: markerPos = -0.4980674444444444
19.2271 	EXP 	slider: markerPos = -0.4980686666666667
19.2580 	EXP 	slider: markerPos = -0.4980701111111111
19.2918 	EXP 	slider: markerPos = -0.49807188888888887
19.3239 	EXP 	slider: markerPos = -0.49807333333333337
19.3522 	EXP 	slider: markerPos = -0.4980741111111111
19.3865 	EXP 	slider: markerPos = -0.4980744444444445
19.4192 	EXP 	slider: markerPos = -0.49807511111111114
19.4505 	EXP 	slider: markerPos = -0.4980754444444444
19.4813 	EXP 	slider: markerPos = -0.4980755555555556
19.5098 	EXP 	slider: markerPos = -0.4980755555555556
19.5380 	EXP 	slider: markerPos = -0.4980755555555556
19.5710 	EXP 	slider: markerPos = -0.4980755555555556
19.5974 	EXP 	slider: markerPos = -0.4980755555555556
19.6278 	EXP 	slider: markerPos = -0.4980758888888889
19.6562 	EXP 	slider: markerPos = -0.4980765555555555
19.6851 	EXP 	slider: markerPos = -0.498077
19.7147 	EXP 	slider: markerPos = -0.4980771111111111
19.7436 	EXP 	slider: markerPos = -0.49807722222222217
19.7729 	EXP 	slider: markerPos = -0.49807733333333337
19.7999 	EXP 	slider: markerPos = -0.49807733333333337
19.8325 	EXP 	slider: markerPos = -0.49807744444444446
19.8583 	EXP 	slider: markerPos = -0.49807744444444446
19.8610 	DATA 	Mouse:  Left button up, pos=(23,447)
19.8888 	EXP 	slider: markerPos = -0.49807744444444446
19.8888 	EXP 	slider: rating = -0.49807744444444446
21.7180 	DATA 	Mouse: Left button down, pos=(1296,92)
22.3021 	EXP 	window1: mouseVisible = True
