1.8303 	WARNING 	We strongly recommend you activate the PTB sound engine in PsychoPy prefs as the preferred audio engine. Its timing is vastly superior. Your prefs are currently set to use ['sounddevice', 'PTB', 'pyo', 'pygame'] (in that order).
8.3025 	EXP 	Created window1 = Window(allowGUI=True, allowStencil=False, autoLog=True, backendConf=UNKNOWN, bitsMode=UNKNOWN, blendMode='avg', bpc=(8, 8, 8), color=array([-1, -1, -1]), colorSpace='rgb', depthBits=8, fullscr=<method-wrapper '__getattribute__' of attributeSetter object at 0x7fd060e41ba8>, gamma=None, gammaErrorPolicy='raise', lms=UNKNOWN, monitor=<psychopy.monitors.calibTools.Monitor object at 0x7fd07dc77048>, multiSample=False, name='window1', numSamples=2, pos=[360.0, 225.0], screen=0, size=array([2880, 1800]), stencilBits=0, stereo=False, units='height', useFBO=True, useRetina=True, viewOri=0.0, viewPos=None, viewScale=None, waitBlanking=True, winType='pyglet')
8.3027 	EXP 	window1: mouseVisible = True
8.3027 	EXP 	window1: recordFrameIntervals = False
8.4690 	EXP 	window1: recordFrameIntervals = True
8.5737 	WARNING 	t of last frame was 19.99ms (=1/50)
8.7523 	EXP 	window1: recordFrameIntervals = False
9.8805 	EXP 	Created warningESC = TextStim(__class__=<class 'psychopy.visual.text.TextStim'>, alignHoriz=method-wrapper(...), alignText='center', alignVert=method-wrapper(...), anchorHoriz='center', anchorVert='center', antialias=True, autoLog=True, bold=False, color=array([1., 1., 1.]), colorSpace='rgb', contrast=1.0, depth=-1.0, flipHoriz=False, flipVert=False, font='Arial', fontFiles=[], height=0.05, italic=False, languageStyle='LTR', name='warningESC', opacity=1, ori=0.0, pos=array([0., 0.]), rgb=UNKNOWN, text='', units='height', win=Window(...), wrapWidth=1)
9.8903 	EXP 	warningESC: text = ''
9.8903 	EXP 	warningESC: autoDraw = False
9.9082 	EXP 	window1: mouseVisible = True
1.3682 	WARNING 	We strongly recommend you activate the PTB sound engine in PsychoPy prefs as the preferred audio engine. Its timing is vastly superior. Your prefs are currently set to use ['sounddevice', 'PTB', 'pyo', 'pygame'] (in that order).
8.2384 	EXP 	Created window1 = Window(allowGUI=True, allowStencil=False, autoLog=True, backendConf=UNKNOWN, bitsMode=UNKNOWN, blendMode='avg', bpc=(8, 8, 8), color=array([-1, -1, -1]), colorSpace='rgb', depthBits=8, fullscr=<method-wrapper '__getattribute__' of attributeSetter object at 0x7fdd0c441a58>, gamma=None, gammaErrorPolicy='raise', lms=UNKNOWN, monitor=<psychopy.monitors.calibTools.Monitor object at 0x7fdd29bb2710>, multiSample=False, name='window1', numSamples=2, pos=[360.0, 225.0], screen=0, size=array([2880, 1800]), stencilBits=0, stereo=False, units='height', useFBO=True, useRetina=True, viewOri=0.0, viewPos=None, viewScale=None, waitBlanking=True, winType='pyglet')
8.2386 	EXP 	window1: mouseVisible = True
8.2387 	EXP 	window1: recordFrameIntervals = False
8.4045 	EXP 	window1: recordFrameIntervals = True
8.5880 	EXP 	window1: recordFrameIntervals = False
9.8181 	EXP 	Created warningESC = TextStim(__class__=<class 'psychopy.visual.text.TextStim'>, alignHoriz=method-wrapper(...), alignText='center', alignVert=method-wrapper(...), anchorHoriz='center', anchorVert='center', antialias=True, autoLog=True, bold=False, color=array([1., 1., 1.]), colorSpace='rgb', contrast=1.0, depth=-1.0, flipHoriz=False, flipVert=False, font='Arial', fontFiles=[], height=0.05, italic=False, languageStyle='LTR', name='warningESC', opacity=1, ori=0.0, pos=array([0., 0.]), rgb=UNKNOWN, text='', units='height', win=Window(...), wrapWidth=1)
9.9025 	EXP 	Created instructTop = TextStim(__class__=<class 'psychopy.visual.text.TextStim'>, alignHoriz=method-wrapper(...), alignText='center', alignVert=method-wrapper(...), anchorHoriz='center', anchorVert='center', antialias=True, autoLog=True, bold=False, color=array([1., 1., 1.]), colorSpace='rgb', contrast=1.0, depth=-2.0, flipHoriz=False, flipVert=False, font='Arial', fontFiles=[], height=0.05, italic=False, languageStyle='LTR', name='instructTop', opacity=1, ori=0, pos=array([0. , 0.7]), rgb=UNKNOWN, text=str(...), units='norm', win=Window(...), wrapWidth=1.5)
9.9171 	EXP 	Created instructBottom = TextStim(__class__=<class 'psychopy.visual.text.TextStim'>, alignHoriz=method-wrapper(...), alignText='center', alignVert=method-wrapper(...), anchorHoriz='center', anchorVert='center', antialias=True, autoLog=True, bold=False, color=array([1., 1., 1.]), colorSpace='rgb', contrast=1.0, depth=-3.0, flipHoriz=False, flipVert=False, font='Arial', fontFiles=[], height=0.05, italic=False, languageStyle='LTR', name='instructBottom', opacity=1, ori=0, pos=array([ 0. , -0.6]), rgb=UNKNOWN, text=str(...), units='norm', win=Window(...), wrapWidth=1)
9.9893 	EXP 	Created cardImage = ImageStim(__class__=<class 'psychopy.visual.image.ImageStim'>, autoLog=True, color=array([1., 1., 1.]), colorSpace='rgb', contrast=1.0, depth=-4.0, flipHoriz=False, flipVert=False, image='images/bankImage.png', interpolate=True, mask=None, maskParams=None, name='cardImage', opacity=1, ori=0.0, pos=array([0., 0.]), size=array([1., 1.]), texRes=512, units='pix', win=Window(...))
9.9931 	EXP 	Created line_R_vert = Rect(__class__=<class 'psychopy.visual.rect.Rect'>, autoDraw=False, autoLog=True, closeShape=True, color=method-wrapper(...), colorSpace='rgb', contrast=None, depth=-5.0, fillColor=array([1, 1, 1]), fillColorSpace='rgb', fillRGB=array([1, 1, 1]), interpolate=True, lineColor=array([1., 1., 1.]), lineColorSpace='rgb', lineRGB=array([1, 1, 1]), lineWidth=1, name='line_R_vert', opacity=1, ori=0.0, pos=array([0., 0.]), size=array([1., 1.]), units='pix', vertices=ndarray(...), win=Window(...))
9.9943 	EXP 	Created line_L_vert = Rect(__class__=<class 'psychopy.visual.rect.Rect'>, autoDraw=False, autoLog=True, closeShape=True, color=method-wrapper(...), colorSpace='rgb', contrast=None, depth=-6.0, fillColor=array([1, 1, 1]), fillColorSpace='rgb', fillRGB=array([1, 1, 1]), interpolate=True, lineColor=array([1., 1., 1.]), lineColorSpace='rgb', lineRGB=array([1, 1, 1]), lineWidth=1, name='line_L_vert', opacity=1, ori=0.0, pos=array([0., 0.]), size=array([1., 1.]), units='pix', vertices=ndarray(...), win=Window(...))
9.9955 	EXP 	Created line_T_horiz = Rect(__class__=<class 'psychopy.visual.rect.Rect'>, autoDraw=False, autoLog=True, closeShape=True, color=method-wrapper(...), colorSpace='rgb', contrast=None, depth=-7.0, fillColor=array([1, 1, 1]), fillColorSpace='rgb', fillRGB=array([1, 1, 1]), interpolate=True, lineColor=array([1., 1., 1.]), lineColorSpace='rgb', lineRGB=array([1, 1, 1]), lineWidth=1, name='line_T_horiz', opacity=1, ori=0.0, pos=array([0., 0.]), size=array([1., 1.]), units='pix', vertices=ndarray(...), win=Window(...))
9.9971 	EXP 	Created line_B_horiz = Rect(__class__=<class 'psychopy.visual.rect.Rect'>, autoDraw=False, autoLog=True, closeShape=True, color=method-wrapper(...), colorSpace='rgb', contrast=None, depth=-8.0, fillColor=array([1, 1, 1]), fillColorSpace='rgb', fillRGB=array([1, 1, 1]), interpolate=True, lineColor=array([1., 1., 1.]), lineColorSpace='rgb', lineRGB=array([1, 1, 1]), lineWidth=1, name='line_B_horiz', opacity=1, ori=0.0, pos=array([0., 0.]), size=array([1., 1.]), units='pix', vertices=ndarray(...), win=Window(...))
9.9985 	EXP 	Created nextPoly = Rect(__class__=<class 'psychopy.visual.rect.Rect'>, autoDraw=False, autoLog=True, closeShape=True, color=method-wrapper(...), colorSpace='rgb', contrast=None, depth=-9.0, fillColor=array([1, 0, 0]), fillColorSpace='rgb', fillRGB=array([1, 0, 0]), interpolate=True, lineColor=array([-1., -1., -1.]), lineColorSpace='rgb', lineRGB=array([-1, -1, -1]), lineWidth=2, name='nextPoly', opacity=1, ori=0.0, pos=array([ 0.8, -0.8]), size=array([0.12, 0.06]), units='norm', vertices=ndarray(...), win=Window(...))
10.0000 	EXP 	Created nextButton = TextStim(__class__=<class 'psychopy.visual.text.TextStim'>, alignHoriz=method-wrapper(...), alignText='center', alignVert=method-wrapper(...), anchorHoriz='center', anchorVert='center', antialias=True, autoLog=True, bold=False, color=array([-1., -1., -1.]), colorSpace='rgb', contrast=1.0, depth=-10.0, flipHoriz=False, flipVert=False, font='Arial', fontFiles=[], height=0.05, italic=False, languageStyle='LTR', name='nextButton', opacity=1, ori=0, pos=array([ 0.8, -0.8]), rgb=UNKNOWN, text='', units='norm', win=Window(...), wrapWidth=1)
10.0002 	EXP 	window1: mouseVisible = True
10.0417 	EXP 	warningESC: text = ''
10.0417 	EXP 	warningESC: autoDraw = False
10.0417 	EXP 	nextButton: text = '‘Next’'
10.0417 	EXP 	instructTop: autoDraw = True
10.0417 	EXP 	instructBottom: autoDraw = True
10.0417 	EXP 	cardImage: autoDraw = True
10.0417 	EXP 	line_R_vert: autoDraw = True
10.0417 	EXP 	line_L_vert: autoDraw = True
10.0417 	EXP 	line_T_horiz: autoDraw = True
10.0417 	EXP 	line_B_horiz: autoDraw = True
10.0417 	EXP 	nextPoly: autoDraw = True
10.0417 	EXP 	nextButton: autoDraw = True
13.1946 	DATA 	Keypress: down
13.4288 	DATA 	Keypress: down
13.6081 	DATA 	Keypress: down
13.7761 	DATA 	Keypress: down
13.9216 	DATA 	Keypress: down
14.0585 	DATA 	Keypress: down
14.2196 	DATA 	Keypress: down
14.3574 	DATA 	Keypress: down
14.5085 	DATA 	Keypress: down
14.6560 	DATA 	Keypress: down
14.8063 	DATA 	Keypress: down
14.9720 	DATA 	Keypress: down
15.1304 	DATA 	Keypress: down
15.2725 	DATA 	Keypress: down
15.4326 	DATA 	Keypress: down
15.6076 	DATA 	Keypress: down
15.7873 	DATA 	Keypress: down
15.9600 	DATA 	Keypress: down
16.1748 	DATA 	Keypress: down
16.3534 	DATA 	Keypress: down
16.5455 	DATA 	Keypress: down
16.7122 	DATA 	Keypress: down
16.8972 	DATA 	Keypress: down
17.0687 	DATA 	Keypress: down
17.2337 	DATA 	Keypress: down
17.4032 	DATA 	Keypress: down
17.6234 	DATA 	Keypress: down
17.8127 	DATA 	Keypress: down
18.1414 	DATA 	Keypress: up
19.0374 	DATA 	Keypress: up
19.1546 	DATA 	Keypress: up
19.3084 	DATA 	Keypress: up
19.4538 	DATA 	Keypress: up
19.5920 	DATA 	Keypress: up
19.7309 	DATA 	Keypress: up
19.8746 	DATA 	Keypress: up
20.0271 	DATA 	Keypress: up
20.1681 	DATA 	Keypress: up
20.3311 	DATA 	Keypress: up
20.4913 	DATA 	Keypress: up
20.6613 	DATA 	Keypress: up
20.8229 	DATA 	Keypress: up
20.9830 	DATA 	Keypress: up
21.1563 	DATA 	Keypress: up
21.3405 	DATA 	Keypress: up
21.5389 	DATA 	Keypress: up
21.6949 	DATA 	Keypress: up
21.8927 	DATA 	Keypress: up
22.0732 	DATA 	Keypress: up
22.2404 	DATA 	Keypress: up
22.4124 	DATA 	Keypress: up
22.5802 	DATA 	Keypress: up
22.7609 	DATA 	Keypress: up
22.9581 	DATA 	Keypress: up
23.1206 	DATA 	Keypress: up
23.3043 	DATA 	Keypress: up
23.4951 	DATA 	Keypress: up
25.0456 	DATA 	Mouse: Left button down, pos=(1297,89)
25.0768 	EXP 	instructTop: autoDraw = False
25.0768 	EXP 	instructBottom: autoDraw = False
25.0768 	EXP 	cardImage: autoDraw = False
25.0768 	EXP 	line_R_vert: autoDraw = False
25.0768 	EXP 	line_L_vert: autoDraw = False
25.0768 	EXP 	line_T_horiz: autoDraw = False
25.0768 	EXP 	line_B_horiz: autoDraw = False
25.0768 	EXP 	nextPoly: autoDraw = False
25.0768 	EXP 	nextButton: autoDraw = False
25.0903 	EXP 	window1: mouseVisible = True
