1.5230 	WARNING 	We strongly recommend you activate the PTB sound engine in PsychoPy prefs as the preferred audio engine. Its timing is vastly superior. Your prefs are currently set to use ['sounddevice', 'PTB', 'pyo', 'pygame'] (in that order).
11.5702 	EXP 	Created window1 = Window(allowGUI=True, allowStencil=False, autoLog=True, backendConf=UNKNOWN, bitsMode=UNKNOWN, blendMode='avg', bpc=(8, 8, 8), color=array([-1, -1, -1]), colorSpace='rgb', depthBits=8, fullscr=<method-wrapper '__getattribute__' of attributeSetter object at 0x7f8319359b00>, gamma=None, gammaErrorPolicy='raise', lms=UNKNOWN, monitor=<psychopy.monitors.calibTools.Monitor object at 0x7f8316f79908>, multiSample=False, name='window1', numSamples=2, pos=[360.0, 225.0], screen=0, size=array([2880, 1800]), stencilBits=0, stereo=False, units='height', useFBO=True, useRetina=True, viewOri=0.0, viewPos=None, viewScale=None, waitBlanking=True, winType='pyglet')
11.5704 	EXP 	window1: mouseVisible = True
11.5704 	EXP 	window1: recordFrameIntervals = False
11.7358 	EXP 	window1: recordFrameIntervals = True
11.9195 	EXP 	window1: recordFrameIntervals = False
12.8955 	EXP 	Created warningESC = TextStim(__class__=<class 'psychopy.visual.text.TextStim'>, alignHoriz=method-wrapper(...), alignText='center', alignVert=method-wrapper(...), anchorHoriz='center', anchorVert='center', antialias=True, autoLog=True, bold=False, color=array([1., 1., 1.]), colorSpace='rgb', contrast=1.0, depth=-1.0, flipHoriz=False, flipVert=False, font='Arial', fontFiles=[], height=0.05, italic=False, languageStyle='LTR', name='warningESC', opacity=1, ori=0.0, pos=array([0., 0.]), rgb=UNKNOWN, text='', units='height', win=Window(...), wrapWidth=1)
12.9784 	EXP 	Created instructTop = TextStim(__class__=<class 'psychopy.visual.text.TextStim'>, alignHoriz=method-wrapper(...), alignText='center', alignVert=method-wrapper(...), anchorHoriz='center', anchorVert='center', antialias=True, autoLog=True, bold=False, color=array([1., 1., 1.]), colorSpace='rgb', contrast=1.0, depth=-2.0, flipHoriz=False, flipVert=False, font='Arial', fontFiles=[], height=0.05, italic=False, languageStyle='LTR', name='instructTop', opacity=1, ori=0, pos=array([0. , 0.7]), rgb=UNKNOWN, text=str(...), units='norm', win=Window(...), wrapWidth=1.5)
12.9939 	EXP 	Created instructBottom = TextStim(__class__=<class 'psychopy.visual.text.TextStim'>, alignHoriz=method-wrapper(...), alignText='center', alignVert=method-wrapper(...), anchorHoriz='center', anchorVert='center', antialias=True, autoLog=True, bold=False, color=array([1., 1., 1.]), colorSpace='rgb', contrast=1.0, depth=-3.0, flipHoriz=False, flipVert=False, font='Arial', fontFiles=[], height=0.05, italic=False, languageStyle='LTR', name='instructBottom', opacity=1, ori=0, pos=array([ 0. , -0.6]), rgb=UNKNOWN, text=str(...), units='norm', win=Window(...), wrapWidth=1)
13.0669 	EXP 	Created cardImage = ImageStim(__class__=<class 'psychopy.visual.image.ImageStim'>, autoLog=True, color=array([1., 1., 1.]), colorSpace='rgb', contrast=1.0, depth=-4.0, flipHoriz=False, flipVert=False, image='images/bankImage.png', interpolate=True, mask=None, maskParams=None, name='cardImage', opacity=1, ori=0.0, pos=array([0., 0.]), size=array([1., 1.]), texRes=512, units='pix', win=Window(...))
13.0705 	EXP 	Created line_R_vert = Rect(__class__=<class 'psychopy.visual.rect.Rect'>, autoDraw=False, autoLog=True, closeShape=True, color=method-wrapper(...), colorSpace='rgb', contrast=None, depth=-5.0, fillColor=array([1, 1, 1]), fillColorSpace='rgb', fillRGB=array([1, 1, 1]), interpolate=True, lineColor=array([1., 1., 1.]), lineColorSpace='rgb', lineRGB=array([1, 1, 1]), lineWidth=1, name='line_R_vert', opacity=1, ori=0.0, pos=array([0., 0.]), size=array([1., 1.]), units='pix', vertices=ndarray(...), win=Window(...))
13.0718 	EXP 	Created line_L_vert = Rect(__class__=<class 'psychopy.visual.rect.Rect'>, autoDraw=False, autoLog=True, closeShape=True, color=method-wrapper(...), colorSpace='rgb', contrast=None, depth=-6.0, fillColor=array([1, 1, 1]), fillColorSpace='rgb', fillRGB=array([1, 1, 1]), interpolate=True, lineColor=array([1., 1., 1.]), lineColorSpace='rgb', lineRGB=array([1, 1, 1]), lineWidth=1, name='line_L_vert', opacity=1, ori=0.0, pos=array([0., 0.]), size=array([1., 1.]), units='pix', vertices=ndarray(...), win=Window(...))
13.0731 	EXP 	Created line_T_horiz = Rect(__class__=<class 'psychopy.visual.rect.Rect'>, autoDraw=False, autoLog=True, closeShape=True, color=method-wrapper(...), colorSpace='rgb', contrast=None, depth=-7.0, fillColor=array([1, 1, 1]), fillColorSpace='rgb', fillRGB=array([1, 1, 1]), interpolate=True, lineColor=array([1., 1., 1.]), lineColorSpace='rgb', lineRGB=array([1, 1, 1]), lineWidth=1, name='line_T_horiz', opacity=1, ori=0.0, pos=array([0., 0.]), size=array([1., 1.]), units='pix', vertices=ndarray(...), win=Window(...))
13.0743 	EXP 	Created line_B_horiz = Rect(__class__=<class 'psychopy.visual.rect.Rect'>, autoDraw=False, autoLog=True, closeShape=True, color=method-wrapper(...), colorSpace='rgb', contrast=None, depth=-8.0, fillColor=array([1, 1, 1]), fillColorSpace='rgb', fillRGB=array([1, 1, 1]), interpolate=True, lineColor=array([1., 1., 1.]), lineColorSpace='rgb', lineRGB=array([1, 1, 1]), lineWidth=1, name='line_B_horiz', opacity=1, ori=0.0, pos=array([0., 0.]), size=array([1., 1.]), units='pix', vertices=ndarray(...), win=Window(...))
13.0755 	EXP 	Created nextPoly = Rect(__class__=<class 'psychopy.visual.rect.Rect'>, autoDraw=False, autoLog=True, closeShape=True, color=method-wrapper(...), colorSpace='rgb', contrast=None, depth=-9.0, fillColor=array([1, 0, 0]), fillColorSpace='rgb', fillRGB=array([1, 0, 0]), interpolate=True, lineColor=array([-1., -1., -1.]), lineColorSpace='rgb', lineRGB=array([-1, -1, -1]), lineWidth=2, name='nextPoly', opacity=1, ori=0.0, pos=array([ 0.8, -0.8]), size=array([0.12, 0.06]), units='norm', vertices=ndarray(...), win=Window(...))
13.0776 	EXP 	Created nextButton = TextStim(__class__=<class 'psychopy.visual.text.TextStim'>, alignHoriz=method-wrapper(...), alignText='center', alignVert=method-wrapper(...), anchorHoriz='center', anchorVert='center', antialias=True, autoLog=True, bold=False, color=array([-1., -1., -1.]), colorSpace='rgb', contrast=1.0, depth=-10.0, flipHoriz=False, flipVert=False, font='Arial', fontFiles=[], height=0.05, italic=False, languageStyle='LTR', name='nextButton', opacity=1, ori=0, pos=array([ 0.8, -0.8]), rgb=UNKNOWN, text='', units='norm', win=Window(...), wrapWidth=1)
13.0778 	EXP 	window1: mouseVisible = True
13.0860 	EXP 	Created instruct = TextStim(__class__=<class 'psychopy.visual.text.TextStim'>, alignHoriz=method-wrapper(...), alignText='center', alignVert=method-wrapper(...), anchorHoriz='center', anchorVert='center', antialias=True, autoLog=True, bold=False, color=array([1., 1., 1.]), colorSpace='rgb', contrast=1.0, depth=0.0, flipHoriz=False, flipVert=False, font='Arial', fontFiles=[], height=0.05, italic=False, languageStyle='LTR', name='instruct', opacity=1, ori=0, pos=array([0. , 0.7]), rgb=UNKNOWN, text=str(...), units='norm', win=Window(...), wrapWidth=1)
13.1083 	EXP 	window1: mouseVisible = True
13.1191 	EXP 	Created slider = Slider(__class__=<class 'psychopy.visual.slider.Slider'>, autoDraw=False, autoLog=True, borderColor=None, color=None, colorSpace='rgb', depth=-1, fillColor=None, flip=False, font='Open Sans', granularity=0.0, labelHeight=0.05, labelWrapWidth=None, labels=None, name='slider', opacity=None, pos=(0.5, 0), readOnly=False, self=UNKNOWN, size=(2.0, 0.02), startValue=None, style=method-wrapper(...), styleTweaks=method-wrapper(...), ticks=array([-1. , -0.5,  0. ]), units='height', win=Window(...))
13.1278 	EXP 	Created targetTri = ShapeStim(__class__=<class 'psychopy.visual.shape.ShapeStim'>, autoDraw=False, autoLog=True, closeShape=True, color=method-wrapper(...), colorSpace='rgb', contrast=None, depth=-3.0, fillColor=array([-1, -1,  1]), fillColorSpace='rgb', fillRGB=array([-1, -1,  1]), interpolate=True, lineColor=array([-1., -1.,  1.]), lineColorSpace='rgb', lineRGB=array([-1, -1,  1]), lineWidth=1, name='targetTri', opacity=1, ori=0.0, pos=array([-0.95, -0.03]), size=array([0.05, 0.15]), units='norm', vertices=ndarray(...), win=Window(...), windingRule=None)
13.1294 	EXP 	Created nextPoly1 = Rect(__class__=<class 'psychopy.visual.rect.Rect'>, autoDraw=False, autoLog=True, closeShape=True, color=method-wrapper(...), colorSpace='rgb', contrast=None, depth=-4.0, fillColor=array([1, 0, 0]), fillColorSpace='rgb', fillRGB=array([1, 0, 0]), interpolate=True, lineColor=array([-1., -1., -1.]), lineColorSpace='rgb', lineRGB=array([-1, -1, -1]), lineWidth=1, name='nextPoly1', opacity=1, ori=0.0, pos=array([ 0.8, -0.8]), size=array([0.12, 0.06]), units='norm', vertices=ndarray(...), win=Window(...))
13.1309 	EXP 	Created nextButton1 = TextStim(__class__=<class 'psychopy.visual.text.TextStim'>, alignHoriz=method-wrapper(...), alignText='center', alignVert=method-wrapper(...), anchorHoriz='center', anchorVert='center', antialias=True, autoLog=True, bold=False, color=array([-1., -1., -1.]), colorSpace='rgb', contrast=1.0, depth=-5.0, flipHoriz=False, flipVert=False, font='Arial', fontFiles=[], height=0.05, italic=False, languageStyle='LTR', name='nextButton1', opacity=1, ori=0, pos=array([ 0.8, -0.8]), rgb=UNKNOWN, text='', units='norm', win=Window(...), wrapWidth=1)
13.1311 	EXP 	window1: mouseVisible = True
13.1976 	EXP 	slider: autoLog = True
13.1976 	EXP 	slider: markerPos = None
13.1976 	EXP 	slider: rating = None
13.1976 	EXP 	slider: markerPos = None
13.1976 	EXP 	slider: contrast = 1.0
13.1976 	EXP 	slider: autoLog = True
13.1976 	EXP 	slider: styleTweaks = []
13.1976 	EXP 	slider: style = 'slider'
13.1976 	EXP 	slider: styleTweaks = ['labels45', 'triangleMarker']
13.1976 	EXP 	warningESC: text = ''
13.1976 	EXP 	warningESC: autoDraw = False
13.1976 	EXP 	nextButton: text = 'Next'
13.1976 	EXP 	instructTop: autoDraw = True
13.1976 	EXP 	instructBottom: autoDraw = True
13.1976 	EXP 	cardImage: autoDraw = True
13.1976 	EXP 	line_R_vert: autoDraw = True
13.1976 	EXP 	line_L_vert: autoDraw = True
13.1976 	EXP 	line_T_horiz: autoDraw = True
13.1976 	EXP 	line_B_horiz: autoDraw = True
13.1976 	EXP 	nextPoly: autoDraw = True
13.1976 	EXP 	nextButton: autoDraw = True
18.6474 	DATA 	Mouse: Left button down, pos=(1278,86)
18.6881 	EXP 	instructTop: autoDraw = False
18.6881 	EXP 	instructBottom: autoDraw = False
18.6881 	EXP 	cardImage: autoDraw = False
18.6881 	EXP 	line_R_vert: autoDraw = False
18.6881 	EXP 	line_L_vert: autoDraw = False
18.6881 	EXP 	line_T_horiz: autoDraw = False
18.6881 	EXP 	line_B_horiz: autoDraw = False
18.6881 	EXP 	nextPoly: autoDraw = False
18.6881 	EXP 	nextButton: autoDraw = False
18.6881 	EXP 	slider: markerPos = None
18.6881 	EXP 	slider: markerPos = None
18.6881 	EXP 	slider: rating = None
18.6881 	EXP 	slider: markerPos = 0
18.6881 	EXP 	instruct: autoDraw = True
18.6881 	EXP 	slider: autoDraw = True
18.6881 	EXP 	targetTri: autoDraw = True
18.6881 	EXP 	nextPoly1: autoDraw = True
18.6881 	EXP 	nextButton1: autoDraw = True
18.7258 	DATA 	Mouse:  Left button up, pos=(1278,86)
20.6211 	DATA 	Mouse: wheel shift=(0,0), pos=(1191,441)
20.7558 	DATA 	Mouse: wheel shift=(0,0), pos=(1191,441)
20.7674 	DATA 	Mouse: wheel shift=(0,0), pos=(1191,441)
20.7732 	DATA 	Mouse: wheel shift=(0,0), pos=(1191,441)
20.7845 	DATA 	Mouse: wheel shift=(0,0), pos=(1191,441)
20.7878 	DATA 	Mouse: wheel shift=(0,0), pos=(1191,441)
20.8044 	DATA 	Mouse: wheel shift=(0,0), pos=(1191,441)
20.8209 	DATA 	Mouse: wheel shift=(0,0), pos=(1191,441)
20.8272 	DATA 	Mouse: wheel shift=(0,0), pos=(1191,441)
20.8389 	DATA 	Mouse: wheel shift=(0,0), pos=(1191,441)
20.8452 	DATA 	Mouse: wheel shift=(0,0), pos=(1191,441)
20.8570 	DATA 	Mouse: wheel shift=(0,0), pos=(1191,441)
20.8603 	DATA 	Mouse: wheel shift=(0,0), pos=(1191,441)
20.8765 	DATA 	Mouse: wheel shift=(0,0), pos=(1191,441)
20.8933 	DATA 	Mouse: wheel shift=(0,0), pos=(1191,441)
20.8998 	DATA 	Mouse: wheel shift=(0,0), pos=(1191,441)
20.9129 	DATA 	Mouse: wheel shift=(0,0), pos=(1191,441)
20.9158 	DATA 	Mouse: wheel shift=(0,0), pos=(1191,441)
20.9317 	DATA 	Mouse: wheel shift=(0,0), pos=(1191,441)
20.9322 	DATA 	Mouse: wheel shift=(0,0), pos=(1191,441)
20.9487 	DATA 	Mouse: wheel shift=(0,0), pos=(1191,441)
20.9660 	DATA 	Mouse: wheel shift=(0,0), pos=(1191,441)
21.0047 	DATA 	Mouse: wheel shift=(0,0), pos=(1191,441)
21.1877 	DATA 	Mouse: wheel shift=(0,0), pos=(1191,441)
22.1257 	DATA 	Mouse: Left button down, pos=(1378,440)
22.3008 	DATA 	Mouse:  Left button up, pos=(1378,440)
22.8586 	DATA 	Mouse: Left button down, pos=(1373,446)
22.8922 	EXP 	slider: markerPos = -0.38722222222222225
22.9111 	EXP 	slider: markerPos = -0.38722222222222225
22.9336 	EXP 	slider: markerPos = -0.38722222222222225
22.9517 	EXP 	slider: markerPos = -0.38722222222222225
22.9716 	EXP 	slider: markerPos = -0.3877777777777778
22.9907 	EXP 	slider: markerPos = -0.3916666666666666
23.0104 	EXP 	slider: markerPos = -0.405
23.0313 	EXP 	slider: markerPos = -0.41888888888888887
23.0559 	EXP 	slider: markerPos = -0.4405555555555556
23.0730 	EXP 	slider: markerPos = -0.45999999999999996
23.0923 	EXP 	slider: markerPos = -0.4716666666666667
23.1125 	EXP 	slider: markerPos = -0.4788888888888889
23.1329 	EXP 	slider: markerPos = -0.4933333333333334
23.1568 	EXP 	slider: markerPos = -0.5044444444444445
23.1752 	EXP 	slider: markerPos = -0.5094444444444445
23.1966 	EXP 	slider: markerPos = -0.5144444444444445
23.2168 	EXP 	slider: markerPos = -0.5183333333333333
23.2424 	EXP 	slider: markerPos = -0.5211111111111111
23.2611 	EXP 	slider: markerPos = -0.525
23.2825 	EXP 	slider: markerPos = -0.5277777777777778
23.3024 	EXP 	slider: markerPos = -0.5338888888888889
23.3263 	EXP 	slider: markerPos = -0.5433333333333333
23.3462 	EXP 	slider: markerPos = -0.5588888888888889
23.3659 	EXP 	slider: markerPos = -0.5661111111111111
23.3866 	EXP 	slider: markerPos = -0.58
23.4085 	EXP 	slider: markerPos = -0.5877777777777777
23.4268 	EXP 	slider: markerPos = -0.595
23.4487 	EXP 	slider: markerPos = -0.5994444444444444
23.4672 	EXP 	slider: markerPos = -0.6027777777777777
23.4913 	EXP 	slider: markerPos = -0.6038888888888889
23.5092 	EXP 	slider: markerPos = -0.6044444444444445
23.5281 	EXP 	slider: markerPos = -0.6044444444444445
23.5482 	EXP 	slider: markerPos = -0.6044444444444445
23.5726 	EXP 	slider: markerPos = -0.6044444444444445
23.5901 	EXP 	slider: markerPos = -0.6044444444444445
23.6121 	EXP 	slider: markerPos = -0.6044444444444445
23.6314 	EXP 	slider: markerPos = -0.6044444444444445
23.6530 	EXP 	slider: markerPos = -0.6044444444444445
23.6735 	EXP 	slider: markerPos = -0.6044444444444445
23.6908 	EXP 	slider: markerPos = -0.6044444444444445
23.7112 	EXP 	slider: markerPos = -0.6044444444444445
23.7307 	EXP 	slider: markerPos = -0.605
23.7532 	EXP 	slider: markerPos = -0.605
23.7726 	EXP 	slider: markerPos = -0.605
23.7905 	EXP 	slider: markerPos = -0.605
23.8101 	EXP 	slider: markerPos = -0.605
23.8314 	EXP 	slider: markerPos = -0.606111111111111
23.8499 	EXP 	slider: markerPos = -0.606111111111111
23.8714 	EXP 	slider: markerPos = -0.606111111111111
23.8903 	EXP 	slider: markerPos = -0.606111111111111
23.9096 	EXP 	slider: markerPos = -0.606111111111111
23.9306 	EXP 	slider: markerPos = -0.606111111111111
23.9499 	EXP 	slider: markerPos = -0.606111111111111
23.9715 	EXP 	slider: markerPos = -0.606111111111111
23.9899 	EXP 	slider: markerPos = -0.606111111111111
24.0089 	EXP 	slider: markerPos = -0.6055555555555556
24.0289 	EXP 	slider: markerPos = -0.6055555555555556
24.0485 	EXP 	slider: markerPos = -0.6055555555555556
24.0700 	EXP 	slider: markerPos = -0.6055555555555556
24.0897 	EXP 	slider: markerPos = -0.6055555555555556
24.1078 	EXP 	slider: markerPos = -0.6055555555555556
24.1277 	EXP 	slider: markerPos = -0.6055555555555556
24.1465 	EXP 	slider: markerPos = -0.6055555555555556
24.1709 	EXP 	slider: markerPos = -0.6055555555555556
24.1935 	EXP 	slider: markerPos = -0.6194444444444445
24.2136 	EXP 	slider: markerPos = -0.6305555555555555
24.2342 	EXP 	slider: markerPos = -0.635
24.2556 	EXP 	slider: markerPos = -0.6377777777777778
24.2773 	EXP 	slider: markerPos = -0.6383333333333333
24.2961 	EXP 	slider: markerPos = -0.6383333333333333
24.3150 	EXP 	slider: markerPos = -0.6383333333333333
24.3363 	EXP 	slider: markerPos = -0.6383333333333333
24.3585 	EXP 	slider: markerPos = -0.6388888888888888
24.3774 	EXP 	slider: markerPos = -0.6388888888888888
24.3959 	EXP 	slider: markerPos = -0.6388888888888888
24.4160 	EXP 	slider: markerPos = -0.6388888888888888
24.4395 	EXP 	slider: markerPos = -0.6388888888888888
24.4575 	EXP 	slider: markerPos = -0.6388888888888888
24.4782 	EXP 	slider: markerPos = -0.6388888888888888
24.4975 	EXP 	slider: markerPos = -0.6388888888888888
24.5189 	EXP 	slider: markerPos = -0.64
24.5392 	EXP 	slider: markerPos = -0.6705555555555556
24.5585 	EXP 	slider: markerPos = -0.6883333333333334
24.5803 	EXP 	slider: markerPos = -0.7116666666666667
24.6049 	EXP 	slider: markerPos = -0.731111111111111
24.6219 	EXP 	slider: markerPos = -0.7638888888888888
24.6411 	EXP 	slider: markerPos = -0.7638888888888888
24.6613 	EXP 	slider: markerPos = -0.7638888888888888
24.6831 	EXP 	slider: markerPos = -0.7677777777777778
24.7058 	EXP 	slider: markerPos = -0.7949999999999999
24.7244 	EXP 	slider: markerPos = -0.8294444444444444
24.7444 	EXP 	slider: markerPos = -0.8638888888888889
24.7652 	EXP 	slider: markerPos = -0.8772222222222222
24.7909 	EXP 	slider: markerPos = -0.8955555555555555
24.8110 	EXP 	slider: markerPos = -0.9066666666666667
24.8323 	EXP 	slider: markerPos = -0.9105555555555556
24.8523 	EXP 	slider: markerPos = -0.9155555555555556
24.8725 	EXP 	slider: markerPos = -0.9183333333333333
24.8924 	EXP 	slider: markerPos = -0.92
24.9122 	EXP 	slider: markerPos = -0.9216666666666666
24.9356 	EXP 	slider: markerPos = -0.9233333333333333
24.9587 	EXP 	slider: markerPos = -0.9238888888888889
24.9774 	EXP 	slider: markerPos = -0.9238888888888889
24.9972 	EXP 	slider: markerPos = -0.9238888888888889
25.0219 	EXP 	slider: markerPos = -0.9238888888888889
25.0395 	EXP 	slider: markerPos = -0.9238888888888889
25.0590 	EXP 	slider: markerPos = -0.9238888888888889
25.0797 	EXP 	slider: markerPos = -0.9238888888888889
25.1054 	EXP 	slider: markerPos = -0.9255555555555556
25.1235 	EXP 	slider: markerPos = -0.9294444444444444
25.1437 	EXP 	slider: markerPos = -0.9344444444444444
25.1658 	EXP 	slider: markerPos = -0.9455555555555556
25.1907 	EXP 	slider: markerPos = -0.9577777777777778
25.2099 	EXP 	slider: markerPos = -0.9705555555555556
25.2305 	EXP 	slider: markerPos = -0.9794444444444445
25.2571 	EXP 	slider: markerPos = -0.9872222222222222
25.2761 	EXP 	slider: markerPos = -0.9927777777777778
25.2965 	EXP 	slider: markerPos = -0.9955555555555555
25.3179 	EXP 	slider: markerPos = -0.9966666666666667
25.3433 	EXP 	slider: markerPos = -0.9972222222222222
25.3652 	EXP 	slider: markerPos = -0.9983333333333333
25.3866 	EXP 	slider: markerPos = -0.9983333333333333
25.4080 	EXP 	slider: markerPos = -0.9983333333333333
25.4259 	EXP 	slider: markerPos = -0.9983333333333333
25.4455 	EXP 	slider: markerPos = -0.9983333333333333
25.4647 	EXP 	slider: markerPos = -0.9983333333333333
25.4847 	EXP 	slider: markerPos = -0.9983333333333333
25.5058 	EXP 	slider: markerPos = -0.9983333333333333
25.5266 	EXP 	slider: markerPos = -0.9983333333333333
25.5444 	EXP 	slider: markerPos = -0.9983333333333333
25.5647 	EXP 	slider: markerPos = -0.9983333333333333
25.5868 	EXP 	slider: markerPos = -0.9983333333333333
25.6089 	EXP 	slider: markerPos = -0.9983333333333333
25.6270 	EXP 	slider: markerPos = -0.9983333333333333
25.6466 	EXP 	slider: markerPos = -0.9983333333333333
25.6670 	EXP 	slider: markerPos = -0.9983333333333333
25.6856 	EXP 	slider: markerPos = -0.9983333333333333
25.7073 	EXP 	slider: markerPos = -0.9983333333333333
25.7248 	EXP 	slider: markerPos = -0.9983333333333333
25.7458 	EXP 	slider: markerPos = -0.9994444444444445
25.7658 	EXP 	slider: markerPos = -1.0027777777777778
25.7873 	EXP 	slider: markerPos = -1.0055555555555555
25.8092 	EXP 	slider: markerPos = -1.0077777777777777
25.8296 	EXP 	slider: markerPos = -1.0105555555555554
25.8498 	EXP 	slider: markerPos = -1.0138888888888888
25.8741 	EXP 	slider: markerPos = -1.0161111111111112
25.8928 	EXP 	slider: markerPos = -1.0194444444444444
25.9133 	EXP 	slider: markerPos = -1.021111111111111
25.9400 	EXP 	slider: markerPos = -1.0227777777777778
25.9576 	EXP 	slider: markerPos = -1.0238888888888888
25.9800 	EXP 	slider: markerPos = -1.0244444444444445
26.0062 	EXP 	slider: markerPos = -1.025
26.0232 	EXP 	slider: markerPos = -1.0255555555555556
26.0456 	EXP 	slider: markerPos = -1.0255555555555556
26.0656 	EXP 	slider: markerPos = -1.0261111111111112
26.0921 	EXP 	slider: markerPos = -1.0266666666666666
26.1108 	EXP 	slider: markerPos = -1.0277777777777777
26.1355 	EXP 	slider: markerPos = -1.0294444444444444
26.1600 	EXP 	slider: markerPos = -1.0305555555555554
26.1881 	EXP 	slider: markerPos = -1.0322222222222222
26.2101 	EXP 	slider: markerPos = -1.0333333333333332
26.2301 	EXP 	slider: markerPos = -1.035
26.2311 	DATA 	Mouse:  Left button up, pos=(206,474)
26.2534 	EXP 	slider: markerPos = -1.0
26.2534 	EXP 	slider: rating = -1.0
27.6439 	DATA 	Mouse: Left button down, pos=(1313,81)
27.6561 	EXP 	window1: mouseVisible = True
