1.6741 	WARNING 	We strongly recommend you activate the PTB sound engine in PsychoPy prefs as the preferred audio engine. Its timing is vastly superior. Your prefs are currently set to use ['sounddevice', 'PTB', 'pyo', 'pygame'] (in that order).
11.5631 	EXP 	Created window1 = Window(allowGUI=True, allowStencil=False, autoLog=True, backendConf=UNKNOWN, bitsMode=UNKNOWN, blendMode='avg', bpc=(8, 8, 8), color=array([-1, -1, -1]), colorSpace='rgb', depthBits=8, fullscr=<method-wrapper '__getattribute__' of attributeSetter object at 0x7f8d3e301b38>, gamma=None, gammaErrorPolicy='raise', lms=UNKNOWN, monitor=<psychopy.monitors.calibTools.Monitor object at 0x7f8d3cb33cc0>, multiSample=False, name='window1', numSamples=2, pos=[360.0, 225.0], screen=0, size=array([2880, 1800]), stencilBits=0, stereo=False, units='norm', useFBO=True, useRetina=True, viewOri=0.0, viewPos=None, viewScale=None, waitBlanking=True, winType='pyglet')
11.5633 	EXP 	window1: mouseVisible = True
11.5633 	EXP 	window1: recordFrameIntervals = False
11.7291 	EXP 	window1: recordFrameIntervals = True
11.9460 	EXP 	window1: recordFrameIntervals = False
12.9248 	EXP 	Created warningESC = TextStim(__class__=<class 'psychopy.visual.text.TextStim'>, alignHoriz=method-wrapper(...), alignText='center', alignVert=method-wrapper(...), anchorHoriz='center', anchorVert='center', antialias=True, autoLog=True, bold=False, color=array([1., 1., 1.]), colorSpace='rgb', contrast=1.0, depth=-1.0, flipHoriz=False, flipVert=False, font='Arial', fontFiles=[], height=0.05, italic=False, languageStyle='LTR', name='warningESC', opacity=1, ori=0.0, pos=array([0., 0.]), rgb=UNKNOWN, text='', units='norm', win=Window(...), wrapWidth=1)
12.9977 	EXP 	Created instructTop = TextStim(__class__=<class 'psychopy.visual.text.TextStim'>, alignHoriz=method-wrapper(...), alignText='center', alignVert=method-wrapper(...), anchorHoriz='center', anchorVert='center', antialias=True, autoLog=True, bold=False, color=array([1., 1., 1.]), colorSpace='rgb', contrast=1.0, depth=-2.0, flipHoriz=False, flipVert=False, font='Arial', fontFiles=[], height=0.05, italic=False, languageStyle='LTR', name='instructTop', opacity=1, ori=0, pos=array([0. , 0.7]), rgb=UNKNOWN, text=str(...), units='norm', win=Window(...), wrapWidth=1.5)
13.0119 	EXP 	Created instructBottom = TextStim(__class__=<class 'psychopy.visual.text.TextStim'>, alignHoriz=method-wrapper(...), alignText='center', alignVert=method-wrapper(...), anchorHoriz='center', anchorVert='center', antialias=True, autoLog=True, bold=False, color=array([1., 1., 1.]), colorSpace='rgb', contrast=1.0, depth=-3.0, flipHoriz=False, flipVert=False, font='Arial', fontFiles=[], height=0.05, italic=False, languageStyle='LTR', name='instructBottom', opacity=1, ori=0, pos=array([ 0. , -0.6]), rgb=UNKNOWN, text=str(...), units='norm', win=Window(...), wrapWidth=1)
13.0771 	EXP 	Created cardImage = ImageStim(__class__=<class 'psychopy.visual.image.ImageStim'>, autoLog=True, color=array([1., 1., 1.]), colorSpace='rgb', contrast=1.0, depth=-4.0, flipHoriz=False, flipVert=False, image='images/bankImage.png', interpolate=True, mask=None, maskParams=None, name='cardImage', opacity=1, ori=0.0, pos=array([0., 0.]), size=array([1., 1.]), texRes=512, units='pix', win=Window(...))
13.0802 	EXP 	Created line_R_vert = Rect(__class__=<class 'psychopy.visual.rect.Rect'>, autoDraw=False, autoLog=True, closeShape=True, color=method-wrapper(...), colorSpace='rgb', contrast=None, depth=-5.0, fillColor=array([1, 1, 1]), fillColorSpace='rgb', fillRGB=array([1, 1, 1]), interpolate=True, lineColor=array([1., 1., 1.]), lineColorSpace='rgb', lineRGB=array([1, 1, 1]), lineWidth=1, name='line_R_vert', opacity=1, ori=0.0, pos=array([0., 0.]), size=array([1., 1.]), units='pix', vertices=ndarray(...), win=Window(...))
13.0815 	EXP 	Created line_L_vert = Rect(__class__=<class 'psychopy.visual.rect.Rect'>, autoDraw=False, autoLog=True, closeShape=True, color=method-wrapper(...), colorSpace='rgb', contrast=None, depth=-6.0, fillColor=array([1, 1, 1]), fillColorSpace='rgb', fillRGB=array([1, 1, 1]), interpolate=True, lineColor=array([1., 1., 1.]), lineColorSpace='rgb', lineRGB=array([1, 1, 1]), lineWidth=1, name='line_L_vert', opacity=1, ori=0.0, pos=array([0., 0.]), size=array([1., 1.]), units='pix', vertices=ndarray(...), win=Window(...))
13.0827 	EXP 	Created line_T_horiz = Rect(__class__=<class 'psychopy.visual.rect.Rect'>, autoDraw=False, autoLog=True, closeShape=True, color=method-wrapper(...), colorSpace='rgb', contrast=None, depth=-7.0, fillColor=array([1, 1, 1]), fillColorSpace='rgb', fillRGB=array([1, 1, 1]), interpolate=True, lineColor=array([1., 1., 1.]), lineColorSpace='rgb', lineRGB=array([1, 1, 1]), lineWidth=1, name='line_T_horiz', opacity=1, ori=0.0, pos=array([0., 0.]), size=array([1., 1.]), units='pix', vertices=ndarray(...), win=Window(...))
13.0839 	EXP 	Created line_B_horiz = Rect(__class__=<class 'psychopy.visual.rect.Rect'>, autoDraw=False, autoLog=True, closeShape=True, color=method-wrapper(...), colorSpace='rgb', contrast=None, depth=-8.0, fillColor=array([1, 1, 1]), fillColorSpace='rgb', fillRGB=array([1, 1, 1]), interpolate=True, lineColor=array([1., 1., 1.]), lineColorSpace='rgb', lineRGB=array([1, 1, 1]), lineWidth=1, name='line_B_horiz', opacity=1, ori=0.0, pos=array([0., 0.]), size=array([1., 1.]), units='pix', vertices=ndarray(...), win=Window(...))
13.0851 	EXP 	Created nextPoly = Rect(__class__=<class 'psychopy.visual.rect.Rect'>, autoDraw=False, autoLog=True, closeShape=True, color=method-wrapper(...), colorSpace='rgb', contrast=None, depth=-9.0, fillColor=array([1, 0, 0]), fillColorSpace='rgb', fillRGB=array([1, 0, 0]), interpolate=True, lineColor=array([-1., -1., -1.]), lineColorSpace='rgb', lineRGB=array([-1, -1, -1]), lineWidth=2, name='nextPoly', opacity=1, ori=0.0, pos=array([ 0.8, -0.8]), size=array([0.12, 0.06]), units='norm', vertices=ndarray(...), win=Window(...))
13.0865 	EXP 	Created nextButton = TextStim(__class__=<class 'psychopy.visual.text.TextStim'>, alignHoriz=method-wrapper(...), alignText='center', alignVert=method-wrapper(...), anchorHoriz='center', anchorVert='center', antialias=True, autoLog=True, bold=False, color=array([-1., -1., -1.]), colorSpace='rgb', contrast=1.0, depth=-10.0, flipHoriz=False, flipVert=False, font='Arial', fontFiles=[], height=0.05, italic=False, languageStyle='LTR', name='nextButton', opacity=1, ori=0, pos=array([ 0.8, -0.8]), rgb=UNKNOWN, text='', units='norm', win=Window(...), wrapWidth=1)
13.0866 	EXP 	window1: mouseVisible = True
13.0948 	EXP 	Created instruct = TextStim(__class__=<class 'psychopy.visual.text.TextStim'>, alignHoriz=method-wrapper(...), alignText='center', alignVert=method-wrapper(...), anchorHoriz='center', anchorVert='center', antialias=True, autoLog=True, bold=False, color=array([1., 1., 1.]), colorSpace='rgb', contrast=1.0, depth=0.0, flipHoriz=False, flipVert=False, font='Arial', fontFiles=[], height=0.05, italic=False, languageStyle='LTR', name='instruct', opacity=1, ori=0, pos=array([0. , 0.7]), rgb=UNKNOWN, text=str(...), units='norm', win=Window(...), wrapWidth=1)
13.1160 	EXP 	window1: mouseVisible = True
13.1262 	EXP 	Created slider = Slider(__class__=<class 'psychopy.visual.slider.Slider'>, autoDraw=False, autoLog=True, borderColor=None, color=None, colorSpace='rgb', depth=-1, fillColor=None, flip=False, font='Open Sans', granularity=0.0, labelHeight=0.05, labelWrapWidth=None, labels=None, name='slider', opacity=None, pos=(-1.4, 0.07), readOnly=False, self=UNKNOWN, size=(3.2, 0.07), startValue=None, style=method-wrapper(...), styleTweaks=method-wrapper(...), ticks=array([-1. , -0.5,  0. ]), units='norm', win=Window(...))
13.1340 	EXP 	Created targetTri = ShapeStim(__class__=<class 'psychopy.visual.shape.ShapeStim'>, autoDraw=False, autoLog=True, closeShape=True, color=method-wrapper(...), colorSpace='rgb', contrast=None, depth=-3.0, fillColor=array([-1, -1,  1]), fillColorSpace='rgb', fillRGB=array([-1, -1,  1]), interpolate=True, lineColor=array([-1., -1.,  1.]), lineColorSpace='rgb', lineRGB=array([-1, -1,  1]), lineWidth=1, name='targetTri', opacity=1, ori=0.0, pos=array([-0.95,  0.  ]), size=array([0.09, 0.15]), units='norm', vertices=ndarray(...), win=Window(...), windingRule=None)
13.1352 	EXP 	Created nextPoly1 = Rect(__class__=<class 'psychopy.visual.rect.Rect'>, autoDraw=False, autoLog=True, closeShape=True, color=method-wrapper(...), colorSpace='rgb', contrast=None, depth=-4.0, fillColor=array([1, 0, 0]), fillColorSpace='rgb', fillRGB=array([1, 0, 0]), interpolate=True, lineColor=array([-1., -1., -1.]), lineColorSpace='rgb', lineRGB=array([-1, -1, -1]), lineWidth=1, name='nextPoly1', opacity=1, ori=0.0, pos=array([ 0.8, -0.8]), size=array([0.12, 0.06]), units='norm', vertices=ndarray(...), win=Window(...))
13.1366 	EXP 	Created nextButton1 = TextStim(__class__=<class 'psychopy.visual.text.TextStim'>, alignHoriz=method-wrapper(...), alignText='center', alignVert=method-wrapper(...), anchorHoriz='center', anchorVert='center', antialias=True, autoLog=True, bold=False, color=array([-1., -1., -1.]), colorSpace='rgb', contrast=1.0, depth=-5.0, flipHoriz=False, flipVert=False, font='Arial', fontFiles=[], height=0.05, italic=False, languageStyle='LTR', name='nextButton1', opacity=1, ori=0, pos=array([ 0.8, -0.8]), rgb=UNKNOWN, text='', units='norm', win=Window(...), wrapWidth=1)
13.1368 	EXP 	window1: mouseVisible = True
13.1397 	EXP 	Created sequence: random, trialTypes=1, nReps=50, seed=None
13.1411 	EXP 	New trial (rep=0, index=0): None
13.1794 	EXP 	slider: autoLog = True
13.1794 	EXP 	slider: markerPos = None
13.1794 	EXP 	slider: rating = None
13.1794 	EXP 	slider: markerPos = None
13.1794 	EXP 	slider: contrast = 1.0
13.1794 	EXP 	slider: autoLog = True
13.1794 	EXP 	slider: styleTweaks = []
13.1794 	EXP 	slider: style = 'slider'
13.1794 	EXP 	slider: styleTweaks = ['labels45', 'triangleMarker']
13.1794 	EXP 	warningESC: text = ''
13.1794 	EXP 	warningESC: autoDraw = False
13.1794 	EXP 	nextButton: text = 'Next'
13.1794 	EXP 	instructTop: autoDraw = True
13.1794 	EXP 	instructBottom: autoDraw = True
13.1794 	EXP 	cardImage: autoDraw = True
13.1794 	EXP 	line_R_vert: autoDraw = True
13.1794 	EXP 	line_L_vert: autoDraw = True
13.1794 	EXP 	line_T_horiz: autoDraw = True
13.1794 	EXP 	line_B_horiz: autoDraw = True
13.1794 	EXP 	nextPoly: autoDraw = True
13.1794 	EXP 	nextButton: autoDraw = True
18.4764 	DATA 	Mouse: Left button down, pos=(1292,86)
18.5169 	EXP 	instructTop: autoDraw = False
18.5169 	EXP 	instructBottom: autoDraw = False
18.5169 	EXP 	cardImage: autoDraw = False
18.5169 	EXP 	line_R_vert: autoDraw = False
18.5169 	EXP 	line_L_vert: autoDraw = False
18.5169 	EXP 	line_T_horiz: autoDraw = False
18.5169 	EXP 	line_B_horiz: autoDraw = False
18.5169 	EXP 	nextPoly: autoDraw = False
18.5169 	EXP 	nextButton: autoDraw = False
18.5169 	EXP 	slider: markerPos = None
18.5169 	EXP 	slider: markerPos = None
18.5169 	EXP 	slider: rating = None
18.5169 	EXP 	slider: markerPos = 0
18.5169 	EXP 	instruct: autoDraw = True
18.5169 	EXP 	slider: autoDraw = True
18.5169 	EXP 	targetTri: autoDraw = True
18.5169 	EXP 	nextPoly1: autoDraw = True
18.5169 	EXP 	nextButton1: autoDraw = True
18.5762 	DATA 	Mouse:  Left button up, pos=(1292,86)
20.1308 	DATA 	Mouse: Left button down, pos=(880,504)
20.7226 	DATA 	Mouse:  Left button up, pos=(324,514)
21.5236 	DATA 	Mouse: Left button down, pos=(866,492)
21.5400 	EXP 	slider: markerPos = 0.0008680555555553582
21.5609 	EXP 	slider: markerPos = 0.0008680555555553582
21.5830 	EXP 	slider: markerPos = 0.0008680555555553582
21.6063 	EXP 	slider: markerPos = 0.0008680555555553582
21.6241 	EXP 	slider: markerPos = 0.0004340277777776791
21.6452 	EXP 	slider: markerPos = -0.006510416666666741
21.6666 	EXP 	slider: markerPos = -0.02647569444444442
21.6908 	EXP 	slider: markerPos = -0.06901041666666674
21.7103 	EXP 	slider: markerPos = -0.10590277777777779
21.7320 	EXP 	slider: markerPos = -0.14192708333333337
21.7581 	EXP 	slider: markerPos = -0.1640625
21.7770 	EXP 	slider: markerPos = -0.17404513888888895
21.7986 	EXP 	slider: markerPos = -0.17751736111111116
21.8194 	EXP 	slider: markerPos = -0.17881944444444442
21.8413 	EXP 	slider: markerPos = -0.17925347222222232
21.8623 	EXP 	slider: markerPos = -0.1796875
21.8821 	EXP 	slider: markerPos = -0.1796875
21.9054 	EXP 	slider: markerPos = -0.1796875
21.9254 	EXP 	slider: markerPos = -0.1796875
21.9443 	EXP 	slider: markerPos = -0.1796875
21.9665 	EXP 	slider: markerPos = -0.1796875
21.9906 	EXP 	slider: markerPos = -0.1796875
22.0106 	EXP 	slider: markerPos = -0.1801215277777779
22.0322 	EXP 	slider: markerPos = -0.1801215277777779
22.0575 	EXP 	slider: markerPos = -0.1801215277777779
22.0769 	EXP 	slider: markerPos = -0.18055555555555558
22.0989 	EXP 	slider: markerPos = -0.18055555555555558
22.1196 	EXP 	slider: markerPos = -0.19704861111111116
22.1436 	EXP 	slider: markerPos = -0.203125
22.1634 	EXP 	slider: markerPos = -0.20920138888888895
22.1877 	EXP 	slider: markerPos = -0.21223958333333348
22.2090 	EXP 	slider: markerPos = -0.21484375
22.2284 	EXP 	slider: markerPos = -0.21614583333333337
22.2506 	EXP 	slider: markerPos = -0.21614583333333337
22.2736 	EXP 	slider: markerPos = -0.21614583333333337
22.2911 	EXP 	slider: markerPos = -0.21614583333333337
22.3111 	EXP 	slider: markerPos = -0.21614583333333337
22.3337 	EXP 	slider: markerPos = -0.21614583333333337
22.3570 	EXP 	slider: markerPos = -0.21614583333333337
22.3812 	EXP 	slider: markerPos = -0.21571180555555558
22.4066 	EXP 	slider: markerPos = -0.21571180555555558
22.4242 	EXP 	slider: markerPos = -0.22439236111111116
22.4458 	EXP 	slider: markerPos = -0.23350694444444453
22.4717 	EXP 	slider: markerPos = -0.25390625
22.4913 	EXP 	slider: markerPos = -0.2816840277777778
22.5146 	EXP 	slider: markerPos = -0.2999131944444444
22.5391 	EXP 	slider: markerPos = -0.31510416666666674
22.5598 	EXP 	slider: markerPos = -0.32552083333333337
22.5800 	EXP 	slider: markerPos = -0.32986111111111116
22.6048 	EXP 	slider: markerPos = -0.33203125
22.6231 	EXP 	slider: markerPos = -0.33376736111111116
22.6430 	EXP 	slider: markerPos = -0.33376736111111116
22.6643 	EXP 	slider: markerPos = -0.33376736111111116
22.6885 	EXP 	slider: markerPos = -0.33376736111111116
22.7066 	EXP 	slider: markerPos = -0.33376736111111116
22.7295 	EXP 	slider: markerPos = -0.33376736111111116
22.7504 	EXP 	slider: markerPos = -0.33376736111111116
22.7740 	EXP 	slider: markerPos = -0.33376736111111116
22.7908 	EXP 	slider: markerPos = -0.33376736111111116
22.8140 	EXP 	slider: markerPos = -0.33376736111111116
22.8393 	EXP 	slider: markerPos = -0.3355034722222223
22.8605 	EXP 	slider: markerPos = -0.33810763888888895
22.8819 	EXP 	slider: markerPos = -0.3394097222222222
22.9062 	EXP 	slider: markerPos = -0.34157986111111116
22.9243 	EXP 	slider: markerPos = -0.34375
22.9447 	EXP 	slider: markerPos = -0.34592013888888895
22.9661 	EXP 	slider: markerPos = -0.3472222222222223
22.9918 	EXP 	slider: markerPos = -0.34939236111111116
23.0112 	EXP 	slider: markerPos = -0.3511284722222223
23.0316 	EXP 	slider: markerPos = -0.3519965277777778
23.0574 	EXP 	slider: markerPos = -0.3524305555555556
23.0743 	EXP 	slider: markerPos = -0.35286458333333337
23.0962 	EXP 	slider: markerPos = -0.35329861111111116
23.1210 	EXP 	slider: markerPos = -0.35329861111111116
23.1427 	EXP 	slider: markerPos = -0.35373263888888895
23.1634 	EXP 	slider: markerPos = -0.35416666666666674
23.1842 	EXP 	slider: markerPos = -0.35416666666666674
23.2086 	EXP 	slider: markerPos = -0.35416666666666674
23.2276 	EXP 	slider: markerPos = -0.35416666666666674
23.2485 	EXP 	slider: markerPos = -0.3546006944444444
23.2758 	EXP 	slider: markerPos = -0.3550347222222223
23.2964 	EXP 	slider: markerPos = -0.3559027777777778
23.3192 	EXP 	slider: markerPos = -0.3563368055555556
23.3426 	EXP 	slider: markerPos = -0.3563368055555556
23.3626 	EXP 	slider: markerPos = -0.3563368055555556
23.3875 	EXP 	slider: markerPos = -0.3563368055555556
23.4087 	EXP 	slider: markerPos = -0.35677083333333337
23.4274 	EXP 	slider: markerPos = -0.35720486111111116
23.4498 	EXP 	slider: markerPos = -0.35763888888888895
23.4732 	EXP 	slider: markerPos = -0.3585069444444444
23.4911 	EXP 	slider: markerPos = -0.3585069444444444
23.5123 	EXP 	slider: markerPos = -0.3589409722222222
23.5327 	EXP 	slider: markerPos = -0.3589409722222222
23.5568 	EXP 	slider: markerPos = -0.3589409722222222
23.5751 	EXP 	slider: markerPos = -0.3589409722222222
23.5992 	EXP 	slider: markerPos = -0.3589409722222222
23.6248 	EXP 	slider: markerPos = -0.359375
23.6417 	EXP 	slider: markerPos = -0.3598090277777778
23.6645 	EXP 	slider: markerPos = -0.3598090277777778
23.6889 	EXP 	slider: markerPos = -0.3602430555555556
23.7075 	EXP 	slider: markerPos = -0.36067708333333337
23.7286 	EXP 	slider: markerPos = -0.36111111111111116
23.7483 	EXP 	slider: markerPos = -0.36111111111111116
23.7690 	EXP 	slider: markerPos = -0.36111111111111116
23.7926 	EXP 	slider: markerPos = -0.36111111111111116
23.8107 	EXP 	slider: markerPos = -0.36111111111111116
23.8322 	EXP 	slider: markerPos = -0.36111111111111116
23.8548 	EXP 	slider: markerPos = -0.36111111111111116
23.8725 	EXP 	slider: markerPos = -0.36111111111111116
23.8923 	EXP 	slider: markerPos = -0.36111111111111116
23.9143 	EXP 	slider: markerPos = -0.36111111111111116
23.9380 	EXP 	slider: markerPos = -0.36111111111111116
23.9551 	EXP 	slider: markerPos = -0.36111111111111116
23.9766 	EXP 	slider: markerPos = -0.36111111111111116
23.9973 	EXP 	slider: markerPos = -0.36111111111111116
24.0210 	EXP 	slider: markerPos = -0.36067708333333337
24.0423 	EXP 	slider: markerPos = -0.36067708333333337
24.0603 	EXP 	slider: markerPos = -0.36067708333333337
24.0826 	EXP 	slider: markerPos = -0.36067708333333337
24.1059 	EXP 	slider: markerPos = -0.36067708333333337
24.1241 	EXP 	slider: markerPos = -0.3602430555555556
24.1444 	EXP 	slider: markerPos = -0.3602430555555556
24.1647 	EXP 	slider: markerPos = -0.3602430555555556
24.1884 	EXP 	slider: markerPos = -0.3598090277777778
24.2090 	EXP 	slider: markerPos = -0.3598090277777778
24.2280 	EXP 	slider: markerPos = -0.3598090277777778
24.2491 	EXP 	slider: markerPos = -0.3598090277777778
24.2726 	EXP 	slider: markerPos = -0.3598090277777778
24.2936 	EXP 	slider: markerPos = -0.3598090277777778
24.3119 	EXP 	slider: markerPos = -0.3598090277777778
24.3374 	EXP 	slider: markerPos = -0.359375
24.3577 	EXP 	slider: markerPos = -0.359375
24.3840 	EXP 	slider: markerPos = -0.359375
24.4069 	EXP 	slider: markerPos = -0.359375
24.4292 	EXP 	slider: markerPos = -0.359375
24.4543 	EXP 	slider: markerPos = -0.359375
24.4716 	EXP 	slider: markerPos = -0.359375
24.4917 	EXP 	slider: markerPos = -0.359375
24.5118 	EXP 	slider: markerPos = -0.359375
24.5336 	EXP 	slider: markerPos = -0.359375
24.5569 	EXP 	slider: markerPos = -0.359375
24.5744 	EXP 	slider: markerPos = -0.359375
24.5961 	EXP 	slider: markerPos = -0.359375
24.6179 	EXP 	slider: markerPos = -0.359375
24.6404 	EXP 	slider: markerPos = -0.359375
24.6482 	DATA 	Mouse:  Left button up, pos=(36,529)
24.6579 	EXP 	slider: markerPos = -0.359375
24.6817 	EXP 	slider: markerPos = -0.359375
24.6817 	EXP 	slider: rating = -0.359375
26.4403 	DATA 	Mouse: Left button down, pos=(1321,94)
26.6041 	DATA 	Mouse:  Left button up, pos=(1321,94)
28.8016 	DATA 	Mouse: Left button down, pos=(1297,88)
28.8219 	EXP 	instruct: autoDraw = False
28.8219 	EXP 	slider: autoDraw = False
28.8219 	EXP 	targetTri: autoDraw = False
28.8219 	EXP 	nextPoly1: autoDraw = False
28.8219 	EXP 	nextButton1: autoDraw = False
28.8317 	EXP 	window1: mouseVisible = True
