1.5497 	WARNING 	We strongly recommend you activate the PTB sound engine in PsychoPy prefs as the preferred audio engine. Its timing is vastly superior. Your prefs are currently set to use ['sounddevice', 'PTB', 'pyo', 'pygame'] (in that order).
8.2636 	EXP 	Created window1 = Window(allowGUI=True, allowStencil=False, autoLog=True, backendConf=UNKNOWN, bitsMode=UNKNOWN, blendMode='avg', bpc=(8, 8, 8), color=array([-1, -1, -1]), colorSpace='rgb', depthBits=8, fullscr=<method-wrapper '__getattribute__' of attributeSetter object at 0x7f910f4c1ac8>, gamma=None, gammaErrorPolicy='raise', lms=UNKNOWN, monitor=<psychopy.monitors.calibTools.Monitor object at 0x7f910d3e4c18>, multiSample=False, name='window1', numSamples=2, pos=[360.0, 225.0], screen=0, size=array([2880, 1800]), stencilBits=0, stereo=False, units='norm', useFBO=True, useRetina=True, viewOri=0.0, viewPos=None, viewScale=None, waitBlanking=True, winType='pyglet')
8.2638 	EXP 	window1: mouseVisible = True
8.2638 	EXP 	window1: recordFrameIntervals = False
8.4299 	EXP 	window1: recordFrameIntervals = True
8.6131 	EXP 	window1: recordFrameIntervals = False
9.8604 	EXP 	Created warningESC = TextStim(__class__=<class 'psychopy.visual.text.TextStim'>, alignHoriz=method-wrapper(...), alignText='center', alignVert=method-wrapper(...), anchorHoriz='center', anchorVert='center', antialias=True, autoLog=True, bold=False, color=array([1., 1., 1.]), colorSpace='rgb', contrast=1.0, depth=-1.0, flipHoriz=False, flipVert=False, font='Arial', fontFiles=[], height=0.05, italic=False, languageStyle='LTR', name='warningESC', opacity=1, ori=0.0, pos=array([0., 0.]), rgb=UNKNOWN, text='', units='norm', win=Window(...), wrapWidth=1)
9.9459 	EXP 	Created instructTop = TextStim(__class__=<class 'psychopy.visual.text.TextStim'>, alignHoriz=method-wrapper(...), alignText='center', alignVert=method-wrapper(...), anchorHoriz='center', anchorVert='center', antialias=True, autoLog=True, bold=False, color=array([1., 1., 1.]), colorSpace='rgb', contrast=1.0, depth=-2.0, flipHoriz=False, flipVert=False, font='Arial', fontFiles=[], height=0.05, italic=False, languageStyle='LTR', name='instructTop', opacity=1, ori=0, pos=array([0. , 0.7]), rgb=UNKNOWN, text=str(...), units='norm', win=Window(...), wrapWidth=1.5)
9.9634 	EXP 	Created instructBottom = TextStim(__class__=<class 'psychopy.visual.text.TextStim'>, alignHoriz=method-wrapper(...), alignText='center', alignVert=method-wrapper(...), anchorHoriz='center', anchorVert='center', antialias=True, autoLog=True, bold=False, color=array([1., 1., 1.]), colorSpace='rgb', contrast=1.0, depth=-3.0, flipHoriz=False, flipVert=False, font='Arial', fontFiles=[], height=0.05, italic=False, languageStyle='LTR', name='instructBottom', opacity=1, ori=0, pos=array([ 0. , -0.6]), rgb=UNKNOWN, text=str(...), units='norm', win=Window(...), wrapWidth=1)
10.0317 	EXP 	Created cardImage = ImageStim(__class__=<class 'psychopy.visual.image.ImageStim'>, autoLog=True, color=array([1., 1., 1.]), colorSpace='rgb', contrast=1.0, depth=-4.0, flipHoriz=False, flipVert=False, image='images/bankImage.png', interpolate=True, mask=None, maskParams=None, name='cardImage', opacity=1, ori=0.0, pos=array([0., 0.]), size=array([1., 1.]), texRes=512, units='pix', win=Window(...))
10.0357 	EXP 	Created line_R_vert = Rect(__class__=<class 'psychopy.visual.rect.Rect'>, autoDraw=False, autoLog=True, closeShape=True, color=method-wrapper(...), colorSpace='rgb', contrast=None, depth=-5.0, fillColor=array([1, 1, 1]), fillColorSpace='rgb', fillRGB=array([1, 1, 1]), interpolate=True, lineColor=array([1., 1., 1.]), lineColorSpace='rgb', lineRGB=array([1, 1, 1]), lineWidth=1, name='line_R_vert', opacity=1, ori=0.0, pos=array([0., 0.]), size=array([1., 1.]), units='pix', vertices=ndarray(...), win=Window(...))
10.0369 	EXP 	Created line_L_vert = Rect(__class__=<class 'psychopy.visual.rect.Rect'>, autoDraw=False, autoLog=True, closeShape=True, color=method-wrapper(...), colorSpace='rgb', contrast=None, depth=-6.0, fillColor=array([1, 1, 1]), fillColorSpace='rgb', fillRGB=array([1, 1, 1]), interpolate=True, lineColor=array([1., 1., 1.]), lineColorSpace='rgb', lineRGB=array([1, 1, 1]), lineWidth=1, name='line_L_vert', opacity=1, ori=0.0, pos=array([0., 0.]), size=array([1., 1.]), units='pix', vertices=ndarray(...), win=Window(...))
10.0383 	EXP 	Created line_T_horiz = Rect(__class__=<class 'psychopy.visual.rect.Rect'>, autoDraw=False, autoLog=True, closeShape=True, color=method-wrapper(...), colorSpace='rgb', contrast=None, depth=-7.0, fillColor=array([1, 1, 1]), fillColorSpace='rgb', fillRGB=array([1, 1, 1]), interpolate=True, lineColor=array([1., 1., 1.]), lineColorSpace='rgb', lineRGB=array([1, 1, 1]), lineWidth=1, name='line_T_horiz', opacity=1, ori=0.0, pos=array([0., 0.]), size=array([1., 1.]), units='pix', vertices=ndarray(...), win=Window(...))
10.0400 	EXP 	Created line_B_horiz = Rect(__class__=<class 'psychopy.visual.rect.Rect'>, autoDraw=False, autoLog=True, closeShape=True, color=method-wrapper(...), colorSpace='rgb', contrast=None, depth=-8.0, fillColor=array([1, 1, 1]), fillColorSpace='rgb', fillRGB=array([1, 1, 1]), interpolate=True, lineColor=array([1., 1., 1.]), lineColorSpace='rgb', lineRGB=array([1, 1, 1]), lineWidth=1, name='line_B_horiz', opacity=1, ori=0.0, pos=array([0., 0.]), size=array([1., 1.]), units='pix', vertices=ndarray(...), win=Window(...))
10.0414 	EXP 	Created nextPoly = Rect(__class__=<class 'psychopy.visual.rect.Rect'>, autoDraw=False, autoLog=True, closeShape=True, color=method-wrapper(...), colorSpace='rgb', contrast=None, depth=-9.0, fillColor=array([1, 0, 0]), fillColorSpace='rgb', fillRGB=array([1, 0, 0]), interpolate=True, lineColor=array([-1., -1., -1.]), lineColorSpace='rgb', lineRGB=array([-1, -1, -1]), lineWidth=2, name='nextPoly', opacity=1, ori=0.0, pos=array([ 0.8, -0.8]), size=array([0.12, 0.06]), units='norm', vertices=ndarray(...), win=Window(...))
10.0428 	EXP 	Created nextButton = TextStim(__class__=<class 'psychopy.visual.text.TextStim'>, alignHoriz=method-wrapper(...), alignText='center', alignVert=method-wrapper(...), anchorHoriz='center', anchorVert='center', antialias=True, autoLog=True, bold=False, color=array([-1., -1., -1.]), colorSpace='rgb', contrast=1.0, depth=-10.0, flipHoriz=False, flipVert=False, font='Arial', fontFiles=[], height=0.05, italic=False, languageStyle='LTR', name='nextButton', opacity=1, ori=0, pos=array([ 0.8, -0.8]), rgb=UNKNOWN, text='', units='norm', win=Window(...), wrapWidth=1)
10.0431 	EXP 	window1: mouseVisible = True
10.0515 	EXP 	Created instruct = TextStim(__class__=<class 'psychopy.visual.text.TextStim'>, alignHoriz=method-wrapper(...), alignText='center', alignVert=method-wrapper(...), anchorHoriz='center', anchorVert='center', antialias=True, autoLog=True, bold=False, color=array([1., 1., 1.]), colorSpace='rgb', contrast=1.0, depth=0.0, flipHoriz=False, flipVert=False, font='Arial', fontFiles=[], height=0.05, italic=False, languageStyle='LTR', name='instruct', opacity=1, ori=0, pos=array([0. , 0.7]), rgb=UNKNOWN, text=str(...), units='norm', win=Window(...), wrapWidth=1)
10.0750 	EXP 	window1: mouseVisible = True
10.0881 	EXP 	Created slider = Slider(__class__=<class 'psychopy.visual.slider.Slider'>, autoDraw=False, autoLog=True, borderColor=None, color=None, colorSpace='rgb', depth=-1, fillColor=None, flip=False, font='Open Sans', granularity=0.0, labelHeight=0.05, labelWrapWidth=None, labels=None, name='slider', opacity=None, pos=(-1.4, 0.07), readOnly=False, self=UNKNOWN, size=(3.2, 0.07), startValue=None, style=method-wrapper(...), styleTweaks=method-wrapper(...), ticks=array([-1. , -0.5,  0. ]), units='norm', win=Window(...))
10.0976 	EXP 	Created targetTri = ShapeStim(__class__=<class 'psychopy.visual.shape.ShapeStim'>, autoDraw=False, autoLog=True, closeShape=True, color=method-wrapper(...), colorSpace='rgb', contrast=None, depth=-3.0, fillColor=array([-1, -1,  1]), fillColorSpace='rgb', fillRGB=array([-1, -1,  1]), interpolate=True, lineColor=array([-1., -1.,  1.]), lineColorSpace='rgb', lineRGB=array([-1, -1,  1]), lineWidth=1, name='targetTri', opacity=1, ori=0.0, pos=array([-0.95, -0.03]), size=array([0.05, 0.15]), units='norm', vertices=ndarray(...), win=Window(...), windingRule=None)
10.0991 	EXP 	Created nextPoly1 = Rect(__class__=<class 'psychopy.visual.rect.Rect'>, autoDraw=False, autoLog=True, closeShape=True, color=method-wrapper(...), colorSpace='rgb', contrast=None, depth=-4.0, fillColor=array([1, 0, 0]), fillColorSpace='rgb', fillRGB=array([1, 0, 0]), interpolate=True, lineColor=array([-1., -1., -1.]), lineColorSpace='rgb', lineRGB=array([-1, -1, -1]), lineWidth=1, name='nextPoly1', opacity=1, ori=0.0, pos=array([ 0.8, -0.8]), size=array([0.12, 0.06]), units='norm', vertices=ndarray(...), win=Window(...))
10.1006 	EXP 	Created nextButton1 = TextStim(__class__=<class 'psychopy.visual.text.TextStim'>, alignHoriz=method-wrapper(...), alignText='center', alignVert=method-wrapper(...), anchorHoriz='center', anchorVert='center', antialias=True, autoLog=True, bold=False, color=array([-1., -1., -1.]), colorSpace='rgb', contrast=1.0, depth=-5.0, flipHoriz=False, flipVert=False, font='Arial', fontFiles=[], height=0.05, italic=False, languageStyle='LTR', name='nextButton1', opacity=1, ori=0, pos=array([ 0.8, -0.8]), rgb=UNKNOWN, text='', units='norm', win=Window(...), wrapWidth=1)
10.1007 	EXP 	window1: mouseVisible = True
10.1484 	EXP 	slider: autoLog = True
10.1484 	EXP 	slider: markerPos = None
10.1484 	EXP 	slider: rating = None
10.1484 	EXP 	slider: markerPos = None
10.1484 	EXP 	slider: contrast = 1.0
10.1484 	EXP 	slider: autoLog = True
10.1484 	EXP 	slider: styleTweaks = []
10.1484 	EXP 	slider: style = 'slider'
10.1484 	EXP 	slider: styleTweaks = ['labels45', 'triangleMarker']
10.1484 	EXP 	warningESC: text = ''
10.1484 	EXP 	warningESC: autoDraw = False
10.1484 	EXP 	nextButton: text = 'Next'
10.1484 	EXP 	instructTop: autoDraw = True
10.1484 	EXP 	instructBottom: autoDraw = True
10.1484 	EXP 	cardImage: autoDraw = True
10.1484 	EXP 	line_R_vert: autoDraw = True
10.1484 	EXP 	line_L_vert: autoDraw = True
10.1484 	EXP 	line_T_horiz: autoDraw = True
10.1484 	EXP 	line_B_horiz: autoDraw = True
10.1484 	EXP 	nextPoly: autoDraw = True
10.1484 	EXP 	nextButton: autoDraw = True
11.7151 	DATA 	Mouse: Left button down, pos=(1293,94)
11.7531 	EXP 	instructTop: autoDraw = False
11.7531 	EXP 	instructBottom: autoDraw = False
11.7531 	EXP 	cardImage: autoDraw = False
11.7531 	EXP 	line_R_vert: autoDraw = False
11.7531 	EXP 	line_L_vert: autoDraw = False
11.7531 	EXP 	line_T_horiz: autoDraw = False
11.7531 	EXP 	line_B_horiz: autoDraw = False
11.7531 	EXP 	nextPoly: autoDraw = False
11.7531 	EXP 	nextButton: autoDraw = False
11.7531 	EXP 	slider: markerPos = None
11.7531 	EXP 	slider: markerPos = None
11.7531 	EXP 	slider: rating = None
11.7531 	EXP 	slider: markerPos = 0
11.7531 	EXP 	instruct: autoDraw = True
11.7531 	EXP 	slider: autoDraw = True
11.7531 	EXP 	targetTri: autoDraw = True
11.7531 	EXP 	nextPoly1: autoDraw = True
11.7531 	EXP 	nextButton1: autoDraw = True
11.7930 	DATA 	Mouse:  Left button up, pos=(1293,93)
13.4342 	DATA 	Mouse: Left button down, pos=(868,502)
14.0960 	DATA 	Mouse:  Left button up, pos=(294,503)
14.8722 	DATA 	Mouse: Left button down, pos=(861,491)
14.8902 	EXP 	slider: markerPos = -0.0013020833333333703
14.9143 	EXP 	slider: markerPos = -0.0013020833333333703
14.9337 	EXP 	slider: markerPos = -0.0013020833333333703
14.9548 	EXP 	slider: markerPos = -0.0013020833333333703
14.9792 	EXP 	slider: markerPos = -0.0013020833333333703
14.9979 	EXP 	slider: markerPos = -0.007378472222222321
15.0195 	EXP 	slider: markerPos = -0.02126736111111116
15.0447 	EXP 	slider: markerPos = -0.06987847222222232
15.0666 	EXP 	slider: markerPos = -0.10807291666666674
15.0872 	EXP 	slider: markerPos = -0.13802083333333337
15.1122 	EXP 	slider: markerPos = -0.15494791666666674
15.1315 	EXP 	slider: markerPos = -0.1684027777777779
15.1529 	EXP 	slider: markerPos = -0.1796875
15.1785 	EXP 	slider: markerPos = -0.18446180555555558
15.1994 	EXP 	slider: markerPos = -0.19010416666666674
15.2182 	EXP 	slider: markerPos = -0.1918402777777778
15.2411 	EXP 	slider: markerPos = -0.19270833333333348
15.2648 	EXP 	slider: markerPos = -0.19314236111111116
15.2822 	EXP 	slider: markerPos = -0.19314236111111116
15.3031 	EXP 	slider: markerPos = -0.19314236111111116
15.3236 	EXP 	slider: markerPos = -0.19314236111111116
15.3463 	EXP 	slider: markerPos = -0.19314236111111116
15.3645 	EXP 	slider: markerPos = -0.19314236111111116
15.3847 	EXP 	slider: markerPos = -0.19314236111111116
15.4074 	EXP 	slider: markerPos = -0.19314236111111116
15.4314 	EXP 	slider: markerPos = -0.19314236111111116
15.4510 	EXP 	slider: markerPos = -0.19314236111111116
15.4735 	EXP 	slider: markerPos = -0.19314236111111116
15.4974 	EXP 	slider: markerPos = -0.20052083333333337
15.5151 	EXP 	slider: markerPos = -0.20529513888888884
15.5380 	EXP 	slider: markerPos = -0.20920138888888895
15.5641 	EXP 	slider: markerPos = -0.2113715277777778
15.5834 	EXP 	slider: markerPos = -0.21397569444444453
15.6057 	EXP 	slider: markerPos = -0.21484375
15.6271 	EXP 	slider: markerPos = -0.21614583333333337
15.6485 	EXP 	slider: markerPos = -0.21657986111111116
15.6697 	EXP 	slider: markerPos = -0.21657986111111116
15.6904 	EXP 	slider: markerPos = -0.21657986111111116
15.7140 	EXP 	slider: markerPos = -0.21657986111111116
15.7315 	EXP 	slider: markerPos = -0.21657986111111116
15.7529 	EXP 	slider: markerPos = -0.21657986111111116
15.7736 	EXP 	slider: markerPos = -0.21701388888888895
15.7978 	EXP 	slider: markerPos = -0.21701388888888895
15.8180 	EXP 	slider: markerPos = -0.21701388888888895
15.8393 	EXP 	slider: markerPos = -0.21701388888888895
15.8596 	EXP 	slider: markerPos = -0.22265625
15.8847 	EXP 	slider: markerPos = -0.23263888888888884
15.9055 	EXP 	slider: markerPos = -0.25173611111111116
15.9274 	EXP 	slider: markerPos = -0.26822916666666674
15.9495 	EXP 	slider: markerPos = -0.29079861111111116
15.9708 	EXP 	slider: markerPos = -0.3042534722222223
15.9911 	EXP 	slider: markerPos = -0.3125
16.0157 	EXP 	slider: markerPos = -0.3211805555555556
16.0342 	EXP 	slider: markerPos = -0.32638888888888895
16.0553 	EXP 	slider: markerPos = -0.33116319444444453
16.0805 	EXP 	slider: markerPos = -0.33333333333333337
16.0985 	EXP 	slider: markerPos = -0.3355034722222223
16.1195 	EXP 	slider: markerPos = -0.3368055555555556
16.1410 	EXP 	slider: markerPos = -0.3368055555555556
16.1642 	EXP 	slider: markerPos = -0.33723958333333337
16.1822 	EXP 	slider: markerPos = -0.33723958333333337
16.2023 	EXP 	slider: markerPos = -0.33723958333333337
16.2283 	EXP 	slider: markerPos = -0.33723958333333337
16.2491 	EXP 	slider: markerPos = -0.33723958333333337
16.2672 	EXP 	slider: markerPos = -0.33723958333333337
16.2870 	EXP 	slider: markerPos = -0.33723958333333337
16.3071 	EXP 	slider: markerPos = -0.33723958333333337
16.3271 	EXP 	slider: markerPos = -0.33723958333333337
16.3492 	EXP 	slider: markerPos = -0.33723958333333337
16.3667 	EXP 	slider: markerPos = -0.33767361111111116
16.3878 	EXP 	slider: markerPos = -0.3394097222222222
16.4144 	EXP 	slider: markerPos = -0.34114583333333337
16.4345 	EXP 	slider: markerPos = -0.3433159722222223
16.4542 	EXP 	slider: markerPos = -0.34505208333333337
16.4805 	EXP 	slider: markerPos = -0.3467881944444444
16.5004 	EXP 	slider: markerPos = -0.3485243055555556
16.5213 	EXP 	slider: markerPos = -0.35026041666666674
16.5441 	EXP 	slider: markerPos = -0.3511284722222223
16.5665 	EXP 	slider: markerPos = -0.3524305555555556
16.5858 	EXP 	slider: markerPos = -0.35329861111111116
16.6052 	EXP 	slider: markerPos = -0.35373263888888895
16.6301 	EXP 	slider: markerPos = -0.3546006944444444
16.6505 	EXP 	slider: markerPos = -0.3550347222222223
16.6736 	EXP 	slider: markerPos = -0.35546875
16.6972 	EXP 	slider: markerPos = -0.3559027777777778
16.7154 	EXP 	slider: markerPos = -0.3563368055555556
16.7359 	EXP 	slider: markerPos = -0.35720486111111116
16.7612 	EXP 	slider: markerPos = -0.35763888888888895
16.7824 	EXP 	slider: markerPos = -0.3585069444444444
16.7999 	EXP 	slider: markerPos = -0.3585069444444444
16.8216 	EXP 	slider: markerPos = -0.3585069444444444
16.8456 	EXP 	slider: markerPos = -0.3585069444444444
16.8646 	EXP 	slider: markerPos = -0.3589409722222222
16.8861 	EXP 	slider: markerPos = -0.359375
16.9109 	EXP 	slider: markerPos = -0.3598090277777778
16.9297 	EXP 	slider: markerPos = -0.3602430555555556
16.9498 	EXP 	slider: markerPos = -0.36067708333333337
16.9724 	EXP 	slider: markerPos = -0.36067708333333337
16.9955 	EXP 	slider: markerPos = -0.36067708333333337
17.0160 	EXP 	slider: markerPos = -0.36067708333333337
17.0350 	EXP 	slider: markerPos = -0.36067708333333337
17.0563 	EXP 	slider: markerPos = -0.36067708333333337
17.0755 	EXP 	slider: markerPos = -0.36067708333333337
17.0979 	EXP 	slider: markerPos = -0.36067708333333337
17.1149 	EXP 	slider: markerPos = -0.36067708333333337
17.1362 	EXP 	slider: markerPos = -0.36067708333333337
17.1561 	EXP 	slider: markerPos = -0.36067708333333337
17.1790 	EXP 	slider: markerPos = -0.36067708333333337
17.2008 	EXP 	slider: markerPos = -0.36067708333333337
17.2211 	EXP 	slider: markerPos = -0.36067708333333337
17.2460 	EXP 	slider: markerPos = -0.36067708333333337
17.2671 	EXP 	slider: markerPos = -0.36067708333333337
17.2849 	EXP 	slider: markerPos = -0.3602430555555556
17.3067 	EXP 	slider: markerPos = -0.3602430555555556
17.3259 	EXP 	slider: markerPos = -0.3602430555555556
17.3487 	EXP 	slider: markerPos = -0.3602430555555556
17.3664 	EXP 	slider: markerPos = -0.3602430555555556
17.3871 	EXP 	slider: markerPos = -0.3602430555555556
17.4142 	EXP 	slider: markerPos = -0.3598090277777778
17.4330 	EXP 	slider: markerPos = -0.3598090277777778
17.4564 	EXP 	slider: markerPos = -0.3598090277777778
17.4804 	EXP 	slider: markerPos = -0.359375
17.4979 	EXP 	slider: markerPos = -0.3589409722222222
17.5180 	EXP 	slider: markerPos = -0.3589409722222222
17.5401 	EXP 	slider: markerPos = -0.3585069444444444
17.5628 	EXP 	slider: markerPos = -0.3585069444444444
17.5801 	EXP 	slider: markerPos = -0.3585069444444444
17.6010 	EXP 	slider: markerPos = -0.3585069444444444
17.6209 	EXP 	slider: markerPos = -0.3585069444444444
17.6440 	EXP 	slider: markerPos = -0.3585069444444444
17.6626 	EXP 	slider: markerPos = -0.3585069444444444
17.6823 	EXP 	slider: markerPos = -0.3585069444444444
17.7039 	EXP 	slider: markerPos = -0.3585069444444444
17.7235 	EXP 	slider: markerPos = -0.3585069444444444
17.7443 	EXP 	slider: markerPos = -0.3585069444444444
17.7696 	EXP 	slider: markerPos = -0.3585069444444444
17.7891 	EXP 	slider: markerPos = -0.3585069444444444
17.8097 	EXP 	slider: markerPos = -0.3585069444444444
17.8329 	EXP 	slider: markerPos = -0.3585069444444444
17.8491 	EXP 	slider: markerPos = -0.3585069444444444
17.8689 	EXP 	slider: markerPos = -0.3585069444444444
17.8909 	EXP 	slider: markerPos = -0.3585069444444444
17.9106 	EXP 	slider: markerPos = -0.3589409722222222
17.9329 	EXP 	slider: markerPos = -0.3589409722222222
17.9517 	EXP 	slider: markerPos = -0.3589409722222222
17.9727 	EXP 	slider: markerPos = -0.3589409722222222
17.9973 	EXP 	slider: markerPos = -0.3589409722222222
18.0149 	EXP 	slider: markerPos = -0.3589409722222222
18.0358 	EXP 	slider: markerPos = -0.3589409722222222
18.0566 	EXP 	slider: markerPos = -0.3589409722222222
18.0812 	EXP 	slider: markerPos = -0.359375
18.0980 	EXP 	slider: markerPos = -0.359375
18.1193 	EXP 	slider: markerPos = -0.359375
18.1402 	EXP 	slider: markerPos = -0.359375
18.1623 	EXP 	slider: markerPos = -0.359375
18.1811 	EXP 	slider: markerPos = -0.359375
18.2028 	EXP 	slider: markerPos = -0.359375
18.2238 	EXP 	slider: markerPos = -0.359375
18.2470 	EXP 	slider: markerPos = -0.359375
18.2650 	EXP 	slider: markerPos = -0.359375
18.2860 	EXP 	slider: markerPos = -0.359375
18.3057 	EXP 	slider: markerPos = -0.359375
18.3295 	EXP 	slider: markerPos = -0.359375
18.3468 	EXP 	slider: markerPos = -0.359375
18.3657 	EXP 	slider: markerPos = -0.359375
18.3859 	EXP 	slider: markerPos = -0.359375
18.4070 	EXP 	slider: markerPos = -0.359375
18.4317 	EXP 	slider: markerPos = -0.359375
18.4485 	EXP 	slider: markerPos = -0.359375
18.4685 	EXP 	slider: markerPos = -0.359375
18.4802 	DATA 	Mouse:  Left button up, pos=(36,511)
18.4909 	EXP 	slider: markerPos = -0.359375
18.5152 	EXP 	slider: markerPos = -0.359375
18.5152 	EXP 	slider: rating = -0.359375
21.0962 	DATA 	Mouse: Left button down, pos=(1300,90)
21.1232 	EXP 	window1: mouseVisible = True
