1.5996 	WARNING 	We strongly recommend you activate the PTB sound engine in PsychoPy prefs as the preferred audio engine. Its timing is vastly superior. Your prefs are currently set to use ['sounddevice', 'PTB', 'pyo', 'pygame'] (in that order).
8.0602 	EXP 	Created window1 = Window(allowGUI=False, allowStencil=False, autoLog=True, backendConf=UNKNOWN, bitsMode=UNKNOWN, blendMode='avg', bpc=(8, 8, 8), color=array([-1, -1, -1]), colorSpace='rgb', depthBits=8, fullscr=<method-wrapper '__getattribute__' of attributeSetter object at 0x7f9a2e3839e8>, gamma=None, gammaErrorPolicy='raise', lms=UNKNOWN, monitor=<psychopy.monitors.calibTools.Monitor object at 0x7f9a2c2c43c8>, multiSample=False, name='window1', numSamples=2, pos=[360.0, 225.0], screen=0, size=array([2880, 1800]), stencilBits=0, stereo=False, units='height', useFBO=True, useRetina=True, viewOri=0.0, viewPos=None, viewScale=None, waitBlanking=True, winType='pyglet')
8.0604 	EXP 	window1: mouseVisible = True
8.0604 	EXP 	window1: recordFrameIntervals = False
8.2252 	EXP 	window1: recordFrameIntervals = True
8.4084 	EXP 	window1: recordFrameIntervals = False
9.8021 	EXP 	Created warningESC = TextStim(__class__=<class 'psychopy.visual.text.TextStim'>, alignHoriz=method-wrapper(...), alignText='center', alignVert=method-wrapper(...), anchorHoriz='center', anchorVert='center', antialias=True, autoLog=True, bold=False, color=array([1., 1., 1.]), colorSpace='rgb', contrast=1.0, depth=-1.0, flipHoriz=False, flipVert=False, font='Arial', fontFiles=[], height=0.05, italic=False, languageStyle='LTR', name='warningESC', opacity=1, ori=0.0, pos=array([0., 0.]), rgb=UNKNOWN, text='', units='height', win=Window(...), wrapWidth=1)
9.8896 	EXP 	Created instructTop = TextStim(__class__=<class 'psychopy.visual.text.TextStim'>, alignHoriz=method-wrapper(...), alignText='center', alignVert=method-wrapper(...), anchorHoriz='center', anchorVert='center', antialias=True, autoLog=True, bold=False, color=array([1., 1., 1.]), colorSpace='rgb', contrast=1.0, depth=-2.0, flipHoriz=False, flipVert=False, font='Arial', fontFiles=[], height=0.05, italic=False, languageStyle='LTR', name='instructTop', opacity=1, ori=0, pos=array([0. , 0.7]), rgb=UNKNOWN, text=str(...), units='norm', win=Window(...), wrapWidth=1.5)
9.9052 	EXP 	Created instructBottom = TextStim(__class__=<class 'psychopy.visual.text.TextStim'>, alignHoriz=method-wrapper(...), alignText='center', alignVert=method-wrapper(...), anchorHoriz='center', anchorVert='center', antialias=True, autoLog=True, bold=False, color=array([1., 1., 1.]), colorSpace='rgb', contrast=1.0, depth=-3.0, flipHoriz=False, flipVert=False, font='Arial', fontFiles=[], height=0.05, italic=False, languageStyle='LTR', name='instructBottom', opacity=1, ori=0, pos=array([ 0. , -0.6]), rgb=UNKNOWN, text=str(...), units='norm', win=Window(...), wrapWidth=1)
9.9853 	EXP 	Created cardImage = ImageStim(__class__=<class 'psychopy.visual.image.ImageStim'>, autoLog=True, color=array([1., 1., 1.]), colorSpace='rgb', contrast=1.0, depth=-4.0, flipHoriz=False, flipVert=False, image='images/bankImage.png', interpolate=True, mask=None, maskParams=None, name='cardImage', opacity=1, ori=0.0, pos=array([0., 0.]), size=array([1., 1.]), texRes=512, units='pix', win=Window(...))
9.9886 	EXP 	Created line_R_vert = Rect(__class__=<class 'psychopy.visual.rect.Rect'>, autoDraw=False, autoLog=True, closeShape=True, color=method-wrapper(...), colorSpace='rgb', contrast=None, depth=-5.0, fillColor=array([1, 1, 1]), fillColorSpace='rgb', fillRGB=array([1, 1, 1]), interpolate=True, lineColor=array([1., 1., 1.]), lineColorSpace='rgb', lineRGB=array([1, 1, 1]), lineWidth=1, name='line_R_vert', opacity=1, ori=0.0, pos=array([0., 0.]), size=array([1., 1.]), units='pix', vertices=ndarray(...), win=Window(...))
9.9899 	EXP 	Created line_L_vert = Rect(__class__=<class 'psychopy.visual.rect.Rect'>, autoDraw=False, autoLog=True, closeShape=True, color=method-wrapper(...), colorSpace='rgb', contrast=None, depth=-6.0, fillColor=array([1, 1, 1]), fillColorSpace='rgb', fillRGB=array([1, 1, 1]), interpolate=True, lineColor=array([1., 1., 1.]), lineColorSpace='rgb', lineRGB=array([1, 1, 1]), lineWidth=1, name='line_L_vert', opacity=1, ori=0.0, pos=array([0., 0.]), size=array([1., 1.]), units='pix', vertices=ndarray(...), win=Window(...))
9.9911 	EXP 	Created line_T_horiz = Rect(__class__=<class 'psychopy.visual.rect.Rect'>, autoDraw=False, autoLog=True, closeShape=True, color=method-wrapper(...), colorSpace='rgb', contrast=None, depth=-7.0, fillColor=array([1, 1, 1]), fillColorSpace='rgb', fillRGB=array([1, 1, 1]), interpolate=True, lineColor=array([1., 1., 1.]), lineColorSpace='rgb', lineRGB=array([1, 1, 1]), lineWidth=1, name='line_T_horiz', opacity=1, ori=0.0, pos=array([0., 0.]), size=array([1., 1.]), units='pix', vertices=ndarray(...), win=Window(...))
9.9923 	EXP 	Created line_B_horiz = Rect(__class__=<class 'psychopy.visual.rect.Rect'>, autoDraw=False, autoLog=True, closeShape=True, color=method-wrapper(...), colorSpace='rgb', contrast=None, depth=-8.0, fillColor=array([1, 1, 1]), fillColorSpace='rgb', fillRGB=array([1, 1, 1]), interpolate=True, lineColor=array([1., 1., 1.]), lineColorSpace='rgb', lineRGB=array([1, 1, 1]), lineWidth=1, name='line_B_horiz', opacity=1, ori=0.0, pos=array([0., 0.]), size=array([1., 1.]), units='pix', vertices=ndarray(...), win=Window(...))
9.9935 	EXP 	Created nextPoly = Rect(__class__=<class 'psychopy.visual.rect.Rect'>, autoDraw=False, autoLog=True, closeShape=True, color=method-wrapper(...), colorSpace='rgb', contrast=None, depth=-9.0, fillColor=array([1, 0, 0]), fillColorSpace='rgb', fillRGB=array([1, 0, 0]), interpolate=True, lineColor=array([-1., -1., -1.]), lineColorSpace='rgb', lineRGB=array([-1, -1, -1]), lineWidth=2, name='nextPoly', opacity=1, ori=0.0, pos=array([ 0.8, -0.8]), size=array([0.12, 0.06]), units='norm', vertices=ndarray(...), win=Window(...))
9.9950 	EXP 	Created nextButton = TextStim(__class__=<class 'psychopy.visual.text.TextStim'>, alignHoriz=method-wrapper(...), alignText='center', alignVert=method-wrapper(...), anchorHoriz='center', anchorVert='center', antialias=True, autoLog=True, bold=False, color=array([-1., -1., -1.]), colorSpace='rgb', contrast=1.0, depth=-10.0, flipHoriz=False, flipVert=False, font='Arial', fontFiles=[], height=0.05, italic=False, languageStyle='LTR', name='nextButton', opacity=1, ori=0, pos=array([ 0.8, -0.8]), rgb=UNKNOWN, text='', units='norm', win=Window(...), wrapWidth=1)
9.9951 	EXP 	window1: mouseVisible = True
10.0498 	EXP 	warningESC: text = ''
10.0498 	EXP 	warningESC: autoDraw = False
10.0498 	EXP 	nextButton: text = 'Next'
10.0498 	EXP 	instructTop: autoDraw = True
10.0498 	EXP 	instructBottom: autoDraw = True
10.0498 	EXP 	cardImage: autoDraw = True
10.0498 	EXP 	line_R_vert: autoDraw = True
10.0498 	EXP 	line_L_vert: autoDraw = True
10.0498 	EXP 	line_T_horiz: autoDraw = True
10.0498 	EXP 	line_B_horiz: autoDraw = True
10.0498 	EXP 	nextPoly: autoDraw = True
10.0498 	EXP 	nextButton: autoDraw = True
18.6428 	DATA 	Keypress: down
18.9098 	DATA 	Keypress: down
19.0526 	DATA 	Keypress: down
19.1998 	DATA 	Keypress: down
19.3511 	DATA 	Keypress: down
19.5235 	DATA 	Keypress: down
21.0786 	DATA 	Mouse: Left button down, pos=(1293,92)
21.0998 	EXP 	instructTop: autoDraw = False
21.0998 	EXP 	instructBottom: autoDraw = False
21.0998 	EXP 	cardImage: autoDraw = False
21.0998 	EXP 	line_R_vert: autoDraw = False
21.0998 	EXP 	line_L_vert: autoDraw = False
21.0998 	EXP 	line_T_horiz: autoDraw = False
21.0998 	EXP 	line_B_horiz: autoDraw = False
21.0998 	EXP 	nextPoly: autoDraw = False
21.0998 	EXP 	nextButton: autoDraw = False
21.6727 	EXP 	window1: mouseVisible = True
