1.5213 	WARNING 	We strongly recommend you activate the PTB sound engine in PsychoPy prefs as the preferred audio engine. Its timing is vastly superior. Your prefs are currently set to use ['sounddevice', 'PTB', 'pyo', 'pygame'] (in that order).
7.8641 	EXP 	Created window1 = Window(allowGUI=True, allowStencil=False, autoLog=True, backendConf=UNKNOWN, bitsMode=UNKNOWN, blendMode='avg', bpc=(8, 8, 8), color=array([-1, -1, -1]), colorSpace='rgb', depthBits=8, fullscr=<method-wrapper '__getattribute__' of attributeSetter object at 0x7fc7cf0feb00>, gamma=None, gammaErrorPolicy='raise', lms=UNKNOWN, monitor=<psychopy.monitors.calibTools.Monitor object at 0x7fc7cbf24908>, multiSample=False, name='window1', numSamples=2, pos=[360.0, 225.0], screen=0, size=array([2880, 1800]), stencilBits=0, stereo=False, units='height', useFBO=True, useRetina=True, viewOri=0.0, viewPos=None, viewScale=None, waitBlanking=True, winType='pyglet')
7.8643 	EXP 	window1: mouseVisible = True
7.8643 	EXP 	window1: recordFrameIntervals = False
8.0295 	EXP 	window1: recordFrameIntervals = True
8.2133 	EXP 	window1: recordFrameIntervals = False
9.3434 	EXP 	Created warningESC = TextStim(__class__=<class 'psychopy.visual.text.TextStim'>, alignHoriz=method-wrapper(...), alignText='center', alignVert=method-wrapper(...), anchorHoriz='center', anchorVert='center', antialias=True, autoLog=True, bold=False, color=array([1., 1., 1.]), colorSpace='rgb', contrast=1.0, depth=-1.0, flipHoriz=False, flipVert=False, font='Arial', fontFiles=[], height=0.05, italic=False, languageStyle='LTR', name='warningESC', opacity=1, ori=0.0, pos=array([0., 0.]), rgb=UNKNOWN, text='', units='height', win=Window(...), wrapWidth=1)
9.4181 	EXP 	Created instructTop = TextStim(__class__=<class 'psychopy.visual.text.TextStim'>, alignHoriz=method-wrapper(...), alignText='center', alignVert=method-wrapper(...), anchorHoriz='center', anchorVert='center', antialias=True, autoLog=True, bold=False, color=array([1., 1., 1.]), colorSpace='rgb', contrast=1.0, depth=-2.0, flipHoriz=False, flipVert=False, font='Arial', fontFiles=[], height=0.05, italic=False, languageStyle='LTR', name='instructTop', opacity=1, ori=0, pos=array([0. , 0.7]), rgb=UNKNOWN, text=str(...), units='norm', win=Window(...), wrapWidth=1.5)
9.4321 	EXP 	Created instructBottom = TextStim(__class__=<class 'psychopy.visual.text.TextStim'>, alignHoriz=method-wrapper(...), alignText='center', alignVert=method-wrapper(...), anchorHoriz='center', anchorVert='center', antialias=True, autoLog=True, bold=False, color=array([1., 1., 1.]), colorSpace='rgb', contrast=1.0, depth=-3.0, flipHoriz=False, flipVert=False, font='Arial', fontFiles=[], height=0.05, italic=False, languageStyle='LTR', name='instructBottom', opacity=1, ori=0, pos=array([ 0. , -0.6]), rgb=UNKNOWN, text=str(...), units='norm', win=Window(...), wrapWidth=1)
9.4976 	EXP 	Created cardImage = ImageStim(__class__=<class 'psychopy.visual.image.ImageStim'>, autoLog=True, color=array([1., 1., 1.]), colorSpace='rgb', contrast=1.0, depth=-4.0, flipHoriz=False, flipVert=False, image='images/bankImage.png', interpolate=True, mask=None, maskParams=None, name='cardImage', opacity=1, ori=0.0, pos=array([0., 0.]), size=array([1., 1.]), texRes=512, units='pix', win=Window(...))
9.5013 	EXP 	Created line_R_vert = Rect(__class__=<class 'psychopy.visual.rect.Rect'>, autoDraw=False, autoLog=True, closeShape=True, color=method-wrapper(...), colorSpace='rgb', contrast=None, depth=-5.0, fillColor=array([1, 1, 1]), fillColorSpace='rgb', fillRGB=array([1, 1, 1]), interpolate=True, lineColor=array([1., 1., 1.]), lineColorSpace='rgb', lineRGB=array([1, 1, 1]), lineWidth=1, name='line_R_vert', opacity=1, ori=0.0, pos=array([0., 0.]), size=array([1., 1.]), units='pix', vertices=ndarray(...), win=Window(...))
9.5025 	EXP 	Created line_L_vert = Rect(__class__=<class 'psychopy.visual.rect.Rect'>, autoDraw=False, autoLog=True, closeShape=True, color=method-wrapper(...), colorSpace='rgb', contrast=None, depth=-6.0, fillColor=array([1, 1, 1]), fillColorSpace='rgb', fillRGB=array([1, 1, 1]), interpolate=True, lineColor=array([1., 1., 1.]), lineColorSpace='rgb', lineRGB=array([1, 1, 1]), lineWidth=1, name='line_L_vert', opacity=1, ori=0.0, pos=array([0., 0.]), size=array([1., 1.]), units='pix', vertices=ndarray(...), win=Window(...))
9.5037 	EXP 	Created line_T_horiz = Rect(__class__=<class 'psychopy.visual.rect.Rect'>, autoDraw=False, autoLog=True, closeShape=True, color=method-wrapper(...), colorSpace='rgb', contrast=None, depth=-7.0, fillColor=array([1, 1, 1]), fillColorSpace='rgb', fillRGB=array([1, 1, 1]), interpolate=True, lineColor=array([1., 1., 1.]), lineColorSpace='rgb', lineRGB=array([1, 1, 1]), lineWidth=1, name='line_T_horiz', opacity=1, ori=0.0, pos=array([0., 0.]), size=array([1., 1.]), units='pix', vertices=ndarray(...), win=Window(...))
9.5049 	EXP 	Created line_B_horiz = Rect(__class__=<class 'psychopy.visual.rect.Rect'>, autoDraw=False, autoLog=True, closeShape=True, color=method-wrapper(...), colorSpace='rgb', contrast=None, depth=-8.0, fillColor=array([1, 1, 1]), fillColorSpace='rgb', fillRGB=array([1, 1, 1]), interpolate=True, lineColor=array([1., 1., 1.]), lineColorSpace='rgb', lineRGB=array([1, 1, 1]), lineWidth=1, name='line_B_horiz', opacity=1, ori=0.0, pos=array([0., 0.]), size=array([1., 1.]), units='pix', vertices=ndarray(...), win=Window(...))
9.5062 	EXP 	Created nextPoly = Rect(__class__=<class 'psychopy.visual.rect.Rect'>, autoDraw=False, autoLog=True, closeShape=True, color=method-wrapper(...), colorSpace='rgb', contrast=None, depth=-9.0, fillColor=array([1, 0, 0]), fillColorSpace='rgb', fillRGB=array([1, 0, 0]), interpolate=True, lineColor=array([-1., -1., -1.]), lineColorSpace='rgb', lineRGB=array([-1, -1, -1]), lineWidth=2, name='nextPoly', opacity=1, ori=0.0, pos=array([ 0.8, -0.8]), size=array([0.12, 0.06]), units='norm', vertices=ndarray(...), win=Window(...))
9.5078 	EXP 	Created nextButton = TextStim(__class__=<class 'psychopy.visual.text.TextStim'>, alignHoriz=method-wrapper(...), alignText='center', alignVert=method-wrapper(...), anchorHoriz='center', anchorVert='center', antialias=True, autoLog=True, bold=False, color=array([-1., -1., -1.]), colorSpace='rgb', contrast=1.0, depth=-10.0, flipHoriz=False, flipVert=False, font='Arial', fontFiles=[], height=0.05, italic=False, languageStyle='LTR', name='nextButton', opacity=1, ori=0, pos=array([ 0.8, -0.8]), rgb=UNKNOWN, text='', units='norm', win=Window(...), wrapWidth=1)
9.5080 	EXP 	window1: mouseVisible = True
9.5152 	EXP 	Created instruct = TextStim(__class__=<class 'psychopy.visual.text.TextStim'>, alignHoriz=method-wrapper(...), alignText='center', alignVert=method-wrapper(...), anchorHoriz='center', anchorVert='center', antialias=True, autoLog=True, bold=False, color=array([1., 1., 1.]), colorSpace='rgb', contrast=1.0, depth=0.0, flipHoriz=False, flipVert=False, font='Arial', fontFiles=[], height=0.05, italic=False, languageStyle='LTR', name='instruct', opacity=1, ori=0, pos=array([0. , 0.7]), rgb=UNKNOWN, text=str(...), units='norm', win=Window(...), wrapWidth=1)
9.5368 	EXP 	window1: mouseVisible = True
9.5459 	EXP 	Created slider = Slider(__class__=<class 'psychopy.visual.slider.Slider'>, autoDraw=False, autoLog=True, borderColor=None, color=None, colorSpace='rgb', depth=-1, fillColor=None, flip=False, font='Open Sans', granularity=0.0, labelHeight=0.05, labelWrapWidth=None, labels=None, name='slider', opacity=None, pos=(-0.5, 0), readOnly=False, self=UNKNOWN, size=(2.0, 0.05), startValue=None, style=method-wrapper(...), styleTweaks=method-wrapper(...), ticks=array([-1. , -0.5,  0. ]), units='height', win=Window(...))
9.5546 	EXP 	Created targetTri = ShapeStim(__class__=<class 'psychopy.visual.shape.ShapeStim'>, autoDraw=False, autoLog=True, closeShape=True, color=method-wrapper(...), colorSpace='rgb', contrast=None, depth=-3.0, fillColor=array([-1, -1,  1]), fillColorSpace='rgb', fillRGB=array([-1, -1,  1]), interpolate=True, lineColor=array([-1., -1.,  1.]), lineColorSpace='rgb', lineRGB=array([-1, -1,  1]), lineWidth=1, name='targetTri', opacity=1, ori=0.0, pos=array([-0.95, -0.03]), size=array([0.05, 0.15]), units='norm', vertices=ndarray(...), win=Window(...), windingRule=None)
9.5561 	EXP 	Created nextPoly1 = Rect(__class__=<class 'psychopy.visual.rect.Rect'>, autoDraw=False, autoLog=True, closeShape=True, color=method-wrapper(...), colorSpace='rgb', contrast=None, depth=-4.0, fillColor=array([1, 0, 0]), fillColorSpace='rgb', fillRGB=array([1, 0, 0]), interpolate=True, lineColor=array([-1., -1., -1.]), lineColorSpace='rgb', lineRGB=array([-1, -1, -1]), lineWidth=1, name='nextPoly1', opacity=1, ori=0.0, pos=array([ 0.8, -0.8]), size=array([0.12, 0.06]), units='norm', vertices=ndarray(...), win=Window(...))
9.5576 	EXP 	Created nextButton1 = TextStim(__class__=<class 'psychopy.visual.text.TextStim'>, alignHoriz=method-wrapper(...), alignText='center', alignVert=method-wrapper(...), anchorHoriz='center', anchorVert='center', antialias=True, autoLog=True, bold=False, color=array([-1., -1., -1.]), colorSpace='rgb', contrast=1.0, depth=-5.0, flipHoriz=False, flipVert=False, font='Arial', fontFiles=[], height=0.05, italic=False, languageStyle='LTR', name='nextButton1', opacity=1, ori=0, pos=array([ 0.8, -0.8]), rgb=UNKNOWN, text='', units='norm', win=Window(...), wrapWidth=1)
9.5578 	EXP 	window1: mouseVisible = True
9.6349 	EXP 	slider: autoLog = True
9.6349 	EXP 	slider: markerPos = None
9.6349 	EXP 	slider: rating = None
9.6349 	EXP 	slider: markerPos = None
9.6349 	EXP 	slider: contrast = 1.0
9.6349 	EXP 	slider: autoLog = True
9.6349 	EXP 	slider: styleTweaks = []
9.6349 	EXP 	slider: style = 'slider'
9.6349 	EXP 	slider: styleTweaks = ['labels45', 'triangleMarker']
9.6349 	EXP 	warningESC: text = ''
9.6349 	EXP 	warningESC: autoDraw = False
9.6349 	EXP 	nextButton: text = 'Next'
9.6349 	EXP 	instructTop: autoDraw = True
9.6349 	EXP 	instructBottom: autoDraw = True
9.6349 	EXP 	cardImage: autoDraw = True
9.6349 	EXP 	line_R_vert: autoDraw = True
9.6349 	EXP 	line_L_vert: autoDraw = True
9.6349 	EXP 	line_T_horiz: autoDraw = True
9.6349 	EXP 	line_B_horiz: autoDraw = True
9.6349 	EXP 	nextPoly: autoDraw = True
9.6349 	EXP 	nextButton: autoDraw = True
11.2601 	DATA 	Mouse: Left button down, pos=(1275,93)
11.3146 	EXP 	instructTop: autoDraw = False
11.3146 	EXP 	instructBottom: autoDraw = False
11.3146 	EXP 	cardImage: autoDraw = False
11.3146 	EXP 	line_R_vert: autoDraw = False
11.3146 	EXP 	line_L_vert: autoDraw = False
11.3146 	EXP 	line_T_horiz: autoDraw = False
11.3146 	EXP 	line_B_horiz: autoDraw = False
11.3146 	EXP 	nextPoly: autoDraw = False
11.3146 	EXP 	nextButton: autoDraw = False
11.3146 	EXP 	slider: markerPos = None
11.3146 	EXP 	slider: markerPos = None
11.3146 	EXP 	slider: rating = None
11.3146 	EXP 	slider: markerPos = 0
11.3146 	EXP 	instruct: autoDraw = True
11.3146 	EXP 	slider: autoDraw = True
11.3146 	EXP 	targetTri: autoDraw = True
11.3146 	EXP 	nextPoly1: autoDraw = True
11.3146 	EXP 	nextButton1: autoDraw = True
11.3811 	DATA 	Mouse:  Left button up, pos=(1275,93)
13.7883 	DATA 	Mouse: Left button down, pos=(1171,469)
13.8061 	EXP 	slider: markerPos = 0.0005555555555556424
13.8296 	EXP 	slider: markerPos = 0.0005555555555556424
13.8488 	EXP 	slider: markerPos = 0.0005555555555556424
13.8710 	EXP 	slider: markerPos = 0.0005555555555556424
13.8911 	EXP 	slider: markerPos = -0.0011111111111110628
13.9153 	EXP 	slider: markerPos = -0.005555555555555536
13.9340 	EXP 	slider: markerPos = -0.040000000000000036
13.9572 	EXP 	slider: markerPos = -0.09499999999999997
13.9788 	EXP 	slider: markerPos = -0.15000000000000002
14.0002 	EXP 	slider: markerPos = -0.1922222222222223
14.0235 	EXP 	slider: markerPos = -0.23555555555555552
14.0466 	EXP 	slider: markerPos = -0.265
14.0653 	EXP 	slider: markerPos = -0.2794444444444444
14.0873 	EXP 	slider: markerPos = -0.28500000000000003
14.1105 	EXP 	slider: markerPos = -0.2877777777777778
14.1302 	EXP 	slider: markerPos = -0.28888888888888886
14.1514 	EXP 	slider: markerPos = -0.28888888888888886
14.1710 	EXP 	slider: markerPos = -0.28888888888888886
14.1913 	EXP 	slider: markerPos = -0.28888888888888886
14.2110 	EXP 	slider: markerPos = -0.28888888888888886
14.2327 	EXP 	slider: markerPos = -0.28888888888888886
14.2506 	EXP 	slider: markerPos = -0.28888888888888886
14.2719 	EXP 	slider: markerPos = -0.3011111111111111
14.2906 	EXP 	slider: markerPos = -0.32833333333333337
14.3156 	EXP 	slider: markerPos = -0.3705555555555555
14.3348 	EXP 	slider: markerPos = -0.40388888888888885
14.3578 	EXP 	slider: markerPos = -0.42722222222222217
14.3815 	EXP 	slider: markerPos = -0.44777777777777783
14.4001 	EXP 	slider: markerPos = -0.46499999999999997
14.4214 	EXP 	slider: markerPos = -0.4716666666666667
14.4416 	EXP 	slider: markerPos = -0.47444444444444445
14.4659 	EXP 	slider: markerPos = -0.4766666666666667
14.4851 	EXP 	slider: markerPos = -0.4772222222222222
14.5063 	EXP 	slider: markerPos = -0.4772222222222222
14.5269 	EXP 	slider: markerPos = -0.4772222222222222
14.5531 	EXP 	slider: markerPos = -0.4772222222222222
14.5710 	EXP 	slider: markerPos = -0.4772222222222222
14.5939 	EXP 	slider: markerPos = -0.4772222222222222
14.6153 	EXP 	slider: markerPos = -0.4772222222222222
14.6347 	EXP 	slider: markerPos = -0.4766666666666667
14.6540 	EXP 	slider: markerPos = -0.4766666666666667
14.6742 	EXP 	slider: markerPos = -0.4766666666666667
14.6998 	EXP 	slider: markerPos = -0.4766666666666667
14.7195 	EXP 	slider: markerPos = -0.4816666666666667
14.7456 	EXP 	slider: markerPos = -0.48944444444444446
14.7692 	EXP 	slider: markerPos = -0.5033333333333334
14.7917 	EXP 	slider: markerPos = -0.5155555555555555
14.8136 	EXP 	slider: markerPos = -0.5227777777777778
14.8357 	EXP 	slider: markerPos = -0.5266666666666666
14.8585 	EXP 	slider: markerPos = -0.5316666666666667
14.8827 	EXP 	slider: markerPos = -0.5349999999999999
14.9036 	EXP 	slider: markerPos = -0.5388888888888889
14.9255 	EXP 	slider: markerPos = -0.5422222222222222
14.9504 	EXP 	slider: markerPos = -0.5477777777777777
14.9710 	EXP 	slider: markerPos = -0.5522222222222222
14.9924 	EXP 	slider: markerPos = -0.5583333333333333
15.0187 	EXP 	slider: markerPos = -0.5633333333333334
15.0411 	EXP 	slider: markerPos = -0.5683333333333334
15.0676 	EXP 	slider: markerPos = -0.5738888888888889
15.0907 	EXP 	slider: markerPos = -0.5800000000000001
15.1194 	EXP 	slider: markerPos = -0.5855555555555556
15.1402 	EXP 	slider: markerPos = -0.5905555555555555
15.1668 	EXP 	slider: markerPos = -0.5927777777777778
15.1871 	EXP 	slider: markerPos = -0.5933333333333333
15.2112 	EXP 	slider: markerPos = -0.5933333333333333
15.2367 	EXP 	slider: markerPos = -0.5933333333333333
15.2575 	EXP 	slider: markerPos = -0.5933333333333333
15.2840 	EXP 	slider: markerPos = -0.5933333333333333
15.3059 	EXP 	slider: markerPos = -0.5933333333333333
15.3329 	EXP 	slider: markerPos = -0.5927777777777778
15.3532 	EXP 	slider: markerPos = -0.5927777777777778
15.3761 	EXP 	slider: markerPos = -0.5927777777777778
15.4020 	EXP 	slider: markerPos = -0.5927777777777778
15.4247 	EXP 	slider: markerPos = -0.5938888888888889
15.4532 	EXP 	slider: markerPos = -0.596111111111111
15.4792 	EXP 	slider: markerPos = -0.5972222222222222
15.5045 	EXP 	slider: markerPos = -0.6
15.5278 	EXP 	slider: markerPos = -0.6022222222222222
15.5527 	EXP 	slider: markerPos = -0.6044444444444445
15.5820 	EXP 	slider: markerPos = -0.6066666666666667
15.6049 	EXP 	slider: markerPos = -0.6088888888888888
15.6418 	EXP 	slider: markerPos = -0.6094444444444445
15.6701 	EXP 	slider: markerPos = -0.6105555555555555
15.6959 	EXP 	slider: markerPos = -0.6116666666666667
15.7217 	EXP 	slider: markerPos = -0.6122222222222222
15.7492 	EXP 	slider: markerPos = -0.6127777777777778
15.7727 	EXP 	slider: markerPos = -0.6138888888888889
15.8013 	EXP 	slider: markerPos = -0.616111111111111
15.8292 	EXP 	slider: markerPos = -0.6183333333333334
15.8565 	EXP 	slider: markerPos = -0.62
15.8884 	EXP 	slider: markerPos = -0.6211111111111112
15.9210 	EXP 	slider: markerPos = -0.6211111111111112
15.9477 	EXP 	slider: markerPos = -0.6227777777777778
15.9791 	EXP 	slider: markerPos = -0.6238888888888889
16.0090 	EXP 	slider: markerPos = -0.6244444444444445
16.0327 	EXP 	slider: markerPos = -0.625
16.0637 	EXP 	slider: markerPos = -0.625
16.0872 	EXP 	slider: markerPos = -0.625
16.1195 	EXP 	slider: markerPos = -0.625
16.1448 	EXP 	slider: markerPos = -0.6255555555555555
16.1719 	EXP 	slider: markerPos = -0.6266666666666667
16.2047 	EXP 	slider: markerPos = -0.6272222222222222
16.2319 	EXP 	slider: markerPos = -0.6277777777777778
16.2629 	EXP 	slider: markerPos = -0.6277777777777778
16.2915 	EXP 	slider: markerPos = -0.6283333333333334
16.3207 	EXP 	slider: markerPos = -0.6283333333333334
16.3509 	EXP 	slider: markerPos = -0.6294444444444445
16.3832 	EXP 	slider: markerPos = -0.63
16.4146 	EXP 	slider: markerPos = -0.6305555555555555
16.4410 	EXP 	slider: markerPos = -0.6305555555555555
16.4752 	EXP 	slider: markerPos = -0.6305555555555555
16.5066 	EXP 	slider: markerPos = -0.6305555555555555
16.5381 	EXP 	slider: markerPos = -0.6305555555555555
16.5655 	EXP 	slider: markerPos = -0.6305555555555555
16.5937 	EXP 	slider: markerPos = -0.6305555555555555
16.6200 	EXP 	slider: markerPos = -0.6305555555555555
16.6476 	EXP 	slider: markerPos = -0.6305555555555555
16.6729 	EXP 	slider: markerPos = -0.6305555555555555
16.7049 	EXP 	slider: markerPos = -0.6305555555555555
16.7354 	EXP 	slider: markerPos = -0.6305555555555555
16.7598 	EXP 	slider: markerPos = -0.6305555555555555
16.7905 	EXP 	slider: markerPos = -0.6305555555555555
16.8190 	EXP 	slider: markerPos = -0.6305555555555555
16.8492 	EXP 	slider: markerPos = -0.6305555555555555
16.8797 	EXP 	slider: markerPos = -0.6305555555555555
16.9046 	EXP 	slider: markerPos = -0.6305555555555555
16.9355 	EXP 	slider: markerPos = -0.6305555555555555
16.9605 	EXP 	slider: markerPos = -0.6305555555555555
16.9854 	EXP 	slider: markerPos = -0.6305555555555555
17.0115 	EXP 	slider: markerPos = -0.6305555555555555
17.0380 	EXP 	slider: markerPos = -0.6305555555555555
17.0648 	EXP 	slider: markerPos = -0.6305555555555555
17.0939 	EXP 	slider: markerPos = -0.6305555555555555
17.1182 	EXP 	slider: markerPos = -0.6305555555555555
17.1411 	EXP 	slider: markerPos = -0.6305555555555555
17.1654 	EXP 	slider: markerPos = -0.6305555555555555
17.1907 	EXP 	slider: markerPos = -0.6305555555555555
17.2154 	EXP 	slider: markerPos = -0.6305555555555555
17.2284 	DATA 	Mouse:  Left button up, pos=(35,520)
17.2458 	EXP 	slider: markerPos = -0.6305555555555555
17.2693 	EXP 	slider: markerPos = -0.6305555555555555
17.2693 	EXP 	slider: rating = -0.6305555555555555
21.1976 	DATA 	Mouse: Left button down, pos=(1298,90)
21.2231 	EXP 	window1: mouseVisible = True
