2.5070 	WARNING 	We strongly recommend you activate the PTB sound engine in PsychoPy prefs as the preferred audio engine. Its timing is vastly superior. Your prefs are currently set to use ['sounddevice', 'PTB', 'pyo', 'pygame'] (in that order).
10.8289 	EXP 	Created window1 = Window(allowGUI=True, allowStencil=False, autoLog=True, backendConf=UNKNOWN, bitsMode=UNKNOWN, blendMode='avg', bpc=(8, 8, 8), color=array([-1, -1, -1]), colorSpace='rgb', depthBits=8, fullscr=<method-wrapper '__getattribute__' of attributeSetter object at 0x7fa714f2a438>, gamma=None, gammaErrorPolicy='raise', lms=UNKNOWN, monitor=<psychopy.monitors.calibTools.Monitor object at 0x7fa716e2c128>, multiSample=False, name='window1', numSamples=2, pos=[360.0, 225.0], screen=0, size=array([2880, 1800]), stencilBits=0, stereo=False, units='pix', useFBO=True, useRetina=True, viewOri=0.0, viewPos=None, viewScale=None, waitBlanking=True, winType='pyglet')
10.8291 	EXP 	window1: mouseVisible = True
10.8292 	EXP 	window1: recordFrameIntervals = False
10.9948 	EXP 	window1: recordFrameIntervals = True
11.1781 	EXP 	window1: recordFrameIntervals = False
12.4297 	EXP 	Created warningESC = TextStim(__class__=<class 'psychopy.visual.text.TextStim'>, alignHoriz=method-wrapper(...), alignText='center', alignVert=method-wrapper(...), anchorHoriz='center', anchorVert='center', antialias=True, autoLog=True, bold=False, color=array([1., 1., 1.]), colorSpace='rgb', contrast=1.0, depth=-1.0, flipHoriz=False, flipVert=False, font='Arial', fontFiles=[], height=0.05, italic=False, languageStyle='LTR', name='warningESC', opacity=1, ori=0.0, pos=array([0., 0.]), rgb=UNKNOWN, text='', units='norm', win=Window(...), wrapWidth=1)
12.5190 	EXP 	Created instructTop = TextStim(__class__=<class 'psychopy.visual.text.TextStim'>, alignHoriz=method-wrapper(...), alignText='center', alignVert=method-wrapper(...), anchorHoriz='center', anchorVert='center', antialias=True, autoLog=True, bold=False, color=array([1., 1., 1.]), colorSpace='rgb', contrast=1.0, depth=-2.0, flipHoriz=False, flipVert=False, font='Arial', fontFiles=[], height=0.05, italic=False, languageStyle='LTR', name='instructTop', opacity=1, ori=0, pos=array([0. , 0.7]), rgb=UNKNOWN, text=str(...), units='norm', win=Window(...), wrapWidth=1.5)
12.5368 	EXP 	Created instructBottom = TextStim(__class__=<class 'psychopy.visual.text.TextStim'>, alignHoriz=method-wrapper(...), alignText='center', alignVert=method-wrapper(...), anchorHoriz='center', anchorVert='center', antialias=True, autoLog=True, bold=False, color=array([1., 1., 1.]), colorSpace='rgb', contrast=1.0, depth=-3.0, flipHoriz=False, flipVert=False, font='Arial', fontFiles=[], height=0.05, italic=False, languageStyle='LTR', name='instructBottom', opacity=1, ori=0, pos=array([ 0. , -0.6]), rgb=UNKNOWN, text=str(...), units='norm', win=Window(...), wrapWidth=1)
12.6139 	EXP 	Created cardImage = ImageStim(__class__=<class 'psychopy.visual.image.ImageStim'>, autoLog=True, color=array([1., 1., 1.]), colorSpace='rgb', contrast=1.0, depth=-4.0, flipHoriz=False, flipVert=False, image='images/bankImage.png', interpolate=True, mask=None, maskParams=None, name='cardImage', opacity=1, ori=0.0, pos=array([0., 0.]), size=array([1., 1.]), texRes=512, units='pix', win=Window(...))
12.6173 	EXP 	Created line_R_vert = Rect(__class__=<class 'psychopy.visual.rect.Rect'>, autoDraw=False, autoLog=True, closeShape=True, color=method-wrapper(...), colorSpace='rgb', contrast=None, depth=-5.0, fillColor=array([1, 1, 1]), fillColorSpace='rgb', fillRGB=array([1, 1, 1]), interpolate=True, lineColor=array([1., 1., 1.]), lineColorSpace='rgb', lineRGB=array([1, 1, 1]), lineWidth=1, name='line_R_vert', opacity=1, ori=0.0, pos=array([0., 0.]), size=array([1., 1.]), units='pix', vertices=ndarray(...), win=Window(...))
12.6190 	EXP 	Created line_L_vert = Rect(__class__=<class 'psychopy.visual.rect.Rect'>, autoDraw=False, autoLog=True, closeShape=True, color=method-wrapper(...), colorSpace='rgb', contrast=None, depth=-6.0, fillColor=array([1, 1, 1]), fillColorSpace='rgb', fillRGB=array([1, 1, 1]), interpolate=True, lineColor=array([1., 1., 1.]), lineColorSpace='rgb', lineRGB=array([1, 1, 1]), lineWidth=1, name='line_L_vert', opacity=1, ori=0.0, pos=array([0., 0.]), size=array([1., 1.]), units='pix', vertices=ndarray(...), win=Window(...))
12.6209 	EXP 	Created line_T_horiz = Rect(__class__=<class 'psychopy.visual.rect.Rect'>, autoDraw=False, autoLog=True, closeShape=True, color=method-wrapper(...), colorSpace='rgb', contrast=None, depth=-7.0, fillColor=array([1, 1, 1]), fillColorSpace='rgb', fillRGB=array([1, 1, 1]), interpolate=True, lineColor=array([1., 1., 1.]), lineColorSpace='rgb', lineRGB=array([1, 1, 1]), lineWidth=1, name='line_T_horiz', opacity=1, ori=0.0, pos=array([0., 0.]), size=array([1., 1.]), units='pix', vertices=ndarray(...), win=Window(...))
12.6239 	EXP 	Created line_B_horiz = Rect(__class__=<class 'psychopy.visual.rect.Rect'>, autoDraw=False, autoLog=True, closeShape=True, color=method-wrapper(...), colorSpace='rgb', contrast=None, depth=-8.0, fillColor=array([1, 1, 1]), fillColorSpace='rgb', fillRGB=array([1, 1, 1]), interpolate=True, lineColor=array([1., 1., 1.]), lineColorSpace='rgb', lineRGB=array([1, 1, 1]), lineWidth=1, name='line_B_horiz', opacity=1, ori=0.0, pos=array([0., 0.]), size=array([1., 1.]), units='pix', vertices=ndarray(...), win=Window(...))
12.6260 	EXP 	Created nextPoly = Rect(__class__=<class 'psychopy.visual.rect.Rect'>, autoDraw=False, autoLog=True, closeShape=True, color=method-wrapper(...), colorSpace='rgb', contrast=None, depth=-9.0, fillColor=array([1, 0, 0]), fillColorSpace='rgb', fillRGB=array([1, 0, 0]), interpolate=True, lineColor=array([-1., -1., -1.]), lineColorSpace='rgb', lineRGB=array([-1, -1, -1]), lineWidth=2, name='nextPoly', opacity=1, ori=0.0, pos=array([ 0.8, -0.8]), size=array([0.12, 0.06]), units='norm', vertices=ndarray(...), win=Window(...))
12.6275 	EXP 	Created nextButton = TextStim(__class__=<class 'psychopy.visual.text.TextStim'>, alignHoriz=method-wrapper(...), alignText='center', alignVert=method-wrapper(...), anchorHoriz='center', anchorVert='center', antialias=True, autoLog=True, bold=False, color=array([-1., -1., -1.]), colorSpace='rgb', contrast=1.0, depth=-10.0, flipHoriz=False, flipVert=False, font='Arial', fontFiles=[], height=0.05, italic=False, languageStyle='LTR', name='nextButton', opacity=1, ori=0, pos=array([ 0.8, -0.8]), rgb=UNKNOWN, text='', units='norm', win=Window(...), wrapWidth=1)
12.6277 	EXP 	window1: mouseVisible = True
12.6361 	EXP 	Created instruct = TextStim(__class__=<class 'psychopy.visual.text.TextStim'>, alignHoriz=method-wrapper(...), alignText='center', alignVert=method-wrapper(...), anchorHoriz='center', anchorVert='center', antialias=True, autoLog=True, bold=False, color=array([1., 1., 1.]), colorSpace='rgb', contrast=1.0, depth=0.0, flipHoriz=False, flipVert=False, font='Arial', fontFiles=[], height=0.05, italic=False, languageStyle='LTR', name='instruct', opacity=1, ori=0, pos=array([0. , 0.7]), rgb=UNKNOWN, text=str(...), units='norm', win=Window(...), wrapWidth=1)
12.6626 	EXP 	window1: mouseVisible = True
12.6751 	EXP 	Created slider = Slider(__class__=<class 'psychopy.visual.slider.Slider'>, autoDraw=False, autoLog=True, borderColor=None, color=None, colorSpace='rgb', depth=-1, fillColor=None, flip=False, font='Open Sans', granularity=0.0, labelHeight=0.05, labelWrapWidth=None, labels=None, name='slider', opacity=None, pos=(-5000, 0), readOnly=False, self=UNKNOWN, size=(10000.0, 20), startValue=None, style=method-wrapper(...), styleTweaks=method-wrapper(...), ticks=array([-1. ,  0.5,  0. ]), units='pix', win=Window(...))
12.6843 	EXP 	Created targetTri = ShapeStim(__class__=<class 'psychopy.visual.shape.ShapeStim'>, autoDraw=False, autoLog=True, closeShape=True, color=method-wrapper(...), colorSpace='rgb', contrast=None, depth=-3.0, fillColor=array([-1, -1,  1]), fillColorSpace='rgb', fillRGB=array([-1, -1,  1]), interpolate=True, lineColor=array([-1., -1.,  1.]), lineColorSpace='rgb', lineRGB=array([-1, -1,  1]), lineWidth=1, name='targetTri', opacity=1, ori=0.0, pos=array([-2.,  0.]), size=array([0.07, 0.12]), units='norm', vertices=ndarray(...), win=Window(...), windingRule=None)
12.6858 	EXP 	Created nextPoly1 = Rect(__class__=<class 'psychopy.visual.rect.Rect'>, autoDraw=False, autoLog=True, closeShape=True, color=method-wrapper(...), colorSpace='rgb', contrast=None, depth=-4.0, fillColor=array([1, 0, 0]), fillColorSpace='rgb', fillRGB=array([1, 0, 0]), interpolate=True, lineColor=array([-1., -1., -1.]), lineColorSpace='rgb', lineRGB=array([-1, -1, -1]), lineWidth=1, name='nextPoly1', opacity=1, ori=0.0, pos=array([ 0.8, -0.8]), size=array([0.12, 0.06]), units='norm', vertices=ndarray(...), win=Window(...))
12.6874 	EXP 	Created nextButton1 = TextStim(__class__=<class 'psychopy.visual.text.TextStim'>, alignHoriz=method-wrapper(...), alignText='center', alignVert=method-wrapper(...), anchorHoriz='center', anchorVert='center', antialias=True, autoLog=True, bold=False, color=array([-1., -1., -1.]), colorSpace='rgb', contrast=1.0, depth=-5.0, flipHoriz=False, flipVert=False, font='Arial', fontFiles=[], height=0.05, italic=False, languageStyle='LTR', name='nextButton1', opacity=1, ori=0, pos=array([ 0.8, -0.8]), rgb=UNKNOWN, text='', units='norm', win=Window(...), wrapWidth=1)
12.6875 	EXP 	window1: mouseVisible = True
12.7035 	EXP 	Created instructPls = TextStim(__class__=<class 'psychopy.visual.text.TextStim'>, alignHoriz=method-wrapper(...), alignText='center', alignVert=method-wrapper(...), anchorHoriz='center', anchorVert='center', antialias=True, autoLog=True, bold=False, color=array([1., 1., 1.]), colorSpace='rgb', contrast=1.0, depth=-1.0, flipHoriz=False, flipVert=False, font='Arial', fontFiles=[], height=0.07, italic=False, languageStyle='LTR', name='instructPls', opacity=1, ori=0, pos=array([0., 0.]), rgb=UNKNOWN, text=str(...), units='norm', win=Window(...), wrapWidth=1)
12.7048 	EXP 	Created tryAgainPoly = Rect(__class__=<class 'psychopy.visual.rect.Rect'>, autoDraw=False, autoLog=True, closeShape=True, color=method-wrapper(...), colorSpace='rgb', contrast=None, depth=-2.0, fillColor=array([1, 0, 0]), fillColorSpace='rgb', fillRGB=array([1, 0, 0]), interpolate=True, lineColor=array([-1., -1., -1.]), lineColorSpace='rgb', lineRGB=array([-1, -1, -1]), lineWidth=2, name='tryAgainPoly', opacity=1, ori=0.0, pos=array([ 0.8, -0.8]), size=array([0.15, 0.08]), units='norm', vertices=ndarray(...), win=Window(...))
12.7061 	EXP 	Created tryAgainButton = TextStim(__class__=<class 'psychopy.visual.text.TextStim'>, alignHoriz=method-wrapper(...), alignText='center', alignVert=method-wrapper(...), anchorHoriz='center', anchorVert='center', antialias=True, autoLog=True, bold=False, color=array([-1., -1., -1.]), colorSpace='rgb', contrast=1.0, depth=-3.0, flipHoriz=False, flipVert=False, font='Arial', fontFiles=[], height=0.05, italic=False, languageStyle='LTR', name='tryAgainButton', opacity=1, ori=0, pos=array([ 0.8, -0.8]), rgb=UNKNOWN, text='', units='norm', win=Window(...), wrapWidth=1)
12.7062 	EXP 	window1: mouseVisible = True
12.9657 	EXP 	Created instruct1 = ImageStim(__class__=<class 'psychopy.visual.image.ImageStim'>, autoLog=True, color=array([1., 1., 1.]), colorSpace='rgb', contrast=1.0, depth=-2.0, flipHoriz=False, flipVert=False, image='images/instruct1.png', interpolate=True, mask=None, maskParams=None, name='instruct1', opacity=1, ori=0.0, pos=array([0., 0.]), size=array([1., 1.]), texRes=512, units='pix', win=Window(...))
13.2277 	EXP 	Created squareStart = Rect(__class__=<class 'psychopy.visual.rect.Rect'>, autoDraw=False, autoLog=True, closeShape=True, color=method-wrapper(...), colorSpace='rgb', contrast=None, depth=-4.0, fillColor=array([0, 0, 0]), fillColorSpace='rgb', fillRGB=array([0, 0, 0]), interpolate=True, lineColor=array([0., 0., 0.]), lineColorSpace='rgb', lineRGB=array([0, 0, 0]), lineWidth=1, name='squareStart', opacity=1, ori=0.0, pos=array([0., 0.]), size=array([1., 1.]), units='pix', vertices=ndarray(...), win=Window(...))
13.2299 	EXP 	Created dotStart = ShapeStim(__class__=<class 'psychopy.visual.shape.ShapeStim'>, autoDraw=False, autoLog=True, closeShape=True, color=method-wrapper(...), colorSpace='rgb', contrast=None, depth=-5.0, fillColor=array([1, 0, 0]), fillColorSpace='rgb', fillRGB=array([1, 0, 0]), interpolate=True, lineColor=array([1., 0., 0.]), lineColorSpace='rgb', lineRGB=array([1, 0, 0]), lineWidth=1, name='dotStart', opacity=1, ori=0.0, pos=array([0., 0.]), size=array([1., 1.]), units='pix', vertices=ndarray(...), win=Window(...), windingRule=None)
13.2317 	EXP 	Created tinyDotStart = ShapeStim(__class__=<class 'psychopy.visual.shape.ShapeStim'>, autoDraw=False, autoLog=True, closeShape=True, color=method-wrapper(...), colorSpace='rgb', contrast=None, depth=-6.0, fillColor=array([1, 1, 1]), fillColorSpace='rgb', fillRGB=array([1, 1, 1]), interpolate=True, lineColor=array([1., 1., 1.]), lineColorSpace='rgb', lineRGB=array([1, 1, 1]), lineWidth=1, name='tinyDotStart', opacity=1, ori=0.0, pos=array([0., 0.]), size=array([1., 1.]), units='pix', vertices=ndarray(...), win=Window(...), windingRule=None)
13.2375 	EXP 	Created dumiTrialCount = TextStim(__class__=<class 'psychopy.visual.text.TextStim'>, alignHoriz=method-wrapper(...), alignText='center', alignVert=method-wrapper(...), anchorHoriz='center', anchorVert='center', antialias=True, autoLog=True, bold=False, color=array([-1., -1.,  1.]), colorSpace='rgb', contrast=1.0, depth=-7.0, flipHoriz=False, flipVert=False, font='Arial', fontFiles=[], height=0.07, italic=False, languageStyle='LTR', name='dumiTrialCount', opacity=1, ori=0, pos=array([ 0. , -0.8]), rgb=UNKNOWN, text='0 out of 3', units='norm', win=Window(...), wrapWidth=1)
13.2393 	EXP 	Created dumiRestrtPoly = Rect(__class__=<class 'psychopy.visual.rect.Rect'>, autoDraw=False, autoLog=True, closeShape=True, color=method-wrapper(...), colorSpace='rgb', contrast=None, depth=-8.0, fillColor=array([-0.3, -0.3, -0.3]), fillColorSpace='rgb', fillRGB=array([-0.3, -0.3, -0.3]), interpolate=True, lineColor=array([-1., -1., -1.]), lineColorSpace='rgb', lineRGB=array([-1, -1, -1]), lineWidth=2, name='dumiRestrtPoly', opacity=1, ori=0.0, pos=array([ 0.7, -0.8]), size=array([0.4 , 0.14]), units='norm', vertices=ndarray(...), win=Window(...))
13.2450 	EXP 	Created dumiRestrtButt = TextStim(__class__=<class 'psychopy.visual.text.TextStim'>, alignHoriz=method-wrapper(...), alignText='center', alignVert=method-wrapper(...), anchorHoriz='center', anchorVert='center', antialias=True, autoLog=True, bold=False, color=array([1., 1., 1.]), colorSpace='rgb', contrast=1.0, depth=-9.0, flipHoriz=False, flipVert=False, font='Arial', fontFiles=[], height=0.05, italic=False, languageStyle='LTR', name='dumiRestrtButt', opacity=1, ori=0, pos=array([ 0.7, -0.8]), rgb=UNKNOWN, text=str(...), units='norm', win=Window(...), wrapWidth=1)
13.2466 	EXP 	Created square = Rect(__class__=<class 'psychopy.visual.rect.Rect'>, autoDraw=False, autoLog=True, closeShape=True, color=method-wrapper(...), colorSpace='rgb', contrast=None, depth=-1.0, fillColor=array([0, 0, 0]), fillColorSpace='rgb', fillRGB=array([0, 0, 0]), interpolate=True, lineColor=array([0., 0., 0.]), lineColorSpace='rgb', lineRGB=array([0, 0, 0]), lineWidth=1, name='square', opacity=1, ori=0.0, pos=array([0., 0.]), size=array([1., 1.]), units='pix', vertices=ndarray(...), win=Window(...))
13.2489 	EXP 	Created dot = ShapeStim(__class__=<class 'psychopy.visual.shape.ShapeStim'>, autoDraw=False, autoLog=True, closeShape=True, color=method-wrapper(...), colorSpace='rgb', contrast=None, depth=-2.0, fillColor=array([1, 0, 0]), fillColorSpace='rgb', fillRGB=array([1, 0, 0]), interpolate=True, lineColor=array([1., 0., 0.]), lineColorSpace='rgb', lineRGB=array([1, 0, 0]), lineWidth=1, name='dot', opacity=1, ori=0.0, pos=array([0., 0.]), size=array([1., 1.]), units='pix', vertices=ndarray(...), win=Window(...), windingRule=None)
13.2505 	EXP 	Created tinyDot = ShapeStim(__class__=<class 'psychopy.visual.shape.ShapeStim'>, autoDraw=False, autoLog=True, closeShape=True, color=method-wrapper(...), colorSpace='rgb', contrast=None, depth=-3.0, fillColor=array([1, 1, 1]), fillColorSpace='rgb', fillRGB=array([1, 1, 1]), interpolate=True, lineColor=array([1., 1., 1.]), lineColorSpace='rgb', lineRGB=array([1, 1, 1]), lineWidth=1, name='tinyDot', opacity=1, ori=0.0, pos=array([0., 0.]), size=array([1., 1.]), units='pix', vertices=ndarray(...), win=Window(...), windingRule=None)
13.5060 	EXP 	Created trialCounter = TextStim(__class__=<class 'psychopy.visual.text.TextStim'>, alignHoriz=method-wrapper(...), alignText='center', alignVert=method-wrapper(...), anchorHoriz='center', anchorVert='center', antialias=True, autoLog=True, bold=False, color=array([-1., -1.,  1.]), colorSpace='rgb', contrast=1.0, depth=-5.0, flipHoriz=False, flipVert=False, font='Arial', fontFiles=[], height=0.07, italic=False, languageStyle='LTR', name='trialCounter', opacity=1, ori=0, pos=array([ 0. , -0.8]), rgb=UNKNOWN, text='', units='norm', win=Window(...), wrapWidth=1)
13.5082 	EXP 	Created restartPoly = Rect(__class__=<class 'psychopy.visual.rect.Rect'>, autoDraw=False, autoLog=True, closeShape=True, color=method-wrapper(...), colorSpace='rgb', contrast=None, depth=-6.0, fillColor=array([-0.3, -0.3, -0.3]), fillColorSpace='rgb', fillRGB=array([-0.3, -0.3, -0.3]), interpolate=True, lineColor=array([-1., -1., -1.]), lineColorSpace='rgb', lineRGB=array([-1, -1, -1]), lineWidth=2, name='restartPoly', opacity=1, ori=0.0, pos=array([ 0.7, -0.8]), size=array([0.4 , 0.14]), units='norm', vertices=ndarray(...), win=Window(...))
13.5152 	EXP 	Created restartText = TextStim(__class__=<class 'psychopy.visual.text.TextStim'>, alignHoriz=method-wrapper(...), alignText='center', alignVert=method-wrapper(...), anchorHoriz='center', anchorVert='center', antialias=True, autoLog=True, bold=False, color=array([1., 1., 1.]), colorSpace='rgb', contrast=1.0, depth=-7.0, flipHoriz=False, flipVert=False, font='Arial', fontFiles=[], height=0.05, italic=False, languageStyle='LTR', name='restartText', opacity=1, ori=0, pos=array([ 0.7, -0.8]), rgb=UNKNOWN, text=str(...), units='norm', win=Window(...), wrapWidth=1)
13.5154 	EXP 	window1: mouseVisible = True
13.5287 	EXP 	Created instructOops = TextStim(__class__=<class 'psychopy.visual.text.TextStim'>, alignHoriz=method-wrapper(...), alignText='center', alignVert=method-wrapper(...), anchorHoriz='center', anchorVert='center', antialias=True, autoLog=True, bold=False, color=array([1., 1., 1.]), colorSpace='rgb', contrast=1.0, depth=-1.0, flipHoriz=False, flipVert=False, font='Arial', fontFiles=[], height=0.07, italic=False, languageStyle='LTR', name='instructOops', opacity=1, ori=0, pos=array([0., 0.]), rgb=UNKNOWN, text=str(...), units='norm', win=Window(...), wrapWidth=1)
13.5300 	EXP 	Created tryAgainPoly1 = Rect(__class__=<class 'psychopy.visual.rect.Rect'>, autoDraw=False, autoLog=True, closeShape=True, color=method-wrapper(...), colorSpace='rgb', contrast=None, depth=-2.0, fillColor=array([1, 0, 0]), fillColorSpace='rgb', fillRGB=array([1, 0, 0]), interpolate=True, lineColor=array([-1., -1., -1.]), lineColorSpace='rgb', lineRGB=array([-1, -1, -1]), lineWidth=2, name='tryAgainPoly1', opacity=1, ori=0.0, pos=array([ 0.8, -0.8]), size=array([0.15, 0.08]), units='norm', vertices=ndarray(...), win=Window(...))
13.5316 	EXP 	Created tryAgainButton1 = TextStim(__class__=<class 'psychopy.visual.text.TextStim'>, alignHoriz=method-wrapper(...), alignText='center', alignVert=method-wrapper(...), anchorHoriz='center', anchorVert='center', antialias=True, autoLog=True, bold=False, color=array([-1., -1., -1.]), colorSpace='rgb', contrast=1.0, depth=-3.0, flipHoriz=False, flipVert=False, font='Arial', fontFiles=[], height=0.05, italic=False, languageStyle='LTR', name='tryAgainButton1', opacity=1, ori=0, pos=array([ 0.8, -0.8]), rgb=UNKNOWN, text='', units='norm', win=Window(...), wrapWidth=1)
13.5318 	EXP 	window1: mouseVisible = True
13.5832 	EXP 	Created instruct2 = TextStim(__class__=<class 'psychopy.visual.text.TextStim'>, alignHoriz=method-wrapper(...), alignText='center', alignVert=method-wrapper(...), anchorHoriz='center', anchorVert='center', antialias=True, autoLog=True, bold=False, color=array([1., 1., 1.]), colorSpace='rgb', contrast=1.0, depth=0.0, flipHoriz=False, flipVert=False, font='Arial', fontFiles=[], height=0.03, italic=False, languageStyle='LTR', name='instruct2', opacity=1, ori=0, pos=array([0., 0.]), rgb=UNKNOWN, text=str(...), units='norm', win=Window(...), wrapWidth=1.5)
13.9043 	EXP 	slider: autoLog = True
13.9043 	EXP 	slider: markerPos = None
13.9043 	EXP 	slider: rating = None
13.9043 	EXP 	slider: markerPos = None
13.9043 	EXP 	slider: contrast = 1.0
13.9043 	EXP 	slider: autoLog = True
13.9043 	EXP 	slider: styleTweaks = []
13.9043 	EXP 	slider: style = 'slider'
13.9043 	EXP 	slider: styleTweaks = ['labels45', 'triangleMarker']
13.9043 	EXP 	warningESC: text = ''
13.9043 	EXP 	warningESC: autoDraw = False
13.9043 	EXP 	nextButton: text = 'Next'
13.9043 	EXP 	instructTop: autoDraw = True
13.9043 	EXP 	instructBottom: autoDraw = True
13.9043 	EXP 	cardImage: autoDraw = True
13.9043 	EXP 	line_R_vert: autoDraw = True
13.9043 	EXP 	line_L_vert: autoDraw = True
13.9043 	EXP 	line_T_horiz: autoDraw = True
13.9043 	EXP 	line_B_horiz: autoDraw = True
13.9043 	EXP 	nextPoly: autoDraw = True
13.9043 	EXP 	nextButton: autoDraw = True
15.2571 	DATA 	Mouse: Left button down, pos=(1307,84)
15.2607 	EXP 	Created sequence: random, trialTypes=1, nReps=50, seed=None
15.2614 	EXP 	New trial (rep=0, index=0): None
15.2986 	EXP 	instructTop: autoDraw = False
15.2986 	EXP 	instructBottom: autoDraw = False
15.2986 	EXP 	cardImage: autoDraw = False
15.2986 	EXP 	line_R_vert: autoDraw = False
15.2986 	EXP 	line_L_vert: autoDraw = False
15.2986 	EXP 	line_T_horiz: autoDraw = False
15.2986 	EXP 	line_B_horiz: autoDraw = False
15.2986 	EXP 	nextPoly: autoDraw = False
15.2986 	EXP 	nextButton: autoDraw = False
15.2986 	EXP 	slider: markerPos = None
15.2986 	EXP 	slider: markerPos = None
15.2986 	EXP 	slider: rating = None
15.2986 	EXP 	slider: markerPos = 0
15.2986 	EXP 	instruct: autoDraw = True
15.2986 	EXP 	slider: autoDraw = True
15.2986 	EXP 	targetTri: autoDraw = True
15.2986 	EXP 	nextPoly1: autoDraw = True
15.2986 	EXP 	nextButton1: autoDraw = True
15.3431 	DATA 	Mouse:  Left button up, pos=(1307,84)
17.6468 	DATA 	Mouse: Left button down, pos=(718,461)
17.6639 	EXP 	slider: markerPos = -0.00019999999999997797
17.6845 	EXP 	slider: markerPos = -0.00019999999999997797
17.7084 	EXP 	slider: markerPos = -0.00019999999999997797
17.7246 	EXP 	slider: markerPos = -0.00019999999999997797
17.7461 	EXP 	slider: markerPos = -0.00029999999999996696
17.7673 	EXP 	slider: markerPos = -0.0030999999999999917
17.7885 	EXP 	slider: markerPos = -0.014699999999999935
17.8087 	EXP 	slider: markerPos = -0.027000000000000024
17.8307 	EXP 	slider: markerPos = -0.0464
17.8521 	EXP 	slider: markerPos = -0.05730000000000002
17.8756 	EXP 	slider: markerPos = -0.06689999999999996
17.8954 	EXP 	slider: markerPos = -0.07309999999999994
17.9169 	EXP 	slider: markerPos = -0.07630000000000003
17.9429 	EXP 	slider: markerPos = -0.07630000000000003
17.9630 	EXP 	slider: markerPos = -0.07630000000000003
17.9853 	EXP 	slider: markerPos = -0.07630000000000003
18.0039 	EXP 	slider: markerPos = -0.07630000000000003
18.0273 	EXP 	slider: markerPos = -0.07630000000000003
18.0475 	EXP 	slider: markerPos = -0.07630000000000003
18.0736 	EXP 	slider: markerPos = -0.07620000000000005
18.0964 	EXP 	slider: markerPos = -0.07600000000000007
18.1186 	EXP 	slider: markerPos = -0.07590000000000008
18.1419 	EXP 	slider: markerPos = -0.07579999999999998
18.1592 	EXP 	slider: markerPos = -0.07569999999999999
18.1809 	EXP 	slider: markerPos = -0.0756
18.2019 	EXP 	slider: markerPos = -0.07499999999999996
18.2263 	EXP 	slider: markerPos = -0.07350000000000001
18.2437 	EXP 	slider: markerPos = -0.07190000000000007
18.2663 	EXP 	slider: markerPos = -0.06869999999999998
18.2930 	EXP 	slider: markerPos = -0.0665
18.3100 	EXP 	slider: markerPos = -0.06530000000000002
18.3341 	EXP 	slider: markerPos = -0.06479999999999997
18.3555 	EXP 	slider: markerPos = -0.06459999999999999
18.3760 	EXP 	slider: markerPos = -0.0645
18.3963 	EXP 	slider: markerPos = -0.06440000000000001
18.4188 	EXP 	slider: markerPos = -0.06440000000000001
18.4393 	EXP 	slider: markerPos = -0.06440000000000001
18.4583 	EXP 	slider: markerPos = -0.06440000000000001
18.4804 	EXP 	slider: markerPos = -0.06440000000000001
18.5024 	EXP 	slider: markerPos = -0.06459999999999999
18.5269 	EXP 	slider: markerPos = -0.06499999999999995
18.5468 	EXP 	slider: markerPos = -0.06530000000000002
18.5738 	EXP 	slider: markerPos = -0.06580000000000008
18.5943 	EXP 	slider: markerPos = -0.06630000000000003
18.6163 	EXP 	slider: markerPos = -0.06669999999999998
18.6472 	EXP 	slider: markerPos = -0.06679999999999997
18.6657 	EXP 	slider: markerPos = -0.06699999999999995
18.6906 	EXP 	slider: markerPos = -0.06699999999999995
18.7105 	EXP 	slider: markerPos = -0.06709999999999994
18.7301 	EXP 	slider: markerPos = -0.06709999999999994
18.7562 	EXP 	slider: markerPos = -0.06709999999999994
18.7774 	EXP 	slider: markerPos = -0.06719999999999993
18.7987 	EXP 	slider: markerPos = -0.06719999999999993
18.8254 	EXP 	slider: markerPos = -0.06730000000000003
18.8459 	EXP 	slider: markerPos = -0.0675
18.8676 	EXP 	slider: markerPos = -0.0676
18.8918 	EXP 	slider: markerPos = -0.06790000000000007
18.9144 	EXP 	slider: markerPos = -0.06810000000000005
18.9391 	EXP 	slider: markerPos = -0.0685
18.9629 	EXP 	slider: markerPos = -0.06869999999999998
18.9904 	EXP 	slider: markerPos = -0.06889999999999996
19.0092 	EXP 	slider: markerPos = -0.06899999999999995
19.0323 	EXP 	slider: markerPos = -0.06909999999999994
19.0842 	EXP 	slider: markerPos = -0.06909999999999994
19.1091 	EXP 	slider: markerPos = -0.06909999999999994
19.1379 	EXP 	slider: markerPos = -0.06909999999999994
19.1634 	EXP 	slider: markerPos = -0.06909999999999994
19.1909 	EXP 	slider: markerPos = -0.06919999999999993
19.2197 	EXP 	slider: markerPos = -0.06929999999999992
19.2424 	EXP 	slider: markerPos = -0.06929999999999992
19.2641 	EXP 	slider: markerPos = -0.06940000000000002
19.2867 	EXP 	slider: markerPos = -0.06940000000000002
19.3111 	EXP 	slider: markerPos = -0.06940000000000002
19.3310 	EXP 	slider: markerPos = -0.06940000000000002
19.3570 	EXP 	slider: markerPos = -0.06940000000000002
19.3762 	EXP 	slider: markerPos = -0.0696
19.4004 	EXP 	slider: markerPos = -0.06979999999999997
19.4231 	EXP 	slider: markerPos = -0.07000000000000006
19.4479 	EXP 	slider: markerPos = -0.07030000000000003
19.4744 	EXP 	slider: markerPos = -0.07050000000000001
19.4953 	EXP 	slider: markerPos = -0.07079999999999997
19.5159 	EXP 	slider: markerPos = -0.07089999999999996
19.5405 	EXP 	slider: markerPos = -0.07099999999999995
19.5614 	EXP 	slider: markerPos = -0.07099999999999995
19.5797 	EXP 	slider: markerPos = -0.07099999999999995
19.6039 	EXP 	slider: markerPos = -0.07099999999999995
19.6291 	EXP 	slider: markerPos = -0.07099999999999995
19.6498 	EXP 	slider: markerPos = -0.07099999999999995
19.6696 	EXP 	slider: markerPos = -0.07099999999999995
19.6936 	EXP 	slider: markerPos = -0.07099999999999995
19.7119 	EXP 	slider: markerPos = -0.07099999999999995
19.7351 	EXP 	slider: markerPos = -0.07099999999999995
19.7564 	EXP 	slider: markerPos = -0.07089999999999996
19.7777 	EXP 	slider: markerPos = -0.07079999999999997
19.8007 	EXP 	slider: markerPos = -0.07069999999999999
19.8261 	EXP 	slider: markerPos = -0.0706
19.8450 	EXP 	slider: markerPos = -0.07040000000000002
19.8680 	EXP 	slider: markerPos = -0.07030000000000003
19.8877 	EXP 	slider: markerPos = -0.07010000000000005
19.9123 	EXP 	slider: markerPos = -0.06990000000000007
19.9305 	EXP 	slider: markerPos = -0.06969999999999998
19.9566 	EXP 	slider: markerPos = -0.0696
19.9756 	EXP 	slider: markerPos = -0.0696
19.9974 	EXP 	slider: markerPos = -0.0695
20.0189 	EXP 	slider: markerPos = -0.0695
20.0435 	EXP 	slider: markerPos = -0.0695
20.0616 	EXP 	slider: markerPos = -0.0695
20.0834 	EXP 	slider: markerPos = -0.0695
20.1079 	EXP 	slider: markerPos = -0.0695
20.1283 	EXP 	slider: markerPos = -0.0695
20.1483 	EXP 	slider: markerPos = -0.0695
20.1696 	EXP 	slider: markerPos = -0.0695
20.1947 	EXP 	slider: markerPos = -0.0695
20.2147 	EXP 	slider: markerPos = -0.0695
20.2348 	EXP 	slider: markerPos = -0.06940000000000002
20.2599 	EXP 	slider: markerPos = -0.06929999999999992
20.2797 	EXP 	slider: markerPos = -0.06919999999999993
20.3066 	EXP 	slider: markerPos = -0.06909999999999994
20.3279 	EXP 	slider: markerPos = -0.06899999999999995
20.3491 	EXP 	slider: markerPos = -0.06899999999999995
20.3753 	EXP 	slider: markerPos = -0.06899999999999995
20.3945 	EXP 	slider: markerPos = -0.06899999999999995
20.4045 	DATA 	Mouse:  Left button up, pos=(30,459)
20.4174 	EXP 	slider: markerPos = -0.06899999999999995
20.4437 	EXP 	slider: markerPos = -0.06899999999999995
20.4437 	EXP 	slider: rating = -0.06899999999999995
22.7254 	DATA 	Keypress: escape
22.8290 	EXP 	window1: mouseVisible = True
