1.6765 	WARNING 	We strongly recommend you activate the PTB sound engine in PsychoPy prefs as the preferred audio engine. Its timing is vastly superior. Your prefs are currently set to use ['sounddevice', 'PTB', 'pyo', 'pygame'] (in that order).
20.9348 	EXP 	Created window1 = Window(allowGUI=True, allowStencil=False, autoLog=True, backendConf=UNKNOWN, bitsMode=UNKNOWN, blendMode='avg', bpc=(8, 8, 8), color=array([-1, -1, -1]), colorSpace='rgb', depthBits=8, fullscr=<method-wrapper '__getattribute__' of attributeSetter object at 0x7fc6a0352b00>, gamma=None, gammaErrorPolicy='raise', lms=UNKNOWN, monitor=<psychopy.monitors.calibTools.Monitor object at 0x7fc69e767908>, multiSample=False, name='window1', numSamples=2, pos=[360.0, 225.0], screen=0, size=array([2880, 1800]), stencilBits=0, stereo=False, units='norm', useFBO=True, useRetina=True, viewOri=0.0, viewPos=None, viewScale=None, waitBlanking=True, winType='pyglet')
20.9352 	EXP 	window1: mouseVisible = True
20.9352 	EXP 	window1: recordFrameIntervals = False
21.1058 	EXP 	window1: recordFrameIntervals = True
21.1746 	WARNING 	t of last frame was 24.44ms (=1/40)
21.3672 	EXP 	window1: recordFrameIntervals = False
22.3778 	EXP 	Created warningESC = TextStim(__class__=<class 'psychopy.visual.text.TextStim'>, alignHoriz=method-wrapper(...), alignText='center', alignVert=method-wrapper(...), anchorHoriz='center', anchorVert='center', antialias=True, autoLog=True, bold=False, color=array([1., 1., 1.]), colorSpace='rgb', contrast=1.0, depth=-1.0, flipHoriz=False, flipVert=False, font='Arial', fontFiles=[], height=0.05, italic=False, languageStyle='LTR', name='warningESC', opacity=1, ori=0.0, pos=array([0., 0.]), rgb=UNKNOWN, text='', units='norm', win=Window(...), wrapWidth=1)
22.4571 	EXP 	Created instructTop = TextStim(__class__=<class 'psychopy.visual.text.TextStim'>, alignHoriz=method-wrapper(...), alignText='center', alignVert=method-wrapper(...), anchorHoriz='center', anchorVert='center', antialias=True, autoLog=True, bold=False, color=array([1., 1., 1.]), colorSpace='rgb', contrast=1.0, depth=-2.0, flipHoriz=False, flipVert=False, font='Arial', fontFiles=[], height=0.05, italic=False, languageStyle='LTR', name='instructTop', opacity=1, ori=0, pos=array([0. , 0.7]), rgb=UNKNOWN, text=str(...), units='norm', win=Window(...), wrapWidth=1.5)
22.4736 	EXP 	Created instructBottom = TextStim(__class__=<class 'psychopy.visual.text.TextStim'>, alignHoriz=method-wrapper(...), alignText='center', alignVert=method-wrapper(...), anchorHoriz='center', anchorVert='center', antialias=True, autoLog=True, bold=False, color=array([1., 1., 1.]), colorSpace='rgb', contrast=1.0, depth=-3.0, flipHoriz=False, flipVert=False, font='Arial', fontFiles=[], height=0.05, italic=False, languageStyle='LTR', name='instructBottom', opacity=1, ori=0, pos=array([ 0. , -0.6]), rgb=UNKNOWN, text=str(...), units='norm', win=Window(...), wrapWidth=1)
22.5374 	EXP 	Created cardImage = ImageStim(__class__=<class 'psychopy.visual.image.ImageStim'>, autoLog=True, color=array([1., 1., 1.]), colorSpace='rgb', contrast=1.0, depth=-4.0, flipHoriz=False, flipVert=False, image='images/bankImage.png', interpolate=True, mask=None, maskParams=None, name='cardImage', opacity=1, ori=0.0, pos=array([0., 0.]), size=array([1., 1.]), texRes=512, units='pix', win=Window(...))
22.5411 	EXP 	Created line_R_vert = Rect(__class__=<class 'psychopy.visual.rect.Rect'>, autoDraw=False, autoLog=True, closeShape=True, color=method-wrapper(...), colorSpace='rgb', contrast=None, depth=-5.0, fillColor=array([1, 1, 1]), fillColorSpace='rgb', fillRGB=array([1, 1, 1]), interpolate=True, lineColor=array([1., 1., 1.]), lineColorSpace='rgb', lineRGB=array([1, 1, 1]), lineWidth=1, name='line_R_vert', opacity=1, ori=0.0, pos=array([0., 0.]), size=array([1., 1.]), units='pix', vertices=ndarray(...), win=Window(...))
22.5430 	EXP 	Created line_L_vert = Rect(__class__=<class 'psychopy.visual.rect.Rect'>, autoDraw=False, autoLog=True, closeShape=True, color=method-wrapper(...), colorSpace='rgb', contrast=None, depth=-6.0, fillColor=array([1, 1, 1]), fillColorSpace='rgb', fillRGB=array([1, 1, 1]), interpolate=True, lineColor=array([1., 1., 1.]), lineColorSpace='rgb', lineRGB=array([1, 1, 1]), lineWidth=1, name='line_L_vert', opacity=1, ori=0.0, pos=array([0., 0.]), size=array([1., 1.]), units='pix', vertices=ndarray(...), win=Window(...))
22.5448 	EXP 	Created line_T_horiz = Rect(__class__=<class 'psychopy.visual.rect.Rect'>, autoDraw=False, autoLog=True, closeShape=True, color=method-wrapper(...), colorSpace='rgb', contrast=None, depth=-7.0, fillColor=array([1, 1, 1]), fillColorSpace='rgb', fillRGB=array([1, 1, 1]), interpolate=True, lineColor=array([1., 1., 1.]), lineColorSpace='rgb', lineRGB=array([1, 1, 1]), lineWidth=1, name='line_T_horiz', opacity=1, ori=0.0, pos=array([0., 0.]), size=array([1., 1.]), units='pix', vertices=ndarray(...), win=Window(...))
22.5470 	EXP 	Created line_B_horiz = Rect(__class__=<class 'psychopy.visual.rect.Rect'>, autoDraw=False, autoLog=True, closeShape=True, color=method-wrapper(...), colorSpace='rgb', contrast=None, depth=-8.0, fillColor=array([1, 1, 1]), fillColorSpace='rgb', fillRGB=array([1, 1, 1]), interpolate=True, lineColor=array([1., 1., 1.]), lineColorSpace='rgb', lineRGB=array([1, 1, 1]), lineWidth=1, name='line_B_horiz', opacity=1, ori=0.0, pos=array([0., 0.]), size=array([1., 1.]), units='pix', vertices=ndarray(...), win=Window(...))
22.5484 	EXP 	Created nextPoly = Rect(__class__=<class 'psychopy.visual.rect.Rect'>, autoDraw=False, autoLog=True, closeShape=True, color=method-wrapper(...), colorSpace='rgb', contrast=None, depth=-9.0, fillColor=array([1, 0, 0]), fillColorSpace='rgb', fillRGB=array([1, 0, 0]), interpolate=True, lineColor=array([-1., -1., -1.]), lineColorSpace='rgb', lineRGB=array([-1, -1, -1]), lineWidth=2, name='nextPoly', opacity=1, ori=0.0, pos=array([ 0.8, -0.8]), size=array([0.12, 0.06]), units='norm', vertices=ndarray(...), win=Window(...))
22.5499 	EXP 	Created nextButton = TextStim(__class__=<class 'psychopy.visual.text.TextStim'>, alignHoriz=method-wrapper(...), alignText='center', alignVert=method-wrapper(...), anchorHoriz='center', anchorVert='center', antialias=True, autoLog=True, bold=False, color=array([-1., -1., -1.]), colorSpace='rgb', contrast=1.0, depth=-10.0, flipHoriz=False, flipVert=False, font='Arial', fontFiles=[], height=0.05, italic=False, languageStyle='LTR', name='nextButton', opacity=1, ori=0, pos=array([ 0.8, -0.8]), rgb=UNKNOWN, text='', units='norm', win=Window(...), wrapWidth=1)
22.5501 	EXP 	window1: mouseVisible = True
22.5583 	EXP 	Created instruct = TextStim(__class__=<class 'psychopy.visual.text.TextStim'>, alignHoriz=method-wrapper(...), alignText='center', alignVert=method-wrapper(...), anchorHoriz='center', anchorVert='center', antialias=True, autoLog=True, bold=False, color=array([1., 1., 1.]), colorSpace='rgb', contrast=1.0, depth=0.0, flipHoriz=False, flipVert=False, font='Arial', fontFiles=[], height=0.05, italic=False, languageStyle='LTR', name='instruct', opacity=1, ori=0, pos=array([0. , 0.7]), rgb=UNKNOWN, text=str(...), units='norm', win=Window(...), wrapWidth=1)
22.5839 	EXP 	window1: mouseVisible = True
22.5945 	EXP 	Created slider = Slider(__class__=<class 'psychopy.visual.slider.Slider'>, autoDraw=False, autoLog=True, borderColor=None, color=None, colorSpace='rgb', depth=-1, fillColor=None, flip=False, font='Open Sans', granularity=0.0, labelHeight=0.05, labelWrapWidth=None, labels=None, name='slider', opacity=None, pos=(-1.4, 0.07), readOnly=False, self=UNKNOWN, size=(3.2, 0.07), startValue=None, style=method-wrapper(...), styleTweaks=method-wrapper(...), ticks=array([-1. , -0.5,  0. ]), units='norm', win=Window(...))
22.6042 	EXP 	Created targetTri = ShapeStim(__class__=<class 'psychopy.visual.shape.ShapeStim'>, autoDraw=False, autoLog=True, closeShape=True, color=method-wrapper(...), colorSpace='rgb', contrast=None, depth=-3.0, fillColor=array([-1, -1,  1]), fillColorSpace='rgb', fillRGB=array([-1, -1,  1]), interpolate=True, lineColor=array([-1., -1.,  1.]), lineColorSpace='rgb', lineRGB=array([-1, -1,  1]), lineWidth=1, name='targetTri', opacity=1, ori=0.0, pos=array([-0.95,  0.  ]), size=array([0.09, 0.15]), units='norm', vertices=ndarray(...), win=Window(...), windingRule=None)
22.6055 	EXP 	Created nextPoly1 = Rect(__class__=<class 'psychopy.visual.rect.Rect'>, autoDraw=False, autoLog=True, closeShape=True, color=method-wrapper(...), colorSpace='rgb', contrast=None, depth=-4.0, fillColor=array([1, 0, 0]), fillColorSpace='rgb', fillRGB=array([1, 0, 0]), interpolate=True, lineColor=array([-1., -1., -1.]), lineColorSpace='rgb', lineRGB=array([-1, -1, -1]), lineWidth=1, name='nextPoly1', opacity=1, ori=0.0, pos=array([ 0.8, -0.8]), size=array([0.12, 0.06]), units='norm', vertices=ndarray(...), win=Window(...))
22.6073 	EXP 	Created nextButton1 = TextStim(__class__=<class 'psychopy.visual.text.TextStim'>, alignHoriz=method-wrapper(...), alignText='center', alignVert=method-wrapper(...), anchorHoriz='center', anchorVert='center', antialias=True, autoLog=True, bold=False, color=array([-1., -1., -1.]), colorSpace='rgb', contrast=1.0, depth=-5.0, flipHoriz=False, flipVert=False, font='Arial', fontFiles=[], height=0.05, italic=False, languageStyle='LTR', name='nextButton1', opacity=1, ori=0, pos=array([ 0.8, -0.8]), rgb=UNKNOWN, text='', units='norm', win=Window(...), wrapWidth=1)
22.6074 	EXP 	window1: mouseVisible = True
22.6568 	EXP 	slider: autoLog = True
22.6568 	EXP 	slider: markerPos = None
22.6568 	EXP 	slider: rating = None
22.6568 	EXP 	slider: markerPos = None
22.6568 	EXP 	slider: contrast = 1.0
22.6568 	EXP 	slider: autoLog = True
22.6568 	EXP 	slider: styleTweaks = []
22.6568 	EXP 	slider: style = 'slider'
22.6568 	EXP 	slider: styleTweaks = ['labels45', 'triangleMarker']
22.6568 	EXP 	warningESC: text = ''
22.6568 	EXP 	warningESC: autoDraw = False
22.6568 	EXP 	nextButton: text = 'Next'
22.6568 	EXP 	instructTop: autoDraw = True
22.6568 	EXP 	instructBottom: autoDraw = True
22.6568 	EXP 	cardImage: autoDraw = True
22.6568 	EXP 	line_R_vert: autoDraw = True
22.6568 	EXP 	line_L_vert: autoDraw = True
22.6568 	EXP 	line_T_horiz: autoDraw = True
22.6568 	EXP 	line_B_horiz: autoDraw = True
22.6568 	EXP 	nextPoly: autoDraw = True
22.6568 	EXP 	nextButton: autoDraw = True
24.3510 	DATA 	Mouse: Left button down, pos=(1295,90)
24.3879 	EXP 	instructTop: autoDraw = False
24.3879 	EXP 	instructBottom: autoDraw = False
24.3879 	EXP 	cardImage: autoDraw = False
24.3879 	EXP 	line_R_vert: autoDraw = False
24.3879 	EXP 	line_L_vert: autoDraw = False
24.3879 	EXP 	line_T_horiz: autoDraw = False
24.3879 	EXP 	line_B_horiz: autoDraw = False
24.3879 	EXP 	nextPoly: autoDraw = False
24.3879 	EXP 	nextButton: autoDraw = False
24.3879 	EXP 	slider: markerPos = None
24.3879 	EXP 	slider: markerPos = None
24.3879 	EXP 	slider: rating = None
24.3879 	EXP 	slider: markerPos = 0
24.3879 	EXP 	instruct: autoDraw = True
24.3879 	EXP 	slider: autoDraw = True
24.3879 	EXP 	targetTri: autoDraw = True
24.3879 	EXP 	nextPoly1: autoDraw = True
24.3879 	EXP 	nextButton1: autoDraw = True
24.4335 	DATA 	Mouse:  Left button up, pos=(1296,90)
28.5255 	DATA 	Mouse: Left button down, pos=(871,495)
28.5535 	EXP 	slider: markerPos = 0.0030381944444441977
28.5736 	EXP 	slider: markerPos = 0.0030381944444441977
28.5930 	EXP 	slider: markerPos = 0.0030381944444441977
28.6111 	EXP 	slider: markerPos = 0.0030381944444441977
28.6341 	EXP 	slider: markerPos = 0.0030381944444441977
28.6510 	EXP 	slider: markerPos = -0.004340277777777901
28.6726 	EXP 	slider: markerPos = -0.01736111111111116
28.6972 	EXP 	slider: markerPos = -0.03125
28.7187 	EXP 	slider: markerPos = -0.05859375
28.7399 	EXP 	slider: markerPos = -0.06901041666666674
28.7628 	EXP 	slider: markerPos = -0.07638888888888895
28.7856 	EXP 	slider: markerPos = -0.07986111111111116
28.8035 	EXP 	slider: markerPos = -0.08029513888888895
28.8230 	EXP 	slider: markerPos = -0.08029513888888895
28.8427 	EXP 	slider: markerPos = -0.08029513888888895
28.8663 	EXP 	slider: markerPos = -0.08029513888888895
28.8849 	EXP 	slider: markerPos = -0.08029513888888895
28.9059 	EXP 	slider: markerPos = -0.08029513888888895
28.9255 	EXP 	slider: markerPos = -0.08029513888888895
28.9453 	EXP 	slider: markerPos = -0.08029513888888895
28.9653 	EXP 	slider: markerPos = -0.08029513888888895
28.9870 	EXP 	slider: markerPos = -0.08289930555555558
29.0092 	EXP 	slider: markerPos = -0.09157986111111116
29.0288 	EXP 	slider: markerPos = -0.11067708333333348
29.0520 	EXP 	slider: markerPos = -0.1328125
29.0718 	EXP 	slider: markerPos = -0.1644965277777778
29.0945 	EXP 	slider: markerPos = -0.1801215277777779
29.1213 	EXP 	slider: markerPos = -0.20138888888888895
29.1416 	EXP 	slider: markerPos = -0.22439236111111116
29.1631 	EXP 	slider: markerPos = -0.23307291666666674
29.1847 	EXP 	slider: markerPos = -0.23828125
29.2065 	EXP 	slider: markerPos = -0.23958333333333337
29.2303 	EXP 	slider: markerPos = -0.23958333333333337
29.2510 	EXP 	slider: markerPos = -0.23958333333333337
29.2705 	EXP 	slider: markerPos = -0.23958333333333337
29.2909 	EXP 	slider: markerPos = -0.23958333333333337
29.3139 	EXP 	slider: markerPos = -0.23958333333333337
29.3343 	EXP 	slider: markerPos = -0.23958333333333337
29.3503 	EXP 	slider: markerPos = -0.23958333333333337
29.3712 	EXP 	slider: markerPos = -0.23958333333333337
29.3917 	EXP 	slider: markerPos = -0.23958333333333337
29.4149 	EXP 	slider: markerPos = -0.23958333333333337
29.4326 	EXP 	slider: markerPos = -0.23958333333333337
29.4535 	EXP 	slider: markerPos = -0.23958333333333337
29.4758 	EXP 	slider: markerPos = -0.24045138888888895
29.5010 	EXP 	slider: markerPos = -0.24305555555555558
29.5193 	EXP 	slider: markerPos = -0.24696180555555558
29.5409 	EXP 	slider: markerPos = -0.25130208333333337
29.5669 	EXP 	slider: markerPos = -0.25911458333333337
29.5852 	EXP 	slider: markerPos = -0.2660590277777778
29.6078 	EXP 	slider: markerPos = -0.27170138888888895
29.6317 	EXP 	slider: markerPos = -0.27517361111111116
29.6533 	EXP 	slider: markerPos = -0.2803819444444444
29.6737 	EXP 	slider: markerPos = -0.28515625
29.6981 	EXP 	slider: markerPos = -0.2890625
29.7202 	EXP 	slider: markerPos = -0.2960069444444444
29.7427 	EXP 	slider: markerPos = -0.29947916666666674
29.7631 	EXP 	slider: markerPos = -0.3046875
29.7847 	EXP 	slider: markerPos = -0.30859375
29.8046 	EXP 	slider: markerPos = -0.3120659722222223
29.8254 	EXP 	slider: markerPos = -0.31423611111111116
29.8508 	EXP 	slider: markerPos = -0.3168402777777778
29.8688 	EXP 	slider: markerPos = -0.31901041666666674
29.8913 	EXP 	slider: markerPos = -0.3203125
29.9164 	EXP 	slider: markerPos = -0.32335069444444453
29.9341 	EXP 	slider: markerPos = -0.32552083333333337
29.9551 	EXP 	slider: markerPos = -0.32552083333333337
29.9754 	EXP 	slider: markerPos = -0.32552083333333337
30.0009 	EXP 	slider: markerPos = -0.32595486111111116
30.0183 	EXP 	slider: markerPos = -0.32595486111111116
30.0408 	EXP 	slider: markerPos = -0.32595486111111116
30.0641 	EXP 	slider: markerPos = -0.32595486111111116
30.0824 	EXP 	slider: markerPos = -0.32595486111111116
30.1024 	EXP 	slider: markerPos = -0.32595486111111116
30.1238 	EXP 	slider: markerPos = -0.32595486111111116
30.1431 	EXP 	slider: markerPos = -0.32595486111111116
30.1686 	EXP 	slider: markerPos = -0.32595486111111116
30.1879 	EXP 	slider: markerPos = -0.32595486111111116
30.2090 	EXP 	slider: markerPos = -0.32552083333333337
30.2366 	EXP 	slider: markerPos = -0.32552083333333337
30.2595 	EXP 	slider: markerPos = -0.32552083333333337
30.2837 	EXP 	slider: markerPos = -0.32682291666666674
30.3007 	EXP 	slider: markerPos = -0.32942708333333337
30.3205 	EXP 	slider: markerPos = -0.3324652777777778
30.3436 	EXP 	slider: markerPos = -0.3355034722222223
30.3672 	EXP 	slider: markerPos = -0.3389756944444444
30.3850 	EXP 	slider: markerPos = -0.34114583333333337
30.4076 	EXP 	slider: markerPos = -0.3441840277777778
30.4274 	EXP 	slider: markerPos = -0.34548611111111116
30.4515 	EXP 	slider: markerPos = -0.34765625
30.4720 	EXP 	slider: markerPos = -0.34895833333333337
30.4928 	EXP 	slider: markerPos = -0.34939236111111116
30.5177 	EXP 	slider: markerPos = -0.35026041666666674
30.5397 	EXP 	slider: markerPos = -0.35026041666666674
30.5643 	EXP 	slider: markerPos = -0.3511284722222223
30.5866 	EXP 	slider: markerPos = -0.3515625
30.6051 	EXP 	slider: markerPos = -0.3519965277777778
30.6264 	EXP 	slider: markerPos = -0.3524305555555556
30.6509 	EXP 	slider: markerPos = -0.35286458333333337
30.6728 	EXP 	slider: markerPos = -0.35373263888888895
30.6983 	EXP 	slider: markerPos = -0.35373263888888895
30.7174 	EXP 	slider: markerPos = -0.35416666666666674
30.7386 	EXP 	slider: markerPos = -0.3546006944444444
30.7595 	EXP 	slider: markerPos = -0.3550347222222223
30.7842 	EXP 	slider: markerPos = -0.3559027777777778
30.8007 	EXP 	slider: markerPos = -0.3559027777777778
30.8218 	EXP 	slider: markerPos = -0.3563368055555556
30.8432 	EXP 	slider: markerPos = -0.3563368055555556
30.8676 	EXP 	slider: markerPos = -0.35677083333333337
30.8869 	EXP 	slider: markerPos = -0.35720486111111116
30.9077 	EXP 	slider: markerPos = -0.35720486111111116
30.9317 	EXP 	slider: markerPos = -0.35720486111111116
30.9493 	EXP 	slider: markerPos = -0.35720486111111116
30.9695 	EXP 	slider: markerPos = -0.35720486111111116
30.9923 	EXP 	slider: markerPos = -0.35763888888888895
31.0155 	EXP 	slider: markerPos = -0.35763888888888895
31.0357 	EXP 	slider: markerPos = -0.35807291666666674
31.0561 	EXP 	slider: markerPos = -0.3585069444444444
31.0762 	EXP 	slider: markerPos = -0.3589409722222222
31.0959 	EXP 	slider: markerPos = -0.3589409722222222
31.1187 	EXP 	slider: markerPos = -0.3589409722222222
31.1364 	EXP 	slider: markerPos = -0.3589409722222222
31.1569 	EXP 	slider: markerPos = -0.359375
31.1810 	EXP 	slider: markerPos = -0.359375
31.2028 	EXP 	slider: markerPos = -0.3598090277777778
31.2214 	EXP 	slider: markerPos = -0.3598090277777778
31.2427 	EXP 	slider: markerPos = -0.3598090277777778
31.2664 	EXP 	slider: markerPos = -0.3598090277777778
31.2841 	EXP 	slider: markerPos = -0.3598090277777778
31.3054 	EXP 	slider: markerPos = -0.3598090277777778
31.3259 	EXP 	slider: markerPos = -0.3598090277777778
31.3463 	EXP 	slider: markerPos = -0.3598090277777778
31.3660 	EXP 	slider: markerPos = -0.3598090277777778
31.3863 	EXP 	slider: markerPos = -0.3598090277777778
31.4075 	EXP 	slider: markerPos = -0.3598090277777778
31.4274 	EXP 	slider: markerPos = -0.3598090277777778
31.4509 	EXP 	slider: markerPos = -0.3598090277777778
31.4709 	EXP 	slider: markerPos = -0.3598090277777778
31.4911 	EXP 	slider: markerPos = -0.3598090277777778
31.5126 	EXP 	slider: markerPos = -0.3598090277777778
31.5353 	EXP 	slider: markerPos = -0.3598090277777778
31.5540 	EXP 	slider: markerPos = -0.3598090277777778
31.5752 	EXP 	slider: markerPos = -0.3598090277777778
31.5995 	EXP 	slider: markerPos = -0.3598090277777778
31.6199 	EXP 	slider: markerPos = -0.3598090277777778
31.6399 	EXP 	slider: markerPos = -0.3598090277777778
31.6600 	EXP 	slider: markerPos = -0.3598090277777778
31.6804 	EXP 	slider: markerPos = -0.3598090277777778
31.7024 	EXP 	slider: markerPos = -0.3598090277777778
31.7189 	EXP 	slider: markerPos = -0.3598090277777778
31.7409 	EXP 	slider: markerPos = -0.3598090277777778
31.7635 	EXP 	slider: markerPos = -0.3598090277777778
31.7806 	EXP 	slider: markerPos = -0.3598090277777778
31.8035 	EXP 	slider: markerPos = -0.3598090277777778
31.8208 	EXP 	slider: markerPos = -0.3598090277777778
31.8414 	EXP 	slider: markerPos = -0.3598090277777778
31.8615 	EXP 	slider: markerPos = -0.3598090277777778
31.8846 	EXP 	slider: markerPos = -0.3598090277777778
31.9021 	EXP 	slider: markerPos = -0.3598090277777778
31.9242 	EXP 	slider: markerPos = -0.3598090277777778
31.9473 	EXP 	slider: markerPos = -0.3598090277777778
31.9656 	EXP 	slider: markerPos = -0.3598090277777778
31.9866 	EXP 	slider: markerPos = -0.3598090277777778
32.0078 	EXP 	slider: markerPos = -0.3598090277777778
32.0309 	EXP 	slider: markerPos = -0.3598090277777778
32.0516 	EXP 	slider: markerPos = -0.3598090277777778
32.0714 	EXP 	slider: markerPos = -0.3598090277777778
32.0924 	EXP 	slider: markerPos = -0.3598090277777778
32.1137 	EXP 	slider: markerPos = -0.3598090277777778
32.1368 	EXP 	slider: markerPos = -0.3598090277777778
32.1551 	EXP 	slider: markerPos = -0.3598090277777778
32.1771 	EXP 	slider: markerPos = -0.359375
32.1998 	EXP 	slider: markerPos = -0.359375
32.2166 	EXP 	slider: markerPos = -0.359375
32.2368 	EXP 	slider: markerPos = -0.359375
32.2577 	EXP 	slider: markerPos = -0.3589409722222222
32.2821 	EXP 	slider: markerPos = -0.3589409722222222
32.3031 	EXP 	slider: markerPos = -0.3589409722222222
32.3235 	EXP 	slider: markerPos = -0.3589409722222222
32.3432 	EXP 	slider: markerPos = -0.3589409722222222
32.3695 	EXP 	slider: markerPos = -0.3589409722222222
32.3987 	EXP 	slider: markerPos = -0.3589409722222222
32.4228 	EXP 	slider: markerPos = -0.3589409722222222
32.4450 	EXP 	slider: markerPos = -0.3589409722222222
32.4677 	EXP 	slider: markerPos = -0.3589409722222222
32.4849 	EXP 	slider: markerPos = -0.3589409722222222
32.5064 	EXP 	slider: markerPos = -0.3589409722222222
32.5261 	EXP 	slider: markerPos = -0.3589409722222222
32.5504 	EXP 	slider: markerPos = -0.3589409722222222
32.5680 	EXP 	slider: markerPos = -0.3589409722222222
32.5877 	EXP 	slider: markerPos = -0.3589409722222222
32.6096 	EXP 	slider: markerPos = -0.3589409722222222
32.6214 	DATA 	Mouse:  Left button up, pos=(37,521)
32.6310 	EXP 	slider: markerPos = -0.3589409722222222
32.6523 	EXP 	slider: markerPos = -0.3589409722222222
32.6523 	EXP 	slider: rating = -0.3589409722222222
33.6952 	DATA 	Mouse: Left button down, pos=(1280,85)
33.7094 	EXP 	window1: mouseVisible = True
