2.2805 	WARNING 	We strongly recommend you activate the PTB sound engine in PsychoPy prefs as the preferred audio engine. Its timing is vastly superior. Your prefs are currently set to use ['sounddevice', 'PTB', 'pyo', 'pygame'] (in that order).
17.4250 	EXP 	Created window1 = Window(allowGUI=True, allowStencil=False, autoLog=True, backendConf=UNKNOWN, bitsMode=UNKNOWN, blendMode='avg', bpc=(8, 8, 8), color=array([-1, -1, -1]), colorSpace='rgb', depthBits=8, fullscr=<method-wrapper '__getattribute__' of attributeSetter object at 0x7fa78dc07a90>, gamma=None, gammaErrorPolicy='raise', lms=UNKNOWN, monitor=<psychopy.monitors.calibTools.Monitor object at 0x7fa78cab0e48>, multiSample=False, name='window1', numSamples=2, pos=[360.0, 225.0], screen=0, size=array([2880, 1800]), stencilBits=0, stereo=False, units='norm', useFBO=True, useRetina=True, viewOri=0.0, viewPos=None, viewScale=None, waitBlanking=True, winType='pyglet')
17.4252 	EXP 	window1: mouseVisible = True
17.4252 	EXP 	window1: recordFrameIntervals = False
17.5892 	EXP 	window1: recordFrameIntervals = True
17.8645 	WARNING 	t of last frame was 43.57ms (=1/22)
18.1889 	EXP 	window1: recordFrameIntervals = False
20.5562 	EXP 	Created warningESC = TextStim(__class__=<class 'psychopy.visual.text.TextStim'>, alignHoriz=method-wrapper(...), alignText='center', alignVert=method-wrapper(...), anchorHoriz='center', anchorVert='center', antialias=True, autoLog=True, bold=False, color=array([1., 1., 1.]), colorSpace='rgb', contrast=1.0, depth=-1.0, flipHoriz=False, flipVert=False, font='Arial', fontFiles=[], height=0.05, italic=False, languageStyle='LTR', name='warningESC', opacity=1, ori=0.0, pos=array([0., 0.]), rgb=UNKNOWN, text='', units='norm', win=Window(...), wrapWidth=1)
20.7028 	EXP 	Created instructTop = TextStim(__class__=<class 'psychopy.visual.text.TextStim'>, alignHoriz=method-wrapper(...), alignText='center', alignVert=method-wrapper(...), anchorHoriz='center', anchorVert='center', antialias=True, autoLog=True, bold=False, color=array([1., 1., 1.]), colorSpace='rgb', contrast=1.0, depth=-2.0, flipHoriz=False, flipVert=False, font='Arial', fontFiles=[], height=0.05, italic=False, languageStyle='LTR', name='instructTop', opacity=1, ori=0, pos=array([0. , 0.7]), rgb=UNKNOWN, text=str(...), units='norm', win=Window(...), wrapWidth=1.5)
20.7227 	EXP 	Created instructBottom = TextStim(__class__=<class 'psychopy.visual.text.TextStim'>, alignHoriz=method-wrapper(...), alignText='center', alignVert=method-wrapper(...), anchorHoriz='center', anchorVert='center', antialias=True, autoLog=True, bold=False, color=array([1., 1., 1.]), colorSpace='rgb', contrast=1.0, depth=-3.0, flipHoriz=False, flipVert=False, font='Arial', fontFiles=[], height=0.05, italic=False, languageStyle='LTR', name='instructBottom', opacity=1, ori=0, pos=array([ 0. , -0.6]), rgb=UNKNOWN, text=str(...), units='norm', win=Window(...), wrapWidth=1)
20.8311 	EXP 	Created cardImage = ImageStim(__class__=<class 'psychopy.visual.image.ImageStim'>, autoLog=True, color=array([1., 1., 1.]), colorSpace='rgb', contrast=1.0, depth=-4.0, flipHoriz=False, flipVert=False, image='images/bankImage.png', interpolate=True, mask=None, maskParams=None, name='cardImage', opacity=1, ori=0.0, pos=array([0., 0.]), size=array([1., 1.]), texRes=512, units='pix', win=Window(...))
20.8362 	EXP 	Created line_R_vert = Rect(__class__=<class 'psychopy.visual.rect.Rect'>, autoDraw=False, autoLog=True, closeShape=True, color=method-wrapper(...), colorSpace='rgb', contrast=None, depth=-5.0, fillColor=array([1, 1, 1]), fillColorSpace='rgb', fillRGB=array([1, 1, 1]), interpolate=True, lineColor=array([1., 1., 1.]), lineColorSpace='rgb', lineRGB=array([1, 1, 1]), lineWidth=1, name='line_R_vert', opacity=1, ori=0.0, pos=array([0., 0.]), size=array([1., 1.]), units='pix', vertices=ndarray(...), win=Window(...))
20.8379 	EXP 	Created line_L_vert = Rect(__class__=<class 'psychopy.visual.rect.Rect'>, autoDraw=False, autoLog=True, closeShape=True, color=method-wrapper(...), colorSpace='rgb', contrast=None, depth=-6.0, fillColor=array([1, 1, 1]), fillColorSpace='rgb', fillRGB=array([1, 1, 1]), interpolate=True, lineColor=array([1., 1., 1.]), lineColorSpace='rgb', lineRGB=array([1, 1, 1]), lineWidth=1, name='line_L_vert', opacity=1, ori=0.0, pos=array([0., 0.]), size=array([1., 1.]), units='pix', vertices=ndarray(...), win=Window(...))
20.8400 	EXP 	Created line_T_horiz = Rect(__class__=<class 'psychopy.visual.rect.Rect'>, autoDraw=False, autoLog=True, closeShape=True, color=method-wrapper(...), colorSpace='rgb', contrast=None, depth=-7.0, fillColor=array([1, 1, 1]), fillColorSpace='rgb', fillRGB=array([1, 1, 1]), interpolate=True, lineColor=array([1., 1., 1.]), lineColorSpace='rgb', lineRGB=array([1, 1, 1]), lineWidth=1, name='line_T_horiz', opacity=1, ori=0.0, pos=array([0., 0.]), size=array([1., 1.]), units='pix', vertices=ndarray(...), win=Window(...))
20.8414 	EXP 	Created line_B_horiz = Rect(__class__=<class 'psychopy.visual.rect.Rect'>, autoDraw=False, autoLog=True, closeShape=True, color=method-wrapper(...), colorSpace='rgb', contrast=None, depth=-8.0, fillColor=array([1, 1, 1]), fillColorSpace='rgb', fillRGB=array([1, 1, 1]), interpolate=True, lineColor=array([1., 1., 1.]), lineColorSpace='rgb', lineRGB=array([1, 1, 1]), lineWidth=1, name='line_B_horiz', opacity=1, ori=0.0, pos=array([0., 0.]), size=array([1., 1.]), units='pix', vertices=ndarray(...), win=Window(...))
20.8427 	EXP 	Created nextPoly = Rect(__class__=<class 'psychopy.visual.rect.Rect'>, autoDraw=False, autoLog=True, closeShape=True, color=method-wrapper(...), colorSpace='rgb', contrast=None, depth=-9.0, fillColor=array([1, 0, 0]), fillColorSpace='rgb', fillRGB=array([1, 0, 0]), interpolate=True, lineColor=array([-1., -1., -1.]), lineColorSpace='rgb', lineRGB=array([-1, -1, -1]), lineWidth=2, name='nextPoly', opacity=1, ori=0.0, pos=array([ 0.8, -0.8]), size=array([0.12, 0.06]), units='norm', vertices=ndarray(...), win=Window(...))
20.8440 	EXP 	Created nextButton = TextStim(__class__=<class 'psychopy.visual.text.TextStim'>, alignHoriz=method-wrapper(...), alignText='center', alignVert=method-wrapper(...), anchorHoriz='center', anchorVert='center', antialias=True, autoLog=True, bold=False, color=array([-1., -1., -1.]), colorSpace='rgb', contrast=1.0, depth=-10.0, flipHoriz=False, flipVert=False, font='Arial', fontFiles=[], height=0.05, italic=False, languageStyle='LTR', name='nextButton', opacity=1, ori=0, pos=array([ 0.8, -0.8]), rgb=UNKNOWN, text='', units='norm', win=Window(...), wrapWidth=1)
20.8442 	EXP 	window1: mouseVisible = True
20.8527 	EXP 	Created instruct = TextStim(__class__=<class 'psychopy.visual.text.TextStim'>, alignHoriz=method-wrapper(...), alignText='center', alignVert=method-wrapper(...), anchorHoriz='center', anchorVert='center', antialias=True, autoLog=True, bold=False, color=array([1., 1., 1.]), colorSpace='rgb', contrast=1.0, depth=0.0, flipHoriz=False, flipVert=False, font='Arial', fontFiles=[], height=0.05, italic=False, languageStyle='LTR', name='instruct', opacity=1, ori=0, pos=array([0. , 0.7]), rgb=UNKNOWN, text=str(...), units='norm', win=Window(...), wrapWidth=1)
20.8794 	EXP 	window1: mouseVisible = True
20.8898 	EXP 	Created slider = Slider(__class__=<class 'psychopy.visual.slider.Slider'>, autoDraw=False, autoLog=True, borderColor=None, color=None, colorSpace='rgb', depth=-1, fillColor=None, flip=False, font='Open Sans', granularity=0.0, labelHeight=0.05, labelWrapWidth=None, labels=None, name='slider', opacity=None, pos=(-1.4, 0.07), readOnly=False, self=UNKNOWN, size=(3.2, 0.07), startValue=None, style=method-wrapper(...), styleTweaks=method-wrapper(...), ticks=array([-1. , -0.5,  0. ]), units='norm', win=Window(...))
20.9045 	EXP 	Created targetTri = ShapeStim(__class__=<class 'psychopy.visual.shape.ShapeStim'>, autoDraw=False, autoLog=True, closeShape=True, color=method-wrapper(...), colorSpace='rgb', contrast=None, depth=-3.0, fillColor=array([-1, -1,  1]), fillColorSpace='rgb', fillRGB=array([-1, -1,  1]), interpolate=True, lineColor=array([-1., -1.,  1.]), lineColorSpace='rgb', lineRGB=array([-1, -1,  1]), lineWidth=1, name='targetTri', opacity=1, ori=0.0, pos=array([-0.95,  0.  ]), size=array([0.09, 0.15]), units='norm', vertices=ndarray(...), win=Window(...), windingRule=None)
20.9062 	EXP 	Created nextPoly1 = Rect(__class__=<class 'psychopy.visual.rect.Rect'>, autoDraw=False, autoLog=True, closeShape=True, color=method-wrapper(...), colorSpace='rgb', contrast=None, depth=-4.0, fillColor=array([1, 0, 0]), fillColorSpace='rgb', fillRGB=array([1, 0, 0]), interpolate=True, lineColor=array([-1., -1., -1.]), lineColorSpace='rgb', lineRGB=array([-1, -1, -1]), lineWidth=1, name='nextPoly1', opacity=1, ori=0.0, pos=array([ 0.8, -0.8]), size=array([0.12, 0.06]), units='norm', vertices=ndarray(...), win=Window(...))
20.9083 	EXP 	Created nextButton1 = TextStim(__class__=<class 'psychopy.visual.text.TextStim'>, alignHoriz=method-wrapper(...), alignText='center', alignVert=method-wrapper(...), anchorHoriz='center', anchorVert='center', antialias=True, autoLog=True, bold=False, color=array([-1., -1., -1.]), colorSpace='rgb', contrast=1.0, depth=-5.0, flipHoriz=False, flipVert=False, font='Arial', fontFiles=[], height=0.05, italic=False, languageStyle='LTR', name='nextButton1', opacity=1, ori=0, pos=array([ 0.8, -0.8]), rgb=UNKNOWN, text='', units='norm', win=Window(...), wrapWidth=1)
20.9084 	EXP 	window1: mouseVisible = True
21.1974 	EXP 	Created instruct1 = ImageStim(__class__=<class 'psychopy.visual.image.ImageStim'>, autoLog=True, color=array([1., 1., 1.]), colorSpace='rgb', contrast=1.0, depth=-2.0, flipHoriz=False, flipVert=False, image='images/instruct1.png', interpolate=True, mask=None, maskParams=None, name='instruct1', opacity=1, ori=0.0, pos=array([0., 0.]), size=array([1., 1.]), texRes=512, units='pix', win=Window(...))
21.5032 	EXP 	Created squareStart = Rect(__class__=<class 'psychopy.visual.rect.Rect'>, autoDraw=False, autoLog=True, closeShape=True, color=method-wrapper(...), colorSpace='rgb', contrast=None, depth=-4.0, fillColor=array([0, 0, 0]), fillColorSpace='rgb', fillRGB=array([0, 0, 0]), interpolate=True, lineColor=array([0., 0., 0.]), lineColorSpace='rgb', lineRGB=array([0, 0, 0]), lineWidth=1, name='squareStart', opacity=1, ori=0.0, pos=array([0., 0.]), size=array([1., 1.]), units='pix', vertices=ndarray(...), win=Window(...))
21.5056 	EXP 	Created dotStart = ShapeStim(__class__=<class 'psychopy.visual.shape.ShapeStim'>, autoDraw=False, autoLog=True, closeShape=True, color=method-wrapper(...), colorSpace='rgb', contrast=None, depth=-5.0, fillColor=array([1, 0, 0]), fillColorSpace='rgb', fillRGB=array([1, 0, 0]), interpolate=True, lineColor=array([1., 0., 0.]), lineColorSpace='rgb', lineRGB=array([1, 0, 0]), lineWidth=1, name='dotStart', opacity=1, ori=0.0, pos=array([0., 0.]), size=array([1., 1.]), units='pix', vertices=ndarray(...), win=Window(...), windingRule=None)
21.5075 	EXP 	Created tinyDotStart = ShapeStim(__class__=<class 'psychopy.visual.shape.ShapeStim'>, autoDraw=False, autoLog=True, closeShape=True, color=method-wrapper(...), colorSpace='rgb', contrast=None, depth=-6.0, fillColor=array([1, 1, 1]), fillColorSpace='rgb', fillRGB=array([1, 1, 1]), interpolate=True, lineColor=array([1., 1., 1.]), lineColorSpace='rgb', lineRGB=array([1, 1, 1]), lineWidth=1, name='tinyDotStart', opacity=1, ori=0.0, pos=array([0., 0.]), size=array([1., 1.]), units='pix', vertices=ndarray(...), win=Window(...), windingRule=None)
21.5168 	EXP 	Created dumiTrialCount = TextStim(__class__=<class 'psychopy.visual.text.TextStim'>, alignHoriz=method-wrapper(...), alignText='center', alignVert=method-wrapper(...), anchorHoriz='center', anchorVert='center', antialias=True, autoLog=True, bold=False, color=array([-1., -1.,  1.]), colorSpace='rgb', contrast=1.0, depth=-7.0, flipHoriz=False, flipVert=False, font='Arial', fontFiles=[], height=0.07, italic=False, languageStyle='LTR', name='dumiTrialCount', opacity=1, ori=0, pos=array([ 0. , -0.8]), rgb=UNKNOWN, text='0 out of 3', units='norm', win=Window(...), wrapWidth=1)
21.5182 	EXP 	Created dumiRestrtPoly = Rect(__class__=<class 'psychopy.visual.rect.Rect'>, autoDraw=False, autoLog=True, closeShape=True, color=method-wrapper(...), colorSpace='rgb', contrast=None, depth=-8.0, fillColor=array([-0.3, -0.3, -0.3]), fillColorSpace='rgb', fillRGB=array([-0.3, -0.3, -0.3]), interpolate=True, lineColor=array([-1., -1., -1.]), lineColorSpace='rgb', lineRGB=array([-1, -1, -1]), lineWidth=2, name='dumiRestrtPoly', opacity=1, ori=0.0, pos=array([ 0.7, -0.8]), size=array([0.4 , 0.14]), units='norm', vertices=ndarray(...), win=Window(...))
21.5239 	EXP 	Created dumiRestrtButt = TextStim(__class__=<class 'psychopy.visual.text.TextStim'>, alignHoriz=method-wrapper(...), alignText='center', alignVert=method-wrapper(...), anchorHoriz='center', anchorVert='center', antialias=True, autoLog=True, bold=False, color=array([1., 1., 1.]), colorSpace='rgb', contrast=1.0, depth=-9.0, flipHoriz=False, flipVert=False, font='Arial', fontFiles=[], height=0.05, italic=False, languageStyle='LTR', name='dumiRestrtButt', opacity=1, ori=0, pos=array([ 0.7, -0.8]), rgb=UNKNOWN, text=str(...), units='norm', win=Window(...), wrapWidth=1)
21.5253 	EXP 	Created square = Rect(__class__=<class 'psychopy.visual.rect.Rect'>, autoDraw=False, autoLog=True, closeShape=True, color=method-wrapper(...), colorSpace='rgb', contrast=None, depth=-1.0, fillColor=array([0, 0, 0]), fillColorSpace='rgb', fillRGB=array([0, 0, 0]), interpolate=True, lineColor=array([0., 0., 0.]), lineColorSpace='rgb', lineRGB=array([0, 0, 0]), lineWidth=1, name='square', opacity=1, ori=0.0, pos=array([0., 0.]), size=array([1., 1.]), units='pix', vertices=ndarray(...), win=Window(...))
21.5305 	EXP 	Created dot = ShapeStim(__class__=<class 'psychopy.visual.shape.ShapeStim'>, autoDraw=False, autoLog=True, closeShape=True, color=method-wrapper(...), colorSpace='rgb', contrast=None, depth=-2.0, fillColor=array([1, 0, 0]), fillColorSpace='rgb', fillRGB=array([1, 0, 0]), interpolate=True, lineColor=array([1., 0., 0.]), lineColorSpace='rgb', lineRGB=array([1, 0, 0]), lineWidth=1, name='dot', opacity=1, ori=0.0, pos=array([0., 0.]), size=array([1., 1.]), units='pix', vertices=ndarray(...), win=Window(...), windingRule=None)
21.5322 	EXP 	Created tinyDot = ShapeStim(__class__=<class 'psychopy.visual.shape.ShapeStim'>, autoDraw=False, autoLog=True, closeShape=True, color=method-wrapper(...), colorSpace='rgb', contrast=None, depth=-3.0, fillColor=array([1, 1, 1]), fillColorSpace='rgb', fillRGB=array([1, 1, 1]), interpolate=True, lineColor=array([1., 1., 1.]), lineColorSpace='rgb', lineRGB=array([1, 1, 1]), lineWidth=1, name='tinyDot', opacity=1, ori=0.0, pos=array([0., 0.]), size=array([1., 1.]), units='pix', vertices=ndarray(...), win=Window(...), windingRule=None)
21.8057 	EXP 	Created trialCounter = TextStim(__class__=<class 'psychopy.visual.text.TextStim'>, alignHoriz=method-wrapper(...), alignText='center', alignVert=method-wrapper(...), anchorHoriz='center', anchorVert='center', antialias=True, autoLog=True, bold=False, color=array([-1., -1.,  1.]), colorSpace='rgb', contrast=1.0, depth=-5.0, flipHoriz=False, flipVert=False, font='Arial', fontFiles=[], height=0.07, italic=False, languageStyle='LTR', name='trialCounter', opacity=1, ori=0, pos=array([ 0. , -0.8]), rgb=UNKNOWN, text='', units='norm', win=Window(...), wrapWidth=1)
21.8074 	EXP 	Created restartPoly = Rect(__class__=<class 'psychopy.visual.rect.Rect'>, autoDraw=False, autoLog=True, closeShape=True, color=method-wrapper(...), colorSpace='rgb', contrast=None, depth=-6.0, fillColor=array([-0.3, -0.3, -0.3]), fillColorSpace='rgb', fillRGB=array([-0.3, -0.3, -0.3]), interpolate=True, lineColor=array([-1., -1., -1.]), lineColorSpace='rgb', lineRGB=array([-1, -1, -1]), lineWidth=2, name='restartPoly', opacity=1, ori=0.0, pos=array([ 0.7, -0.8]), size=array([0.4 , 0.14]), units='norm', vertices=ndarray(...), win=Window(...))
21.8123 	EXP 	Created restartText = TextStim(__class__=<class 'psychopy.visual.text.TextStim'>, alignHoriz=method-wrapper(...), alignText='center', alignVert=method-wrapper(...), anchorHoriz='center', anchorVert='center', antialias=True, autoLog=True, bold=False, color=array([1., 1., 1.]), colorSpace='rgb', contrast=1.0, depth=-7.0, flipHoriz=False, flipVert=False, font='Arial', fontFiles=[], height=0.05, italic=False, languageStyle='LTR', name='restartText', opacity=1, ori=0, pos=array([ 0.7, -0.8]), rgb=UNKNOWN, text=str(...), units='norm', win=Window(...), wrapWidth=1)
21.8125 	EXP 	window1: mouseVisible = True
21.8294 	EXP 	Created instructOops = TextStim(__class__=<class 'psychopy.visual.text.TextStim'>, alignHoriz=method-wrapper(...), alignText='center', alignVert=method-wrapper(...), anchorHoriz='center', anchorVert='center', antialias=True, autoLog=True, bold=False, color=array([1., 1., 1.]), colorSpace='rgb', contrast=1.0, depth=-1.0, flipHoriz=False, flipVert=False, font='Arial', fontFiles=[], height=0.07, italic=False, languageStyle='LTR', name='instructOops', opacity=1, ori=0, pos=array([0., 0.]), rgb=UNKNOWN, text=str(...), units='norm', win=Window(...), wrapWidth=1)
21.8316 	EXP 	Created tryAgainPoly1 = Rect(__class__=<class 'psychopy.visual.rect.Rect'>, autoDraw=False, autoLog=True, closeShape=True, color=method-wrapper(...), colorSpace='rgb', contrast=None, depth=-2.0, fillColor=array([1, 0, 0]), fillColorSpace='rgb', fillRGB=array([1, 0, 0]), interpolate=True, lineColor=array([-1., -1., -1.]), lineColorSpace='rgb', lineRGB=array([-1, -1, -1]), lineWidth=2, name='tryAgainPoly1', opacity=1, ori=0.0, pos=array([ 0.8, -0.8]), size=array([0.15, 0.08]), units='norm', vertices=ndarray(...), win=Window(...))
21.8336 	EXP 	Created tryAgainButton1 = TextStim(__class__=<class 'psychopy.visual.text.TextStim'>, alignHoriz=method-wrapper(...), alignText='center', alignVert=method-wrapper(...), anchorHoriz='center', anchorVert='center', antialias=True, autoLog=True, bold=False, color=array([-1., -1., -1.]), colorSpace='rgb', contrast=1.0, depth=-3.0, flipHoriz=False, flipVert=False, font='Arial', fontFiles=[], height=0.05, italic=False, languageStyle='LTR', name='tryAgainButton1', opacity=1, ori=0, pos=array([ 0.8, -0.8]), rgb=UNKNOWN, text='', units='norm', win=Window(...), wrapWidth=1)
21.8338 	EXP 	window1: mouseVisible = True
21.8400 	EXP 	Created sequence: random, trialTypes=1, nReps=50, seed=None
21.8409 	EXP 	New trial (rep=0, index=0): None
21.9163 	EXP 	slider: autoLog = True
21.9163 	EXP 	slider: markerPos = None
21.9163 	EXP 	slider: rating = None
21.9163 	EXP 	slider: markerPos = None
21.9163 	EXP 	slider: contrast = 1.0
21.9163 	EXP 	slider: autoLog = True
21.9163 	EXP 	slider: styleTweaks = []
21.9163 	EXP 	slider: style = 'slider'
21.9163 	EXP 	slider: styleTweaks = ['labels45', 'triangleMarker']
21.9163 	EXP 	warningESC: text = ''
21.9163 	EXP 	warningESC: autoDraw = False
21.9163 	EXP 	nextButton: text = 'Next'
21.9163 	EXP 	instructTop: autoDraw = True
21.9163 	EXP 	instructBottom: autoDraw = True
21.9163 	EXP 	cardImage: autoDraw = True
21.9163 	EXP 	line_R_vert: autoDraw = True
21.9163 	EXP 	line_L_vert: autoDraw = True
21.9163 	EXP 	line_T_horiz: autoDraw = True
21.9163 	EXP 	line_B_horiz: autoDraw = True
21.9163 	EXP 	nextPoly: autoDraw = True
21.9163 	EXP 	nextButton: autoDraw = True
94.6014 	DATA 	Mouse: Left button down, pos=(1273,92)
94.7110 	DATA 	Mouse:  Left button up, pos=(1273,92)
96.7962 	DATA 	Keypress: down
96.9886 	DATA 	Keypress: down
97.1415 	DATA 	Keypress: down
97.3066 	DATA 	Keypress: down
97.4706 	DATA 	Keypress: down
97.6022 	DATA 	Keypress: down
97.7813 	DATA 	Keypress: down
97.9694 	DATA 	Keypress: down
98.1440 	DATA 	Keypress: down
98.3247 	DATA 	Keypress: down
98.5030 	DATA 	Keypress: down
98.6679 	DATA 	Keypress: down
99.7817 	DATA 	Mouse: Left button down, pos=(1298,88)
99.8461 	EXP 	instructTop: autoDraw = False
99.8461 	EXP 	instructBottom: autoDraw = False
99.8461 	EXP 	cardImage: autoDraw = False
99.8461 	EXP 	line_R_vert: autoDraw = False
99.8461 	EXP 	line_L_vert: autoDraw = False
99.8461 	EXP 	line_T_horiz: autoDraw = False
99.8461 	EXP 	line_B_horiz: autoDraw = False
99.8461 	EXP 	nextPoly: autoDraw = False
99.8461 	EXP 	nextButton: autoDraw = False
99.8461 	EXP 	slider: markerPos = None
99.8461 	EXP 	slider: markerPos = None
99.8461 	EXP 	slider: rating = None
99.8461 	EXP 	slider: markerPos = 0
99.8461 	EXP 	instruct: autoDraw = True
99.8461 	EXP 	slider: autoDraw = True
99.8461 	EXP 	targetTri: autoDraw = True
99.8461 	EXP 	nextPoly1: autoDraw = True
99.8461 	EXP 	nextButton1: autoDraw = True
99.9446 	DATA 	Mouse:  Left button up, pos=(1298,88)
101.5489 	DATA 	Mouse: Left button down, pos=(866,492)
101.5801 	EXP 	slider: markerPos = 0.0008680555555553582
101.6017 	EXP 	slider: markerPos = 0.0008680555555553582
101.6244 	EXP 	slider: markerPos = 0.0008680555555553582
101.6474 	EXP 	slider: markerPos = -0.00043402777777790114
101.6712 	EXP 	slider: markerPos = -0.00694444444444442
101.6970 	EXP 	slider: markerPos = -0.02560763888888895
101.7219 	EXP 	slider: markerPos = -0.04383680555555558
101.7444 	EXP 	slider: markerPos = -0.06423611111111116
101.7707 	EXP 	slider: markerPos = -0.06987847222222232
101.7955 	EXP 	slider: markerPos = -0.07899305555555558
101.8257 	EXP 	slider: markerPos = -0.08203125
101.8530 	EXP 	slider: markerPos = -0.08203125
101.8730 	EXP 	slider: markerPos = -0.08203125
101.8962 	EXP 	slider: markerPos = -0.08203125
101.9236 	EXP 	slider: markerPos = -0.08203125
101.9428 	EXP 	slider: markerPos = -0.08203125
101.9728 	EXP 	slider: markerPos = -0.08333333333333337
101.9928 	EXP 	slider: markerPos = -0.1215277777777779
102.0224 	EXP 	slider: markerPos = -0.15928819444444442
102.0431 	EXP 	slider: markerPos = -0.18706597222222232
102.0734 	EXP 	slider: markerPos = -0.21223958333333348
102.0952 	EXP 	slider: markerPos = -0.22135416666666674
102.1237 	EXP 	slider: markerPos = -0.22612847222222232
102.1431 	EXP 	slider: markerPos = -0.2269965277777779
102.1722 	EXP 	slider: markerPos = -0.2269965277777779
102.1983 	EXP 	slider: markerPos = -0.2269965277777779
102.2246 	EXP 	slider: markerPos = -0.2269965277777779
102.2495 	EXP 	slider: markerPos = -0.2269965277777779
102.2722 	EXP 	slider: markerPos = -0.2265625
102.2944 	EXP 	slider: markerPos = -0.2265625
102.3196 	EXP 	slider: markerPos = -0.2265625
102.3436 	EXP 	slider: markerPos = -0.23220486111111116
102.3755 	EXP 	slider: markerPos = -0.24696180555555558
102.3959 	EXP 	slider: markerPos = -0.28298611111111116
102.4227 	EXP 	slider: markerPos = -0.32595486111111116
102.4611 	EXP 	slider: markerPos = -0.34635416666666674
102.4933 	EXP 	slider: markerPos = -0.3598090277777778
102.5230 	EXP 	slider: markerPos = -0.36588541666666674
102.5423 	EXP 	slider: markerPos = -0.3667534722222223
102.5623 	EXP 	slider: markerPos = -0.3667534722222223
102.5920 	EXP 	slider: markerPos = -0.3667534722222223
102.6231 	EXP 	slider: markerPos = -0.3667534722222223
102.6425 	EXP 	slider: markerPos = -0.3667534722222223
102.6699 	EXP 	slider: markerPos = -0.3667534722222223
102.6941 	EXP 	slider: markerPos = -0.3667534722222223
102.7237 	EXP 	slider: markerPos = -0.3667534722222223
102.7426 	EXP 	slider: markerPos = -0.3667534722222223
102.7652 	EXP 	slider: markerPos = -0.3667534722222223
102.7949 	EXP 	slider: markerPos = -0.3667534722222223
102.8275 	EXP 	slider: markerPos = -0.3667534722222223
102.8571 	EXP 	slider: markerPos = -0.3667534722222223
102.8972 	EXP 	slider: markerPos = -0.3663194444444444
102.9313 	EXP 	slider: markerPos = -0.36545138888888895
102.9605 	EXP 	slider: markerPos = -0.36501736111111116
102.9897 	EXP 	slider: markerPos = -0.36458333333333337
103.0221 	EXP 	slider: markerPos = -0.3637152777777778
103.0543 	EXP 	slider: markerPos = -0.3628472222222223
103.0988 	EXP 	slider: markerPos = -0.36197916666666674
103.1352 	EXP 	slider: markerPos = -0.36154513888888895
103.1616 	EXP 	slider: markerPos = -0.36154513888888895
103.1976 	EXP 	slider: markerPos = -0.36154513888888895
103.2877 	EXP 	slider: markerPos = -0.36154513888888895
103.3216 	EXP 	slider: markerPos = -0.36111111111111116
103.3419 	EXP 	slider: markerPos = -0.36111111111111116
103.3698 	EXP 	slider: markerPos = -0.36111111111111116
103.3933 	EXP 	slider: markerPos = -0.36111111111111116
103.4272 	EXP 	slider: markerPos = -0.36111111111111116
103.4588 	EXP 	slider: markerPos = -0.36067708333333337
103.5049 	EXP 	slider: markerPos = -0.36067708333333337
103.5341 	EXP 	slider: markerPos = -0.36067708333333337
103.5564 	EXP 	slider: markerPos = -0.36067708333333337
103.5929 	EXP 	slider: markerPos = -0.36067708333333337
103.6229 	EXP 	slider: markerPos = -0.36067708333333337
103.6421 	EXP 	slider: markerPos = -0.36067708333333337
103.6674 	EXP 	slider: markerPos = -0.36067708333333337
103.6936 	EXP 	slider: markerPos = -0.36067708333333337
103.7205 	EXP 	slider: markerPos = -0.36067708333333337
103.7529 	EXP 	slider: markerPos = -0.3602430555555556
103.7746 	EXP 	slider: markerPos = -0.3602430555555556
103.8064 	EXP 	slider: markerPos = -0.3602430555555556
103.8265 	EXP 	slider: markerPos = -0.3602430555555556
103.8614 	EXP 	slider: markerPos = -0.3602430555555556
103.9023 	EXP 	slider: markerPos = -0.3602430555555556
103.9353 	EXP 	slider: markerPos = -0.3602430555555556
103.9605 	EXP 	slider: markerPos = -0.3602430555555556
104.0096 	EXP 	slider: markerPos = -0.3602430555555556
104.0383 	EXP 	slider: markerPos = -0.3598090277777778
104.0596 	EXP 	slider: markerPos = -0.3598090277777778
104.0884 	EXP 	slider: markerPos = -0.3598090277777778
104.1182 	EXP 	slider: markerPos = -0.359375
104.1418 	EXP 	slider: markerPos = -0.359375
104.1651 	EXP 	slider: markerPos = -0.359375
104.1917 	EXP 	slider: markerPos = -0.359375
104.2201 	EXP 	slider: markerPos = -0.359375
104.2424 	EXP 	slider: markerPos = -0.359375
104.2692 	EXP 	slider: markerPos = -0.359375
104.2917 	EXP 	slider: markerPos = -0.359375
104.3217 	EXP 	slider: markerPos = -0.359375
104.3916 	EXP 	slider: markerPos = -0.359375
104.4379 	EXP 	slider: markerPos = -0.359375
104.4600 	EXP 	slider: markerPos = -0.359375
104.4858 	EXP 	slider: markerPos = -0.359375
104.5170 	EXP 	slider: markerPos = -0.359375
104.5417 	EXP 	slider: markerPos = -0.359375
104.5675 	EXP 	slider: markerPos = -0.359375
104.5912 	EXP 	slider: markerPos = -0.359375
104.6238 	EXP 	slider: markerPos = -0.359375
104.6571 	EXP 	slider: markerPos = -0.359375
104.6828 	EXP 	slider: markerPos = -0.359375
104.6951 	DATA 	Mouse:  Left button up, pos=(36,467)
104.7118 	EXP 	slider: markerPos = -0.359375
104.7384 	EXP 	slider: markerPos = -0.359375
104.7384 	EXP 	slider: rating = -0.359375
106.2740 	DATA 	Mouse: Left button down, pos=(1279,93)
106.3104 	EXP 	Created sequence: random, trialTypes=1, nReps=20, seed=None
106.3108 	EXP 	New trial (rep=0, index=0): None
106.3132 	EXP 	Created sequence: random, trialTypes=1, nReps=50, seed=None
106.3139 	EXP 	New trial (rep=0, index=0): None
106.3553 	EXP 	instruct: autoDraw = False
106.3553 	EXP 	slider: autoDraw = False
106.3553 	EXP 	targetTri: autoDraw = False
106.3553 	EXP 	nextPoly1: autoDraw = False
106.3553 	EXP 	nextButton1: autoDraw = False
106.3553 	EXP 	instruct1: autoDraw = True
106.3553 	EXP 	squareStart: autoDraw = True
106.3553 	EXP 	dotStart: autoDraw = True
106.3553 	EXP 	tinyDotStart: autoDraw = True
106.3553 	EXP 	dumiTrialCount: autoDraw = True
106.3553 	EXP 	dumiRestrtPoly: autoDraw = True
106.3553 	EXP 	dumiRestrtButt: autoDraw = True
106.4048 	DATA 	Mouse:  Left button up, pos=(1279,93)
107.7719 	DATA 	Keypress: space
107.8140 	EXP 	Created sequence: sequential, trialTypes=1, nReps=3, seed=None
107.8152 	EXP 	New trial (rep=0, index=0): None
107.8482 	EXP 	instruct1: autoDraw = False
107.8482 	EXP 	squareStart: autoDraw = False
107.8482 	EXP 	dotStart: autoDraw = False
107.8482 	EXP 	tinyDotStart: autoDraw = False
107.8482 	EXP 	dumiTrialCount: autoDraw = False
107.8482 	EXP 	dumiRestrtPoly: autoDraw = False
107.8482 	EXP 	dumiRestrtButt: autoDraw = False
107.8482 	EXP 	square: autoDraw = True
107.8482 	EXP 	dot: autoDraw = True
107.8482 	EXP 	tinyDot: autoDraw = True
107.8482 	EXP 	trialCounter: autoDraw = True
107.8482 	EXP 	restartPoly: autoDraw = True
107.8482 	EXP 	restartText: autoDraw = True
113.8594 	DATA 	Keypress: space
113.8625 	EXP 	New trial (rep=1, index=0): None
113.8819 	EXP 	square: autoDraw = False
113.8819 	EXP 	dot: autoDraw = False
113.8819 	EXP 	tinyDot: autoDraw = False
113.8819 	EXP 	trialCounter: autoDraw = False
113.8819 	EXP 	restartPoly: autoDraw = False
113.8819 	EXP 	restartText: autoDraw = False
113.8819 	EXP 	square: autoDraw = True
113.8819 	EXP 	dot: autoDraw = True
113.8819 	EXP 	tinyDot: autoDraw = True
113.8819 	EXP 	trialCounter: autoDraw = True
113.8819 	EXP 	restartPoly: autoDraw = True
113.8819 	EXP 	restartText: autoDraw = True
120.3055 	DATA 	Keypress: space
120.3084 	EXP 	New trial (rep=2, index=0): None
120.3268 	EXP 	square: autoDraw = False
120.3268 	EXP 	dot: autoDraw = False
120.3268 	EXP 	tinyDot: autoDraw = False
120.3268 	EXP 	trialCounter: autoDraw = False
120.3268 	EXP 	restartPoly: autoDraw = False
120.3268 	EXP 	restartText: autoDraw = False
120.3268 	EXP 	square: autoDraw = True
120.3268 	EXP 	dot: autoDraw = True
120.3268 	EXP 	tinyDot: autoDraw = True
120.3268 	EXP 	trialCounter: autoDraw = True
120.3268 	EXP 	restartPoly: autoDraw = True
120.3268 	EXP 	restartText: autoDraw = True
124.7448 	DATA 	Keypress: space
124.7740 	EXP 	square: autoDraw = False
124.7740 	EXP 	dot: autoDraw = False
124.7740 	EXP 	tinyDot: autoDraw = False
124.7740 	EXP 	trialCounter: autoDraw = False
124.7740 	EXP 	restartPoly: autoDraw = False
124.7740 	EXP 	restartText: autoDraw = False
124.7740 	EXP 	instructOops: autoDraw = True
124.7740 	EXP 	tryAgainPoly1: autoDraw = True
124.7740 	EXP 	tryAgainButton1: autoDraw = True
124.7740 	EXP 	instructOops: autoDraw = False
124.7740 	EXP 	tryAgainPoly1: autoDraw = False
124.7740 	EXP 	tryAgainButton1: autoDraw = False
124.7957 	EXP 	window1: mouseVisible = True
