1.6664 	WARNING 	We strongly recommend you activate the PTB sound engine in PsychoPy prefs as the preferred audio engine. Its timing is vastly superior. Your prefs are currently set to use ['sounddevice', 'PTB', 'pyo', 'pygame'] (in that order).
9.8677 	EXP 	Created window1 = Window(allowGUI=True, allowStencil=False, autoLog=True, backendConf=UNKNOWN, bitsMode=UNKNOWN, blendMode='avg', bpc=(8, 8, 8), color=array([-1, -1, -1]), colorSpace='rgb', depthBits=8, fullscr=<method-wrapper '__getattribute__' of attributeSetter object at 0x7f936a353a90>, gamma=None, gammaErrorPolicy='raise', lms=UNKNOWN, monitor=<psychopy.monitors.calibTools.Monitor object at 0x7f9369335c18>, multiSample=False, name='window1', numSamples=2, pos=[360.0, 225.0], screen=0, size=array([2880, 1800]), stencilBits=0, stereo=False, units='norm', useFBO=True, useRetina=True, viewOri=0.0, viewPos=None, viewScale=None, waitBlanking=True, winType='pyglet')
9.8680 	EXP 	window1: mouseVisible = True
9.8680 	EXP 	window1: recordFrameIntervals = False
10.0327 	EXP 	window1: recordFrameIntervals = True
10.2159 	EXP 	window1: recordFrameIntervals = False
11.1854 	EXP 	Created warningESC = TextStim(__class__=<class 'psychopy.visual.text.TextStim'>, alignHoriz=method-wrapper(...), alignText='center', alignVert=method-wrapper(...), anchorHoriz='center', anchorVert='center', antialias=True, autoLog=True, bold=False, color=array([1., 1., 1.]), colorSpace='rgb', contrast=1.0, depth=-1.0, flipHoriz=False, flipVert=False, font='Arial', fontFiles=[], height=0.05, italic=False, languageStyle='LTR', name='warningESC', opacity=1, ori=0.0, pos=array([0., 0.]), rgb=UNKNOWN, text='', units='norm', win=Window(...), wrapWidth=1)
11.2619 	EXP 	Created instructTop = TextStim(__class__=<class 'psychopy.visual.text.TextStim'>, alignHoriz=method-wrapper(...), alignText='center', alignVert=method-wrapper(...), anchorHoriz='center', anchorVert='center', antialias=True, autoLog=True, bold=False, color=array([1., 1., 1.]), colorSpace='rgb', contrast=1.0, depth=-2.0, flipHoriz=False, flipVert=False, font='Arial', fontFiles=[], height=0.05, italic=False, languageStyle='LTR', name='instructTop', opacity=1, ori=0, pos=array([0. , 0.7]), rgb=UNKNOWN, text=str(...), units='norm', win=Window(...), wrapWidth=1.5)
11.2762 	EXP 	Created instructBottom = TextStim(__class__=<class 'psychopy.visual.text.TextStim'>, alignHoriz=method-wrapper(...), alignText='center', alignVert=method-wrapper(...), anchorHoriz='center', anchorVert='center', antialias=True, autoLog=True, bold=False, color=array([1., 1., 1.]), colorSpace='rgb', contrast=1.0, depth=-3.0, flipHoriz=False, flipVert=False, font='Arial', fontFiles=[], height=0.05, italic=False, languageStyle='LTR', name='instructBottom', opacity=1, ori=0, pos=array([ 0. , -0.6]), rgb=UNKNOWN, text=str(...), units='norm', win=Window(...), wrapWidth=1)
11.3451 	EXP 	Created cardImage = ImageStim(__class__=<class 'psychopy.visual.image.ImageStim'>, autoLog=True, color=array([1., 1., 1.]), colorSpace='rgb', contrast=1.0, depth=-4.0, flipHoriz=False, flipVert=False, image='images/bankImage.png', interpolate=True, mask=None, maskParams=None, name='cardImage', opacity=1, ori=0.0, pos=array([0., 0.]), size=array([1., 1.]), texRes=512, units='pix', win=Window(...))
11.3488 	EXP 	Created line_R_vert = Rect(__class__=<class 'psychopy.visual.rect.Rect'>, autoDraw=False, autoLog=True, closeShape=True, color=method-wrapper(...), colorSpace='rgb', contrast=None, depth=-5.0, fillColor=array([1, 1, 1]), fillColorSpace='rgb', fillRGB=array([1, 1, 1]), interpolate=True, lineColor=array([1., 1., 1.]), lineColorSpace='rgb', lineRGB=array([1, 1, 1]), lineWidth=1, name='line_R_vert', opacity=1, ori=0.0, pos=array([0., 0.]), size=array([1., 1.]), units='pix', vertices=ndarray(...), win=Window(...))
11.3503 	EXP 	Created line_L_vert = Rect(__class__=<class 'psychopy.visual.rect.Rect'>, autoDraw=False, autoLog=True, closeShape=True, color=method-wrapper(...), colorSpace='rgb', contrast=None, depth=-6.0, fillColor=array([1, 1, 1]), fillColorSpace='rgb', fillRGB=array([1, 1, 1]), interpolate=True, lineColor=array([1., 1., 1.]), lineColorSpace='rgb', lineRGB=array([1, 1, 1]), lineWidth=1, name='line_L_vert', opacity=1, ori=0.0, pos=array([0., 0.]), size=array([1., 1.]), units='pix', vertices=ndarray(...), win=Window(...))
11.3517 	EXP 	Created line_T_horiz = Rect(__class__=<class 'psychopy.visual.rect.Rect'>, autoDraw=False, autoLog=True, closeShape=True, color=method-wrapper(...), colorSpace='rgb', contrast=None, depth=-7.0, fillColor=array([1, 1, 1]), fillColorSpace='rgb', fillRGB=array([1, 1, 1]), interpolate=True, lineColor=array([1., 1., 1.]), lineColorSpace='rgb', lineRGB=array([1, 1, 1]), lineWidth=1, name='line_T_horiz', opacity=1, ori=0.0, pos=array([0., 0.]), size=array([1., 1.]), units='pix', vertices=ndarray(...), win=Window(...))
11.3529 	EXP 	Created line_B_horiz = Rect(__class__=<class 'psychopy.visual.rect.Rect'>, autoDraw=False, autoLog=True, closeShape=True, color=method-wrapper(...), colorSpace='rgb', contrast=None, depth=-8.0, fillColor=array([1, 1, 1]), fillColorSpace='rgb', fillRGB=array([1, 1, 1]), interpolate=True, lineColor=array([1., 1., 1.]), lineColorSpace='rgb', lineRGB=array([1, 1, 1]), lineWidth=1, name='line_B_horiz', opacity=1, ori=0.0, pos=array([0., 0.]), size=array([1., 1.]), units='pix', vertices=ndarray(...), win=Window(...))
11.3541 	EXP 	Created nextPoly = Rect(__class__=<class 'psychopy.visual.rect.Rect'>, autoDraw=False, autoLog=True, closeShape=True, color=method-wrapper(...), colorSpace='rgb', contrast=None, depth=-9.0, fillColor=array([1, 0, 0]), fillColorSpace='rgb', fillRGB=array([1, 0, 0]), interpolate=True, lineColor=array([-1., -1., -1.]), lineColorSpace='rgb', lineRGB=array([-1, -1, -1]), lineWidth=2, name='nextPoly', opacity=1, ori=0.0, pos=array([ 0.8, -0.8]), size=array([0.12, 0.06]), units='norm', vertices=ndarray(...), win=Window(...))
11.3555 	EXP 	Created nextButton = TextStim(__class__=<class 'psychopy.visual.text.TextStim'>, alignHoriz=method-wrapper(...), alignText='center', alignVert=method-wrapper(...), anchorHoriz='center', anchorVert='center', antialias=True, autoLog=True, bold=False, color=array([-1., -1., -1.]), colorSpace='rgb', contrast=1.0, depth=-10.0, flipHoriz=False, flipVert=False, font='Arial', fontFiles=[], height=0.05, italic=False, languageStyle='LTR', name='nextButton', opacity=1, ori=0, pos=array([ 0.8, -0.8]), rgb=UNKNOWN, text='', units='norm', win=Window(...), wrapWidth=1)
11.3556 	EXP 	window1: mouseVisible = True
11.3632 	EXP 	Created instruct = TextStim(__class__=<class 'psychopy.visual.text.TextStim'>, alignHoriz=method-wrapper(...), alignText='center', alignVert=method-wrapper(...), anchorHoriz='center', anchorVert='center', antialias=True, autoLog=True, bold=False, color=array([1., 1., 1.]), colorSpace='rgb', contrast=1.0, depth=0.0, flipHoriz=False, flipVert=False, font='Arial', fontFiles=[], height=0.05, italic=False, languageStyle='LTR', name='instruct', opacity=1, ori=0, pos=array([0. , 0.7]), rgb=UNKNOWN, text=str(...), units='norm', win=Window(...), wrapWidth=1)
11.3848 	EXP 	window1: mouseVisible = True
11.3941 	EXP 	Created slider = Slider(__class__=<class 'psychopy.visual.slider.Slider'>, autoDraw=False, autoLog=True, borderColor=None, color=None, colorSpace='rgb', depth=-1, fillColor=None, flip=False, font='Open Sans', granularity=0.0, labelHeight=0.05, labelWrapWidth=None, labels=None, name='slider', opacity=None, pos=(-0.02, 0), readOnly=False, self=UNKNOWN, size=(2.0, 0.02), startValue=None, style=method-wrapper(...), styleTweaks=method-wrapper(...), ticks=array([-1. , -0.5,  0. ]), units='norm', win=Window(...))
11.4019 	EXP 	Created targetTri = ShapeStim(__class__=<class 'psychopy.visual.shape.ShapeStim'>, autoDraw=False, autoLog=True, closeShape=True, color=method-wrapper(...), colorSpace='rgb', contrast=None, depth=-3.0, fillColor=array([-1, -1,  1]), fillColorSpace='rgb', fillRGB=array([-1, -1,  1]), interpolate=True, lineColor=array([-1., -1.,  1.]), lineColorSpace='rgb', lineRGB=array([-1, -1,  1]), lineWidth=1, name='targetTri', opacity=1, ori=0.0, pos=array([-0.95, -0.03]), size=array([0.05, 0.15]), units='norm', vertices=ndarray(...), win=Window(...), windingRule=None)
11.4032 	EXP 	Created nextPoly1 = Rect(__class__=<class 'psychopy.visual.rect.Rect'>, autoDraw=False, autoLog=True, closeShape=True, color=method-wrapper(...), colorSpace='rgb', contrast=None, depth=-4.0, fillColor=array([1, 0, 0]), fillColorSpace='rgb', fillRGB=array([1, 0, 0]), interpolate=True, lineColor=array([-1., -1., -1.]), lineColorSpace='rgb', lineRGB=array([-1, -1, -1]), lineWidth=1, name='nextPoly1', opacity=1, ori=0.0, pos=array([ 0.8, -0.8]), size=array([0.12, 0.06]), units='norm', vertices=ndarray(...), win=Window(...))
11.4046 	EXP 	Created nextButton1 = TextStim(__class__=<class 'psychopy.visual.text.TextStim'>, alignHoriz=method-wrapper(...), alignText='center', alignVert=method-wrapper(...), anchorHoriz='center', anchorVert='center', antialias=True, autoLog=True, bold=False, color=array([-1., -1., -1.]), colorSpace='rgb', contrast=1.0, depth=-5.0, flipHoriz=False, flipVert=False, font='Arial', fontFiles=[], height=0.05, italic=False, languageStyle='LTR', name='nextButton1', opacity=1, ori=0, pos=array([ 0.8, -0.8]), rgb=UNKNOWN, text='', units='norm', win=Window(...), wrapWidth=1)
11.4048 	EXP 	window1: mouseVisible = True
11.4564 	EXP 	slider: autoLog = True
11.4564 	EXP 	slider: markerPos = None
11.4564 	EXP 	slider: rating = None
11.4564 	EXP 	slider: markerPos = None
11.4564 	EXP 	slider: contrast = 1.0
11.4564 	EXP 	slider: autoLog = True
11.4564 	EXP 	slider: styleTweaks = []
11.4564 	EXP 	slider: style = 'slider'
11.4564 	EXP 	slider: styleTweaks = ['labels45', 'triangleMarker']
11.4564 	EXP 	warningESC: text = ''
11.4564 	EXP 	warningESC: autoDraw = False
11.4564 	EXP 	nextButton: text = 'Next'
11.4564 	EXP 	instructTop: autoDraw = True
11.4564 	EXP 	instructBottom: autoDraw = True
11.4564 	EXP 	cardImage: autoDraw = True
11.4564 	EXP 	line_R_vert: autoDraw = True
11.4564 	EXP 	line_L_vert: autoDraw = True
11.4564 	EXP 	line_T_horiz: autoDraw = True
11.4564 	EXP 	line_B_horiz: autoDraw = True
11.4564 	EXP 	nextPoly: autoDraw = True
11.4564 	EXP 	nextButton: autoDraw = True
14.9025 	DATA 	Mouse: Left button down, pos=(1275,95)
14.9559 	EXP 	instructTop: autoDraw = False
14.9559 	EXP 	instructBottom: autoDraw = False
14.9559 	EXP 	cardImage: autoDraw = False
14.9559 	EXP 	line_R_vert: autoDraw = False
14.9559 	EXP 	line_L_vert: autoDraw = False
14.9559 	EXP 	line_T_horiz: autoDraw = False
14.9559 	EXP 	line_B_horiz: autoDraw = False
14.9559 	EXP 	nextPoly: autoDraw = False
14.9559 	EXP 	nextButton: autoDraw = False
14.9559 	EXP 	slider: markerPos = None
14.9559 	EXP 	slider: markerPos = None
14.9559 	EXP 	slider: rating = None
14.9559 	EXP 	slider: markerPos = 0
14.9559 	EXP 	instruct: autoDraw = True
14.9559 	EXP 	slider: autoDraw = True
14.9559 	EXP 	targetTri: autoDraw = True
14.9559 	EXP 	nextPoly1: autoDraw = True
14.9559 	EXP 	nextButton1: autoDraw = True
14.9805 	DATA 	Mouse:  Left button up, pos=(1275,95)
16.5803 	DATA 	Mouse: Left button down, pos=(1010,454)
16.5954 	EXP 	slider: markerPos = -0.28861111111111115
16.6156 	EXP 	slider: markerPos = -0.28861111111111115
16.6360 	EXP 	slider: markerPos = -0.28861111111111115
16.6563 	EXP 	slider: markerPos = -0.29208333333333336
16.6819 	EXP 	slider: markerPos = -0.3038888888888889
16.6984 	EXP 	slider: markerPos = -0.33166666666666667
16.7182 	EXP 	slider: markerPos = -0.36083333333333334
16.7395 	EXP 	slider: markerPos = -0.4018055555555555
16.7616 	EXP 	slider: markerPos = -0.4504166666666667
16.7840 	EXP 	slider: markerPos = -0.48236111111111113
16.8030 	EXP 	slider: markerPos = -0.5163888888888889
16.8256 	EXP 	slider: markerPos = -0.5316666666666667
16.8489 	EXP 	slider: markerPos = -0.5525
16.8668 	EXP 	slider: markerPos = -0.5594444444444444
16.8885 	EXP 	slider: markerPos = -0.5622222222222222
16.9121 	EXP 	slider: markerPos = -0.5636111111111111
16.9325 	EXP 	slider: markerPos = -0.5636111111111111
16.9513 	EXP 	slider: markerPos = -0.5636111111111111
16.9751 	EXP 	slider: markerPos = -0.5636111111111111
16.9932 	EXP 	slider: markerPos = -0.5636111111111111
17.0127 	EXP 	slider: markerPos = -0.5636111111111111
17.0323 	EXP 	slider: markerPos = -0.5636111111111111
17.0521 	EXP 	slider: markerPos = -0.5636111111111111
17.0719 	EXP 	slider: markerPos = -0.5636111111111111
17.0933 	EXP 	slider: markerPos = -0.5656944444444445
17.1175 	EXP 	slider: markerPos = -0.5719444444444445
17.1371 	EXP 	slider: markerPos = -0.5920833333333333
17.1633 	EXP 	slider: markerPos = -0.6261111111111111
17.1814 	EXP 	slider: markerPos = -0.6705555555555556
17.2021 	EXP 	slider: markerPos = -0.7115277777777778
17.2236 	EXP 	slider: markerPos = -0.7275
17.2465 	EXP 	slider: markerPos = -0.7552777777777777
17.2654 	EXP 	slider: markerPos = -0.77125
17.2871 	EXP 	slider: markerPos = -0.7761111111111111
17.3091 	EXP 	slider: markerPos = -0.7802777777777778
17.3334 	EXP 	slider: markerPos = -0.7851388888888888
17.3532 	EXP 	slider: markerPos = -0.7872222222222223
17.3788 	EXP 	slider: markerPos = -0.7879166666666666
17.3987 	EXP 	slider: markerPos = -0.7879166666666666
17.4194 	EXP 	slider: markerPos = -0.7879166666666666
17.4400 	EXP 	slider: markerPos = -0.7879166666666666
17.4662 	EXP 	slider: markerPos = -0.7879166666666666
17.4845 	EXP 	slider: markerPos = -0.7879166666666666
17.5072 	EXP 	slider: markerPos = -0.7879166666666666
17.5265 	EXP 	slider: markerPos = -0.7879166666666666
17.5481 	EXP 	slider: markerPos = -0.7879166666666666
17.5669 	EXP 	slider: markerPos = -0.7927777777777778
17.5896 	EXP 	slider: markerPos = -0.80875
17.6108 	EXP 	slider: markerPos = -0.8288888888888889
17.6346 	EXP 	slider: markerPos = -0.8559722222222221
17.6528 	EXP 	slider: markerPos = -0.8913888888888889
17.6732 	EXP 	slider: markerPos = -0.9129166666666666
17.6936 	EXP 	slider: markerPos = -0.9330555555555555
17.7159 	EXP 	slider: markerPos = -0.9504166666666667
17.7352 	EXP 	slider: markerPos = -0.9559722222222222
17.7563 	EXP 	slider: markerPos = -0.9629166666666666
17.7808 	EXP 	slider: markerPos = -0.9656944444444444
17.7982 	EXP 	slider: markerPos = -0.9684722222222222
17.8211 	EXP 	slider: markerPos = -0.9698611111111111
17.8411 	EXP 	slider: markerPos = -0.9705555555555556
17.8660 	EXP 	slider: markerPos = -0.97125
17.8847 	EXP 	slider: markerPos = -0.9719444444444445
17.9044 	EXP 	slider: markerPos = -0.9719444444444445
17.9292 	EXP 	slider: markerPos = -0.9719444444444445
17.9509 	EXP 	slider: markerPos = -0.9719444444444445
17.9700 	EXP 	slider: markerPos = -0.9719444444444445
17.9899 	EXP 	slider: markerPos = -0.9719444444444445
18.0143 	EXP 	slider: markerPos = -0.9719444444444445
18.0318 	EXP 	slider: markerPos = -0.9719444444444445
18.0530 	EXP 	slider: markerPos = -0.97125
18.0737 	EXP 	slider: markerPos = -0.97125
18.0941 	EXP 	slider: markerPos = -0.97125
18.1161 	EXP 	slider: markerPos = -0.9705555555555556
18.1357 	EXP 	slider: markerPos = -0.9705555555555556
18.1552 	EXP 	slider: markerPos = -0.9698611111111111
18.1755 	EXP 	slider: markerPos = -0.9691666666666667
18.1986 	EXP 	slider: markerPos = -0.9684722222222222
18.2182 	EXP 	slider: markerPos = -0.9677777777777778
18.2391 	EXP 	slider: markerPos = -0.9677777777777778
18.2647 	EXP 	slider: markerPos = -0.9670833333333333
18.2841 	EXP 	slider: markerPos = -0.9663888888888889
18.3034 	EXP 	slider: markerPos = -0.9663888888888889
18.3238 	EXP 	slider: markerPos = -0.9663888888888889
18.3432 	EXP 	slider: markerPos = -0.9663888888888889
18.3679 	EXP 	slider: markerPos = -0.9663888888888889
18.3857 	EXP 	slider: markerPos = -0.9663888888888889
18.4117 	EXP 	slider: markerPos = -0.9663888888888889
18.4292 	EXP 	slider: markerPos = -0.9663888888888889
18.4484 	EXP 	slider: markerPos = -0.9656944444444444
18.4703 	EXP 	slider: markerPos = -0.9656944444444444
18.4893 	EXP 	slider: markerPos = -0.9656944444444444
18.5087 	EXP 	slider: markerPos = -0.9656944444444444
18.5330 	EXP 	slider: markerPos = -0.9656944444444444
18.5508 	EXP 	slider: markerPos = -0.965
18.5725 	EXP 	slider: markerPos = -0.965
18.5987 	EXP 	slider: markerPos = -0.965
18.6172 	EXP 	slider: markerPos = -0.965
18.6379 	EXP 	slider: markerPos = -0.965
18.6647 	EXP 	slider: markerPos = -0.965
18.6837 	EXP 	slider: markerPos = -0.965
18.7033 	EXP 	slider: markerPos = -0.965
18.7226 	EXP 	slider: markerPos = -0.965
18.7471 	EXP 	slider: markerPos = -0.965
18.7643 	EXP 	slider: markerPos = -0.965
18.7865 	EXP 	slider: markerPos = -0.965
18.8059 	EXP 	slider: markerPos = -0.9643055555555555
18.8259 	EXP 	slider: markerPos = -0.9643055555555555
18.8455 	EXP 	slider: markerPos = -0.9643055555555555
18.8667 	EXP 	slider: markerPos = -0.9643055555555555
18.8845 	EXP 	slider: markerPos = -0.9643055555555555
18.9035 	EXP 	slider: markerPos = -0.9643055555555555
18.9230 	EXP 	slider: markerPos = -0.9643055555555555
18.9426 	EXP 	slider: markerPos = -0.9643055555555555
18.9471 	DATA 	Mouse:  Left button up, pos=(37,475)
18.9644 	EXP 	slider: markerPos = -0.9643055555555555
18.9644 	EXP 	slider: rating = -0.9643055555555555
20.5707 	DATA 	Mouse: Left button down, pos=(1282,95)
20.5820 	EXP 	window1: mouseVisible = True
