1.0590 	WARNING 	We strongly recommend you activate the PTB sound engine in PsychoPy prefs as the preferred audio engine. Its timing is vastly superior. Your prefs are currently set to use ['sounddevice', 'PTB', 'pyo', 'pygame'] (in that order).
7.4928 	EXP 	Created window1 = Window(allowGUI=True, allowStencil=False, autoLog=True, backendConf=UNKNOWN, bitsMode=UNKNOWN, blendMode='avg', bpc=(8, 8, 8), color=array([-1, -1, -1]), colorSpace='rgb', depthBits=8, fullscr=<method-wrapper '__getattribute__' of attributeSetter object at 0x7ff810402ac8>, gamma=None, gammaErrorPolicy='raise', lms=UNKNOWN, monitor=<psychopy.monitors.calibTools.Monitor object at 0x7ff82ce69828>, multiSample=False, name='window1', numSamples=2, pos=[360.0, 225.0], screen=0, size=array([2880, 1800]), stencilBits=0, stereo=False, units='height', useFBO=True, useRetina=True, viewOri=0.0, viewPos=None, viewScale=None, waitBlanking=True, winType='pyglet')
7.4930 	EXP 	window1: mouseVisible = True
7.4930 	EXP 	window1: recordFrameIntervals = False
7.6595 	EXP 	window1: recordFrameIntervals = True
7.9081 	EXP 	window1: recordFrameIntervals = False
8.8363 	EXP 	Created warningESC = TextStim(__class__=<class 'psychopy.visual.text.TextStim'>, alignHoriz=method-wrapper(...), alignText='center', alignVert=method-wrapper(...), anchorHoriz='center', anchorVert='center', antialias=True, autoLog=True, bold=False, color=array([1., 1., 1.]), colorSpace='rgb', contrast=1.0, depth=-1.0, flipHoriz=False, flipVert=False, font='Arial', fontFiles=[], height=0.05, italic=False, languageStyle='LTR', name='warningESC', opacity=1, ori=0.0, pos=array([0., 0.]), rgb=UNKNOWN, text='', units='height', win=Window(...), wrapWidth=1)
8.9219 	EXP 	Created instructTop = TextStim(__class__=<class 'psychopy.visual.text.TextStim'>, alignHoriz=method-wrapper(...), alignText='center', alignVert=method-wrapper(...), anchorHoriz='center', anchorVert='center', antialias=True, autoLog=True, bold=False, color=array([1., 1., 1.]), colorSpace='rgb', contrast=1.0, depth=-2.0, flipHoriz=False, flipVert=False, font='Arial', fontFiles=[], height=0.05, italic=False, languageStyle='LTR', name='instructTop', opacity=1, ori=0, pos=array([0. , 0.7]), rgb=UNKNOWN, text=str(...), units='norm', win=Window(...), wrapWidth=1.5)
8.9370 	EXP 	Created instructBottom = TextStim(__class__=<class 'psychopy.visual.text.TextStim'>, alignHoriz=method-wrapper(...), alignText='center', alignVert=method-wrapper(...), anchorHoriz='center', anchorVert='center', antialias=True, autoLog=True, bold=False, color=array([1., 1., 1.]), colorSpace='rgb', contrast=1.0, depth=-3.0, flipHoriz=False, flipVert=False, font='Arial', fontFiles=[], height=0.05, italic=False, languageStyle='LTR', name='instructBottom', opacity=1, ori=0, pos=array([ 0. , -0.6]), rgb=UNKNOWN, text=str(...), units='norm', win=Window(...), wrapWidth=1)
9.0006 	EXP 	Created cardImage = ImageStim(__class__=<class 'psychopy.visual.image.ImageStim'>, autoLog=True, color=array([1., 1., 1.]), colorSpace='rgb', contrast=1.0, depth=-4.0, flipHoriz=False, flipVert=False, image='images/bankImage.png', interpolate=True, mask=None, maskParams=None, name='cardImage', opacity=1, ori=0.0, pos=array([0., 0.]), size=array([1., 1.]), texRes=512, units='pix', win=Window(...))
9.0041 	EXP 	Created line_R_vert = Rect(__class__=<class 'psychopy.visual.rect.Rect'>, autoDraw=False, autoLog=True, closeShape=True, color=method-wrapper(...), colorSpace='rgb', contrast=None, depth=-5.0, fillColor=array([1, 1, 1]), fillColorSpace='rgb', fillRGB=array([1, 1, 1]), interpolate=True, lineColor=array([1., 1., 1.]), lineColorSpace='rgb', lineRGB=array([1, 1, 1]), lineWidth=1, name='line_R_vert', opacity=1, ori=0.0, pos=array([0., 0.]), size=array([1., 1.]), units='pix', vertices=ndarray(...), win=Window(...))
9.0056 	EXP 	Created line_L_vert = Rect(__class__=<class 'psychopy.visual.rect.Rect'>, autoDraw=False, autoLog=True, closeShape=True, color=method-wrapper(...), colorSpace='rgb', contrast=None, depth=-6.0, fillColor=array([1, 1, 1]), fillColorSpace='rgb', fillRGB=array([1, 1, 1]), interpolate=True, lineColor=array([1., 1., 1.]), lineColorSpace='rgb', lineRGB=array([1, 1, 1]), lineWidth=1, name='line_L_vert', opacity=1, ori=0.0, pos=array([0., 0.]), size=array([1., 1.]), units='pix', vertices=ndarray(...), win=Window(...))
9.0068 	EXP 	Created line_T_horiz = Rect(__class__=<class 'psychopy.visual.rect.Rect'>, autoDraw=False, autoLog=True, closeShape=True, color=method-wrapper(...), colorSpace='rgb', contrast=None, depth=-7.0, fillColor=array([1, 1, 1]), fillColorSpace='rgb', fillRGB=array([1, 1, 1]), interpolate=True, lineColor=array([1., 1., 1.]), lineColorSpace='rgb', lineRGB=array([1, 1, 1]), lineWidth=1, name='line_T_horiz', opacity=1, ori=0.0, pos=array([0., 0.]), size=array([1., 1.]), units='pix', vertices=ndarray(...), win=Window(...))
9.0080 	EXP 	Created line_B_horiz = Rect(__class__=<class 'psychopy.visual.rect.Rect'>, autoDraw=False, autoLog=True, closeShape=True, color=method-wrapper(...), colorSpace='rgb', contrast=None, depth=-8.0, fillColor=array([1, 1, 1]), fillColorSpace='rgb', fillRGB=array([1, 1, 1]), interpolate=True, lineColor=array([1., 1., 1.]), lineColorSpace='rgb', lineRGB=array([1, 1, 1]), lineWidth=1, name='line_B_horiz', opacity=1, ori=0.0, pos=array([0., 0.]), size=array([1., 1.]), units='pix', vertices=ndarray(...), win=Window(...))
9.0093 	EXP 	Created nextPoly = Rect(__class__=<class 'psychopy.visual.rect.Rect'>, autoDraw=False, autoLog=True, closeShape=True, color=method-wrapper(...), colorSpace='rgb', contrast=None, depth=-9.0, fillColor=array([1, 0, 0]), fillColorSpace='rgb', fillRGB=array([1, 0, 0]), interpolate=True, lineColor=array([-1., -1., -1.]), lineColorSpace='rgb', lineRGB=array([-1, -1, -1]), lineWidth=2, name='nextPoly', opacity=1, ori=0.0, pos=array([ 0.8, -0.8]), size=array([0.12, 0.06]), units='norm', vertices=ndarray(...), win=Window(...))
9.0107 	EXP 	Created nextButton = TextStim(__class__=<class 'psychopy.visual.text.TextStim'>, alignHoriz=method-wrapper(...), alignText='center', alignVert=method-wrapper(...), anchorHoriz='center', anchorVert='center', antialias=True, autoLog=True, bold=False, color=array([-1., -1., -1.]), colorSpace='rgb', contrast=1.0, depth=-10.0, flipHoriz=False, flipVert=False, font='Arial', fontFiles=[], height=0.05, italic=False, languageStyle='LTR', name='nextButton', opacity=1, ori=0, pos=array([ 0.8, -0.8]), rgb=UNKNOWN, text='', units='norm', win=Window(...), wrapWidth=1)
9.0108 	EXP 	window1: mouseVisible = True
9.0182 	EXP 	Created instruct = TextStim(__class__=<class 'psychopy.visual.text.TextStim'>, alignHoriz=method-wrapper(...), alignText='center', alignVert=method-wrapper(...), anchorHoriz='center', anchorVert='center', antialias=True, autoLog=True, bold=False, color=array([1., 1., 1.]), colorSpace='rgb', contrast=1.0, depth=0.0, flipHoriz=False, flipVert=False, font='Arial', fontFiles=[], height=0.05, italic=False, languageStyle='LTR', name='instruct', opacity=1, ori=0, pos=array([0. , 0.7]), rgb=UNKNOWN, text=str(...), units='norm', win=Window(...), wrapWidth=1)
9.0391 	EXP 	window1: mouseVisible = True
9.0480 	EXP 	Created slider = Slider(__class__=<class 'psychopy.visual.slider.Slider'>, autoDraw=False, autoLog=True, borderColor=None, color=None, colorSpace='rgb', depth=-1, fillColor=None, flip=False, font='Open Sans', granularity=0.0, labelHeight=0.05, labelWrapWidth=None, labels=None, name='slider', opacity=None, pos=(0, -0.4), readOnly=False, self=UNKNOWN, size=(10.0, 0.05), startValue=None, style=method-wrapper(...), styleTweaks=method-wrapper(...), ticks=array([-1. , -0.5,  0. ]), units='height', win=Window(...))
9.0566 	EXP 	Created targetTri = ShapeStim(__class__=<class 'psychopy.visual.shape.ShapeStim'>, autoDraw=False, autoLog=True, closeShape=True, color=method-wrapper(...), colorSpace='rgb', contrast=None, depth=-3.0, fillColor=array([-1, -1,  1]), fillColorSpace='rgb', fillRGB=array([-1, -1,  1]), interpolate=True, lineColor=array([-1., -1.,  1.]), lineColorSpace='rgb', lineRGB=array([-1, -1,  1]), lineWidth=1, name='targetTri', opacity=1, ori=0.0, pos=array([-0.95, -0.03]), size=array([0.05, 0.15]), units='norm', vertices=ndarray(...), win=Window(...), windingRule=None)
9.0581 	EXP 	Created nextPoly1 = Rect(__class__=<class 'psychopy.visual.rect.Rect'>, autoDraw=False, autoLog=True, closeShape=True, color=method-wrapper(...), colorSpace='rgb', contrast=None, depth=-4.0, fillColor=array([1, 0, 0]), fillColorSpace='rgb', fillRGB=array([1, 0, 0]), interpolate=True, lineColor=array([-1., -1., -1.]), lineColorSpace='rgb', lineRGB=array([-1, -1, -1]), lineWidth=1, name='nextPoly1', opacity=1, ori=0.0, pos=array([ 0.8, -0.8]), size=array([0.12, 0.06]), units='norm', vertices=ndarray(...), win=Window(...))
9.0594 	EXP 	Created nextButton1 = TextStim(__class__=<class 'psychopy.visual.text.TextStim'>, alignHoriz=method-wrapper(...), alignText='center', alignVert=method-wrapper(...), anchorHoriz='center', anchorVert='center', antialias=True, autoLog=True, bold=False, color=array([-1., -1., -1.]), colorSpace='rgb', contrast=1.0, depth=-5.0, flipHoriz=False, flipVert=False, font='Arial', fontFiles=[], height=0.05, italic=False, languageStyle='LTR', name='nextButton1', opacity=1, ori=0, pos=array([ 0.8, -0.8]), rgb=UNKNOWN, text='', units='norm', win=Window(...), wrapWidth=1)
9.0595 	EXP 	window1: mouseVisible = True
9.1066 	EXP 	slider: autoLog = True
9.1066 	EXP 	slider: markerPos = None
9.1066 	EXP 	slider: rating = None
9.1066 	EXP 	slider: markerPos = None
9.1066 	EXP 	slider: contrast = 1.0
9.1066 	EXP 	slider: autoLog = True
9.1066 	EXP 	slider: styleTweaks = []
9.1066 	EXP 	slider: style = 'slider'
9.1066 	EXP 	slider: styleTweaks = ['labels45', 'triangleMarker']
9.1066 	EXP 	warningESC: text = ''
9.1066 	EXP 	warningESC: autoDraw = False
9.1066 	EXP 	nextButton: text = 'Next'
9.1066 	EXP 	instructTop: autoDraw = True
9.1066 	EXP 	instructBottom: autoDraw = True
9.1066 	EXP 	cardImage: autoDraw = True
9.1066 	EXP 	line_R_vert: autoDraw = True
9.1066 	EXP 	line_L_vert: autoDraw = True
9.1066 	EXP 	line_T_horiz: autoDraw = True
9.1066 	EXP 	line_B_horiz: autoDraw = True
9.1066 	EXP 	nextPoly: autoDraw = True
9.1066 	EXP 	nextButton: autoDraw = True
13.0509 	DATA 	Mouse: Left button down, pos=(1276,86)
13.0911 	EXP 	instructTop: autoDraw = False
13.0911 	EXP 	instructBottom: autoDraw = False
13.0911 	EXP 	cardImage: autoDraw = False
13.0911 	EXP 	line_R_vert: autoDraw = False
13.0911 	EXP 	line_L_vert: autoDraw = False
13.0911 	EXP 	line_T_horiz: autoDraw = False
13.0911 	EXP 	line_B_horiz: autoDraw = False
13.0911 	EXP 	nextPoly: autoDraw = False
13.0911 	EXP 	nextButton: autoDraw = False
13.0911 	EXP 	slider: markerPos = None
13.0911 	EXP 	slider: markerPos = None
13.0911 	EXP 	slider: rating = None
13.0911 	EXP 	slider: markerPos = 0
13.0911 	EXP 	instruct: autoDraw = True
13.0911 	EXP 	slider: autoDraw = True
13.0911 	EXP 	targetTri: autoDraw = True
13.0911 	EXP 	nextPoly1: autoDraw = True
13.0911 	EXP 	nextButton1: autoDraw = True
13.0911 	EXP 	slider: markerPos = -0.4382222222222222
13.1102 	EXP 	slider: markerPos = -0.4382222222222222
13.1306 	EXP 	slider: markerPos = -0.4382222222222222
13.1537 	EXP 	slider: markerPos = -0.4382222222222222
13.1552 	DATA 	Mouse:  Left button up, pos=(1276,86)
13.1734 	EXP 	slider: markerPos = -0.4382222222222222
13.1734 	EXP 	slider: rating = -0.4382222222222222
16.1408 	DATA 	Mouse: Left button down, pos=(1279,125)
16.9216 	DATA 	Mouse:  Left button up, pos=(798,148)
17.8035 	DATA 	Mouse: Left button down, pos=(1277,125)
18.6629 	DATA 	Mouse:  Left button up, pos=(678,151)
19.2384 	DATA 	Mouse: wheel shift=(0,0), pos=(708,113)
19.2703 	DATA 	Mouse: wheel shift=(0,0), pos=(708,113)
19.2859 	DATA 	Mouse: wheel shift=(0,0), pos=(708,113)
19.2920 	DATA 	Mouse: wheel shift=(0,0), pos=(708,113)
19.3073 	DATA 	Mouse: wheel shift=(0,0), pos=(708,113)
19.3080 	DATA 	Mouse: wheel shift=(0,0), pos=(708,113)
19.3383 	DATA 	Mouse: wheel shift=(0,0), pos=(708,113)
19.3388 	DATA 	Mouse: wheel shift=(0,0), pos=(708,113)
19.3547 	DATA 	Mouse: wheel shift=(0,0), pos=(708,113)
19.3573 	DATA 	Mouse: wheel shift=(0,0), pos=(708,113)
19.3720 	DATA 	Mouse: wheel shift=(0,0), pos=(708,113)
19.3725 	DATA 	Mouse: wheel shift=(0,0), pos=(708,113)
19.3908 	DATA 	Mouse: wheel shift=(0,0), pos=(708,113)
19.3963 	DATA 	Mouse: wheel shift=(0,0), pos=(708,113)
19.4073 	DATA 	Mouse: wheel shift=(0,0), pos=(708,113)
19.4129 	DATA 	Mouse: wheel shift=(0,0), pos=(708,113)
19.4273 	DATA 	Mouse: wheel shift=(0,0), pos=(708,113)
19.4279 	DATA 	Mouse: wheel shift=(0,0), pos=(708,113)
19.4450 	DATA 	Mouse: wheel shift=(0,0), pos=(708,113)
19.4517 	DATA 	Mouse: wheel shift=(0,0), pos=(708,113)
19.4627 	DATA 	Mouse: wheel shift=(0,0), pos=(708,113)
19.4708 	DATA 	Mouse: wheel shift=(0,0), pos=(708,113)
19.4822 	DATA 	Mouse: wheel shift=(0,0), pos=(708,113)
19.4850 	DATA 	Mouse: wheel shift=(0,0), pos=(708,113)
19.5004 	DATA 	Mouse: wheel shift=(0,0), pos=(708,113)
19.5530 	DATA 	Mouse: wheel shift=(0,0), pos=(708,113)
20.5263 	DATA 	Mouse: Left button down, pos=(1274,86)
20.5440 	EXP 	slider: markerPos = -0.4384444444444444
20.5632 	EXP 	slider: markerPos = -0.4384444444444444
20.5811 	EXP 	slider: markerPos = -0.4384444444444444
20.6043 	EXP 	slider: markerPos = -0.4384444444444444
20.6216 	EXP 	slider: markerPos = -0.4384444444444444
20.6417 	EXP 	slider: markerPos = -0.4384444444444444
20.6613 	EXP 	slider: markerPos = -0.4384444444444444
20.6807 	EXP 	slider: markerPos = -0.4384444444444444
20.6912 	DATA 	Mouse:  Left button up, pos=(1274,86)
20.7053 	EXP 	slider: markerPos = -0.4384444444444444
20.7255 	EXP 	slider: markerPos = -0.4384444444444444
20.7255 	EXP 	slider: rating = -0.4384444444444444
21.8447 	DATA 	Mouse: Left button down, pos=(1190,85)
21.8756 	EXP 	slider: markerPos = -0.4478888888888889
21.8956 	EXP 	slider: markerPos = -0.4478888888888889
21.9165 	EXP 	slider: markerPos = -0.4478888888888889
21.9358 	EXP 	slider: markerPos = -0.4478888888888889
21.9548 	EXP 	slider: markerPos = -0.4478888888888889
21.9735 	EXP 	slider: markerPos = -0.4478888888888889
21.9928 	EXP 	slider: markerPos = -0.4478888888888889
22.0040 	DATA 	Mouse:  Left button up, pos=(1189,85)
22.0143 	EXP 	slider: markerPos = -0.4478888888888889
22.0345 	EXP 	slider: markerPos = -0.4478888888888889
22.0345 	EXP 	slider: rating = -0.4478888888888889
22.5388 	DATA 	Mouse: Left button down, pos=(1188,108)
22.5721 	EXP 	slider: markerPos = -0.44799999999999995
22.5890 	EXP 	slider: markerPos = -0.44799999999999995
22.6085 	EXP 	slider: markerPos = -0.44799999999999995
22.6298 	EXP 	slider: markerPos = -0.44799999999999995
22.6544 	EXP 	slider: markerPos = -0.4481111111111111
22.6753 	EXP 	slider: markerPos = -0.44933333333333336
22.6956 	EXP 	slider: markerPos = -0.45066666666666666
22.7218 	EXP 	slider: markerPos = -0.45377777777777784
22.7401 	EXP 	slider: markerPos = -0.4578888888888889
22.7608 	EXP 	slider: markerPos = -0.46099999999999997
22.7849 	EXP 	slider: markerPos = -0.46511111111111114
22.8073 	EXP 	slider: markerPos = -0.4688888888888889
22.8270 	EXP 	slider: markerPos = -0.4715555555555555
22.8518 	EXP 	slider: markerPos = -0.4733333333333334
22.8736 	EXP 	slider: markerPos = -0.47577777777777774
22.8920 	EXP 	slider: markerPos = -0.477
22.9125 	EXP 	slider: markerPos = -0.4775555555555555
22.9387 	EXP 	slider: markerPos = -0.4778888888888889
22.9555 	EXP 	slider: markerPos = -0.478
22.9754 	EXP 	slider: markerPos = -0.478
22.9959 	EXP 	slider: markerPos = -0.478
23.0154 	EXP 	slider: markerPos = -0.478
23.0358 	EXP 	slider: markerPos = -0.4782222222222222
23.0385 	DATA 	Mouse: wheel shift=(0,0), pos=(897,88)
23.0472 	DATA 	Mouse: wheel shift=(0,0), pos=(897,88)
23.0577 	EXP 	slider: markerPos = -0.4803333333333333
23.0793 	EXP 	slider: markerPos = -0.4808888888888889
23.1054 	EXP 	slider: markerPos = -0.49322222222222223
23.1254 	EXP 	slider: markerPos = -0.5011111111111111
23.1466 	EXP 	slider: markerPos = -0.5054444444444444
23.1672 	EXP 	slider: markerPos = -0.5085555555555555
23.1873 	EXP 	slider: markerPos = -0.51
23.2071 	EXP 	slider: markerPos = -0.5106666666666666
23.2286 	EXP 	slider: markerPos = -0.510888888888889
23.2527 	EXP 	slider: markerPos = -0.510888888888889
23.2708 	EXP 	slider: markerPos = -0.510888888888889
23.2909 	EXP 	slider: markerPos = -0.510888888888889
23.3107 	EXP 	slider: markerPos = -0.510888888888889
23.3368 	EXP 	slider: markerPos = -0.510888888888889
23.3545 	EXP 	slider: markerPos = -0.510888888888889
23.3743 	EXP 	slider: markerPos = -0.510888888888889
23.3941 	EXP 	slider: markerPos = -0.510888888888889
23.4138 	EXP 	slider: markerPos = -0.510888888888889
23.4334 	EXP 	slider: markerPos = -0.510888888888889
23.4583 	EXP 	slider: markerPos = -0.5123333333333333
23.4772 	EXP 	slider: markerPos = -0.5171111111111111
23.4975 	EXP 	slider: markerPos = -0.5261111111111111
23.5223 	EXP 	slider: markerPos = -0.5387777777777778
23.5422 	EXP 	slider: markerPos = -0.5517777777777777
23.5624 	EXP 	slider: markerPos = -0.5563333333333333
23.5886 	EXP 	slider: markerPos = -0.5616666666666666
23.6070 	EXP 	slider: markerPos = -0.5644444444444444
23.6290 	EXP 	slider: markerPos = -0.5657777777777777
23.6536 	EXP 	slider: markerPos = -0.5662222222222222
23.6703 	EXP 	slider: markerPos = -0.5663333333333334
23.6893 	EXP 	slider: markerPos = -0.5663333333333334
23.7107 	EXP 	slider: markerPos = -0.5663333333333334
23.7362 	EXP 	slider: markerPos = -0.5663333333333334
23.7559 	EXP 	slider: markerPos = -0.5663333333333334
23.7761 	EXP 	slider: markerPos = -0.5663333333333334
23.7972 	EXP 	slider: markerPos = -0.5663333333333334
23.8212 	EXP 	slider: markerPos = -0.5662222222222222
23.8399 	EXP 	slider: markerPos = -0.5662222222222222
23.8604 	EXP 	slider: markerPos = -0.5662222222222222
23.8810 	EXP 	slider: markerPos = -0.5662222222222222
23.9057 	EXP 	slider: markerPos = -0.5662222222222222
23.9248 	EXP 	slider: markerPos = -0.5662222222222222
23.9453 	EXP 	slider: markerPos = -0.5662222222222222
23.9700 	EXP 	slider: markerPos = -0.5662222222222222
23.9879 	EXP 	slider: markerPos = -0.5662222222222222
24.0092 	EXP 	slider: markerPos = -0.5662222222222222
24.0311 	EXP 	slider: markerPos = -0.5664444444444444
24.0514 	EXP 	slider: markerPos = -0.5667777777777778
24.0759 	EXP 	slider: markerPos = -0.567
24.0956 	EXP 	slider: markerPos = -0.5674444444444444
24.1205 	EXP 	slider: markerPos = -0.5677777777777777
24.1423 	EXP 	slider: markerPos = -0.5681111111111111
24.1692 	EXP 	slider: markerPos = -0.5685555555555556
24.1906 	EXP 	slider: markerPos = -0.5694444444444444
24.2185 	EXP 	slider: markerPos = -0.5701111111111111
24.2356 	EXP 	slider: markerPos = -0.5707777777777778
24.2600 	EXP 	slider: markerPos = -0.5711111111111111
24.2815 	EXP 	slider: markerPos = -0.5718888888888889
24.3076 	EXP 	slider: markerPos = -0.5725555555555555
24.3285 	EXP 	slider: markerPos = -0.5731111111111111
24.3547 	EXP 	slider: markerPos = -0.5736666666666667
24.3767 	EXP 	slider: markerPos = -0.5740000000000001
24.4003 	EXP 	slider: markerPos = -0.5743333333333334
24.4242 	EXP 	slider: markerPos = -0.5745555555555555
24.4482 	EXP 	slider: markerPos = -0.5748888888888889
24.4760 	EXP 	slider: markerPos = -0.575
24.4964 	EXP 	slider: markerPos = -0.5752222222222222
24.5244 	EXP 	slider: markerPos = -0.5752222222222222
24.5445 	EXP 	slider: markerPos = -0.5753333333333334
24.5741 	EXP 	slider: markerPos = -0.5754444444444444
24.5958 	EXP 	slider: markerPos = -0.5755555555555556
24.6228 	EXP 	slider: markerPos = -0.5756666666666667
24.6445 	EXP 	slider: markerPos = -0.5757777777777777
24.6713 	EXP 	slider: markerPos = -0.5760000000000001
24.6927 	EXP 	slider: markerPos = -0.5762222222222222
24.7216 	EXP 	slider: markerPos = -0.5764444444444444
24.7456 	EXP 	slider: markerPos = -0.5771111111111111
24.7748 	EXP 	slider: markerPos = -0.5780000000000001
24.8020 	EXP 	slider: markerPos = -0.5786666666666667
24.8239 	EXP 	slider: markerPos = -0.5795555555555556
24.8537 	EXP 	slider: markerPos = -0.5798888888888889
24.8765 	EXP 	slider: markerPos = -0.5800000000000001
24.8985 	EXP 	slider: markerPos = -0.5800000000000001
24.9256 	EXP 	slider: markerPos = -0.5800000000000001
24.9527 	EXP 	slider: markerPos = -0.5800000000000001
24.9730 	EXP 	slider: markerPos = -0.5800000000000001
24.9954 	EXP 	slider: markerPos = -0.5800000000000001
25.0177 	EXP 	slider: markerPos = -0.5800000000000001
25.0400 	EXP 	slider: markerPos = -0.5800000000000001
25.0697 	EXP 	slider: markerPos = -0.5800000000000001
25.0890 	EXP 	slider: markerPos = -0.5798888888888889
25.1141 	EXP 	slider: markerPos = -0.5796666666666667
25.1415 	EXP 	slider: markerPos = -0.5794444444444444
25.1636 	EXP 	slider: markerPos = -0.5793333333333334
25.1894 	EXP 	slider: markerPos = -0.5793333333333334
25.2105 	EXP 	slider: markerPos = -0.5792222222222222
25.2328 	EXP 	slider: markerPos = -0.5792222222222222
25.2590 	EXP 	slider: markerPos = -0.5792222222222222
25.2853 	EXP 	slider: markerPos = -0.5791111111111111
25.3059 	EXP 	slider: markerPos = -0.579
25.3288 	EXP 	slider: markerPos = -0.579
25.3670 	EXP 	slider: markerPos = -0.5788888888888889
25.3872 	EXP 	slider: markerPos = -0.5787777777777778
25.4097 	EXP 	slider: markerPos = -0.5787777777777778
25.4322 	EXP 	slider: markerPos = -0.5787777777777778
25.4545 	EXP 	slider: markerPos = -0.5787777777777778
25.4791 	EXP 	slider: markerPos = -0.5786666666666667
25.5075 	EXP 	slider: markerPos = -0.5785555555555555
25.5289 	EXP 	slider: markerPos = -0.5783333333333334
25.5572 	EXP 	slider: markerPos = -0.5782222222222222
25.5786 	EXP 	slider: markerPos = -0.5781111111111111
25.6059 	EXP 	slider: markerPos = -0.5780000000000001
25.6272 	EXP 	slider: markerPos = -0.5778888888888889
25.6485 	EXP 	slider: markerPos = -0.5778888888888889
25.6754 	EXP 	slider: markerPos = -0.5778888888888889
25.6967 	EXP 	slider: markerPos = -0.5777777777777777
25.7248 	EXP 	slider: markerPos = -0.5776666666666667
25.7469 	EXP 	slider: markerPos = -0.5776666666666667
25.7754 	EXP 	slider: markerPos = -0.5775555555555556
25.7965 	EXP 	slider: markerPos = -0.5774444444444444
25.8241 	EXP 	slider: markerPos = -0.5774444444444444
25.8451 	EXP 	slider: markerPos = -0.5773333333333334
25.8726 	EXP 	slider: markerPos = -0.5773333333333334
25.8956 	EXP 	slider: markerPos = -0.5773333333333334
25.9241 	EXP 	slider: markerPos = -0.5772222222222222
25.9467 	EXP 	slider: markerPos = -0.5772222222222222
25.9699 	EXP 	slider: markerPos = -0.5771111111111111
25.9949 	EXP 	slider: markerPos = -0.577
26.0163 	EXP 	slider: markerPos = -0.577
26.0446 	EXP 	slider: markerPos = -0.577
26.0724 	EXP 	slider: markerPos = -0.5768888888888889
26.0947 	EXP 	slider: markerPos = -0.5768888888888889
26.1251 	EXP 	slider: markerPos = -0.5768888888888889
26.1473 	EXP 	slider: markerPos = -0.5768888888888889
26.1697 	EXP 	slider: markerPos = -0.5768888888888889
26.1725 	DATA 	Mouse:  Left button up, pos=(28,122)
26.1965 	EXP 	slider: markerPos = -0.5768888888888889
26.1965 	EXP 	slider: rating = -0.5768888888888889
27.4197 	DATA 	Mouse: Left button down, pos=(1282,88)
27.4377 	EXP 	slider: markerPos = -0.4375555555555556
27.4496 	EXP 	window1: mouseVisible = True
