2.3375 	WARNING 	We strongly recommend you activate the PTB sound engine in PsychoPy prefs as the preferred audio engine. Its timing is vastly superior. Your prefs are currently set to use ['sounddevice', 'PTB', 'pyo', 'pygame'] (in that order).
56.9665 	EXP 	Created window1 = Window(allowGUI=True, allowStencil=False, autoLog=True, backendConf=UNKNOWN, bitsMode=UNKNOWN, blendMode='avg', bpc=(8, 8, 8), color=array([-1, -1, -1]), colorSpace='rgb', depthBits=8, fullscr=<method-wrapper '__getattribute__' of attributeSetter object at 0x7f9313714828>, gamma=None, gammaErrorPolicy='raise', lms=UNKNOWN, monitor=<psychopy.monitors.calibTools.Monitor object at 0x7f93142fa198>, multiSample=False, name='window1', numSamples=2, pos=[360.0, 225.0], screen=0, size=array([2880, 1800]), stencilBits=0, stereo=False, units='pix', useFBO=True, useRetina=True, viewOri=0.0, viewPos=None, viewScale=None, waitBlanking=True, winType='pyglet')
56.9668 	EXP 	window1: mouseVisible = True
56.9668 	EXP 	window1: recordFrameIntervals = False
57.1324 	EXP 	window1: recordFrameIntervals = True
57.3159 	EXP 	window1: recordFrameIntervals = False
58.6639 	EXP 	Created warningESC = TextStim(__class__=<class 'psychopy.visual.text.TextStim'>, alignHoriz=method-wrapper(...), alignText='center', alignVert=method-wrapper(...), anchorHoriz='center', anchorVert='center', antialias=True, autoLog=True, bold=False, color=array([1., 1., 1.]), colorSpace='rgb', contrast=1.0, depth=-1.0, flipHoriz=False, flipVert=False, font='Arial', fontFiles=[], height=0.05, italic=False, languageStyle='LTR', name='warningESC', opacity=1, ori=0.0, pos=array([0., 0.]), rgb=UNKNOWN, text='', units='norm', win=Window(...), wrapWidth=1)
58.7518 	EXP 	Created instructTop = TextStim(__class__=<class 'psychopy.visual.text.TextStim'>, alignHoriz=method-wrapper(...), alignText='center', alignVert=method-wrapper(...), anchorHoriz='center', anchorVert='center', antialias=True, autoLog=True, bold=False, color=array([1., 1., 1.]), colorSpace='rgb', contrast=1.0, depth=-2.0, flipHoriz=False, flipVert=False, font='Arial', fontFiles=[], height=0.05, italic=False, languageStyle='LTR', name='instructTop', opacity=1, ori=0, pos=array([0. , 0.7]), rgb=UNKNOWN, text=str(...), units='norm', win=Window(...), wrapWidth=1.5)
58.7778 	EXP 	Created instructBottom = TextStim(__class__=<class 'psychopy.visual.text.TextStim'>, alignHoriz=method-wrapper(...), alignText='center', alignVert=method-wrapper(...), anchorHoriz='center', anchorVert='center', antialias=True, autoLog=True, bold=False, color=array([1., 1., 1.]), colorSpace='rgb', contrast=1.0, depth=-3.0, flipHoriz=False, flipVert=False, font='Arial', fontFiles=[], height=0.05, italic=False, languageStyle='LTR', name='instructBottom', opacity=1, ori=0, pos=array([ 0. , -0.6]), rgb=UNKNOWN, text=str(...), units='norm', win=Window(...), wrapWidth=1)
58.8529 	EXP 	Created cardImage = ImageStim(__class__=<class 'psychopy.visual.image.ImageStim'>, autoLog=True, color=array([1., 1., 1.]), colorSpace='rgb', contrast=1.0, depth=-4.0, flipHoriz=False, flipVert=False, image='images/bankImage.png', interpolate=True, mask=None, maskParams=None, name='cardImage', opacity=1, ori=0.0, pos=array([0., 0.]), size=array([1., 1.]), texRes=512, units='pix', win=Window(...))
58.8566 	EXP 	Created line_R_vert = Rect(__class__=<class 'psychopy.visual.rect.Rect'>, autoDraw=False, autoLog=True, closeShape=True, color=method-wrapper(...), colorSpace='rgb', contrast=None, depth=-5.0, fillColor=array([1, 1, 1]), fillColorSpace='rgb', fillRGB=array([1, 1, 1]), interpolate=True, lineColor=array([1., 1., 1.]), lineColorSpace='rgb', lineRGB=array([1, 1, 1]), lineWidth=1, name='line_R_vert', opacity=1, ori=0.0, pos=array([0., 0.]), size=array([1., 1.]), units='pix', vertices=ndarray(...), win=Window(...))
58.8586 	EXP 	Created line_L_vert = Rect(__class__=<class 'psychopy.visual.rect.Rect'>, autoDraw=False, autoLog=True, closeShape=True, color=method-wrapper(...), colorSpace='rgb', contrast=None, depth=-6.0, fillColor=array([1, 1, 1]), fillColorSpace='rgb', fillRGB=array([1, 1, 1]), interpolate=True, lineColor=array([1., 1., 1.]), lineColorSpace='rgb', lineRGB=array([1, 1, 1]), lineWidth=1, name='line_L_vert', opacity=1, ori=0.0, pos=array([0., 0.]), size=array([1., 1.]), units='pix', vertices=ndarray(...), win=Window(...))
58.8604 	EXP 	Created line_T_horiz = Rect(__class__=<class 'psychopy.visual.rect.Rect'>, autoDraw=False, autoLog=True, closeShape=True, color=method-wrapper(...), colorSpace='rgb', contrast=None, depth=-7.0, fillColor=array([1, 1, 1]), fillColorSpace='rgb', fillRGB=array([1, 1, 1]), interpolate=True, lineColor=array([1., 1., 1.]), lineColorSpace='rgb', lineRGB=array([1, 1, 1]), lineWidth=1, name='line_T_horiz', opacity=1, ori=0.0, pos=array([0., 0.]), size=array([1., 1.]), units='pix', vertices=ndarray(...), win=Window(...))
58.8617 	EXP 	Created line_B_horiz = Rect(__class__=<class 'psychopy.visual.rect.Rect'>, autoDraw=False, autoLog=True, closeShape=True, color=method-wrapper(...), colorSpace='rgb', contrast=None, depth=-8.0, fillColor=array([1, 1, 1]), fillColorSpace='rgb', fillRGB=array([1, 1, 1]), interpolate=True, lineColor=array([1., 1., 1.]), lineColorSpace='rgb', lineRGB=array([1, 1, 1]), lineWidth=1, name='line_B_horiz', opacity=1, ori=0.0, pos=array([0., 0.]), size=array([1., 1.]), units='pix', vertices=ndarray(...), win=Window(...))
58.8640 	EXP 	Created nextPoly = Rect(__class__=<class 'psychopy.visual.rect.Rect'>, autoDraw=False, autoLog=True, closeShape=True, color=method-wrapper(...), colorSpace='rgb', contrast=None, depth=-9.0, fillColor=array([1, 0, 0]), fillColorSpace='rgb', fillRGB=array([1, 0, 0]), interpolate=True, lineColor=array([-1., -1., -1.]), lineColorSpace='rgb', lineRGB=array([-1, -1, -1]), lineWidth=2, name='nextPoly', opacity=1, ori=0.0, pos=array([ 0.8, -0.8]), size=array([0.12, 0.06]), units='norm', vertices=ndarray(...), win=Window(...))
58.8656 	EXP 	Created nextButton = TextStim(__class__=<class 'psychopy.visual.text.TextStim'>, alignHoriz=method-wrapper(...), alignText='center', alignVert=method-wrapper(...), anchorHoriz='center', anchorVert='center', antialias=True, autoLog=True, bold=False, color=array([-1., -1., -1.]), colorSpace='rgb', contrast=1.0, depth=-10.0, flipHoriz=False, flipVert=False, font='Arial', fontFiles=[], height=0.05, italic=False, languageStyle='LTR', name='nextButton', opacity=1, ori=0, pos=array([ 0.8, -0.8]), rgb=UNKNOWN, text='', units='norm', win=Window(...), wrapWidth=1)
58.8658 	EXP 	window1: mouseVisible = True
58.8759 	EXP 	Created instruct = TextStim(__class__=<class 'psychopy.visual.text.TextStim'>, alignHoriz=method-wrapper(...), alignText='center', alignVert=method-wrapper(...), anchorHoriz='center', anchorVert='center', antialias=True, autoLog=True, bold=False, color=array([1., 1., 1.]), colorSpace='rgb', contrast=1.0, depth=0.0, flipHoriz=False, flipVert=False, font='Arial', fontFiles=[], height=0.05, italic=False, languageStyle='LTR', name='instruct', opacity=1, ori=0, pos=array([0. , 0.7]), rgb=UNKNOWN, text=str(...), units='norm', win=Window(...), wrapWidth=1)
58.9030 	EXP 	window1: mouseVisible = True
58.9181 	EXP 	Created slider = Slider(__class__=<class 'psychopy.visual.slider.Slider'>, autoDraw=False, autoLog=True, borderColor=None, color=None, colorSpace='rgb', depth=-1, fillColor=None, flip=False, font='Open Sans', granularity=0.0, labelHeight=0.05, labelWrapWidth=None, labels=None, name='slider', opacity=None, pos=(-5000, 0), readOnly=False, self=UNKNOWN, size=(10000.0, 20), startValue=None, style=method-wrapper(...), styleTweaks=method-wrapper(...), ticks=array([-1. ,  0.5,  0. ]), units='pix', win=Window(...))
58.9321 	EXP 	Created targetTri = ShapeStim(__class__=<class 'psychopy.visual.shape.ShapeStim'>, autoDraw=False, autoLog=True, closeShape=True, color=method-wrapper(...), colorSpace='rgb', contrast=None, depth=-3.0, fillColor=array([-1, -1,  1]), fillColorSpace='rgb', fillRGB=array([-1, -1,  1]), interpolate=True, lineColor=array([-1., -1.,  1.]), lineColorSpace='rgb', lineRGB=array([-1, -1,  1]), lineWidth=1, name='targetTri', opacity=1, ori=0.0, pos=array([-0.95,  0.  ]), size=array([0.09, 0.15]), units='norm', vertices=ndarray(...), win=Window(...), windingRule=None)
58.9348 	EXP 	Created nextPoly1 = Rect(__class__=<class 'psychopy.visual.rect.Rect'>, autoDraw=False, autoLog=True, closeShape=True, color=method-wrapper(...), colorSpace='rgb', contrast=None, depth=-4.0, fillColor=array([1, 0, 0]), fillColorSpace='rgb', fillRGB=array([1, 0, 0]), interpolate=True, lineColor=array([-1., -1., -1.]), lineColorSpace='rgb', lineRGB=array([-1, -1, -1]), lineWidth=1, name='nextPoly1', opacity=1, ori=0.0, pos=array([ 0.8, -0.8]), size=array([0.12, 0.06]), units='norm', vertices=ndarray(...), win=Window(...))
58.9367 	EXP 	Created nextButton1 = TextStim(__class__=<class 'psychopy.visual.text.TextStim'>, alignHoriz=method-wrapper(...), alignText='center', alignVert=method-wrapper(...), anchorHoriz='center', anchorVert='center', antialias=True, autoLog=True, bold=False, color=array([-1., -1., -1.]), colorSpace='rgb', contrast=1.0, depth=-5.0, flipHoriz=False, flipVert=False, font='Arial', fontFiles=[], height=0.05, italic=False, languageStyle='LTR', name='nextButton1', opacity=1, ori=0, pos=array([ 0.8, -0.8]), rgb=UNKNOWN, text='', units='norm', win=Window(...), wrapWidth=1)
58.9369 	EXP 	window1: mouseVisible = True
58.9631 	EXP 	Created instructPls = TextStim(__class__=<class 'psychopy.visual.text.TextStim'>, alignHoriz=method-wrapper(...), alignText='center', alignVert=method-wrapper(...), anchorHoriz='center', anchorVert='center', antialias=True, autoLog=True, bold=False, color=array([1., 1., 1.]), colorSpace='rgb', contrast=1.0, depth=-1.0, flipHoriz=False, flipVert=False, font='Arial', fontFiles=[], height=0.07, italic=False, languageStyle='LTR', name='instructPls', opacity=1, ori=0, pos=array([0., 0.]), rgb=UNKNOWN, text=str(...), units='norm', win=Window(...), wrapWidth=1)
58.9653 	EXP 	Created tryAgainPoly = Rect(__class__=<class 'psychopy.visual.rect.Rect'>, autoDraw=False, autoLog=True, closeShape=True, color=method-wrapper(...), colorSpace='rgb', contrast=None, depth=-2.0, fillColor=array([1, 0, 0]), fillColorSpace='rgb', fillRGB=array([1, 0, 0]), interpolate=True, lineColor=array([-1., -1., -1.]), lineColorSpace='rgb', lineRGB=array([-1, -1, -1]), lineWidth=2, name='tryAgainPoly', opacity=1, ori=0.0, pos=array([ 0.8, -0.8]), size=array([0.15, 0.08]), units='norm', vertices=ndarray(...), win=Window(...))
58.9675 	EXP 	Created tryAgainButton = TextStim(__class__=<class 'psychopy.visual.text.TextStim'>, alignHoriz=method-wrapper(...), alignText='center', alignVert=method-wrapper(...), anchorHoriz='center', anchorVert='center', antialias=True, autoLog=True, bold=False, color=array([-1., -1., -1.]), colorSpace='rgb', contrast=1.0, depth=-3.0, flipHoriz=False, flipVert=False, font='Arial', fontFiles=[], height=0.05, italic=False, languageStyle='LTR', name='tryAgainButton', opacity=1, ori=0, pos=array([ 0.8, -0.8]), rgb=UNKNOWN, text='', units='norm', win=Window(...), wrapWidth=1)
58.9676 	EXP 	window1: mouseVisible = True
59.2472 	EXP 	Created instruct1 = ImageStim(__class__=<class 'psychopy.visual.image.ImageStim'>, autoLog=True, color=array([1., 1., 1.]), colorSpace='rgb', contrast=1.0, depth=-2.0, flipHoriz=False, flipVert=False, image='images/instruct1.png', interpolate=True, mask=None, maskParams=None, name='instruct1', opacity=1, ori=0.0, pos=array([0., 0.]), size=array([1., 1.]), texRes=512, units='pix', win=Window(...))
59.5080 	EXP 	Created squareStart = Rect(__class__=<class 'psychopy.visual.rect.Rect'>, autoDraw=False, autoLog=True, closeShape=True, color=method-wrapper(...), colorSpace='rgb', contrast=None, depth=-4.0, fillColor=array([0, 0, 0]), fillColorSpace='rgb', fillRGB=array([0, 0, 0]), interpolate=True, lineColor=array([0., 0., 0.]), lineColorSpace='rgb', lineRGB=array([0, 0, 0]), lineWidth=1, name='squareStart', opacity=1, ori=0.0, pos=array([0., 0.]), size=array([1., 1.]), units='pix', vertices=ndarray(...), win=Window(...))
59.5108 	EXP 	Created dotStart = ShapeStim(__class__=<class 'psychopy.visual.shape.ShapeStim'>, autoDraw=False, autoLog=True, closeShape=True, color=method-wrapper(...), colorSpace='rgb', contrast=None, depth=-5.0, fillColor=array([1, 0, 0]), fillColorSpace='rgb', fillRGB=array([1, 0, 0]), interpolate=True, lineColor=array([1., 0., 0.]), lineColorSpace='rgb', lineRGB=array([1, 0, 0]), lineWidth=1, name='dotStart', opacity=1, ori=0.0, pos=array([0., 0.]), size=array([1., 1.]), units='pix', vertices=ndarray(...), win=Window(...), windingRule=None)
59.5127 	EXP 	Created tinyDotStart = ShapeStim(__class__=<class 'psychopy.visual.shape.ShapeStim'>, autoDraw=False, autoLog=True, closeShape=True, color=method-wrapper(...), colorSpace='rgb', contrast=None, depth=-6.0, fillColor=array([1, 1, 1]), fillColorSpace='rgb', fillRGB=array([1, 1, 1]), interpolate=True, lineColor=array([1., 1., 1.]), lineColorSpace='rgb', lineRGB=array([1, 1, 1]), lineWidth=1, name='tinyDotStart', opacity=1, ori=0.0, pos=array([0., 0.]), size=array([1., 1.]), units='pix', vertices=ndarray(...), win=Window(...), windingRule=None)
59.5181 	EXP 	Created dumiTrialCount = TextStim(__class__=<class 'psychopy.visual.text.TextStim'>, alignHoriz=method-wrapper(...), alignText='center', alignVert=method-wrapper(...), anchorHoriz='center', anchorVert='center', antialias=True, autoLog=True, bold=False, color=array([-1., -1.,  1.]), colorSpace='rgb', contrast=1.0, depth=-7.0, flipHoriz=False, flipVert=False, font='Arial', fontFiles=[], height=0.07, italic=False, languageStyle='LTR', name='dumiTrialCount', opacity=1, ori=0, pos=array([ 0. , -0.8]), rgb=UNKNOWN, text='0 out of 3', units='norm', win=Window(...), wrapWidth=1)
59.5197 	EXP 	Created dumiRestrtPoly = Rect(__class__=<class 'psychopy.visual.rect.Rect'>, autoDraw=False, autoLog=True, closeShape=True, color=method-wrapper(...), colorSpace='rgb', contrast=None, depth=-8.0, fillColor=array([-0.3, -0.3, -0.3]), fillColorSpace='rgb', fillRGB=array([-0.3, -0.3, -0.3]), interpolate=True, lineColor=array([-1., -1., -1.]), lineColorSpace='rgb', lineRGB=array([-1, -1, -1]), lineWidth=2, name='dumiRestrtPoly', opacity=1, ori=0.0, pos=array([ 0.7, -0.8]), size=array([0.4 , 0.14]), units='norm', vertices=ndarray(...), win=Window(...))
59.5256 	EXP 	Created dumiRestrtButt = TextStim(__class__=<class 'psychopy.visual.text.TextStim'>, alignHoriz=method-wrapper(...), alignText='center', alignVert=method-wrapper(...), anchorHoriz='center', anchorVert='center', antialias=True, autoLog=True, bold=False, color=array([1., 1., 1.]), colorSpace='rgb', contrast=1.0, depth=-9.0, flipHoriz=False, flipVert=False, font='Arial', fontFiles=[], height=0.05, italic=False, languageStyle='LTR', name='dumiRestrtButt', opacity=1, ori=0, pos=array([ 0.7, -0.8]), rgb=UNKNOWN, text=str(...), units='norm', win=Window(...), wrapWidth=1)
59.5270 	EXP 	Created square = Rect(__class__=<class 'psychopy.visual.rect.Rect'>, autoDraw=False, autoLog=True, closeShape=True, color=method-wrapper(...), colorSpace='rgb', contrast=None, depth=-1.0, fillColor=array([0, 0, 0]), fillColorSpace='rgb', fillRGB=array([0, 0, 0]), interpolate=True, lineColor=array([0., 0., 0.]), lineColorSpace='rgb', lineRGB=array([0, 0, 0]), lineWidth=1, name='square', opacity=1, ori=0.0, pos=array([0., 0.]), size=array([1., 1.]), units='pix', vertices=ndarray(...), win=Window(...))
59.5292 	EXP 	Created dot = ShapeStim(__class__=<class 'psychopy.visual.shape.ShapeStim'>, autoDraw=False, autoLog=True, closeShape=True, color=method-wrapper(...), colorSpace='rgb', contrast=None, depth=-2.0, fillColor=array([1, 0, 0]), fillColorSpace='rgb', fillRGB=array([1, 0, 0]), interpolate=True, lineColor=array([1., 0., 0.]), lineColorSpace='rgb', lineRGB=array([1, 0, 0]), lineWidth=1, name='dot', opacity=1, ori=0.0, pos=array([0., 0.]), size=array([1., 1.]), units='pix', vertices=ndarray(...), win=Window(...), windingRule=None)
59.5309 	EXP 	Created tinyDot = ShapeStim(__class__=<class 'psychopy.visual.shape.ShapeStim'>, autoDraw=False, autoLog=True, closeShape=True, color=method-wrapper(...), colorSpace='rgb', contrast=None, depth=-3.0, fillColor=array([1, 1, 1]), fillColorSpace='rgb', fillRGB=array([1, 1, 1]), interpolate=True, lineColor=array([1., 1., 1.]), lineColorSpace='rgb', lineRGB=array([1, 1, 1]), lineWidth=1, name='tinyDot', opacity=1, ori=0.0, pos=array([0., 0.]), size=array([1., 1.]), units='pix', vertices=ndarray(...), win=Window(...), windingRule=None)
59.7841 	EXP 	Created trialCounter = TextStim(__class__=<class 'psychopy.visual.text.TextStim'>, alignHoriz=method-wrapper(...), alignText='center', alignVert=method-wrapper(...), anchorHoriz='center', anchorVert='center', antialias=True, autoLog=True, bold=False, color=array([-1., -1.,  1.]), colorSpace='rgb', contrast=1.0, depth=-5.0, flipHoriz=False, flipVert=False, font='Arial', fontFiles=[], height=0.07, italic=False, languageStyle='LTR', name='trialCounter', opacity=1, ori=0, pos=array([ 0. , -0.8]), rgb=UNKNOWN, text='', units='norm', win=Window(...), wrapWidth=1)
59.7857 	EXP 	Created restartPoly = Rect(__class__=<class 'psychopy.visual.rect.Rect'>, autoDraw=False, autoLog=True, closeShape=True, color=method-wrapper(...), colorSpace='rgb', contrast=None, depth=-6.0, fillColor=array([-0.3, -0.3, -0.3]), fillColorSpace='rgb', fillRGB=array([-0.3, -0.3, -0.3]), interpolate=True, lineColor=array([-1., -1., -1.]), lineColorSpace='rgb', lineRGB=array([-1, -1, -1]), lineWidth=2, name='restartPoly', opacity=1, ori=0.0, pos=array([ 0.7, -0.8]), size=array([0.4 , 0.14]), units='norm', vertices=ndarray(...), win=Window(...))
59.7908 	EXP 	Created restartText = TextStim(__class__=<class 'psychopy.visual.text.TextStim'>, alignHoriz=method-wrapper(...), alignText='center', alignVert=method-wrapper(...), anchorHoriz='center', anchorVert='center', antialias=True, autoLog=True, bold=False, color=array([1., 1., 1.]), colorSpace='rgb', contrast=1.0, depth=-7.0, flipHoriz=False, flipVert=False, font='Arial', fontFiles=[], height=0.05, italic=False, languageStyle='LTR', name='restartText', opacity=1, ori=0, pos=array([ 0.7, -0.8]), rgb=UNKNOWN, text=str(...), units='norm', win=Window(...), wrapWidth=1)
59.7910 	EXP 	window1: mouseVisible = True
59.8012 	EXP 	Created instructOops = TextStim(__class__=<class 'psychopy.visual.text.TextStim'>, alignHoriz=method-wrapper(...), alignText='center', alignVert=method-wrapper(...), anchorHoriz='center', anchorVert='center', antialias=True, autoLog=True, bold=False, color=array([1., 1., 1.]), colorSpace='rgb', contrast=1.0, depth=-1.0, flipHoriz=False, flipVert=False, font='Arial', fontFiles=[], height=0.07, italic=False, languageStyle='LTR', name='instructOops', opacity=1, ori=0, pos=array([0., 0.]), rgb=UNKNOWN, text=str(...), units='norm', win=Window(...), wrapWidth=1)
59.8025 	EXP 	Created tryAgainPoly1 = Rect(__class__=<class 'psychopy.visual.rect.Rect'>, autoDraw=False, autoLog=True, closeShape=True, color=method-wrapper(...), colorSpace='rgb', contrast=None, depth=-2.0, fillColor=array([1, 0, 0]), fillColorSpace='rgb', fillRGB=array([1, 0, 0]), interpolate=True, lineColor=array([-1., -1., -1.]), lineColorSpace='rgb', lineRGB=array([-1, -1, -1]), lineWidth=2, name='tryAgainPoly1', opacity=1, ori=0.0, pos=array([ 0.8, -0.8]), size=array([0.15, 0.08]), units='norm', vertices=ndarray(...), win=Window(...))
59.8038 	EXP 	Created tryAgainButton1 = TextStim(__class__=<class 'psychopy.visual.text.TextStim'>, alignHoriz=method-wrapper(...), alignText='center', alignVert=method-wrapper(...), anchorHoriz='center', anchorVert='center', antialias=True, autoLog=True, bold=False, color=array([-1., -1., -1.]), colorSpace='rgb', contrast=1.0, depth=-3.0, flipHoriz=False, flipVert=False, font='Arial', fontFiles=[], height=0.05, italic=False, languageStyle='LTR', name='tryAgainButton1', opacity=1, ori=0, pos=array([ 0.8, -0.8]), rgb=UNKNOWN, text='', units='norm', win=Window(...), wrapWidth=1)
59.8039 	EXP 	window1: mouseVisible = True
59.8395 	EXP 	Created instruct2 = TextStim(__class__=<class 'psychopy.visual.text.TextStim'>, alignHoriz=method-wrapper(...), alignText='center', alignVert=method-wrapper(...), anchorHoriz='center', anchorVert='center', antialias=True, autoLog=True, bold=False, color=array([1., 1., 1.]), colorSpace='rgb', contrast=1.0, depth=0.0, flipHoriz=False, flipVert=False, font='Arial', fontFiles=[], height=0.03, italic=False, languageStyle='LTR', name='instruct2', opacity=1, ori=0, pos=array([0., 0.]), rgb=UNKNOWN, text=str(...), units='norm', win=Window(...), wrapWidth=1.5)
60.1345 	EXP 	slider: autoLog = True
60.1345 	EXP 	slider: markerPos = None
60.1345 	EXP 	slider: rating = None
60.1345 	EXP 	slider: markerPos = None
60.1345 	EXP 	slider: contrast = 1.0
60.1345 	EXP 	slider: autoLog = True
60.1345 	EXP 	slider: styleTweaks = []
60.1345 	EXP 	slider: style = 'slider'
60.1345 	EXP 	slider: styleTweaks = ['labels45', 'triangleMarker']
60.1345 	EXP 	warningESC: text = ''
60.1345 	EXP 	warningESC: autoDraw = False
60.1345 	EXP 	nextButton: text = 'Next'
60.1345 	EXP 	instructTop: autoDraw = True
60.1345 	EXP 	instructBottom: autoDraw = True
60.1345 	EXP 	cardImage: autoDraw = True
60.1345 	EXP 	line_R_vert: autoDraw = True
60.1345 	EXP 	line_L_vert: autoDraw = True
60.1345 	EXP 	line_T_horiz: autoDraw = True
60.1345 	EXP 	line_B_horiz: autoDraw = True
60.1345 	EXP 	nextPoly: autoDraw = True
60.1345 	EXP 	nextButton: autoDraw = True
64.7572 	DATA 	Keypress: down
64.8886 	DATA 	Keypress: down
65.0360 	DATA 	Keypress: down
65.1735 	DATA 	Keypress: down
65.3147 	DATA 	Keypress: down
65.4656 	DATA 	Keypress: down
65.6275 	DATA 	Keypress: down
65.7929 	DATA 	Keypress: down
65.9735 	DATA 	Keypress: down
66.1585 	DATA 	Keypress: down
66.3488 	DATA 	Keypress: down
66.5431 	DATA 	Keypress: down
66.8968 	DATA 	Keypress: down
68.1110 	DATA 	Mouse: Left button down, pos=(1303,95)
68.1141 	EXP 	Created sequence: random, trialTypes=1, nReps=50, seed=None
68.1148 	EXP 	New trial (rep=0, index=0): None
68.1492 	EXP 	instructTop: autoDraw = False
68.1492 	EXP 	instructBottom: autoDraw = False
68.1492 	EXP 	cardImage: autoDraw = False
68.1492 	EXP 	line_R_vert: autoDraw = False
68.1492 	EXP 	line_L_vert: autoDraw = False
68.1492 	EXP 	line_T_horiz: autoDraw = False
68.1492 	EXP 	line_B_horiz: autoDraw = False
68.1492 	EXP 	nextPoly: autoDraw = False
68.1492 	EXP 	nextButton: autoDraw = False
68.1492 	EXP 	slider: markerPos = None
68.1492 	EXP 	slider: markerPos = None
68.1492 	EXP 	slider: rating = None
68.1492 	EXP 	slider: markerPos = 0
68.1492 	EXP 	instruct: autoDraw = True
68.1492 	EXP 	slider: autoDraw = True
68.1492 	EXP 	targetTri: autoDraw = True
68.1492 	EXP 	nextPoly1: autoDraw = True
68.1492 	EXP 	nextButton1: autoDraw = True
68.2096 	DATA 	Mouse:  Left button up, pos=(1303,95)
69.6590 	DATA 	Mouse: Left button down, pos=(720,460)
69.6759 	EXP 	slider: markerPos = 0.0
69.6971 	EXP 	slider: markerPos = 0.0
69.7171 	EXP 	slider: markerPos = 0.0
69.7387 	EXP 	slider: markerPos = 0.0
69.7606 	EXP 	slider: markerPos = 0.0
69.7847 	EXP 	slider: markerPos = -0.00039999999999995595
69.8080 	EXP 	slider: markerPos = -0.0023999999999999577
69.8285 	EXP 	slider: markerPos = -0.0040000000000000036
69.8524 	EXP 	slider: markerPos = -0.007199999999999984
69.8746 	EXP 	slider: markerPos = -0.011400000000000077
69.8985 	EXP 	slider: markerPos = -0.01540000000000008
69.9245 	EXP 	slider: markerPos = -0.017800000000000038
69.9433 	EXP 	slider: markerPos = -0.019299999999999984
69.9658 	EXP 	slider: markerPos = -0.01980000000000004
69.9906 	EXP 	slider: markerPos = -0.020100000000000007
70.0080 	EXP 	slider: markerPos = -0.020100000000000007
70.0317 	EXP 	slider: markerPos = -0.020100000000000007
70.0548 	EXP 	slider: markerPos = -0.020100000000000007
70.0768 	EXP 	slider: markerPos = -0.020199999999999996
70.0959 	EXP 	slider: markerPos = -0.021700000000000053
70.1211 	EXP 	slider: markerPos = -0.024599999999999955
70.1425 	EXP 	slider: markerPos = -0.03049999999999997
70.1616 	EXP 	slider: markerPos = -0.038000000000000034
70.1883 	EXP 	slider: markerPos = -0.04139999999999999
70.2077 	EXP 	slider: markerPos = -0.047800000000000065
70.2283 	EXP 	slider: markerPos = -0.05059999999999998
70.2556 	EXP 	slider: markerPos = -0.053099999999999925
70.2764 	EXP 	slider: markerPos = -0.054200000000000026
70.2978 	EXP 	slider: markerPos = -0.05509999999999993
70.3220 	EXP 	slider: markerPos = -0.055499999999999994
70.3414 	EXP 	slider: markerPos = -0.05570000000000008
70.3619 	EXP 	slider: markerPos = -0.05570000000000008
70.3889 	EXP 	slider: markerPos = -0.05570000000000008
70.4061 	EXP 	slider: markerPos = -0.05570000000000008
70.4276 	EXP 	slider: markerPos = -0.05570000000000008
70.4491 	EXP 	slider: markerPos = -0.05559999999999998
70.4719 	EXP 	slider: markerPos = -0.05559999999999998
70.4901 	EXP 	slider: markerPos = -0.05559999999999998
70.5113 	EXP 	slider: markerPos = -0.05559999999999998
70.5325 	EXP 	slider: markerPos = -0.05620000000000003
70.5574 	EXP 	slider: markerPos = -0.05709999999999993
70.5750 	EXP 	slider: markerPos = -0.05800000000000005
70.5969 	EXP 	slider: markerPos = -0.05889999999999995
70.6222 	EXP 	slider: markerPos = -0.059599999999999986
70.6428 	EXP 	slider: markerPos = -0.060699999999999976
70.6627 	EXP 	slider: markerPos = -0.06119999999999992
70.6894 	EXP 	slider: markerPos = -0.06169999999999998
70.7070 	EXP 	slider: markerPos = -0.062000000000000055
70.7298 	EXP 	slider: markerPos = -0.06230000000000002
70.7509 	EXP 	slider: markerPos = -0.06240000000000001
70.7732 	EXP 	slider: markerPos = -0.06279999999999997
70.7963 	EXP 	slider: markerPos = -0.06319999999999992
70.8229 	EXP 	slider: markerPos = -0.0635
70.8394 	EXP 	slider: markerPos = -0.06400000000000006
70.8624 	EXP 	slider: markerPos = -0.06430000000000002
70.8892 	EXP 	slider: markerPos = -0.0645
70.9069 	EXP 	slider: markerPos = -0.06469999999999998
70.9302 	EXP 	slider: markerPos = -0.06489999999999996
70.9565 	EXP 	slider: markerPos = -0.06509999999999994
70.9776 	EXP 	slider: markerPos = -0.0655
70.9987 	EXP 	slider: markerPos = -0.06569999999999998
71.0239 	EXP 	slider: markerPos = -0.06600000000000006
71.0441 	EXP 	slider: markerPos = -0.06630000000000003
71.0708 	EXP 	slider: markerPos = -0.06659999999999999
71.0903 	EXP 	slider: markerPos = -0.06679999999999997
71.1113 	EXP 	slider: markerPos = -0.06699999999999995
71.1373 	EXP 	slider: markerPos = -0.06709999999999994
71.1594 	EXP 	slider: markerPos = -0.06719999999999993
71.1797 	EXP 	slider: markerPos = -0.06730000000000003
71.2063 	EXP 	slider: markerPos = -0.06740000000000002
71.2242 	EXP 	slider: markerPos = -0.0675
71.2465 	EXP 	slider: markerPos = -0.0675
71.2651 	EXP 	slider: markerPos = -0.0675
71.2899 	EXP 	slider: markerPos = -0.0675
71.3102 	EXP 	slider: markerPos = -0.0675
71.3299 	EXP 	slider: markerPos = -0.0675
71.3534 	EXP 	slider: markerPos = -0.0675
71.3743 	EXP 	slider: markerPos = -0.0675
71.3910 	EXP 	slider: markerPos = -0.0675
71.4145 	EXP 	slider: markerPos = -0.0676
71.4356 	EXP 	slider: markerPos = -0.0676
71.4557 	EXP 	slider: markerPos = -0.06769999999999998
71.4782 	EXP 	slider: markerPos = -0.06769999999999998
71.4993 	EXP 	slider: markerPos = -0.06769999999999998
71.5250 	EXP 	slider: markerPos = -0.06769999999999998
71.5440 	EXP 	slider: markerPos = -0.06780000000000008
71.5668 	EXP 	slider: markerPos = -0.06780000000000008
71.5909 	EXP 	slider: markerPos = -0.06790000000000007
71.6082 	EXP 	slider: markerPos = -0.06800000000000006
71.6316 	EXP 	slider: markerPos = -0.06800000000000006
71.6510 	EXP 	slider: markerPos = -0.06800000000000006
71.6759 	EXP 	slider: markerPos = -0.06810000000000005
71.6926 	EXP 	slider: markerPos = -0.06810000000000005
71.7153 	EXP 	slider: markerPos = -0.06810000000000005
71.7349 	EXP 	slider: markerPos = -0.06810000000000005
71.7588 	EXP 	slider: markerPos = -0.06810000000000005
71.7763 	EXP 	slider: markerPos = -0.06810000000000005
71.7994 	EXP 	slider: markerPos = -0.06810000000000005
71.8233 	EXP 	slider: markerPos = -0.06810000000000005
71.8417 	EXP 	slider: markerPos = -0.06810000000000005
71.8637 	EXP 	slider: markerPos = -0.06810000000000005
71.8907 	EXP 	slider: markerPos = -0.06820000000000004
71.9098 	EXP 	slider: markerPos = -0.06820000000000004
71.9334 	EXP 	slider: markerPos = -0.06820000000000004
71.9554 	EXP 	slider: markerPos = -0.06820000000000004
71.9758 	EXP 	slider: markerPos = -0.06820000000000004
71.9980 	EXP 	slider: markerPos = -0.06830000000000003
72.0191 	EXP 	slider: markerPos = -0.06830000000000003
72.0440 	EXP 	slider: markerPos = -0.06830000000000003
72.0635 	EXP 	slider: markerPos = -0.06830000000000003
72.0854 	EXP 	slider: markerPos = -0.06830000000000003
72.1076 	EXP 	slider: markerPos = -0.06830000000000003
72.1318 	EXP 	slider: markerPos = -0.06830000000000003
72.1577 	EXP 	slider: markerPos = -0.06830000000000003
72.1785 	EXP 	slider: markerPos = -0.06830000000000003
72.2003 	EXP 	slider: markerPos = -0.06830000000000003
72.2256 	EXP 	slider: markerPos = -0.06830000000000003
72.2434 	EXP 	slider: markerPos = -0.06830000000000003
72.2656 	EXP 	slider: markerPos = -0.06830000000000003
72.2912 	EXP 	slider: markerPos = -0.06830000000000003
72.3104 	EXP 	slider: markerPos = -0.06830000000000003
72.3117 	DATA 	Mouse:  Left button up, pos=(37,470)
72.3342 	EXP 	slider: markerPos = -0.06830000000000003
72.3342 	EXP 	slider: rating = -0.06830000000000003
73.8018 	DATA 	Mouse: Left button down, pos=(1288,87)
73.8242 	EXP 	Created sequence: random, trialTypes=1, nReps=20, seed=None
73.8245 	EXP 	New trial (rep=0, index=0): None
73.8259 	EXP 	Created sequence: random, trialTypes=1, nReps=50, seed=None
73.8266 	EXP 	New trial (rep=0, index=0): None
73.8470 	EXP 	instruct: autoDraw = False
73.8470 	EXP 	slider: autoDraw = False
73.8470 	EXP 	targetTri: autoDraw = False
73.8470 	EXP 	nextPoly1: autoDraw = False
73.8470 	EXP 	nextButton1: autoDraw = False
73.8470 	EXP 	instructPls: autoDraw = True
73.8470 	EXP 	tryAgainPoly: autoDraw = True
73.8470 	EXP 	tryAgainButton: autoDraw = True
73.8470 	EXP 	instructPls: autoDraw = False
73.8470 	EXP 	tryAgainPoly: autoDraw = False
73.8470 	EXP 	tryAgainButton: autoDraw = False
73.8470 	EXP 	instruct1: autoDraw = True
73.8470 	EXP 	squareStart: autoDraw = True
73.8470 	EXP 	dotStart: autoDraw = True
73.8470 	EXP 	tinyDotStart: autoDraw = True
73.8470 	EXP 	dumiTrialCount: autoDraw = True
73.8470 	EXP 	dumiRestrtPoly: autoDraw = True
73.8470 	EXP 	dumiRestrtButt: autoDraw = True
73.8794 	DATA 	Mouse:  Left button up, pos=(1288,87)
75.1290 	DATA 	Keypress: space
75.1497 	EXP 	Created sequence: sequential, trialTypes=1, nReps=3, seed=None
75.1499 	EXP 	New trial (rep=0, index=0): None
75.1709 	EXP 	instruct1: autoDraw = False
75.1709 	EXP 	squareStart: autoDraw = False
75.1709 	EXP 	dotStart: autoDraw = False
75.1709 	EXP 	tinyDotStart: autoDraw = False
75.1709 	EXP 	dumiTrialCount: autoDraw = False
75.1709 	EXP 	dumiRestrtPoly: autoDraw = False
75.1709 	EXP 	dumiRestrtButt: autoDraw = False
75.1709 	EXP 	square: autoDraw = True
75.1709 	EXP 	dot: autoDraw = True
75.1709 	EXP 	tinyDot: autoDraw = True
75.1709 	EXP 	trialCounter: autoDraw = True
75.1709 	EXP 	restartPoly: autoDraw = True
75.1709 	EXP 	restartText: autoDraw = True
77.4400 	DATA 	Keypress: space
77.4426 	EXP 	New trial (rep=1, index=0): None
77.4583 	EXP 	square: autoDraw = False
77.4583 	EXP 	dot: autoDraw = False
77.4583 	EXP 	tinyDot: autoDraw = False
77.4583 	EXP 	trialCounter: autoDraw = False
77.4583 	EXP 	restartPoly: autoDraw = False
77.4583 	EXP 	restartText: autoDraw = False
77.4583 	EXP 	square: autoDraw = True
77.4583 	EXP 	dot: autoDraw = True
77.4583 	EXP 	tinyDot: autoDraw = True
77.4583 	EXP 	trialCounter: autoDraw = True
77.4583 	EXP 	restartPoly: autoDraw = True
77.4583 	EXP 	restartText: autoDraw = True
79.6743 	EXP 	New trial (rep=2, index=0): None
79.6777 	DATA 	Keypress: space
79.6909 	EXP 	square: autoDraw = False
79.6909 	EXP 	dot: autoDraw = False
79.6909 	EXP 	tinyDot: autoDraw = False
79.6909 	EXP 	trialCounter: autoDraw = False
79.6909 	EXP 	restartPoly: autoDraw = False
79.6909 	EXP 	restartText: autoDraw = False
79.6909 	EXP 	square: autoDraw = True
79.6909 	EXP 	dot: autoDraw = True
79.6909 	EXP 	tinyDot: autoDraw = True
79.6909 	EXP 	trialCounter: autoDraw = True
79.6909 	EXP 	restartPoly: autoDraw = True
79.6909 	EXP 	restartText: autoDraw = True
81.9578 	DATA 	Keypress: space
81.9907 	EXP 	square: autoDraw = False
81.9907 	EXP 	dot: autoDraw = False
81.9907 	EXP 	tinyDot: autoDraw = False
81.9907 	EXP 	trialCounter: autoDraw = False
81.9907 	EXP 	restartPoly: autoDraw = False
81.9907 	EXP 	restartText: autoDraw = False
81.9907 	EXP 	instructOops: autoDraw = True
81.9907 	EXP 	tryAgainPoly1: autoDraw = True
81.9907 	EXP 	tryAgainButton1: autoDraw = True
81.9907 	EXP 	instructOops: autoDraw = False
81.9907 	EXP 	tryAgainPoly1: autoDraw = False
81.9907 	EXP 	tryAgainButton1: autoDraw = False
81.9907 	EXP 	instruct2: autoDraw = True
84.5760 	DATA 	Keypress: space
84.5897 	EXP 	instruct2: autoDraw = False
84.6083 	EXP 	window1: mouseVisible = True
