1.5337 	WARNING 	We strongly recommend you activate the PTB sound engine in PsychoPy prefs as the preferred audio engine. Its timing is vastly superior. Your prefs are currently set to use ['sounddevice', 'PTB', 'pyo', 'pygame'] (in that order).
9.1636 	EXP 	Created window1 = Window(allowGUI=True, allowStencil=False, autoLog=True, backendConf=UNKNOWN, bitsMode=UNKNOWN, blendMode='avg', bpc=(8, 8, 8), color=array([-1, -1, -1]), colorSpace='rgb', depthBits=8, fullscr=<method-wrapper '__getattribute__' of attributeSetter object at 0x7f8990453a90>, gamma=None, gammaErrorPolicy='raise', lms=UNKNOWN, monitor=<psychopy.monitors.calibTools.Monitor object at 0x7f898f076828>, multiSample=False, name='window1', numSamples=2, pos=[470.0, 325.0], screen=0, size=array([2000, 1000]), stencilBits=0, stereo=False, units='height', useFBO=True, useRetina=True, viewOri=0.0, viewPos=None, viewScale=None, waitBlanking=True, winType='pyglet')
9.1638 	EXP 	window1: mouseVisible = True
9.1639 	EXP 	window1: recordFrameIntervals = False
9.3286 	EXP 	window1: recordFrameIntervals = True
9.5133 	EXP 	window1: recordFrameIntervals = False
10.6783 	EXP 	Created warningESC = TextStim(__class__=<class 'psychopy.visual.text.TextStim'>, alignHoriz=method-wrapper(...), alignText='center', alignVert=method-wrapper(...), anchorHoriz='center', anchorVert='center', antialias=True, autoLog=True, bold=False, color=array([1., 1., 1.]), colorSpace='rgb', contrast=1.0, depth=-1.0, flipHoriz=False, flipVert=False, font='Arial', fontFiles=[], height=0.05, italic=False, languageStyle='LTR', name='warningESC', opacity=1, ori=0.0, pos=array([0., 0.]), rgb=UNKNOWN, text='', units='height', win=Window(...), wrapWidth=1)
10.7617 	EXP 	Created instructTop = TextStim(__class__=<class 'psychopy.visual.text.TextStim'>, alignHoriz=method-wrapper(...), alignText='center', alignVert=method-wrapper(...), anchorHoriz='center', anchorVert='center', antialias=True, autoLog=True, bold=False, color=array([1., 1., 1.]), colorSpace='rgb', contrast=1.0, depth=-2.0, flipHoriz=False, flipVert=False, font='Arial', fontFiles=[], height=0.05, italic=False, languageStyle='LTR', name='instructTop', opacity=1, ori=0, pos=array([0. , 0.7]), rgb=UNKNOWN, text=str(...), units='norm', win=Window(...), wrapWidth=1.5)
10.7776 	EXP 	Created instructBottom = TextStim(__class__=<class 'psychopy.visual.text.TextStim'>, alignHoriz=method-wrapper(...), alignText='center', alignVert=method-wrapper(...), anchorHoriz='center', anchorVert='center', antialias=True, autoLog=True, bold=False, color=array([1., 1., 1.]), colorSpace='rgb', contrast=1.0, depth=-3.0, flipHoriz=False, flipVert=False, font='Arial', fontFiles=[], height=0.05, italic=False, languageStyle='LTR', name='instructBottom', opacity=1, ori=0, pos=array([ 0. , -0.6]), rgb=UNKNOWN, text=str(...), units='norm', win=Window(...), wrapWidth=1)
10.8432 	EXP 	Created cardImage = ImageStim(__class__=<class 'psychopy.visual.image.ImageStim'>, autoLog=True, color=array([1., 1., 1.]), colorSpace='rgb', contrast=1.0, depth=-4.0, flipHoriz=False, flipVert=False, image='images/bankImage.png', interpolate=True, mask=None, maskParams=None, name='cardImage', opacity=1, ori=0.0, pos=array([0., 0.]), size=array([1., 1.]), texRes=512, units='pix', win=Window(...))
10.8468 	EXP 	Created line_R_vert = Rect(__class__=<class 'psychopy.visual.rect.Rect'>, autoDraw=False, autoLog=True, closeShape=True, color=method-wrapper(...), colorSpace='rgb', contrast=None, depth=-5.0, fillColor=array([1, 1, 1]), fillColorSpace='rgb', fillRGB=array([1, 1, 1]), interpolate=True, lineColor=array([1., 1., 1.]), lineColorSpace='rgb', lineRGB=array([1, 1, 1]), lineWidth=1, name='line_R_vert', opacity=1, ori=0.0, pos=array([0., 0.]), size=array([1., 1.]), units='pix', vertices=ndarray(...), win=Window(...))
10.8482 	EXP 	Created line_L_vert = Rect(__class__=<class 'psychopy.visual.rect.Rect'>, autoDraw=False, autoLog=True, closeShape=True, color=method-wrapper(...), colorSpace='rgb', contrast=None, depth=-6.0, fillColor=array([1, 1, 1]), fillColorSpace='rgb', fillRGB=array([1, 1, 1]), interpolate=True, lineColor=array([1., 1., 1.]), lineColorSpace='rgb', lineRGB=array([1, 1, 1]), lineWidth=1, name='line_L_vert', opacity=1, ori=0.0, pos=array([0., 0.]), size=array([1., 1.]), units='pix', vertices=ndarray(...), win=Window(...))
10.8494 	EXP 	Created line_T_horiz = Rect(__class__=<class 'psychopy.visual.rect.Rect'>, autoDraw=False, autoLog=True, closeShape=True, color=method-wrapper(...), colorSpace='rgb', contrast=None, depth=-7.0, fillColor=array([1, 1, 1]), fillColorSpace='rgb', fillRGB=array([1, 1, 1]), interpolate=True, lineColor=array([1., 1., 1.]), lineColorSpace='rgb', lineRGB=array([1, 1, 1]), lineWidth=1, name='line_T_horiz', opacity=1, ori=0.0, pos=array([0., 0.]), size=array([1., 1.]), units='pix', vertices=ndarray(...), win=Window(...))
10.8506 	EXP 	Created line_B_horiz = Rect(__class__=<class 'psychopy.visual.rect.Rect'>, autoDraw=False, autoLog=True, closeShape=True, color=method-wrapper(...), colorSpace='rgb', contrast=None, depth=-8.0, fillColor=array([1, 1, 1]), fillColorSpace='rgb', fillRGB=array([1, 1, 1]), interpolate=True, lineColor=array([1., 1., 1.]), lineColorSpace='rgb', lineRGB=array([1, 1, 1]), lineWidth=1, name='line_B_horiz', opacity=1, ori=0.0, pos=array([0., 0.]), size=array([1., 1.]), units='pix', vertices=ndarray(...), win=Window(...))
10.8518 	EXP 	Created nextPoly = Rect(__class__=<class 'psychopy.visual.rect.Rect'>, autoDraw=False, autoLog=True, closeShape=True, color=method-wrapper(...), colorSpace='rgb', contrast=None, depth=-9.0, fillColor=array([1, 0, 0]), fillColorSpace='rgb', fillRGB=array([1, 0, 0]), interpolate=True, lineColor=array([-1., -1., -1.]), lineColorSpace='rgb', lineRGB=array([-1, -1, -1]), lineWidth=2, name='nextPoly', opacity=1, ori=0.0, pos=array([ 0.8, -0.8]), size=array([0.12, 0.06]), units='norm', vertices=ndarray(...), win=Window(...))
10.8532 	EXP 	Created nextButton = TextStim(__class__=<class 'psychopy.visual.text.TextStim'>, alignHoriz=method-wrapper(...), alignText='center', alignVert=method-wrapper(...), anchorHoriz='center', anchorVert='center', antialias=True, autoLog=True, bold=False, color=array([-1., -1., -1.]), colorSpace='rgb', contrast=1.0, depth=-10.0, flipHoriz=False, flipVert=False, font='Arial', fontFiles=[], height=0.05, italic=False, languageStyle='LTR', name='nextButton', opacity=1, ori=0, pos=array([ 0.8, -0.8]), rgb=UNKNOWN, text='', units='norm', win=Window(...), wrapWidth=1)
10.8534 	EXP 	window1: mouseVisible = True
10.8612 	EXP 	Created instruct = TextStim(__class__=<class 'psychopy.visual.text.TextStim'>, alignHoriz=method-wrapper(...), alignText='center', alignVert=method-wrapper(...), anchorHoriz='center', anchorVert='center', antialias=True, autoLog=True, bold=False, color=array([1., 1., 1.]), colorSpace='rgb', contrast=1.0, depth=0.0, flipHoriz=False, flipVert=False, font='Arial', fontFiles=[], height=0.05, italic=False, languageStyle='LTR', name='instruct', opacity=1, ori=0, pos=array([0. , 0.7]), rgb=UNKNOWN, text=str(...), units='norm', win=Window(...), wrapWidth=1)
10.8834 	EXP 	window1: mouseVisible = True
10.8928 	EXP 	Created slider = Slider(__class__=<class 'psychopy.visual.slider.Slider'>, autoDraw=False, autoLog=True, borderColor=None, color=None, colorSpace='rgb', depth=-1, fillColor=None, flip=False, font='Open Sans', granularity=0.0, labelHeight=0.05, labelWrapWidth=None, labels=None, name='slider', opacity=None, pos=(0, -0.4), readOnly=False, self=UNKNOWN, size=(1.0, 0.1), startValue=None, style=method-wrapper(...), styleTweaks=method-wrapper(...), ticks=array([-1. , -0.5,  0. ]), units='height', win=Window(...))
10.9012 	EXP 	Created targetTri = ShapeStim(__class__=<class 'psychopy.visual.shape.ShapeStim'>, autoDraw=False, autoLog=True, closeShape=True, color=method-wrapper(...), colorSpace='rgb', contrast=None, depth=-3.0, fillColor=array([-1, -1,  1]), fillColorSpace='rgb', fillRGB=array([-1, -1,  1]), interpolate=True, lineColor=array([-1., -1.,  1.]), lineColorSpace='rgb', lineRGB=array([-1, -1,  1]), lineWidth=1, name='targetTri', opacity=1, ori=0.0, pos=array([-0.95, -0.03]), size=array([0.05, 0.15]), units='norm', vertices=ndarray(...), win=Window(...), windingRule=None)
10.9024 	EXP 	Created nextPoly1 = Rect(__class__=<class 'psychopy.visual.rect.Rect'>, autoDraw=False, autoLog=True, closeShape=True, color=method-wrapper(...), colorSpace='rgb', contrast=None, depth=-4.0, fillColor=array([1, 0, 0]), fillColorSpace='rgb', fillRGB=array([1, 0, 0]), interpolate=True, lineColor=array([-1., -1., -1.]), lineColorSpace='rgb', lineRGB=array([-1, -1, -1]), lineWidth=1, name='nextPoly1', opacity=1, ori=0.0, pos=array([ 0.8, -0.8]), size=array([0.12, 0.06]), units='norm', vertices=ndarray(...), win=Window(...))
10.9043 	EXP 	Created nextButton1 = TextStim(__class__=<class 'psychopy.visual.text.TextStim'>, alignHoriz=method-wrapper(...), alignText='center', alignVert=method-wrapper(...), anchorHoriz='center', anchorVert='center', antialias=True, autoLog=True, bold=False, color=array([-1., -1., -1.]), colorSpace='rgb', contrast=1.0, depth=-5.0, flipHoriz=False, flipVert=False, font='Arial', fontFiles=[], height=0.05, italic=False, languageStyle='LTR', name='nextButton1', opacity=1, ori=0, pos=array([ 0.8, -0.8]), rgb=UNKNOWN, text='', units='norm', win=Window(...), wrapWidth=1)
10.9044 	EXP 	window1: mouseVisible = True
10.9501 	EXP 	slider: autoLog = True
10.9501 	EXP 	slider: markerPos = None
10.9501 	EXP 	slider: rating = None
10.9501 	EXP 	slider: markerPos = None
10.9501 	EXP 	slider: contrast = 1.0
10.9501 	EXP 	slider: autoLog = True
10.9501 	EXP 	slider: styleTweaks = []
10.9501 	EXP 	slider: style = 'slider'
10.9501 	EXP 	slider: styleTweaks = ['labels45', 'triangleMarker']
10.9501 	EXP 	warningESC: text = ''
10.9501 	EXP 	warningESC: autoDraw = False
10.9501 	EXP 	nextButton: text = 'Next'
10.9501 	EXP 	instructTop: autoDraw = True
10.9501 	EXP 	instructBottom: autoDraw = True
10.9501 	EXP 	cardImage: autoDraw = True
10.9501 	EXP 	line_R_vert: autoDraw = True
10.9501 	EXP 	line_L_vert: autoDraw = True
10.9501 	EXP 	line_T_horiz: autoDraw = True
10.9501 	EXP 	line_B_horiz: autoDraw = True
10.9501 	EXP 	nextPoly: autoDraw = True
10.9501 	EXP 	nextButton: autoDraw = True
12.6412 	DATA 	Mouse: Left button down, pos=(891,48)
12.6793 	EXP 	instructTop: autoDraw = False
12.6793 	EXP 	instructBottom: autoDraw = False
12.6793 	EXP 	cardImage: autoDraw = False
12.6793 	EXP 	line_R_vert: autoDraw = False
12.6793 	EXP 	line_L_vert: autoDraw = False
12.6793 	EXP 	line_T_horiz: autoDraw = False
12.6793 	EXP 	line_B_horiz: autoDraw = False
12.6793 	EXP 	nextPoly: autoDraw = False
12.6793 	EXP 	nextButton: autoDraw = False
12.6793 	EXP 	slider: markerPos = None
12.6793 	EXP 	slider: markerPos = None
12.6793 	EXP 	slider: rating = None
12.6793 	EXP 	slider: markerPos = 0
12.6793 	EXP 	instruct: autoDraw = True
12.6793 	EXP 	slider: autoDraw = True
12.6793 	EXP 	targetTri: autoDraw = True
12.6793 	EXP 	nextPoly1: autoDraw = True
12.6793 	EXP 	nextButton1: autoDraw = True
12.7460 	DATA 	Mouse:  Left button up, pos=(891,48)
14.0522 	DATA 	Mouse: Left button down, pos=(745,80)
14.3970 	EXP 	slider: markerPos = -0.344
14.4175 	EXP 	slider: markerPos = -0.366
14.4385 	EXP 	slider: markerPos = -0.38
14.4578 	EXP 	slider: markerPos = -0.394
14.4780 	EXP 	slider: markerPos = -0.406
14.4967 	EXP 	slider: markerPos = -0.41800000000000004
14.5169 	EXP 	slider: markerPos = -0.42800000000000005
14.5391 	EXP 	slider: markerPos = -0.44599999999999995
14.5594 	EXP 	slider: markerPos = -0.46399999999999997
14.5781 	EXP 	slider: markerPos = -0.476
14.6000 	EXP 	slider: markerPos = -0.49
14.6191 	EXP 	slider: markerPos = -0.512
14.6375 	EXP 	slider: markerPos = -0.534
14.6585 	EXP 	slider: markerPos = -0.546
14.6782 	EXP 	slider: markerPos = -0.558
14.6956 	EXP 	slider: markerPos = -0.5720000000000001
14.7159 	EXP 	slider: markerPos = -0.5800000000000001
14.7382 	EXP 	slider: markerPos = -0.586
14.7593 	EXP 	slider: markerPos = -0.59
14.7782 	EXP 	slider: markerPos = -0.59
14.7963 	EXP 	slider: markerPos = -0.592
14.8154 	EXP 	slider: markerPos = -0.592
14.8341 	EXP 	slider: markerPos = -0.592
14.8520 	EXP 	slider: markerPos = -0.592
14.8713 	EXP 	slider: markerPos = -0.592
14.8910 	EXP 	slider: markerPos = -0.592
14.9099 	EXP 	slider: markerPos = -0.592
14.9271 	EXP 	slider: markerPos = -0.592
14.9448 	EXP 	slider: markerPos = -0.592
14.9634 	EXP 	slider: markerPos = -0.592
14.9820 	EXP 	slider: markerPos = -0.592
15.0044 	EXP 	slider: markerPos = -0.598
15.0247 	EXP 	slider: markerPos = -0.616
15.0434 	EXP 	slider: markerPos = -0.632
15.0633 	EXP 	slider: markerPos = -0.662
15.0830 	EXP 	slider: markerPos = -0.706
15.1024 	EXP 	slider: markerPos = -0.732
15.1254 	EXP 	slider: markerPos = -0.762
15.1446 	EXP 	slider: markerPos = -0.796
15.1647 	EXP 	slider: markerPos = -0.806
15.1832 	EXP 	slider: markerPos = -0.8240000000000001
15.2021 	EXP 	slider: markerPos = -0.8340000000000001
15.2236 	EXP 	slider: markerPos = -0.8420000000000001
15.2424 	EXP 	slider: markerPos = -0.854
15.2623 	EXP 	slider: markerPos = -0.862
15.2830 	EXP 	slider: markerPos = -0.872
15.3028 	EXP 	slider: markerPos = -0.878
15.3246 	EXP 	slider: markerPos = -0.886
15.3452 	EXP 	slider: markerPos = -0.89
15.3630 	EXP 	slider: markerPos = -0.894
15.3837 	EXP 	slider: markerPos = -0.898
15.4051 	EXP 	slider: markerPos = -0.902
15.4231 	EXP 	slider: markerPos = -0.906
15.4428 	EXP 	slider: markerPos = -0.9099999999999999
15.4597 	EXP 	slider: markerPos = -0.9139999999999999
15.4796 	EXP 	slider: markerPos = -0.9179999999999999
15.4998 	EXP 	slider: markerPos = -0.9219999999999999
15.5188 	EXP 	slider: markerPos = -0.9259999999999999
15.5410 	EXP 	slider: markerPos = -0.9299999999999999
15.5594 	EXP 	slider: markerPos = -0.9339999999999999
15.5790 	EXP 	slider: markerPos = -0.938
15.5986 	EXP 	slider: markerPos = -0.94
15.6193 	EXP 	slider: markerPos = -0.944
15.6400 	EXP 	slider: markerPos = -0.946
15.6591 	EXP 	slider: markerPos = -0.95
15.6782 	EXP 	slider: markerPos = -0.952
15.6970 	EXP 	slider: markerPos = -0.956
15.7164 	EXP 	slider: markerPos = -0.958
15.7398 	EXP 	slider: markerPos = -0.96
15.7601 	EXP 	slider: markerPos = -0.962
15.7768 	EXP 	slider: markerPos = -0.966
15.7968 	EXP 	slider: markerPos = -0.968
15.8181 	EXP 	slider: markerPos = -0.97
15.8400 	EXP 	slider: markerPos = -0.972
15.8607 	EXP 	slider: markerPos = -0.976
15.8790 	EXP 	slider: markerPos = -0.978
15.8986 	EXP 	slider: markerPos = -0.98
15.9172 	EXP 	slider: markerPos = -0.982
15.9383 	EXP 	slider: markerPos = -0.984
15.9576 	EXP 	slider: markerPos = -0.988
15.9748 	EXP 	slider: markerPos = -0.988
15.9933 	EXP 	slider: markerPos = -0.99
16.0117 	EXP 	slider: markerPos = -0.992
16.0313 	EXP 	slider: markerPos = -0.994
16.0513 	EXP 	slider: markerPos = -0.996
16.0715 	EXP 	slider: markerPos = -0.996
16.0913 	EXP 	slider: markerPos = -0.998
16.1118 	EXP 	slider: markerPos = -0.998
16.1290 	EXP 	slider: markerPos = -1.0
16.1463 	EXP 	slider: markerPos = -1.0
16.1657 	EXP 	slider: markerPos = -1.0
16.1854 	EXP 	slider: markerPos = -1.0
16.2052 	EXP 	slider: markerPos = -1.0
16.2243 	EXP 	slider: markerPos = -1.0
16.2403 	EXP 	slider: markerPos = -1.0
16.2598 	EXP 	slider: markerPos = -1.0
16.2769 	EXP 	slider: markerPos = -1.0
16.2947 	EXP 	slider: markerPos = -1.0
16.3137 	EXP 	slider: markerPos = -1.0
16.3321 	EXP 	slider: markerPos = -1.0
16.3516 	EXP 	slider: markerPos = -1.0
16.3713 	EXP 	slider: markerPos = -1.0
16.3900 	EXP 	slider: markerPos = -1.0
16.4103 	EXP 	slider: markerPos = -1.0
16.4284 	EXP 	slider: markerPos = -1.0
16.4456 	EXP 	slider: markerPos = -1.0
16.4633 	EXP 	slider: markerPos = -1.0
16.4818 	EXP 	slider: markerPos = -1.0
16.4828 	DATA 	Mouse:  Left button up, pos=(250,67)
16.5043 	EXP 	slider: markerPos = -1.0
16.5043 	EXP 	slider: rating = -1.0
19.2649 	DATA 	Mouse: Left button down, pos=(905,49)
19.2776 	EXP 	window1: mouseVisible = True
