1.6166 	WARNING 	We strongly recommend you activate the PTB sound engine in PsychoPy prefs as the preferred audio engine. Its timing is vastly superior. Your prefs are currently set to use ['sounddevice', 'PTB', 'pyo', 'pygame'] (in that order).
11.0846 	EXP 	Created window1 = Window(allowGUI=True, allowStencil=False, autoLog=True, backendConf=UNKNOWN, bitsMode=UNKNOWN, blendMode='avg', bpc=(8, 8, 8), color=array([-1, -1, -1]), colorSpace='rgb', depthBits=8, fullscr=<method-wrapper '__getattribute__' of attributeSetter object at 0x7fa6ad4deac8>, gamma=None, gammaErrorPolicy='raise', lms=UNKNOWN, monitor=<psychopy.monitors.calibTools.Monitor object at 0x7fa6abc26be0>, multiSample=False, name='window1', numSamples=2, pos=[360.0, 225.0], screen=0, size=array([2880, 1800]), stencilBits=0, stereo=False, units='norm', useFBO=True, useRetina=True, viewOri=0.0, viewPos=None, viewScale=None, waitBlanking=True, winType='pyglet')
11.0848 	EXP 	window1: mouseVisible = True
11.0848 	EXP 	window1: recordFrameIntervals = False
11.2509 	EXP 	window1: recordFrameIntervals = True
11.4245 	WARNING 	t of last frame was 23.38ms (=1/42)
11.6006 	EXP 	window1: recordFrameIntervals = False
12.6824 	EXP 	Created warningESC = TextStim(__class__=<class 'psychopy.visual.text.TextStim'>, alignHoriz=method-wrapper(...), alignText='center', alignVert=method-wrapper(...), anchorHoriz='center', anchorVert='center', antialias=True, autoLog=True, bold=False, color=array([1., 1., 1.]), colorSpace='rgb', contrast=1.0, depth=-1.0, flipHoriz=False, flipVert=False, font='Arial', fontFiles=[], height=0.05, italic=False, languageStyle='LTR', name='warningESC', opacity=1, ori=0.0, pos=array([0., 0.]), rgb=UNKNOWN, text='', units='norm', win=Window(...), wrapWidth=1)
12.7590 	EXP 	Created instructTop = TextStim(__class__=<class 'psychopy.visual.text.TextStim'>, alignHoriz=method-wrapper(...), alignText='center', alignVert=method-wrapper(...), anchorHoriz='center', anchorVert='center', antialias=True, autoLog=True, bold=False, color=array([1., 1., 1.]), colorSpace='rgb', contrast=1.0, depth=-2.0, flipHoriz=False, flipVert=False, font='Arial', fontFiles=[], height=0.05, italic=False, languageStyle='LTR', name='instructTop', opacity=1, ori=0, pos=array([0. , 0.7]), rgb=UNKNOWN, text=str(...), units='norm', win=Window(...), wrapWidth=1.5)
12.7727 	EXP 	Created instructBottom = TextStim(__class__=<class 'psychopy.visual.text.TextStim'>, alignHoriz=method-wrapper(...), alignText='center', alignVert=method-wrapper(...), anchorHoriz='center', anchorVert='center', antialias=True, autoLog=True, bold=False, color=array([1., 1., 1.]), colorSpace='rgb', contrast=1.0, depth=-3.0, flipHoriz=False, flipVert=False, font='Arial', fontFiles=[], height=0.05, italic=False, languageStyle='LTR', name='instructBottom', opacity=1, ori=0, pos=array([ 0. , -0.6]), rgb=UNKNOWN, text=str(...), units='norm', win=Window(...), wrapWidth=1)
12.8440 	EXP 	Created cardImage = ImageStim(__class__=<class 'psychopy.visual.image.ImageStim'>, autoLog=True, color=array([1., 1., 1.]), colorSpace='rgb', contrast=1.0, depth=-4.0, flipHoriz=False, flipVert=False, image='images/bankImage.png', interpolate=True, mask=None, maskParams=None, name='cardImage', opacity=1, ori=0.0, pos=array([0., 0.]), size=array([1., 1.]), texRes=512, units='pix', win=Window(...))
12.8477 	EXP 	Created line_R_vert = Rect(__class__=<class 'psychopy.visual.rect.Rect'>, autoDraw=False, autoLog=True, closeShape=True, color=method-wrapper(...), colorSpace='rgb', contrast=None, depth=-5.0, fillColor=array([1, 1, 1]), fillColorSpace='rgb', fillRGB=array([1, 1, 1]), interpolate=True, lineColor=array([1., 1., 1.]), lineColorSpace='rgb', lineRGB=array([1, 1, 1]), lineWidth=1, name='line_R_vert', opacity=1, ori=0.0, pos=array([0., 0.]), size=array([1., 1.]), units='pix', vertices=ndarray(...), win=Window(...))
12.8491 	EXP 	Created line_L_vert = Rect(__class__=<class 'psychopy.visual.rect.Rect'>, autoDraw=False, autoLog=True, closeShape=True, color=method-wrapper(...), colorSpace='rgb', contrast=None, depth=-6.0, fillColor=array([1, 1, 1]), fillColorSpace='rgb', fillRGB=array([1, 1, 1]), interpolate=True, lineColor=array([1., 1., 1.]), lineColorSpace='rgb', lineRGB=array([1, 1, 1]), lineWidth=1, name='line_L_vert', opacity=1, ori=0.0, pos=array([0., 0.]), size=array([1., 1.]), units='pix', vertices=ndarray(...), win=Window(...))
12.8503 	EXP 	Created line_T_horiz = Rect(__class__=<class 'psychopy.visual.rect.Rect'>, autoDraw=False, autoLog=True, closeShape=True, color=method-wrapper(...), colorSpace='rgb', contrast=None, depth=-7.0, fillColor=array([1, 1, 1]), fillColorSpace='rgb', fillRGB=array([1, 1, 1]), interpolate=True, lineColor=array([1., 1., 1.]), lineColorSpace='rgb', lineRGB=array([1, 1, 1]), lineWidth=1, name='line_T_horiz', opacity=1, ori=0.0, pos=array([0., 0.]), size=array([1., 1.]), units='pix', vertices=ndarray(...), win=Window(...))
12.8515 	EXP 	Created line_B_horiz = Rect(__class__=<class 'psychopy.visual.rect.Rect'>, autoDraw=False, autoLog=True, closeShape=True, color=method-wrapper(...), colorSpace='rgb', contrast=None, depth=-8.0, fillColor=array([1, 1, 1]), fillColorSpace='rgb', fillRGB=array([1, 1, 1]), interpolate=True, lineColor=array([1., 1., 1.]), lineColorSpace='rgb', lineRGB=array([1, 1, 1]), lineWidth=1, name='line_B_horiz', opacity=1, ori=0.0, pos=array([0., 0.]), size=array([1., 1.]), units='pix', vertices=ndarray(...), win=Window(...))
12.8527 	EXP 	Created nextPoly = Rect(__class__=<class 'psychopy.visual.rect.Rect'>, autoDraw=False, autoLog=True, closeShape=True, color=method-wrapper(...), colorSpace='rgb', contrast=None, depth=-9.0, fillColor=array([1, 0, 0]), fillColorSpace='rgb', fillRGB=array([1, 0, 0]), interpolate=True, lineColor=array([-1., -1., -1.]), lineColorSpace='rgb', lineRGB=array([-1, -1, -1]), lineWidth=2, name='nextPoly', opacity=1, ori=0.0, pos=array([ 0.8, -0.8]), size=array([0.12, 0.06]), units='norm', vertices=ndarray(...), win=Window(...))
12.8541 	EXP 	Created nextButton = TextStim(__class__=<class 'psychopy.visual.text.TextStim'>, alignHoriz=method-wrapper(...), alignText='center', alignVert=method-wrapper(...), anchorHoriz='center', anchorVert='center', antialias=True, autoLog=True, bold=False, color=array([-1., -1., -1.]), colorSpace='rgb', contrast=1.0, depth=-10.0, flipHoriz=False, flipVert=False, font='Arial', fontFiles=[], height=0.05, italic=False, languageStyle='LTR', name='nextButton', opacity=1, ori=0, pos=array([ 0.8, -0.8]), rgb=UNKNOWN, text='', units='norm', win=Window(...), wrapWidth=1)
12.8543 	EXP 	window1: mouseVisible = True
12.8620 	EXP 	Created instruct = TextStim(__class__=<class 'psychopy.visual.text.TextStim'>, alignHoriz=method-wrapper(...), alignText='center', alignVert=method-wrapper(...), anchorHoriz='center', anchorVert='center', antialias=True, autoLog=True, bold=False, color=array([1., 1., 1.]), colorSpace='rgb', contrast=1.0, depth=0.0, flipHoriz=False, flipVert=False, font='Arial', fontFiles=[], height=0.05, italic=False, languageStyle='LTR', name='instruct', opacity=1, ori=0, pos=array([0. , 0.7]), rgb=UNKNOWN, text=str(...), units='norm', win=Window(...), wrapWidth=1)
12.8851 	EXP 	window1: mouseVisible = True
12.8991 	EXP 	Created slider = Slider(__class__=<class 'psychopy.visual.slider.Slider'>, autoDraw=False, autoLog=True, borderColor=None, color=None, colorSpace='rgb', depth=-1, fillColor=None, flip=False, font='Open Sans', granularity=0.0, labelHeight=0.05, labelWrapWidth=None, labels=None, name='slider', opacity=None, pos=(-0.2, 0.001), readOnly=False, self=UNKNOWN, size=(2.0, 0.05), startValue=None, style=method-wrapper(...), styleTweaks=method-wrapper(...), ticks=array([-1. , -0.5,  0. ]), units='norm', win=Window(...))
12.9087 	EXP 	Created targetTri = ShapeStim(__class__=<class 'psychopy.visual.shape.ShapeStim'>, autoDraw=False, autoLog=True, closeShape=True, color=method-wrapper(...), colorSpace='rgb', contrast=None, depth=-3.0, fillColor=array([-1, -1,  1]), fillColorSpace='rgb', fillRGB=array([-1, -1,  1]), interpolate=True, lineColor=array([-1., -1.,  1.]), lineColorSpace='rgb', lineRGB=array([-1, -1,  1]), lineWidth=1, name='targetTri', opacity=1, ori=0.0, pos=array([-0.95, -0.03]), size=array([0.05, 0.15]), units='norm', vertices=ndarray(...), win=Window(...), windingRule=None)
12.9100 	EXP 	Created nextPoly1 = Rect(__class__=<class 'psychopy.visual.rect.Rect'>, autoDraw=False, autoLog=True, closeShape=True, color=method-wrapper(...), colorSpace='rgb', contrast=None, depth=-4.0, fillColor=array([1, 0, 0]), fillColorSpace='rgb', fillRGB=array([1, 0, 0]), interpolate=True, lineColor=array([-1., -1., -1.]), lineColorSpace='rgb', lineRGB=array([-1, -1, -1]), lineWidth=1, name='nextPoly1', opacity=1, ori=0.0, pos=array([ 0.8, -0.8]), size=array([0.12, 0.06]), units='norm', vertices=ndarray(...), win=Window(...))
12.9114 	EXP 	Created nextButton1 = TextStim(__class__=<class 'psychopy.visual.text.TextStim'>, alignHoriz=method-wrapper(...), alignText='center', alignVert=method-wrapper(...), anchorHoriz='center', anchorVert='center', antialias=True, autoLog=True, bold=False, color=array([-1., -1., -1.]), colorSpace='rgb', contrast=1.0, depth=-5.0, flipHoriz=False, flipVert=False, font='Arial', fontFiles=[], height=0.05, italic=False, languageStyle='LTR', name='nextButton1', opacity=1, ori=0, pos=array([ 0.8, -0.8]), rgb=UNKNOWN, text='', units='norm', win=Window(...), wrapWidth=1)
12.9115 	EXP 	window1: mouseVisible = True
12.9694 	EXP 	slider: autoLog = True
12.9694 	EXP 	slider: markerPos = None
12.9694 	EXP 	slider: rating = None
12.9694 	EXP 	slider: markerPos = None
12.9694 	EXP 	slider: contrast = 1.0
12.9694 	EXP 	slider: autoLog = True
12.9694 	EXP 	slider: styleTweaks = []
12.9694 	EXP 	slider: style = 'slider'
12.9694 	EXP 	slider: styleTweaks = ['labels45', 'triangleMarker']
12.9694 	EXP 	warningESC: text = ''
12.9694 	EXP 	warningESC: autoDraw = False
12.9694 	EXP 	nextButton: text = 'Next'
12.9694 	EXP 	instructTop: autoDraw = True
12.9694 	EXP 	instructBottom: autoDraw = True
12.9694 	EXP 	cardImage: autoDraw = True
12.9694 	EXP 	line_R_vert: autoDraw = True
12.9694 	EXP 	line_L_vert: autoDraw = True
12.9694 	EXP 	line_T_horiz: autoDraw = True
12.9694 	EXP 	line_B_horiz: autoDraw = True
12.9694 	EXP 	nextPoly: autoDraw = True
12.9694 	EXP 	nextButton: autoDraw = True
16.9115 	DATA 	Mouse: Left button down, pos=(1290,83)
16.9494 	EXP 	instructTop: autoDraw = False
16.9494 	EXP 	instructBottom: autoDraw = False
16.9494 	EXP 	cardImage: autoDraw = False
16.9494 	EXP 	line_R_vert: autoDraw = False
16.9494 	EXP 	line_L_vert: autoDraw = False
16.9494 	EXP 	line_T_horiz: autoDraw = False
16.9494 	EXP 	line_B_horiz: autoDraw = False
16.9494 	EXP 	nextPoly: autoDraw = False
16.9494 	EXP 	nextButton: autoDraw = False
16.9494 	EXP 	slider: markerPos = None
16.9494 	EXP 	slider: markerPos = None
16.9494 	EXP 	slider: rating = None
16.9494 	EXP 	slider: markerPos = 0
16.9494 	EXP 	instruct: autoDraw = True
16.9494 	EXP 	slider: autoDraw = True
16.9494 	EXP 	targetTri: autoDraw = True
16.9494 	EXP 	nextPoly1: autoDraw = True
16.9494 	EXP 	nextButton1: autoDraw = True
16.9806 	DATA 	Mouse:  Left button up, pos=(1290,83)
19.7799 	DATA 	Mouse: Left button down, pos=(1297,458)
19.7993 	EXP 	slider: markerPos = 0.000694444444444553
19.8191 	EXP 	slider: markerPos = 0.000694444444444553
19.8395 	EXP 	slider: markerPos = 0.000694444444444553
19.8624 	EXP 	slider: markerPos = 0.000694444444444553
19.8808 	EXP 	slider: markerPos = 0.000694444444444553
19.9000 	EXP 	slider: markerPos = 0.000694444444444553
19.9210 	EXP 	slider: markerPos = 0.000694444444444553
19.9418 	EXP 	slider: markerPos = 0.000694444444444553
19.9626 	EXP 	slider: markerPos = 0.000694444444444553
19.9854 	EXP 	slider: markerPos = -0.008333333333333304
20.0036 	EXP 	slider: markerPos = -0.033333333333333326
20.0297 	EXP 	slider: markerPos = -0.050000000000000044
20.0518 	EXP 	slider: markerPos = -0.10069444444444442
20.0701 	EXP 	slider: markerPos = -0.13611111111111107
20.0899 	EXP 	slider: markerPos = -0.15902777777777777
20.1101 	EXP 	slider: markerPos = -0.17986111111111114
20.1345 	EXP 	slider: markerPos = -0.18680555555555556
20.1518 	EXP 	slider: markerPos = -0.19513888888888886
20.1712 	EXP 	slider: markerPos = -0.1972222222222222
20.1954 	EXP 	slider: markerPos = -0.19791666666666663
20.2129 	EXP 	slider: markerPos = -0.19791666666666663
20.2322 	EXP 	slider: markerPos = -0.19791666666666663
20.2530 	EXP 	slider: markerPos = -0.19791666666666663
20.2724 	EXP 	slider: markerPos = -0.19861111111111107
20.2970 	EXP 	slider: markerPos = -0.19861111111111107
20.3136 	EXP 	slider: markerPos = -0.19861111111111107
20.3328 	EXP 	slider: markerPos = -0.19861111111111107
20.3551 	EXP 	slider: markerPos = -0.1993055555555555
20.3780 	EXP 	slider: markerPos = -0.1993055555555555
20.3967 	EXP 	slider: markerPos = -0.24861111111111112
20.4161 	EXP 	slider: markerPos = -0.3284722222222223
20.4372 	EXP 	slider: markerPos = -0.3597222222222223
20.4605 	EXP 	slider: markerPos = -0.3944444444444445
20.4839 	EXP 	slider: markerPos = -0.4111111111111111
20.5027 	EXP 	slider: markerPos = -0.4180555555555555
20.5244 	EXP 	slider: markerPos = -0.4194444444444444
20.5480 	EXP 	slider: markerPos = -0.4208333333333333
20.5655 	EXP 	slider: markerPos = -0.4208333333333333
20.5873 	EXP 	slider: markerPos = -0.4208333333333333
20.6065 	EXP 	slider: markerPos = -0.4208333333333333
20.6260 	EXP 	slider: markerPos = -0.4208333333333333
20.6489 	EXP 	slider: markerPos = -0.4208333333333333
20.6683 	EXP 	slider: markerPos = -0.4208333333333333
20.6880 	EXP 	slider: markerPos = -0.42013888888888884
20.7074 	EXP 	slider: markerPos = -0.42013888888888884
20.7271 	EXP 	slider: markerPos = -0.4194444444444444
20.7507 	EXP 	slider: markerPos = -0.4194444444444444
20.7686 	EXP 	slider: markerPos = -0.4194444444444444
20.7881 	EXP 	slider: markerPos = -0.4194444444444444
20.8125 	EXP 	slider: markerPos = -0.41874999999999996
20.8338 	EXP 	slider: markerPos = -0.41874999999999996
20.8524 	EXP 	slider: markerPos = -0.4215277777777777
20.8741 	EXP 	slider: markerPos = -0.4652777777777778
20.8934 	EXP 	slider: markerPos = -0.49722222222222223
20.9134 	EXP 	slider: markerPos = -0.5131944444444445
20.9330 	EXP 	slider: markerPos = -0.5229166666666667
20.9543 	EXP 	slider: markerPos = -0.5277777777777778
20.9795 	EXP 	slider: markerPos = -0.5298611111111111
20.9978 	EXP 	slider: markerPos = -0.5305555555555556
21.0162 	EXP 	slider: markerPos = -0.5305555555555556
21.0374 	EXP 	slider: markerPos = -0.5305555555555556
21.0564 	EXP 	slider: markerPos = -0.5305555555555556
21.0785 	EXP 	slider: markerPos = -0.5305555555555556
21.0971 	EXP 	slider: markerPos = -0.5305555555555556
21.1156 	EXP 	slider: markerPos = -0.5305555555555556
21.1355 	EXP 	slider: markerPos = -0.5305555555555556
21.1543 	EXP 	slider: markerPos = -0.5305555555555556
21.1741 	EXP 	slider: markerPos = -0.5305555555555556
21.1959 	EXP 	slider: markerPos = -0.5305555555555556
21.2155 	EXP 	slider: markerPos = -0.54375
21.2371 	EXP 	slider: markerPos = -0.5673611111111111
21.2564 	EXP 	slider: markerPos = -0.6305555555555555
21.2788 	EXP 	slider: markerPos = -0.68125
21.3012 	EXP 	slider: markerPos = -0.73125
21.3195 	EXP 	slider: markerPos = -0.7611111111111111
21.3403 	EXP 	slider: markerPos = -0.7701388888888889
21.3645 	EXP 	slider: markerPos = -0.7777777777777778
21.3820 	EXP 	slider: markerPos = -0.7805555555555556
21.4041 	EXP 	slider: markerPos = -0.7805555555555556
21.4224 	EXP 	slider: markerPos = -0.7805555555555556
21.4438 	EXP 	slider: markerPos = -0.7805555555555556
21.4653 	EXP 	slider: markerPos = -0.7805555555555556
21.4876 	EXP 	slider: markerPos = -0.7805555555555556
21.5070 	EXP 	slider: markerPos = -0.7805555555555556
21.5304 	EXP 	slider: markerPos = -0.7805555555555556
21.5511 	EXP 	slider: markerPos = -0.7798611111111111
21.5712 	EXP 	slider: markerPos = -0.7798611111111111
21.5908 	EXP 	slider: markerPos = -0.7798611111111111
21.6161 	EXP 	slider: markerPos = -0.7798611111111111
21.6332 	EXP 	slider: markerPos = -0.7881944444444444
21.6554 	EXP 	slider: markerPos = -0.7986111111111112
21.6756 	EXP 	slider: markerPos = -0.8090277777777778
21.6962 	EXP 	slider: markerPos = -0.8215277777777777
21.7150 	EXP 	slider: markerPos = -0.8256944444444444
21.7355 	EXP 	slider: markerPos = -0.83125
21.7564 	EXP 	slider: markerPos = -0.8340277777777778
21.7815 	EXP 	slider: markerPos = -0.8375
21.7992 	EXP 	slider: markerPos = -0.8402777777777778
21.8204 	EXP 	slider: markerPos = -0.8409722222222222
21.8418 	EXP 	slider: markerPos = -0.8423611111111111
21.8605 	EXP 	slider: markerPos = -0.8430555555555556
21.8851 	EXP 	slider: markerPos = -0.8444444444444444
21.9041 	EXP 	slider: markerPos = -0.8465277777777778
21.9238 	EXP 	slider: markerPos = -0.8479166666666667
21.9448 	EXP 	slider: markerPos = -0.8493055555555555
21.9681 	EXP 	slider: markerPos = -0.8520833333333333
21.9865 	EXP 	slider: markerPos = -0.8534722222222222
22.0062 	EXP 	slider: markerPos = -0.8555555555555555
22.0309 	EXP 	slider: markerPos = -0.8569444444444444
22.0496 	EXP 	slider: markerPos = -0.8590277777777777
22.0708 	EXP 	slider: markerPos = -0.8611111111111112
22.0909 	EXP 	slider: markerPos = -0.8625
22.1094 	EXP 	slider: markerPos = -0.8638888888888889
22.1336 	EXP 	slider: markerPos = -0.8645833333333334
22.1535 	EXP 	slider: markerPos = -0.8659722222222223
22.1730 	EXP 	slider: markerPos = -0.8666666666666667
22.1931 	EXP 	slider: markerPos = -0.8666666666666667
22.2171 	EXP 	slider: markerPos = -0.8673611111111111
22.2349 	EXP 	slider: markerPos = -0.8680555555555556
22.2564 	EXP 	slider: markerPos = -0.86875
22.2800 	EXP 	slider: markerPos = -0.8694444444444445
22.3014 	EXP 	slider: markerPos = -0.8701388888888889
22.3186 	EXP 	slider: markerPos = -0.8708333333333333
22.3375 	EXP 	slider: markerPos = -0.8708333333333333
22.3586 	EXP 	slider: markerPos = -0.8708333333333333
22.3765 	EXP 	slider: markerPos = -0.8708333333333333
22.3965 	EXP 	slider: markerPos = -0.8715277777777778
22.4160 	EXP 	slider: markerPos = -0.8715277777777778
22.4371 	EXP 	slider: markerPos = -0.8715277777777778
22.4573 	EXP 	slider: markerPos = -0.8722222222222222
22.4792 	EXP 	slider: markerPos = -0.8729166666666667
22.4966 	EXP 	slider: markerPos = -0.8736111111111111
22.5172 	EXP 	slider: markerPos = -0.8736111111111111
22.5370 	EXP 	slider: markerPos = -0.8736111111111111
22.5566 	EXP 	slider: markerPos = -0.8736111111111111
22.5780 	EXP 	slider: markerPos = -0.8736111111111111
22.6002 	EXP 	slider: markerPos = -0.8736111111111111
22.6177 	EXP 	slider: markerPos = -0.8736111111111111
22.6366 	EXP 	slider: markerPos = -0.8736111111111111
22.6560 	EXP 	slider: markerPos = -0.8736111111111111
22.6799 	EXP 	slider: markerPos = -0.8736111111111111
22.6972 	EXP 	slider: markerPos = -0.8736111111111111
22.7166 	EXP 	slider: markerPos = -0.8736111111111111
22.7376 	EXP 	slider: markerPos = -0.8736111111111111
22.7567 	EXP 	slider: markerPos = -0.8736111111111111
22.7802 	EXP 	slider: markerPos = -0.8736111111111111
22.7980 	EXP 	slider: markerPos = -0.8736111111111111
22.8177 	EXP 	slider: markerPos = -0.8736111111111111
22.8370 	EXP 	slider: markerPos = -0.8736111111111111
22.8565 	EXP 	slider: markerPos = -0.8736111111111111
22.8754 	EXP 	slider: markerPos = -0.8736111111111111
22.8989 	EXP 	slider: markerPos = -0.8736111111111111
22.9147 	EXP 	slider: markerPos = -0.8736111111111111
22.9343 	EXP 	slider: markerPos = -0.8736111111111111
22.9575 	EXP 	slider: markerPos = -0.8736111111111111
22.9782 	EXP 	slider: markerPos = -0.8736111111111111
22.9975 	EXP 	slider: markerPos = -0.8736111111111111
23.0168 	EXP 	slider: markerPos = -0.8736111111111111
23.0372 	EXP 	slider: markerPos = -0.8736111111111111
23.0564 	EXP 	slider: markerPos = -0.8736111111111111
23.0799 	EXP 	slider: markerPos = -0.8736111111111111
23.0975 	EXP 	slider: markerPos = -0.8736111111111111
23.1160 	EXP 	slider: markerPos = -0.8736111111111111
23.1377 	EXP 	slider: markerPos = -0.8736111111111111
23.1623 	EXP 	slider: markerPos = -0.8736111111111111
23.1796 	EXP 	slider: markerPos = -0.8736111111111111
23.1991 	EXP 	slider: markerPos = -0.8736111111111111
23.2206 	EXP 	slider: markerPos = -0.8736111111111111
23.2411 	EXP 	slider: markerPos = -0.8743055555555556
23.2613 	EXP 	slider: markerPos = -0.8743055555555556
23.2831 	EXP 	slider: markerPos = -0.8743055555555556
23.3017 	EXP 	slider: markerPos = -0.8743055555555556
23.3215 	EXP 	slider: markerPos = -0.8743055555555556
23.3422 	EXP 	slider: markerPos = -0.8743055555555556
23.3654 	EXP 	slider: markerPos = -0.8743055555555556
23.3826 	EXP 	slider: markerPos = -0.8743055555555556
23.4039 	EXP 	slider: markerPos = -0.8743055555555556
23.4240 	EXP 	slider: markerPos = -0.8743055555555556
23.4425 	EXP 	slider: markerPos = -0.8743055555555556
23.4609 	EXP 	slider: markerPos = -0.8743055555555556
23.4847 	EXP 	slider: markerPos = -0.8743055555555556
23.5030 	EXP 	slider: markerPos = -0.8743055555555556
23.5044 	DATA 	Mouse:  Left button up, pos=(37,527)
23.5258 	EXP 	slider: markerPos = -0.8743055555555556
23.5258 	EXP 	slider: rating = -0.8743055555555556
28.1564 	DATA 	Mouse: Left button down, pos=(1299,88)
28.1674 	EXP 	window1: mouseVisible = True
