1.5688 	WARNING 	We strongly recommend you activate the PTB sound engine in PsychoPy prefs as the preferred audio engine. Its timing is vastly superior. Your prefs are currently set to use ['sounddevice', 'PTB', 'pyo', 'pygame'] (in that order).
7.6806 	EXP 	Created window1 = Window(allowGUI=True, allowStencil=False, autoLog=True, backendConf=UNKNOWN, bitsMode=UNKNOWN, blendMode='avg', bpc=(8, 8, 8), color=array([-1, -1, -1]), colorSpace='rgb', depthBits=8, fullscr=<method-wrapper '__getattribute__' of attributeSetter object at 0x7fd3ba8c4ac8>, gamma=None, gammaErrorPolicy='raise', lms=UNKNOWN, monitor=<psychopy.monitors.calibTools.Monitor object at 0x7fd3b9718898>, multiSample=False, name='window1', numSamples=2, pos=[360.0, 225.0], screen=0, size=array([2880, 1800]), stencilBits=0, stereo=False, units='height', useFBO=True, useRetina=True, viewOri=0.0, viewPos=None, viewScale=None, waitBlanking=True, winType='pyglet')
7.6809 	EXP 	window1: mouseVisible = True
7.6809 	EXP 	window1: recordFrameIntervals = False
7.8463 	EXP 	window1: recordFrameIntervals = True
8.0299 	EXP 	window1: recordFrameIntervals = False
9.0053 	EXP 	Created warningESC = TextStim(__class__=<class 'psychopy.visual.text.TextStim'>, alignHoriz=method-wrapper(...), alignText='center', alignVert=method-wrapper(...), anchorHoriz='center', anchorVert='center', antialias=True, autoLog=True, bold=False, color=array([1., 1., 1.]), colorSpace='rgb', contrast=1.0, depth=-1.0, flipHoriz=False, flipVert=False, font='Arial', fontFiles=[], height=0.05, italic=False, languageStyle='LTR', name='warningESC', opacity=1, ori=0.0, pos=array([0., 0.]), rgb=UNKNOWN, text='', units='height', win=Window(...), wrapWidth=1)
9.0790 	EXP 	Created instructTop = TextStim(__class__=<class 'psychopy.visual.text.TextStim'>, alignHoriz=method-wrapper(...), alignText='center', alignVert=method-wrapper(...), anchorHoriz='center', anchorVert='center', antialias=True, autoLog=True, bold=False, color=array([1., 1., 1.]), colorSpace='rgb', contrast=1.0, depth=-2.0, flipHoriz=False, flipVert=False, font='Arial', fontFiles=[], height=0.05, italic=False, languageStyle='LTR', name='instructTop', opacity=1, ori=0, pos=array([0. , 0.7]), rgb=UNKNOWN, text=str(...), units='norm', win=Window(...), wrapWidth=1.5)
9.0947 	EXP 	Created instructBottom = TextStim(__class__=<class 'psychopy.visual.text.TextStim'>, alignHoriz=method-wrapper(...), alignText='center', alignVert=method-wrapper(...), anchorHoriz='center', anchorVert='center', antialias=True, autoLog=True, bold=False, color=array([1., 1., 1.]), colorSpace='rgb', contrast=1.0, depth=-3.0, flipHoriz=False, flipVert=False, font='Arial', fontFiles=[], height=0.05, italic=False, languageStyle='LTR', name='instructBottom', opacity=1, ori=0, pos=array([ 0. , -0.6]), rgb=UNKNOWN, text=str(...), units='norm', win=Window(...), wrapWidth=1)
9.1609 	EXP 	Created cardImage = ImageStim(__class__=<class 'psychopy.visual.image.ImageStim'>, autoLog=True, color=array([1., 1., 1.]), colorSpace='rgb', contrast=1.0, depth=-4.0, flipHoriz=False, flipVert=False, image='images/bankImage.png', interpolate=True, mask=None, maskParams=None, name='cardImage', opacity=1, ori=0.0, pos=array([0., 0.]), size=array([1., 1.]), texRes=512, units='pix', win=Window(...))
9.1642 	EXP 	Created line_R_vert = Rect(__class__=<class 'psychopy.visual.rect.Rect'>, autoDraw=False, autoLog=True, closeShape=True, color=method-wrapper(...), colorSpace='rgb', contrast=None, depth=-5.0, fillColor=array([1, 1, 1]), fillColorSpace='rgb', fillRGB=array([1, 1, 1]), interpolate=True, lineColor=array([1., 1., 1.]), lineColorSpace='rgb', lineRGB=array([1, 1, 1]), lineWidth=1, name='line_R_vert', opacity=1, ori=0.0, pos=array([0., 0.]), size=array([1., 1.]), units='pix', vertices=ndarray(...), win=Window(...))
9.1658 	EXP 	Created line_L_vert = Rect(__class__=<class 'psychopy.visual.rect.Rect'>, autoDraw=False, autoLog=True, closeShape=True, color=method-wrapper(...), colorSpace='rgb', contrast=None, depth=-6.0, fillColor=array([1, 1, 1]), fillColorSpace='rgb', fillRGB=array([1, 1, 1]), interpolate=True, lineColor=array([1., 1., 1.]), lineColorSpace='rgb', lineRGB=array([1, 1, 1]), lineWidth=1, name='line_L_vert', opacity=1, ori=0.0, pos=array([0., 0.]), size=array([1., 1.]), units='pix', vertices=ndarray(...), win=Window(...))
9.1670 	EXP 	Created line_T_horiz = Rect(__class__=<class 'psychopy.visual.rect.Rect'>, autoDraw=False, autoLog=True, closeShape=True, color=method-wrapper(...), colorSpace='rgb', contrast=None, depth=-7.0, fillColor=array([1, 1, 1]), fillColorSpace='rgb', fillRGB=array([1, 1, 1]), interpolate=True, lineColor=array([1., 1., 1.]), lineColorSpace='rgb', lineRGB=array([1, 1, 1]), lineWidth=1, name='line_T_horiz', opacity=1, ori=0.0, pos=array([0., 0.]), size=array([1., 1.]), units='pix', vertices=ndarray(...), win=Window(...))
9.1683 	EXP 	Created line_B_horiz = Rect(__class__=<class 'psychopy.visual.rect.Rect'>, autoDraw=False, autoLog=True, closeShape=True, color=method-wrapper(...), colorSpace='rgb', contrast=None, depth=-8.0, fillColor=array([1, 1, 1]), fillColorSpace='rgb', fillRGB=array([1, 1, 1]), interpolate=True, lineColor=array([1., 1., 1.]), lineColorSpace='rgb', lineRGB=array([1, 1, 1]), lineWidth=1, name='line_B_horiz', opacity=1, ori=0.0, pos=array([0., 0.]), size=array([1., 1.]), units='pix', vertices=ndarray(...), win=Window(...))
9.1697 	EXP 	Created nextPoly = Rect(__class__=<class 'psychopy.visual.rect.Rect'>, autoDraw=False, autoLog=True, closeShape=True, color=method-wrapper(...), colorSpace='rgb', contrast=None, depth=-9.0, fillColor=array([1, 0, 0]), fillColorSpace='rgb', fillRGB=array([1, 0, 0]), interpolate=True, lineColor=array([-1., -1., -1.]), lineColorSpace='rgb', lineRGB=array([-1, -1, -1]), lineWidth=2, name='nextPoly', opacity=1, ori=0.0, pos=array([ 0.8, -0.8]), size=array([0.12, 0.06]), units='norm', vertices=ndarray(...), win=Window(...))
9.1712 	EXP 	Created nextButton = TextStim(__class__=<class 'psychopy.visual.text.TextStim'>, alignHoriz=method-wrapper(...), alignText='center', alignVert=method-wrapper(...), anchorHoriz='center', anchorVert='center', antialias=True, autoLog=True, bold=False, color=array([-1., -1., -1.]), colorSpace='rgb', contrast=1.0, depth=-10.0, flipHoriz=False, flipVert=False, font='Arial', fontFiles=[], height=0.05, italic=False, languageStyle='LTR', name='nextButton', opacity=1, ori=0, pos=array([ 0.8, -0.8]), rgb=UNKNOWN, text='', units='norm', win=Window(...), wrapWidth=1)
9.1714 	EXP 	window1: mouseVisible = True
9.1800 	EXP 	Created instruct = TextStim(__class__=<class 'psychopy.visual.text.TextStim'>, alignHoriz=method-wrapper(...), alignText='center', alignVert=method-wrapper(...), anchorHoriz='center', anchorVert='center', antialias=True, autoLog=True, bold=False, color=array([1., 1., 1.]), colorSpace='rgb', contrast=1.0, depth=0.0, flipHoriz=False, flipVert=False, font='Arial', fontFiles=[], height=0.05, italic=False, languageStyle='LTR', name='instruct', opacity=1, ori=0, pos=array([0. , 0.7]), rgb=UNKNOWN, text=str(...), units='norm', win=Window(...), wrapWidth=1)
9.2017 	EXP 	window1: mouseVisible = True
9.2110 	EXP 	Created slider = Slider(__class__=<class 'psychopy.visual.slider.Slider'>, autoDraw=False, autoLog=True, borderColor=None, color=None, colorSpace='rgb', depth=-1, fillColor=None, flip=False, font='Open Sans', granularity=0.0, labelHeight=0.05, labelWrapWidth=None, labels=None, name='slider', opacity=None, pos=(0.05, 0), readOnly=False, self=UNKNOWN, size=(2.0, 0.02), startValue=None, style=method-wrapper(...), styleTweaks=method-wrapper(...), ticks=array([-1. , -0.5,  0. ]), units='height', win=Window(...))
9.2195 	EXP 	Created targetTri = ShapeStim(__class__=<class 'psychopy.visual.shape.ShapeStim'>, autoDraw=False, autoLog=True, closeShape=True, color=method-wrapper(...), colorSpace='rgb', contrast=None, depth=-3.0, fillColor=array([-1, -1,  1]), fillColorSpace='rgb', fillRGB=array([-1, -1,  1]), interpolate=True, lineColor=array([-1., -1.,  1.]), lineColorSpace='rgb', lineRGB=array([-1, -1,  1]), lineWidth=1, name='targetTri', opacity=1, ori=0.0, pos=array([-0.95, -0.03]), size=array([0.05, 0.15]), units='norm', vertices=ndarray(...), win=Window(...), windingRule=None)
9.2209 	EXP 	Created nextPoly1 = Rect(__class__=<class 'psychopy.visual.rect.Rect'>, autoDraw=False, autoLog=True, closeShape=True, color=method-wrapper(...), colorSpace='rgb', contrast=None, depth=-4.0, fillColor=array([1, 0, 0]), fillColorSpace='rgb', fillRGB=array([1, 0, 0]), interpolate=True, lineColor=array([-1., -1., -1.]), lineColorSpace='rgb', lineRGB=array([-1, -1, -1]), lineWidth=1, name='nextPoly1', opacity=1, ori=0.0, pos=array([ 0.8, -0.8]), size=array([0.12, 0.06]), units='norm', vertices=ndarray(...), win=Window(...))
9.2231 	EXP 	Created nextButton1 = TextStim(__class__=<class 'psychopy.visual.text.TextStim'>, alignHoriz=method-wrapper(...), alignText='center', alignVert=method-wrapper(...), anchorHoriz='center', anchorVert='center', antialias=True, autoLog=True, bold=False, color=array([-1., -1., -1.]), colorSpace='rgb', contrast=1.0, depth=-5.0, flipHoriz=False, flipVert=False, font='Arial', fontFiles=[], height=0.05, italic=False, languageStyle='LTR', name='nextButton1', opacity=1, ori=0, pos=array([ 0.8, -0.8]), rgb=UNKNOWN, text='', units='norm', win=Window(...), wrapWidth=1)
9.2232 	EXP 	window1: mouseVisible = True
9.2935 	EXP 	slider: autoLog = True
9.2935 	EXP 	slider: markerPos = None
9.2935 	EXP 	slider: rating = None
9.2935 	EXP 	slider: markerPos = None
9.2935 	EXP 	slider: contrast = 1.0
9.2935 	EXP 	slider: autoLog = True
9.2935 	EXP 	slider: styleTweaks = []
9.2935 	EXP 	slider: style = 'slider'
9.2935 	EXP 	slider: styleTweaks = ['labels45', 'triangleMarker']
9.2935 	EXP 	warningESC: text = ''
9.2935 	EXP 	warningESC: autoDraw = False
9.2935 	EXP 	nextButton: text = 'Next'
9.2935 	EXP 	instructTop: autoDraw = True
9.2935 	EXP 	instructBottom: autoDraw = True
9.2935 	EXP 	cardImage: autoDraw = True
9.2935 	EXP 	line_R_vert: autoDraw = True
9.2935 	EXP 	line_L_vert: autoDraw = True
9.2935 	EXP 	line_T_horiz: autoDraw = True
9.2935 	EXP 	line_B_horiz: autoDraw = True
9.2935 	EXP 	nextPoly: autoDraw = True
9.2935 	EXP 	nextButton: autoDraw = True
10.8273 	DATA 	Mouse: Left button down, pos=(1295,84)
10.8800 	EXP 	instructTop: autoDraw = False
10.8800 	EXP 	instructBottom: autoDraw = False
10.8800 	EXP 	cardImage: autoDraw = False
10.8800 	EXP 	line_R_vert: autoDraw = False
10.8800 	EXP 	line_L_vert: autoDraw = False
10.8800 	EXP 	line_T_horiz: autoDraw = False
10.8800 	EXP 	line_B_horiz: autoDraw = False
10.8800 	EXP 	nextPoly: autoDraw = False
10.8800 	EXP 	nextButton: autoDraw = False
10.8800 	EXP 	slider: markerPos = None
10.8800 	EXP 	slider: markerPos = None
10.8800 	EXP 	slider: rating = None
10.8800 	EXP 	slider: markerPos = 0
10.8800 	EXP 	instruct: autoDraw = True
10.8800 	EXP 	slider: autoDraw = True
10.8800 	EXP 	targetTri: autoDraw = True
10.8800 	EXP 	nextPoly1: autoDraw = True
10.8800 	EXP 	nextButton1: autoDraw = True
10.9431 	DATA 	Mouse:  Left button up, pos=(1295,85)
12.4497 	DATA 	Mouse: Left button down, pos=(993,451)
12.4796 	EXP 	slider: markerPos = -0.3733333333333333
12.4974 	EXP 	slider: markerPos = -0.3733333333333333
12.5176 	EXP 	slider: markerPos = -0.3733333333333333
12.5376 	EXP 	slider: markerPos = -0.3733333333333333
12.5627 	EXP 	slider: markerPos = -0.3733333333333333
12.5817 	EXP 	slider: markerPos = -0.3794444444444445
12.6026 	EXP 	slider: markerPos = -0.3961111111111111
12.6290 	EXP 	slider: markerPos = -0.4455555555555556
12.6466 	EXP 	slider: markerPos = -0.515
12.6662 	EXP 	slider: markerPos = -0.5483333333333333
12.6864 	EXP 	slider: markerPos = -0.5883333333333334
12.7112 	EXP 	slider: markerPos = -0.6027777777777777
12.7282 	EXP 	slider: markerPos = -0.6216666666666667
12.7471 	EXP 	slider: markerPos = -0.6327777777777778
12.7658 	EXP 	slider: markerPos = -0.6394444444444445
12.7872 	EXP 	slider: markerPos = -0.6455555555555555
12.8119 	EXP 	slider: markerPos = -0.6538888888888889
12.8316 	EXP 	slider: markerPos = -0.66
12.8540 	EXP 	slider: markerPos = -0.6711111111111111
12.8739 	EXP 	slider: markerPos = -0.6761111111111111
12.8936 	EXP 	slider: markerPos = -0.6827777777777777
12.9172 	EXP 	slider: markerPos = -0.6861111111111111
12.9353 	EXP 	slider: markerPos = -0.6894444444444444
12.9553 	EXP 	slider: markerPos = -0.6905555555555556
12.9812 	EXP 	slider: markerPos = -0.6911111111111111
12.9986 	EXP 	slider: markerPos = -0.6911111111111111
13.0193 	EXP 	slider: markerPos = -0.6911111111111111
13.0379 	EXP 	slider: markerPos = -0.6911111111111111
13.0580 	EXP 	slider: markerPos = -0.6911111111111111
13.0812 	EXP 	slider: markerPos = -0.6911111111111111
13.0981 	EXP 	slider: markerPos = -0.6911111111111111
13.1189 	EXP 	slider: markerPos = -0.6961111111111111
13.1391 	EXP 	slider: markerPos = -0.7044444444444444
13.1639 	EXP 	slider: markerPos = -0.7277777777777777
13.1809 	EXP 	slider: markerPos = -0.7594444444444445
13.2010 	EXP 	slider: markerPos = -0.7794444444444444
13.2208 	EXP 	slider: markerPos = -0.7994444444444444
13.2422 	EXP 	slider: markerPos = -0.8277777777777777
13.2609 	EXP 	slider: markerPos = -0.8466666666666667
13.2804 	EXP 	slider: markerPos = -0.8577777777777778
13.3004 	EXP 	slider: markerPos = -0.866111111111111
13.3205 	EXP 	slider: markerPos = -0.8733333333333333
13.3414 	EXP 	slider: markerPos = -0.8783333333333334
13.3602 	EXP 	slider: markerPos = -0.8811111111111112
13.3803 	EXP 	slider: markerPos = -0.8833333333333333
13.4006 	EXP 	slider: markerPos = -0.8872222222222222
13.4200 	EXP 	slider: markerPos = -0.8888888888888888
13.4418 	EXP 	slider: markerPos = -0.8911111111111112
13.4669 	EXP 	slider: markerPos = -0.8927777777777778
13.4869 	EXP 	slider: markerPos = -0.8933333333333333
13.5059 	EXP 	slider: markerPos = -0.8933333333333333
13.5252 	EXP 	slider: markerPos = -0.893888888888889
13.5443 	EXP 	slider: markerPos = -0.893888888888889
13.5631 	EXP 	slider: markerPos = -0.893888888888889
13.5824 	EXP 	slider: markerPos = -0.893888888888889
13.6014 	EXP 	slider: markerPos = -0.893888888888889
13.6218 	EXP 	slider: markerPos = -0.893888888888889
13.6464 	EXP 	slider: markerPos = -0.893888888888889
13.6635 	EXP 	slider: markerPos = -0.895
13.6855 	EXP 	slider: markerPos = -0.895
13.7061 	EXP 	slider: markerPos = -0.8955555555555557
13.7247 	EXP 	slider: markerPos = -0.8961111111111111
13.7493 	EXP 	slider: markerPos = -0.8966666666666667
13.7692 	EXP 	slider: markerPos = -0.8977777777777778
13.7890 	EXP 	slider: markerPos = -0.8983333333333334
13.8089 	EXP 	slider: markerPos = -0.8988888888888888
13.8331 	EXP 	slider: markerPos = -0.8988888888888888
13.8507 	EXP 	slider: markerPos = -0.9
13.8691 	EXP 	slider: markerPos = -0.9
13.8893 	EXP 	slider: markerPos = -0.9005555555555556
13.9126 	EXP 	slider: markerPos = -0.9005555555555556
13.9297 	EXP 	slider: markerPos = -0.9005555555555556
13.9490 	EXP 	slider: markerPos = -0.9005555555555556
13.9682 	EXP 	slider: markerPos = -0.9011111111111112
13.9896 	EXP 	slider: markerPos = -0.9011111111111112
14.0133 	EXP 	slider: markerPos = -0.9016666666666666
14.0311 	EXP 	slider: markerPos = -0.9016666666666666
14.0519 	EXP 	slider: markerPos = -0.9016666666666666
14.0726 	EXP 	slider: markerPos = -0.9016666666666666
14.0739 	DATA 	Mouse: wheel shift=(0,0), pos=(42,487)
14.0918 	EXP 	slider: markerPos = -0.9016666666666666
14.1105 	EXP 	slider: markerPos = -0.9016666666666666
14.1128 	DATA 	Mouse: wheel shift=(0,0), pos=(42,487)
14.1342 	EXP 	slider: markerPos = -0.9016666666666666
14.1538 	EXP 	slider: markerPos = -0.9016666666666666
14.1753 	EXP 	slider: markerPos = -0.9016666666666666
14.1954 	EXP 	slider: markerPos = -0.9016666666666666
14.2147 	EXP 	slider: markerPos = -0.9016666666666666
14.2362 	EXP 	slider: markerPos = -0.9016666666666666
14.2560 	EXP 	slider: markerPos = -0.9016666666666666
14.2755 	EXP 	slider: markerPos = -0.9016666666666666
14.2961 	EXP 	slider: markerPos = -0.9016666666666666
14.3176 	EXP 	slider: markerPos = -0.9016666666666666
14.3380 	EXP 	slider: markerPos = -0.9016666666666666
14.3635 	EXP 	slider: markerPos = -0.9022222222222223
14.3821 	EXP 	slider: markerPos = -0.9022222222222223
14.4034 	EXP 	slider: markerPos = -0.9027777777777778
14.4241 	EXP 	slider: markerPos = -0.9027777777777778
14.4479 	EXP 	slider: markerPos = -0.9033333333333333
14.4672 	EXP 	slider: markerPos = -0.9033333333333333
14.4878 	EXP 	slider: markerPos = -0.9033333333333333
14.5084 	EXP 	slider: markerPos = -0.903888888888889
14.5328 	EXP 	slider: markerPos = -0.903888888888889
14.5517 	EXP 	slider: markerPos = -0.903888888888889
14.5716 	EXP 	slider: markerPos = -0.903888888888889
14.5916 	EXP 	slider: markerPos = -0.903888888888889
14.6170 	EXP 	slider: markerPos = -0.903888888888889
14.6347 	EXP 	slider: markerPos = -0.903888888888889
14.6552 	EXP 	slider: markerPos = -0.9044444444444444
14.6793 	EXP 	slider: markerPos = -0.9044444444444444
14.6970 	EXP 	slider: markerPos = -0.9044444444444444
14.7166 	EXP 	slider: markerPos = -0.9044444444444444
14.7376 	EXP 	slider: markerPos = -0.9044444444444444
14.7625 	EXP 	slider: markerPos = -0.9044444444444444
14.7812 	EXP 	slider: markerPos = -0.9044444444444444
14.8040 	EXP 	slider: markerPos = -0.9044444444444444
14.8232 	EXP 	slider: markerPos = -0.9044444444444444
14.8481 	EXP 	slider: markerPos = -0.9044444444444444
14.8660 	EXP 	slider: markerPos = -0.9044444444444444
14.8857 	EXP 	slider: markerPos = -0.9044444444444444
14.9117 	EXP 	slider: markerPos = -0.9044444444444444
14.9337 	EXP 	slider: markerPos = -0.9044444444444444
14.9516 	EXP 	slider: markerPos = -0.9044444444444444
14.9714 	EXP 	slider: markerPos = -0.9044444444444444
14.9915 	EXP 	slider: markerPos = -0.9044444444444444
15.0017 	DATA 	Mouse:  Left button up, pos=(37,487)
15.0120 	EXP 	slider: markerPos = -0.9044444444444444
15.0334 	EXP 	slider: markerPos = -0.9044444444444444
15.0334 	EXP 	slider: rating = -0.9044444444444444
16.5745 	DATA 	Mouse: Left button down, pos=(1279,88)
16.5873 	EXP 	window1: mouseVisible = True
1.7126 	WARNING 	We strongly recommend you activate the PTB sound engine in PsychoPy prefs as the preferred audio engine. Its timing is vastly superior. Your prefs are currently set to use ['sounddevice', 'PTB', 'pyo', 'pygame'] (in that order).
7.8773 	EXP 	Created window1 = Window(allowGUI=True, allowStencil=False, autoLog=True, backendConf=UNKNOWN, bitsMode=UNKNOWN, blendMode='avg', bpc=(8, 8, 8), color=array([-1, -1, -1]), colorSpace='rgb', depthBits=8, fullscr=<method-wrapper '__getattribute__' of attributeSetter object at 0x7f7edadcfac8>, gamma=None, gammaErrorPolicy='raise', lms=UNKNOWN, monitor=<psychopy.monitors.calibTools.Monitor object at 0x7f7ed9c36c50>, multiSample=False, name='window1', numSamples=2, pos=[360.0, 225.0], screen=0, size=array([2880, 1800]), stencilBits=0, stereo=False, units='norm', useFBO=True, useRetina=True, viewOri=0.0, viewPos=None, viewScale=None, waitBlanking=True, winType='pyglet')
7.8788 	EXP 	window1: mouseVisible = True
7.8789 	EXP 	window1: recordFrameIntervals = False
8.0430 	EXP 	window1: recordFrameIntervals = True
8.2272 	EXP 	window1: recordFrameIntervals = False
9.1790 	EXP 	Created warningESC = TextStim(__class__=<class 'psychopy.visual.text.TextStim'>, alignHoriz=method-wrapper(...), alignText='center', alignVert=method-wrapper(...), anchorHoriz='center', anchorVert='center', antialias=True, autoLog=True, bold=False, color=array([1., 1., 1.]), colorSpace='rgb', contrast=1.0, depth=-1.0, flipHoriz=False, flipVert=False, font='Arial', fontFiles=[], height=0.05, italic=False, languageStyle='LTR', name='warningESC', opacity=1, ori=0.0, pos=array([0., 0.]), rgb=UNKNOWN, text='', units='norm', win=Window(...), wrapWidth=1)
9.2515 	EXP 	Created instructTop = TextStim(__class__=<class 'psychopy.visual.text.TextStim'>, alignHoriz=method-wrapper(...), alignText='center', alignVert=method-wrapper(...), anchorHoriz='center', anchorVert='center', antialias=True, autoLog=True, bold=False, color=array([1., 1., 1.]), colorSpace='rgb', contrast=1.0, depth=-2.0, flipHoriz=False, flipVert=False, font='Arial', fontFiles=[], height=0.05, italic=False, languageStyle='LTR', name='instructTop', opacity=1, ori=0, pos=array([0. , 0.7]), rgb=UNKNOWN, text=str(...), units='norm', win=Window(...), wrapWidth=1.5)
9.2659 	EXP 	Created instructBottom = TextStim(__class__=<class 'psychopy.visual.text.TextStim'>, alignHoriz=method-wrapper(...), alignText='center', alignVert=method-wrapper(...), anchorHoriz='center', anchorVert='center', antialias=True, autoLog=True, bold=False, color=array([1., 1., 1.]), colorSpace='rgb', contrast=1.0, depth=-3.0, flipHoriz=False, flipVert=False, font='Arial', fontFiles=[], height=0.05, italic=False, languageStyle='LTR', name='instructBottom', opacity=1, ori=0, pos=array([ 0. , -0.6]), rgb=UNKNOWN, text=str(...), units='norm', win=Window(...), wrapWidth=1)
9.3297 	EXP 	Created cardImage = ImageStim(__class__=<class 'psychopy.visual.image.ImageStim'>, autoLog=True, color=array([1., 1., 1.]), colorSpace='rgb', contrast=1.0, depth=-4.0, flipHoriz=False, flipVert=False, image='images/bankImage.png', interpolate=True, mask=None, maskParams=None, name='cardImage', opacity=1, ori=0.0, pos=array([0., 0.]), size=array([1., 1.]), texRes=512, units='pix', win=Window(...))
9.3340 	EXP 	Created line_R_vert = Rect(__class__=<class 'psychopy.visual.rect.Rect'>, autoDraw=False, autoLog=True, closeShape=True, color=method-wrapper(...), colorSpace='rgb', contrast=None, depth=-5.0, fillColor=array([1, 1, 1]), fillColorSpace='rgb', fillRGB=array([1, 1, 1]), interpolate=True, lineColor=array([1., 1., 1.]), lineColorSpace='rgb', lineRGB=array([1, 1, 1]), lineWidth=1, name='line_R_vert', opacity=1, ori=0.0, pos=array([0., 0.]), size=array([1., 1.]), units='pix', vertices=ndarray(...), win=Window(...))
9.3352 	EXP 	Created line_L_vert = Rect(__class__=<class 'psychopy.visual.rect.Rect'>, autoDraw=False, autoLog=True, closeShape=True, color=method-wrapper(...), colorSpace='rgb', contrast=None, depth=-6.0, fillColor=array([1, 1, 1]), fillColorSpace='rgb', fillRGB=array([1, 1, 1]), interpolate=True, lineColor=array([1., 1., 1.]), lineColorSpace='rgb', lineRGB=array([1, 1, 1]), lineWidth=1, name='line_L_vert', opacity=1, ori=0.0, pos=array([0., 0.]), size=array([1., 1.]), units='pix', vertices=ndarray(...), win=Window(...))
9.3366 	EXP 	Created line_T_horiz = Rect(__class__=<class 'psychopy.visual.rect.Rect'>, autoDraw=False, autoLog=True, closeShape=True, color=method-wrapper(...), colorSpace='rgb', contrast=None, depth=-7.0, fillColor=array([1, 1, 1]), fillColorSpace='rgb', fillRGB=array([1, 1, 1]), interpolate=True, lineColor=array([1., 1., 1.]), lineColorSpace='rgb', lineRGB=array([1, 1, 1]), lineWidth=1, name='line_T_horiz', opacity=1, ori=0.0, pos=array([0., 0.]), size=array([1., 1.]), units='pix', vertices=ndarray(...), win=Window(...))
9.3378 	EXP 	Created line_B_horiz = Rect(__class__=<class 'psychopy.visual.rect.Rect'>, autoDraw=False, autoLog=True, closeShape=True, color=method-wrapper(...), colorSpace='rgb', contrast=None, depth=-8.0, fillColor=array([1, 1, 1]), fillColorSpace='rgb', fillRGB=array([1, 1, 1]), interpolate=True, lineColor=array([1., 1., 1.]), lineColorSpace='rgb', lineRGB=array([1, 1, 1]), lineWidth=1, name='line_B_horiz', opacity=1, ori=0.0, pos=array([0., 0.]), size=array([1., 1.]), units='pix', vertices=ndarray(...), win=Window(...))
9.3393 	EXP 	Created nextPoly = Rect(__class__=<class 'psychopy.visual.rect.Rect'>, autoDraw=False, autoLog=True, closeShape=True, color=method-wrapper(...), colorSpace='rgb', contrast=None, depth=-9.0, fillColor=array([1, 0, 0]), fillColorSpace='rgb', fillRGB=array([1, 0, 0]), interpolate=True, lineColor=array([-1., -1., -1.]), lineColorSpace='rgb', lineRGB=array([-1, -1, -1]), lineWidth=2, name='nextPoly', opacity=1, ori=0.0, pos=array([ 0.8, -0.8]), size=array([0.12, 0.06]), units='norm', vertices=ndarray(...), win=Window(...))
9.3410 	EXP 	Created nextButton = TextStim(__class__=<class 'psychopy.visual.text.TextStim'>, alignHoriz=method-wrapper(...), alignText='center', alignVert=method-wrapper(...), anchorHoriz='center', anchorVert='center', antialias=True, autoLog=True, bold=False, color=array([-1., -1., -1.]), colorSpace='rgb', contrast=1.0, depth=-10.0, flipHoriz=False, flipVert=False, font='Arial', fontFiles=[], height=0.05, italic=False, languageStyle='LTR', name='nextButton', opacity=1, ori=0, pos=array([ 0.8, -0.8]), rgb=UNKNOWN, text='', units='norm', win=Window(...), wrapWidth=1)
9.3412 	EXP 	window1: mouseVisible = True
9.3487 	EXP 	Created instruct = TextStim(__class__=<class 'psychopy.visual.text.TextStim'>, alignHoriz=method-wrapper(...), alignText='center', alignVert=method-wrapper(...), anchorHoriz='center', anchorVert='center', antialias=True, autoLog=True, bold=False, color=array([1., 1., 1.]), colorSpace='rgb', contrast=1.0, depth=0.0, flipHoriz=False, flipVert=False, font='Arial', fontFiles=[], height=0.05, italic=False, languageStyle='LTR', name='instruct', opacity=1, ori=0, pos=array([0. , 0.7]), rgb=UNKNOWN, text=str(...), units='norm', win=Window(...), wrapWidth=1)
9.3716 	EXP 	window1: mouseVisible = True
9.3807 	EXP 	Created slider = Slider(__class__=<class 'psychopy.visual.slider.Slider'>, autoDraw=False, autoLog=True, borderColor=None, color=None, colorSpace='rgb', depth=-1, fillColor=None, flip=False, font='Open Sans', granularity=0.0, labelHeight=0.05, labelWrapWidth=None, labels=None, name='slider', opacity=None, pos=(0.001, 0), readOnly=False, self=UNKNOWN, size=(2.0, 0.02), startValue=None, style=method-wrapper(...), styleTweaks=method-wrapper(...), ticks=array([-1. , -0.5,  0. ]), units='norm', win=Window(...))
9.3895 	EXP 	Created targetTri = ShapeStim(__class__=<class 'psychopy.visual.shape.ShapeStim'>, autoDraw=False, autoLog=True, closeShape=True, color=method-wrapper(...), colorSpace='rgb', contrast=None, depth=-3.0, fillColor=array([-1, -1,  1]), fillColorSpace='rgb', fillRGB=array([-1, -1,  1]), interpolate=True, lineColor=array([-1., -1.,  1.]), lineColorSpace='rgb', lineRGB=array([-1, -1,  1]), lineWidth=1, name='targetTri', opacity=1, ori=0.0, pos=array([-0.95, -0.03]), size=array([0.05, 0.15]), units='norm', vertices=ndarray(...), win=Window(...), windingRule=None)
9.3907 	EXP 	Created nextPoly1 = Rect(__class__=<class 'psychopy.visual.rect.Rect'>, autoDraw=False, autoLog=True, closeShape=True, color=method-wrapper(...), colorSpace='rgb', contrast=None, depth=-4.0, fillColor=array([1, 0, 0]), fillColorSpace='rgb', fillRGB=array([1, 0, 0]), interpolate=True, lineColor=array([-1., -1., -1.]), lineColorSpace='rgb', lineRGB=array([-1, -1, -1]), lineWidth=1, name='nextPoly1', opacity=1, ori=0.0, pos=array([ 0.8, -0.8]), size=array([0.12, 0.06]), units='norm', vertices=ndarray(...), win=Window(...))
9.3921 	EXP 	Created nextButton1 = TextStim(__class__=<class 'psychopy.visual.text.TextStim'>, alignHoriz=method-wrapper(...), alignText='center', alignVert=method-wrapper(...), anchorHoriz='center', anchorVert='center', antialias=True, autoLog=True, bold=False, color=array([-1., -1., -1.]), colorSpace='rgb', contrast=1.0, depth=-5.0, flipHoriz=False, flipVert=False, font='Arial', fontFiles=[], height=0.05, italic=False, languageStyle='LTR', name='nextButton1', opacity=1, ori=0, pos=array([ 0.8, -0.8]), rgb=UNKNOWN, text='', units='norm', win=Window(...), wrapWidth=1)
9.3922 	EXP 	window1: mouseVisible = True
9.4490 	EXP 	slider: autoLog = True
9.4490 	EXP 	slider: markerPos = None
9.4490 	EXP 	slider: rating = None
9.4490 	EXP 	slider: markerPos = None
9.4490 	EXP 	slider: contrast = 1.0
9.4490 	EXP 	slider: autoLog = True
9.4490 	EXP 	slider: styleTweaks = []
9.4490 	EXP 	slider: style = 'slider'
9.4490 	EXP 	slider: styleTweaks = ['labels45', 'triangleMarker']
9.4490 	EXP 	warningESC: text = ''
9.4490 	EXP 	warningESC: autoDraw = False
9.4490 	EXP 	nextButton: text = 'Next'
9.4490 	EXP 	instructTop: autoDraw = True
9.4490 	EXP 	instructBottom: autoDraw = True
9.4490 	EXP 	cardImage: autoDraw = True
9.4490 	EXP 	line_R_vert: autoDraw = True
9.4490 	EXP 	line_L_vert: autoDraw = True
9.4490 	EXP 	line_T_horiz: autoDraw = True
9.4490 	EXP 	line_B_horiz: autoDraw = True
9.4490 	EXP 	nextPoly: autoDraw = True
9.4490 	EXP 	nextButton: autoDraw = True
16.9147 	DATA 	Mouse: Left button down, pos=(1308,86)
16.9152 	DATA 	Mouse:  Left button up, pos=(1308,86)
16.9155 	DATA 	Mouse: Left button down, pos=(1308,86)
16.9515 	EXP 	instructTop: autoDraw = False
16.9515 	EXP 	instructBottom: autoDraw = False
16.9515 	EXP 	cardImage: autoDraw = False
16.9515 	EXP 	line_R_vert: autoDraw = False
16.9515 	EXP 	line_L_vert: autoDraw = False
16.9515 	EXP 	line_T_horiz: autoDraw = False
16.9515 	EXP 	line_B_horiz: autoDraw = False
16.9515 	EXP 	nextPoly: autoDraw = False
16.9515 	EXP 	nextButton: autoDraw = False
16.9515 	EXP 	slider: markerPos = None
16.9515 	EXP 	slider: markerPos = None
16.9515 	EXP 	slider: rating = None
16.9515 	EXP 	slider: markerPos = 0
16.9515 	EXP 	instruct: autoDraw = True
16.9515 	EXP 	slider: autoDraw = True
16.9515 	EXP 	targetTri: autoDraw = True
16.9515 	EXP 	nextPoly1: autoDraw = True
16.9515 	EXP 	nextButton1: autoDraw = True
17.0896 	DATA 	Mouse:  Left button up, pos=(1308,86)
22.4049 	DATA 	Mouse: Left button down, pos=(759,448)
22.4052 	DATA 	Mouse:  Left button up, pos=(759,448)
22.4056 	DATA 	Mouse: Left button down, pos=(759,448)
22.4239 	EXP 	slider: markerPos = -0.4734166666666667
22.4448 	EXP 	slider: markerPos = -0.4734166666666667
22.4646 	EXP 	slider: markerPos = -0.4734166666666667
22.4876 	EXP 	slider: markerPos = -0.4734166666666667
22.5086 	EXP 	slider: markerPos = -0.4734166666666667
22.5255 	EXP 	slider: markerPos = -0.4734166666666667
22.5463 	EXP 	slider: markerPos = -0.4734166666666667
22.5471 	DATA 	Mouse:  Left button up, pos=(759,448)
22.5662 	EXP 	slider: markerPos = -0.4734166666666667
22.5662 	EXP 	slider: rating = -0.4734166666666667
22.6051 	DATA 	Mouse: Left button down, pos=(759,448)
22.6235 	EXP 	slider: markerPos = -0.4734166666666667
22.6430 	EXP 	slider: markerPos = -0.4734166666666667
22.6636 	EXP 	slider: markerPos = -0.4734166666666667
22.6829 	EXP 	slider: markerPos = -0.4734166666666667
22.7077 	EXP 	slider: markerPos = -0.4734166666666667
22.7259 	EXP 	slider: markerPos = -0.4734166666666667
22.7306 	DATA 	Mouse:  Left button up, pos=(759,448)
22.7495 	EXP 	slider: markerPos = -0.4734166666666667
22.7495 	EXP 	slider: rating = -0.4734166666666667
26.4814 	DATA 	Mouse: Left button down, pos=(148,446)
26.4818 	DATA 	Mouse:  Left button up, pos=(148,446)
26.4822 	DATA 	Mouse: Left button down, pos=(148,446)
26.5055 	EXP 	slider: markerPos = -0.8977222222222222
26.5227 	EXP 	slider: markerPos = -0.8977222222222222
26.5407 	EXP 	slider: markerPos = -0.8977222222222222
26.5616 	EXP 	slider: markerPos = -0.8977222222222222
26.5808 	EXP 	slider: markerPos = -0.8977222222222222
26.6043 	EXP 	slider: markerPos = -0.8977222222222222
26.6228 	EXP 	slider: markerPos = -0.8977222222222222
26.6419 	EXP 	slider: markerPos = -0.8977222222222222
26.6628 	EXP 	slider: markerPos = -0.8977222222222222
26.6823 	EXP 	slider: markerPos = -0.8977222222222222
26.6851 	DATA 	Mouse:  Left button up, pos=(148,446)
26.7069 	EXP 	slider: markerPos = -0.8977222222222222
26.7069 	EXP 	slider: rating = -0.8977222222222222
28.3840 	DATA 	Mouse: Left button down, pos=(35,449)
28.3844 	DATA 	Mouse:  Left button up, pos=(35,449)
28.3849 	DATA 	Mouse: Left button down, pos=(35,449)
28.4013 	EXP 	slider: markerPos = -0.9761944444444444
28.4246 	EXP 	slider: markerPos = -0.9761944444444444
28.4423 	EXP 	slider: markerPos = -0.9761944444444444
28.4613 	EXP 	slider: markerPos = -0.9761944444444444
28.4824 	EXP 	slider: markerPos = -0.9761944444444444
28.5008 	EXP 	slider: markerPos = -0.9761944444444444
28.5116 	DATA 	Mouse:  Left button up, pos=(35,449)
28.5255 	EXP 	slider: markerPos = -0.9761944444444444
28.5463 	EXP 	slider: markerPos = -0.9761944444444444
28.5463 	EXP 	slider: rating = -0.9761944444444444
31.5563 	DATA 	Mouse: Left button down, pos=(1283,87)
31.5566 	DATA 	Mouse:  Left button up, pos=(1283,87)
31.5569 	DATA 	Mouse: Left button down, pos=(1283,87)
31.5819 	EXP 	window1: mouseVisible = True
