1.4842 	WARNING 	We strongly recommend you activate the PTB sound engine in PsychoPy prefs as the preferred audio engine. Its timing is vastly superior. Your prefs are currently set to use ['sounddevice', 'PTB', 'pyo', 'pygame'] (in that order).
8.9182 	EXP 	Created window1 = Window(allowGUI=True, allowStencil=False, autoLog=True, backendConf=UNKNOWN, bitsMode=UNKNOWN, blendMode='avg', bpc=(8, 8, 8), color=array([-1, -1, -1]), colorSpace='rgb', depthBits=8, fullscr=<method-wrapper '__getattribute__' of attributeSetter object at 0x7fc50e4c1ac8>, gamma=None, gammaErrorPolicy='raise', lms=UNKNOWN, monitor=<psychopy.monitors.calibTools.Monitor object at 0x7fc50c026898>, multiSample=False, name='window1', numSamples=2, pos=[360.0, 225.0], screen=0, size=array([2880, 1800]), stencilBits=0, stereo=False, units='norm', useFBO=True, useRetina=True, viewOri=0.0, viewPos=None, viewScale=None, waitBlanking=True, winType='pyglet')
8.9184 	EXP 	window1: mouseVisible = True
8.9184 	EXP 	window1: recordFrameIntervals = False
9.0843 	EXP 	window1: recordFrameIntervals = True
9.2677 	EXP 	window1: recordFrameIntervals = False
10.2164 	EXP 	Created warningESC = TextStim(__class__=<class 'psychopy.visual.text.TextStim'>, alignHoriz=method-wrapper(...), alignText='center', alignVert=method-wrapper(...), anchorHoriz='center', anchorVert='center', antialias=True, autoLog=True, bold=False, color=array([1., 1., 1.]), colorSpace='rgb', contrast=1.0, depth=-1.0, flipHoriz=False, flipVert=False, font='Arial', fontFiles=[], height=0.05, italic=False, languageStyle='LTR', name='warningESC', opacity=1, ori=0.0, pos=array([0., 0.]), rgb=UNKNOWN, text='', units='norm', win=Window(...), wrapWidth=1)
10.2914 	EXP 	Created instructTop = TextStim(__class__=<class 'psychopy.visual.text.TextStim'>, alignHoriz=method-wrapper(...), alignText='center', alignVert=method-wrapper(...), anchorHoriz='center', anchorVert='center', antialias=True, autoLog=True, bold=False, color=array([1., 1., 1.]), colorSpace='rgb', contrast=1.0, depth=-2.0, flipHoriz=False, flipVert=False, font='Arial', fontFiles=[], height=0.05, italic=False, languageStyle='LTR', name='instructTop', opacity=1, ori=0, pos=array([0. , 0.7]), rgb=UNKNOWN, text=str(...), units='norm', win=Window(...), wrapWidth=1.5)
10.3095 	EXP 	Created instructBottom = TextStim(__class__=<class 'psychopy.visual.text.TextStim'>, alignHoriz=method-wrapper(...), alignText='center', alignVert=method-wrapper(...), anchorHoriz='center', anchorVert='center', antialias=True, autoLog=True, bold=False, color=array([1., 1., 1.]), colorSpace='rgb', contrast=1.0, depth=-3.0, flipHoriz=False, flipVert=False, font='Arial', fontFiles=[], height=0.05, italic=False, languageStyle='LTR', name='instructBottom', opacity=1, ori=0, pos=array([ 0. , -0.6]), rgb=UNKNOWN, text=str(...), units='norm', win=Window(...), wrapWidth=1)
10.3802 	EXP 	Created cardImage = ImageStim(__class__=<class 'psychopy.visual.image.ImageStim'>, autoLog=True, color=array([1., 1., 1.]), colorSpace='rgb', contrast=1.0, depth=-4.0, flipHoriz=False, flipVert=False, image='images/bankImage.png', interpolate=True, mask=None, maskParams=None, name='cardImage', opacity=1, ori=0.0, pos=array([0., 0.]), size=array([1., 1.]), texRes=512, units='pix', win=Window(...))
10.3834 	EXP 	Created line_R_vert = Rect(__class__=<class 'psychopy.visual.rect.Rect'>, autoDraw=False, autoLog=True, closeShape=True, color=method-wrapper(...), colorSpace='rgb', contrast=None, depth=-5.0, fillColor=array([1, 1, 1]), fillColorSpace='rgb', fillRGB=array([1, 1, 1]), interpolate=True, lineColor=array([1., 1., 1.]), lineColorSpace='rgb', lineRGB=array([1, 1, 1]), lineWidth=1, name='line_R_vert', opacity=1, ori=0.0, pos=array([0., 0.]), size=array([1., 1.]), units='pix', vertices=ndarray(...), win=Window(...))
10.3848 	EXP 	Created line_L_vert = Rect(__class__=<class 'psychopy.visual.rect.Rect'>, autoDraw=False, autoLog=True, closeShape=True, color=method-wrapper(...), colorSpace='rgb', contrast=None, depth=-6.0, fillColor=array([1, 1, 1]), fillColorSpace='rgb', fillRGB=array([1, 1, 1]), interpolate=True, lineColor=array([1., 1., 1.]), lineColorSpace='rgb', lineRGB=array([1, 1, 1]), lineWidth=1, name='line_L_vert', opacity=1, ori=0.0, pos=array([0., 0.]), size=array([1., 1.]), units='pix', vertices=ndarray(...), win=Window(...))
10.3866 	EXP 	Created line_T_horiz = Rect(__class__=<class 'psychopy.visual.rect.Rect'>, autoDraw=False, autoLog=True, closeShape=True, color=method-wrapper(...), colorSpace='rgb', contrast=None, depth=-7.0, fillColor=array([1, 1, 1]), fillColorSpace='rgb', fillRGB=array([1, 1, 1]), interpolate=True, lineColor=array([1., 1., 1.]), lineColorSpace='rgb', lineRGB=array([1, 1, 1]), lineWidth=1, name='line_T_horiz', opacity=1, ori=0.0, pos=array([0., 0.]), size=array([1., 1.]), units='pix', vertices=ndarray(...), win=Window(...))
10.3879 	EXP 	Created line_B_horiz = Rect(__class__=<class 'psychopy.visual.rect.Rect'>, autoDraw=False, autoLog=True, closeShape=True, color=method-wrapper(...), colorSpace='rgb', contrast=None, depth=-8.0, fillColor=array([1, 1, 1]), fillColorSpace='rgb', fillRGB=array([1, 1, 1]), interpolate=True, lineColor=array([1., 1., 1.]), lineColorSpace='rgb', lineRGB=array([1, 1, 1]), lineWidth=1, name='line_B_horiz', opacity=1, ori=0.0, pos=array([0., 0.]), size=array([1., 1.]), units='pix', vertices=ndarray(...), win=Window(...))
10.3892 	EXP 	Created nextPoly = Rect(__class__=<class 'psychopy.visual.rect.Rect'>, autoDraw=False, autoLog=True, closeShape=True, color=method-wrapper(...), colorSpace='rgb', contrast=None, depth=-9.0, fillColor=array([1, 0, 0]), fillColorSpace='rgb', fillRGB=array([1, 0, 0]), interpolate=True, lineColor=array([-1., -1., -1.]), lineColorSpace='rgb', lineRGB=array([-1, -1, -1]), lineWidth=2, name='nextPoly', opacity=1, ori=0.0, pos=array([ 0.8, -0.8]), size=array([0.12, 0.06]), units='norm', vertices=ndarray(...), win=Window(...))
10.3906 	EXP 	Created nextButton = TextStim(__class__=<class 'psychopy.visual.text.TextStim'>, alignHoriz=method-wrapper(...), alignText='center', alignVert=method-wrapper(...), anchorHoriz='center', anchorVert='center', antialias=True, autoLog=True, bold=False, color=array([-1., -1., -1.]), colorSpace='rgb', contrast=1.0, depth=-10.0, flipHoriz=False, flipVert=False, font='Arial', fontFiles=[], height=0.05, italic=False, languageStyle='LTR', name='nextButton', opacity=1, ori=0, pos=array([ 0.8, -0.8]), rgb=UNKNOWN, text='', units='norm', win=Window(...), wrapWidth=1)
10.3908 	EXP 	window1: mouseVisible = True
10.3987 	EXP 	Created instruct = TextStim(__class__=<class 'psychopy.visual.text.TextStim'>, alignHoriz=method-wrapper(...), alignText='center', alignVert=method-wrapper(...), anchorHoriz='center', anchorVert='center', antialias=True, autoLog=True, bold=False, color=array([1., 1., 1.]), colorSpace='rgb', contrast=1.0, depth=0.0, flipHoriz=False, flipVert=False, font='Arial', fontFiles=[], height=0.05, italic=False, languageStyle='LTR', name='instruct', opacity=1, ori=0, pos=array([0. , 0.7]), rgb=UNKNOWN, text=str(...), units='norm', win=Window(...), wrapWidth=1)
10.4196 	EXP 	window1: mouseVisible = True
10.4290 	EXP 	Created slider = Slider(__class__=<class 'psychopy.visual.slider.Slider'>, autoDraw=False, autoLog=True, borderColor=None, color=None, colorSpace='rgb', depth=-1, fillColor=None, flip=False, font='Open Sans', granularity=0.0, labelHeight=0.05, labelWrapWidth=None, labels=None, name='slider', opacity=None, pos=(-0.6, 0.2), readOnly=False, self=UNKNOWN, size=(4.0, 0.05), startValue=None, style=method-wrapper(...), styleTweaks=method-wrapper(...), ticks=array([-1. , -0.5,  0. ]), units='norm', win=Window(...))
10.4376 	EXP 	Created targetTri = ShapeStim(__class__=<class 'psychopy.visual.shape.ShapeStim'>, autoDraw=False, autoLog=True, closeShape=True, color=method-wrapper(...), colorSpace='rgb', contrast=None, depth=-3.0, fillColor=array([-1, -1,  1]), fillColorSpace='rgb', fillRGB=array([-1, -1,  1]), interpolate=True, lineColor=array([-1., -1.,  1.]), lineColorSpace='rgb', lineRGB=array([-1, -1,  1]), lineWidth=1, name='targetTri', opacity=1, ori=0.0, pos=array([-0.95, -0.03]), size=array([0.05, 0.15]), units='norm', vertices=ndarray(...), win=Window(...), windingRule=None)
10.4390 	EXP 	Created nextPoly1 = Rect(__class__=<class 'psychopy.visual.rect.Rect'>, autoDraw=False, autoLog=True, closeShape=True, color=method-wrapper(...), colorSpace='rgb', contrast=None, depth=-4.0, fillColor=array([1, 0, 0]), fillColorSpace='rgb', fillRGB=array([1, 0, 0]), interpolate=True, lineColor=array([-1., -1., -1.]), lineColorSpace='rgb', lineRGB=array([-1, -1, -1]), lineWidth=1, name='nextPoly1', opacity=1, ori=0.0, pos=array([ 0.8, -0.8]), size=array([0.12, 0.06]), units='norm', vertices=ndarray(...), win=Window(...))
10.4403 	EXP 	Created nextButton1 = TextStim(__class__=<class 'psychopy.visual.text.TextStim'>, alignHoriz=method-wrapper(...), alignText='center', alignVert=method-wrapper(...), anchorHoriz='center', anchorVert='center', antialias=True, autoLog=True, bold=False, color=array([-1., -1., -1.]), colorSpace='rgb', contrast=1.0, depth=-5.0, flipHoriz=False, flipVert=False, font='Arial', fontFiles=[], height=0.05, italic=False, languageStyle='LTR', name='nextButton1', opacity=1, ori=0, pos=array([ 0.8, -0.8]), rgb=UNKNOWN, text='', units='norm', win=Window(...), wrapWidth=1)
10.4404 	EXP 	window1: mouseVisible = True
10.4959 	EXP 	slider: autoLog = True
10.4959 	EXP 	slider: markerPos = None
10.4959 	EXP 	slider: rating = None
10.4959 	EXP 	slider: markerPos = None
10.4959 	EXP 	slider: contrast = 1.0
10.4959 	EXP 	slider: autoLog = True
10.4959 	EXP 	slider: styleTweaks = []
10.4959 	EXP 	slider: style = 'slider'
10.4959 	EXP 	slider: styleTweaks = ['labels45', 'triangleMarker']
10.4959 	EXP 	warningESC: text = ''
10.4959 	EXP 	warningESC: autoDraw = False
10.4959 	EXP 	nextButton: text = 'Next'
10.4959 	EXP 	instructTop: autoDraw = True
10.4959 	EXP 	instructBottom: autoDraw = True
10.4959 	EXP 	cardImage: autoDraw = True
10.4959 	EXP 	line_R_vert: autoDraw = True
10.4959 	EXP 	line_L_vert: autoDraw = True
10.4959 	EXP 	line_T_horiz: autoDraw = True
10.4959 	EXP 	line_B_horiz: autoDraw = True
10.4959 	EXP 	nextPoly: autoDraw = True
10.4959 	EXP 	nextButton: autoDraw = True
12.7576 	DATA 	Mouse: Left button down, pos=(1273,93)
12.8595 	DATA 	Mouse:  Left button up, pos=(1273,93)
14.9670 	DATA 	Mouse: Left button down, pos=(1293,90)
15.0030 	EXP 	instructTop: autoDraw = False
15.0030 	EXP 	instructBottom: autoDraw = False
15.0030 	EXP 	cardImage: autoDraw = False
15.0030 	EXP 	line_R_vert: autoDraw = False
15.0030 	EXP 	line_L_vert: autoDraw = False
15.0030 	EXP 	line_T_horiz: autoDraw = False
15.0030 	EXP 	line_B_horiz: autoDraw = False
15.0030 	EXP 	nextPoly: autoDraw = False
15.0030 	EXP 	nextButton: autoDraw = False
15.0030 	EXP 	slider: markerPos = None
15.0030 	EXP 	slider: markerPos = None
15.0030 	EXP 	slider: rating = None
15.0030 	EXP 	slider: markerPos = 0
15.0030 	EXP 	instruct: autoDraw = True
15.0030 	EXP 	slider: autoDraw = True
15.0030 	EXP 	targetTri: autoDraw = True
15.0030 	EXP 	nextPoly1: autoDraw = True
15.0030 	EXP 	nextButton1: autoDraw = True
15.1166 	DATA 	Mouse:  Left button up, pos=(1293,90)
17.4279 	DATA 	Mouse: Left button down, pos=(1278,528)
17.4557 	EXP 	slider: markerPos = -0.15625
17.4750 	EXP 	slider: markerPos = -0.15625
17.4955 	EXP 	slider: markerPos = -0.15625
17.5157 	EXP 	slider: markerPos = -0.15625
17.5415 	EXP 	slider: markerPos = -0.15625
17.5577 	EXP 	slider: markerPos = -0.15625
17.5773 	EXP 	slider: markerPos = -0.15625
17.5973 	EXP 	slider: markerPos = -0.15625
17.6162 	EXP 	slider: markerPos = -0.15625
17.6363 	EXP 	slider: markerPos = -0.15625
17.6561 	EXP 	slider: markerPos = -0.15625
17.6768 	EXP 	slider: markerPos = -0.15625
17.6998 	EXP 	slider: markerPos = -0.15625
17.7232 	EXP 	slider: markerPos = -0.15694444444444444
17.7464 	EXP 	slider: markerPos = -0.1600694444444445
17.7671 	EXP 	slider: markerPos = -0.1635416666666667
17.7885 	EXP 	slider: markerPos = -0.17395833333333333
17.8119 	EXP 	slider: markerPos = -0.19444444444444442
17.8320 	EXP 	slider: markerPos = -0.2114583333333333
17.8581 	EXP 	slider: markerPos = -0.24305555555555558
17.8767 	EXP 	slider: markerPos = -0.2666666666666666
17.8986 	EXP 	slider: markerPos = -0.28888888888888886
17.9195 	EXP 	slider: markerPos = -0.2993055555555555
17.9440 	EXP 	slider: markerPos = -0.30833333333333335
17.9633 	EXP 	slider: markerPos = -0.3135416666666666
17.9843 	EXP 	slider: markerPos = -0.3159722222222222
18.0082 	EXP 	slider: markerPos = -0.3173611111111111
18.0264 	EXP 	slider: markerPos = -0.31770833333333337
18.0467 	EXP 	slider: markerPos = -0.31770833333333337
18.0717 	EXP 	slider: markerPos = -0.31770833333333337
18.0904 	EXP 	slider: markerPos = -0.31770833333333337
18.1129 	EXP 	slider: markerPos = -0.31770833333333337
18.1376 	EXP 	slider: markerPos = -0.31770833333333337
18.1593 	EXP 	slider: markerPos = -0.31805555555555554
18.1821 	EXP 	slider: markerPos = -0.32256944444444446
18.2085 	EXP 	slider: markerPos = -0.3319444444444445
18.2186 	DATA 	Mouse: wheel shift=(0,0), pos=(736,490)
18.2288 	EXP 	slider: markerPos = -0.34444444444444444
18.2300 	DATA 	Mouse: wheel shift=(0,0), pos=(722,490)
18.2497 	EXP 	slider: markerPos = -0.34930555555555554
18.2764 	EXP 	slider: markerPos = -0.37048611111111107
18.2949 	EXP 	slider: markerPos = -0.3822916666666667
18.3215 	EXP 	slider: markerPos = -0.3885416666666667
18.3406 	EXP 	slider: markerPos = -0.3916666666666666
18.3620 	EXP 	slider: markerPos = -0.39236111111111116
18.3825 	EXP 	slider: markerPos = -0.3927083333333333
18.4027 	EXP 	slider: markerPos = -0.3927083333333333
18.4271 	EXP 	slider: markerPos = -0.3927083333333333
18.4478 	EXP 	slider: markerPos = -0.3927083333333333
18.4724 	EXP 	slider: markerPos = -0.3927083333333333
18.4915 	EXP 	slider: markerPos = -0.3927083333333333
18.5130 	EXP 	slider: markerPos = -0.3927083333333333
18.5382 	EXP 	slider: markerPos = -0.39236111111111116
18.5598 	EXP 	slider: markerPos = -0.39236111111111116
18.5807 	EXP 	slider: markerPos = -0.39236111111111116
18.6051 	EXP 	slider: markerPos = -0.39236111111111116
18.6233 	EXP 	slider: markerPos = -0.39236111111111116
18.6473 	EXP 	slider: markerPos = -0.42500000000000004
18.6740 	EXP 	slider: markerPos = -0.4770833333333333
18.6939 	EXP 	slider: markerPos = -0.5065972222222223
18.7139 	EXP 	slider: markerPos = -0.5204861111111111
18.7403 	EXP 	slider: markerPos = -0.5336805555555556
18.7604 	EXP 	slider: markerPos = -0.5402777777777777
18.7830 	EXP 	slider: markerPos = -0.5427083333333333
18.8090 	EXP 	slider: markerPos = -0.5430555555555556
18.8271 	EXP 	slider: markerPos = -0.5430555555555556
18.8480 	EXP 	slider: markerPos = -0.5430555555555556
18.8751 	EXP 	slider: markerPos = -0.5434027777777778
18.8957 	EXP 	slider: markerPos = -0.5434027777777778
18.9165 	EXP 	slider: markerPos = -0.5434027777777778
18.9419 	EXP 	slider: markerPos = -0.5434027777777778
18.9609 	EXP 	slider: markerPos = -0.5434027777777778
18.9883 	EXP 	slider: markerPos = -0.5434027777777778
19.0111 	EXP 	slider: markerPos = -0.5434027777777778
19.0302 	EXP 	slider: markerPos = -0.5434027777777778
19.0585 	EXP 	slider: markerPos = -0.5430555555555556
19.0775 	EXP 	slider: markerPos = -0.5430555555555556
19.1052 	EXP 	slider: markerPos = -0.5430555555555556
19.1245 	EXP 	slider: markerPos = -0.5430555555555556
19.1451 	EXP 	slider: markerPos = -0.5430555555555556
19.1675 	EXP 	slider: markerPos = -0.5434027777777778
19.1928 	EXP 	slider: markerPos = -0.5440972222222222
19.2135 	EXP 	slider: markerPos = -0.5451388888888888
19.2361 	EXP 	slider: markerPos = -0.5454861111111111
19.2604 	EXP 	slider: markerPos = -0.546875
19.2823 	EXP 	slider: markerPos = -0.5482638888888889
19.3083 	EXP 	slider: markerPos = -0.5503472222222222
19.3273 	EXP 	slider: markerPos = -0.5520833333333334
19.3548 	EXP 	slider: markerPos = -0.5545138888888889
19.3738 	EXP 	slider: markerPos = -0.5569444444444445
19.3953 	EXP 	slider: markerPos = -0.559375
19.4215 	EXP 	slider: markerPos = -0.5604166666666667
19.4404 	EXP 	slider: markerPos = -0.5628472222222223
19.4628 	EXP 	slider: markerPos = -0.5645833333333333
19.4888 	EXP 	slider: markerPos = -0.565625
19.5102 	EXP 	slider: markerPos = -0.5680555555555555
19.5392 	EXP 	slider: markerPos = -0.5694444444444444
19.5576 	EXP 	slider: markerPos = -0.5715277777777777
19.5783 	EXP 	slider: markerPos = -0.5736111111111111
19.5996 	EXP 	slider: markerPos = -0.5746527777777778
19.6254 	EXP 	slider: markerPos = -0.5763888888888888
19.6458 	EXP 	slider: markerPos = -0.5777777777777777
19.6740 	EXP 	slider: markerPos = -0.5784722222222223
19.6939 	EXP 	slider: markerPos = -0.5802083333333333
19.7152 	EXP 	slider: markerPos = -0.5815972222222222
19.7413 	EXP 	slider: markerPos = -0.5819444444444445
19.7620 	EXP 	slider: markerPos = -0.5826388888888889
19.7881 	EXP 	slider: markerPos = -0.5829861111111111
19.8120 	EXP 	slider: markerPos = -0.5836805555555555
19.8328 	EXP 	slider: markerPos = -0.5840277777777778
19.8596 	EXP 	slider: markerPos = -0.5847222222222223
19.8808 	EXP 	slider: markerPos = -0.5854166666666667
19.9028 	EXP 	slider: markerPos = -0.5857638888888889
19.9248 	EXP 	slider: markerPos = -0.5864583333333333
19.9476 	EXP 	slider: markerPos = -0.5868055555555556
19.9748 	EXP 	slider: markerPos = -0.5875
19.9961 	EXP 	slider: markerPos = -0.5885416666666667
20.0244 	EXP 	slider: markerPos = -0.5888888888888889
20.0475 	EXP 	slider: markerPos = -0.5895833333333333
20.0740 	EXP 	slider: markerPos = -0.5902777777777778
20.0963 	EXP 	slider: markerPos = -0.590625
20.1222 	EXP 	slider: markerPos = -0.5909722222222222
20.1319 	DATA 	Mouse:  Left button up, pos=(26,555)
20.1449 	EXP 	slider: markerPos = -0.5909722222222222
20.1741 	EXP 	slider: markerPos = -0.5909722222222222
20.1741 	EXP 	slider: rating = -0.5909722222222222
75.6813 	DATA 	Keypress: escape
75.7417 	EXP 	window1: mouseVisible = True
